<?xml version="1.0" encoding="UTF-8"?>
<coverage generated="1774788459519" clover="3.2.0">
  <project timestamp="1774788459519" name="All files">
    <metrics statements="1223" coveredstatements="835" conditionals="966" coveredconditionals="575" methods="317" coveredmethods="225" elements="2506" coveredelements="1635" complexity="0" loc="1223" ncloc="1223" packages="4" files="19" classes="19"/>
    <package name="src">
      <metrics statements="571" coveredstatements="378" conditionals="387" coveredconditionals="231" methods="163" coveredmethods="118"/>
      <file name="AppText.tsx" path="/Users/ganeshjayaprakash/WorkSpace/Mine/npm_plugin/Text/react-native-apptext/src/AppText.tsx">
        <metrics statements="114" coveredstatements="98" conditionals="121" coveredconditionals="87" methods="40" coveredmethods="34"/>
        <line num="60" count="6" type="stmt"/>
        <line num="129" count="69" type="stmt"/>
        <line num="130" count="69" type="stmt"/>
        <line num="131" count="69" type="cond" truecount="1" falsecount="1"/>
        <line num="132" count="69" type="stmt"/>
        <line num="133" count="69" type="stmt"/>
        <line num="140" count="69" type="stmt"/>
        <line num="150" count="69" type="stmt"/>
        <line num="151" count="69" type="cond" truecount="2" falsecount="0"/>
        <line num="152" count="29" type="cond" truecount="1" falsecount="1"/>
        <line num="153" count="29" type="cond" truecount="1" falsecount="1"/>
        <line num="156" count="69" type="stmt"/>
        <line num="157" count="69" type="cond" truecount="2" falsecount="0"/>
        <line num="159" count="69" type="cond" truecount="1" falsecount="1"/>
        <line num="162" count="69" type="cond" truecount="1" falsecount="1"/>
        <line num="164" count="69" type="cond" truecount="1" falsecount="1"/>
        <line num="167" count="69" type="stmt"/>
        <line num="172" count="69" type="stmt"/>
        <line num="173" count="62" type="cond" truecount="1" falsecount="1"/>
        <line num="174" count="62" type="stmt"/>
        <line num="181" count="69" type="stmt"/>
        <line num="182" count="62" type="cond" truecount="2" falsecount="0"/>
        <line num="183" count="2" type="cond" truecount="1" falsecount="1"/>
        <line num="184" count="0" type="stmt"/>
        <line num="186" count="2" type="stmt"/>
        <line num="189" count="69" type="stmt"/>
        <line num="190" count="62" type="cond" truecount="1" falsecount="1"/>
        <line num="191" count="62" type="stmt"/>
        <line num="194" count="69" type="stmt"/>
        <line num="195" count="62" type="stmt"/>
        <line num="208" count="62" type="cond" truecount="1" falsecount="1"/>
        <line num="209" count="0" type="stmt"/>
        <line num="215" count="62" type="stmt"/>
        <line num="232" count="69" type="stmt"/>
        <line num="234" count="62" type="stmt"/>
        <line num="253" count="69" type="stmt"/>
        <line num="254" count="69" type="stmt"/>
        <line num="258" count="69" type="stmt"/>
        <line num="259" count="69" type="stmt"/>
        <line num="283" count="69" type="stmt"/>
        <line num="311" count="69" type="stmt"/>
        <line num="312" count="0" type="stmt"/>
        <line num="315" count="69" type="stmt"/>
        <line num="316" count="0" type="stmt"/>
        <line num="320" count="69" type="cond" truecount="2" falsecount="0"/>
        <line num="322" count="69" type="cond" truecount="4" falsecount="0"/>
        <line num="323" count="69" type="cond" truecount="2" falsecount="0"/>
        <line num="324" count="69" type="cond" truecount="2" falsecount="0"/>
        <line num="325" count="69" type="cond" truecount="2" falsecount="0"/>
        <line num="328" count="69" type="cond" truecount="5" falsecount="0"/>
        <line num="329" count="9" type="stmt"/>
        <line num="342" count="60" type="cond" truecount="5" falsecount="0"/>
        <line num="343" count="6" type="stmt"/>
        <line num="354" count="54" type="cond" truecount="2" falsecount="3"/>
        <line num="356" count="0" type="cond" truecount="0" falsecount="4"/>
        <line num="357" count="0" type="stmt"/>
        <line num="369" count="54" type="stmt"/>
        <line num="370" count="54" type="cond" truecount="2" falsecount="2"/>
        <line num="373" count="0" type="stmt"/>
        <line num="374" count="0" type="stmt"/>
        <line num="376" count="0" type="stmt"/>
        <line num="377" count="0" type="cond" truecount="0" falsecount="2"/>
        <line num="378" count="0" type="cond" truecount="0" falsecount="2"/>
        <line num="379" count="0" type="stmt"/>
        <line num="386" count="0" type="stmt"/>
        <line num="392" count="0" type="stmt"/>
        <line num="396" count="54" type="cond" truecount="3" falsecount="2"/>
        <line num="397" count="0" type="stmt"/>
        <line num="411" count="54" type="stmt"/>
        <line num="427" count="6" type="stmt"/>
        <line num="466" count="6" type="stmt"/>
        <line num="469" count="6" type="stmt"/>
        <line num="470" count="6" type="stmt"/>
        <line num="471" count="6" type="stmt"/>
        <line num="472" count="6" type="stmt"/>
        <line num="473" count="6" type="stmt"/>
        <line num="474" count="6" type="stmt"/>
        <line num="475" count="6" type="stmt"/>
        <line num="476" count="6" type="stmt"/>
        <line num="477" count="0" type="stmt"/>
        <line num="479" count="6" type="stmt"/>
        <line num="480" count="6" type="stmt"/>
        <line num="481" count="6" type="stmt"/>
        <line num="484" count="6" type="stmt"/>
        <line num="485" count="1" type="stmt"/>
        <line num="487" count="6" type="stmt"/>
        <line num="488" count="1" type="stmt"/>
        <line num="490" count="6" type="stmt"/>
        <line num="491" count="1" type="stmt"/>
        <line num="493" count="6" type="stmt"/>
        <line num="494" count="1" type="stmt"/>
        <line num="496" count="6" type="stmt"/>
        <line num="497" count="1" type="stmt"/>
        <line num="499" count="6" type="stmt"/>
        <line num="500" count="1" type="stmt"/>
        <line num="502" count="6" type="stmt"/>
        <line num="503" count="1" type="stmt"/>
        <line num="505" count="6" type="stmt"/>
        <line num="506" count="1" type="stmt"/>
        <line num="508" count="6" type="stmt"/>
        <line num="509" count="1" type="stmt"/>
        <line num="511" count="6" type="stmt"/>
        <line num="512" count="1" type="stmt"/>
        <line num="514" count="6" type="stmt"/>
        <line num="515" count="1" type="stmt"/>
        <line num="517" count="6" type="stmt"/>
        <line num="518" count="1" type="stmt"/>
        <line num="520" count="6" type="stmt"/>
        <line num="521" count="1" type="stmt"/>
        <line num="523" count="6" type="stmt"/>
        <line num="524" count="1" type="stmt"/>
        <line num="526" count="6" type="stmt"/>
        <line num="527" count="1" type="stmt"/>
        <line num="530" count="6" type="stmt"/>
      </file>
      <file name="ErrorBoundary.tsx" path="/Users/ganeshjayaprakash/WorkSpace/Mine/npm_plugin/Text/react-native-apptext/src/ErrorBoundary.tsx">
        <metrics statements="12" coveredstatements="12" conditionals="8" coveredconditionals="8" methods="4" coveredmethods="4"/>
        <line num="17" count="1" type="stmt"/>
        <line num="24" count="7" type="stmt"/>
        <line num="25" count="7" type="stmt"/>
        <line num="29" count="6" type="stmt"/>
        <line num="33" count="3" type="stmt"/>
        <line num="34" count="3" type="stmt"/>
        <line num="38" count="13" type="cond" truecount="2" falsecount="0"/>
        <line num="39" count="6" type="cond" truecount="2" falsecount="0"/>
        <line num="40" count="2" type="stmt"/>
        <line num="43" count="2" type="stmt"/>
        <line num="45" count="4" type="stmt"/>
        <line num="61" count="7" type="stmt"/>
      </file>
      <file name="NumberFormatter.tsx" path="/Users/ganeshjayaprakash/WorkSpace/Mine/npm_plugin/Text/react-native-apptext/src/NumberFormatter.tsx">
        <metrics statements="114" coveredstatements="37" conditionals="94" coveredconditionals="30" methods="20" coveredmethods="12"/>
        <line num="24" count="1" type="stmt"/>
        <line num="25" count="1" type="stmt"/>
        <line num="36" count="172" type="cond" truecount="4" falsecount="0"/>
        <line num="37" count="3" type="stmt"/>
        <line num="40" count="169" type="stmt"/>
        <line num="41" count="169" type="cond" truecount="4" falsecount="0"/>
        <line num="42" count="2" type="stmt"/>
        <line num="46" count="167" type="stmt"/>
        <line num="49" count="167" type="stmt"/>
        <line num="50" count="167" type="cond" truecount="2" falsecount="0"/>
        <line num="51" count="19" type="stmt"/>
        <line num="54" count="19" type="cond" truecount="1" falsecount="1"/>
        <line num="55" count="0" type="stmt"/>
        <line num="58" count="19" type="stmt"/>
        <line num="61" count="167" type="stmt"/>
        <line num="63" count="0" type="stmt"/>
        <line num="64" count="0" type="stmt"/>
        <line num="75" count="20" type="stmt"/>
        <line num="78" count="20" type="cond" truecount="3" falsecount="1"/>
        <line num="79" count="0" type="stmt"/>
        <line num="82" count="20" type="stmt"/>
        <line num="92" count="167" type="stmt"/>
        <line num="94" count="171" type="stmt"/>
        <line num="97" count="167" type="stmt"/>
        <line num="104" count="0" type="stmt"/>
        <line num="105" count="0" type="cond" truecount="0" falsecount="2"/>
        <line num="106" count="0" type="stmt"/>
        <line num="118" count="2" type="cond" truecount="2" falsecount="0"/>
        <line num="120" count="1" type="cond" truecount="1" falsecount="1"/>
        <line num="127" count="1" type="cond" truecount="2" falsecount="0"/>
        <line num="128" count="1" type="cond" truecount="1" falsecount="1"/>
        <line num="129" count="0" type="cond" truecount="0" falsecount="2"/>
        <line num="130" count="1" type="cond" truecount="1" falsecount="1"/>
        <line num="131" count="0" type="stmt"/>
        <line num="133" count="1" type="stmt"/>
        <line num="141" count="0" type="stmt"/>
        <line num="142" count="0" type="cond" truecount="0" falsecount="2"/>
        <line num="144" count="0" type="cond" truecount="0" falsecount="2"/>
        <line num="145" count="0" type="stmt"/>
        <line num="146" count="0" type="cond" truecount="0" falsecount="2"/>
        <line num="147" count="0" type="stmt"/>
        <line num="148" count="0" type="cond" truecount="0" falsecount="2"/>
        <line num="149" count="0" type="stmt"/>
        <line num="151" count="0" type="stmt"/>
        <line num="164" count="4" type="stmt"/>
        <line num="180" count="2" type="stmt"/>
        <line num="196" count="2" type="stmt"/>
        <line num="212" count="0" type="stmt"/>
        <line num="228" count="2" type="stmt"/>
        <line num="243" count="1" type="stmt"/>
        <line num="244" count="1" type="stmt"/>
        <line num="246" count="1" type="cond" truecount="1" falsecount="1"/>
        <line num="247" count="1" type="stmt"/>
        <line num="251" count="0" type="stmt"/>
        <line num="257" count="0" type="stmt"/>
        <line num="269" count="22" type="stmt"/>
        <line num="276" count="3" type="stmt"/>
        <line num="291" count="0" type="stmt"/>
        <line num="293" count="0" type="cond" truecount="0" falsecount="4"/>
        <line num="294" count="0" type="stmt"/>
        <line num="297" count="0" type="stmt"/>
        <line num="299" count="0" type="cond" truecount="0" falsecount="2"/>
        <line num="300" count="0" type="stmt"/>
        <line num="303" count="0" type="stmt"/>
        <line num="304" count="0" type="stmt"/>
        <line num="306" count="0" type="cond" truecount="0" falsecount="6"/>
        <line num="308" count="0" type="cond" truecount="0" falsecount="2"/>
        <line num="309" count="0" type="stmt"/>
        <line num="312" count="0" type="stmt"/>
        <line num="315" count="0" type="stmt"/>
        <line num="318" count="0" type="cond" truecount="0" falsecount="2"/>
        <line num="319" count="0" type="stmt"/>
        <line num="322" count="0" type="stmt"/>
        <line num="326" count="0" type="stmt"/>
        <line num="327" count="0" type="cond" truecount="0" falsecount="2"/>
        <line num="328" count="0" type="stmt"/>
        <line num="334" count="0" type="stmt"/>
        <line num="337" count="0" type="stmt"/>
        <line num="338" count="0" type="stmt"/>
        <line num="346" count="1" type="stmt"/>
        <line num="349" count="0" type="stmt"/>
        <line num="351" count="0" type="stmt"/>
        <line num="353" count="0" type="cond" truecount="0" falsecount="4"/>
        <line num="354" count="0" type="stmt"/>
        <line num="357" count="0" type="stmt"/>
        <line num="358" count="0" type="cond" truecount="0" falsecount="2"/>
        <line num="359" count="0" type="stmt"/>
        <line num="360" count="0" type="stmt"/>
        <line num="363" count="0" type="stmt"/>
        <line num="364" count="0" type="stmt"/>
        <line num="366" count="0" type="stmt"/>
        <line num="368" count="0" type="stmt"/>
        <line num="369" count="0" type="stmt"/>
        <line num="374" count="0" type="stmt"/>
        <line num="376" count="0" type="cond" truecount="0" falsecount="2"/>
        <line num="377" count="0" type="stmt"/>
        <line num="383" count="0" type="cond" truecount="0" falsecount="2"/>
        <line num="387" count="0" type="cond" truecount="0" falsecount="2"/>
        <line num="388" count="0" type="cond" truecount="0" falsecount="2"/>
        <line num="392" count="0" type="stmt"/>
        <line num="396" count="0" type="stmt"/>
        <line num="397" count="0" type="stmt"/>
        <line num="399" count="0" type="cond" truecount="0" falsecount="2"/>
        <line num="400" count="0" type="stmt"/>
        <line num="401" count="0" type="stmt"/>
        <line num="403" count="0" type="cond" truecount="0" falsecount="4"/>
        <line num="404" count="0" type="stmt"/>
        <line num="407" count="0" type="cond" truecount="0" falsecount="4"/>
        <line num="409" count="0" type="stmt"/>
        <line num="411" count="0" type="stmt"/>
        <line num="413" count="0" type="stmt"/>
        <line num="415" count="0" type="stmt"/>
        <line num="420" count="0" type="stmt"/>
        <line num="424" count="0" type="stmt"/>
      </file>
      <file name="PerformanceOptimizations.tsx" path="/Users/ganeshjayaprakash/WorkSpace/Mine/npm_plugin/Text/react-native-apptext/src/PerformanceOptimizations.tsx">
        <metrics statements="167" coveredstatements="91" conditionals="60" coveredconditionals="25" methods="55" coveredmethods="33"/>
        <line num="16" count="34" type="stmt"/>
        <line num="18" count="34" type="stmt"/>
        <line num="19" count="34" type="stmt"/>
        <line num="22" count="34" type="stmt"/>
        <line num="26" count="37" type="cond" truecount="2" falsecount="0"/>
        <line num="27" count="18" type="stmt"/>
        <line num="28" count="18" type="stmt"/>
        <line num="31" count="19" type="stmt"/>
        <line num="33" count="19" type="stmt"/>
        <line num="34" count="19" type="stmt"/>
        <line num="35" count="19" type="stmt"/>
        <line num="37" count="19" type="stmt"/>
        <line num="42" count="46" type="cond" truecount="1" falsecount="1"/>
        <line num="43" count="0" type="stmt"/>
        <line num="47" count="46" type="stmt"/>
        <line num="50" count="46" type="cond" truecount="2" falsecount="0"/>
        <line num="51" count="4" type="stmt"/>
        <line num="56" count="16" type="stmt"/>
        <line num="60" count="187" type="stmt"/>
        <line num="61" count="187" type="stmt"/>
        <line num="62" count="187" type="stmt"/>
        <line num="66" count="5" type="stmt"/>
        <line num="70" count="4" type="stmt"/>
        <line num="71" count="4" type="cond" truecount="1" falsecount="1"/>
        <line num="72" count="4" type="stmt"/>
        <line num="77" count="1" type="stmt"/>
        <line num="78" count="1" type="stmt"/>
        <line num="93" count="23" type="stmt"/>
        <line num="94" count="23" type="stmt"/>
        <line num="97" count="23" type="stmt"/>
        <line num="105" count="31" type="stmt"/>
        <line num="106" count="31" type="stmt"/>
        <line num="108" count="31" type="cond" truecount="2" falsecount="0"/>
        <line num="109" count="14" type="stmt"/>
        <line num="111" count="17" type="stmt"/>
        <line num="114" count="31" type="stmt"/>
        <line num="123" count="21" type="stmt"/>
        <line num="124" count="21" type="stmt"/>
        <line num="132" count="52" type="cond" truecount="2" falsecount="0"/>
        <line num="134" count="4" type="stmt"/>
        <line num="136" count="4" type="stmt"/>
        <line num="138" count="4" type="stmt"/>
        <line num="142" count="186" type="stmt"/>
        <line num="143" count="186" type="stmt"/>
        <line num="144" count="186" type="stmt"/>
        <line num="148" count="2" type="stmt"/>
        <line num="149" count="2" type="stmt"/>
        <line num="166" count="18" type="stmt"/>
        <line num="168" count="18" type="stmt"/>
        <line num="169" count="1" type="stmt"/>
        <line num="170" count="1" type="stmt"/>
        <line num="171" count="1" type="stmt"/>
        <line num="174" count="1" type="cond" truecount="1" falsecount="1"/>
        <line num="175" count="0" type="stmt"/>
        <line num="177" count="1" type="stmt"/>
        <line num="190" count="0" type="stmt"/>
        <line num="191" count="0" type="cond" truecount="0" falsecount="2"/>
        <line num="192" count="0" type="stmt"/>
        <line num="193" count="0" type="stmt"/>
        <line num="194" count="0" type="stmt"/>
        <line num="206" count="0" type="stmt"/>
        <line num="208" count="0" type="stmt"/>
        <line num="209" count="0" type="stmt"/>
        <line num="211" count="0" type="cond" truecount="0" falsecount="2"/>
        <line num="212" count="0" type="stmt"/>
        <line num="215" count="0" type="stmt"/>
        <line num="216" count="0" type="stmt"/>
        <line num="217" count="0" type="stmt"/>
        <line num="229" count="0" type="stmt"/>
        <line num="230" count="0" type="stmt"/>
        <line num="231" count="0" type="stmt"/>
        <line num="232" count="0" type="stmt"/>
        <line num="241" count="0" type="stmt"/>
        <line num="242" count="0" type="stmt"/>
        <line num="244" count="0" type="cond" truecount="0" falsecount="2"/>
        <line num="245" count="0" type="stmt"/>
        <line num="246" count="0" type="cond" truecount="0" falsecount="2"/>
        <line num="247" count="0" type="stmt"/>
        <line num="253" count="0" type="cond" truecount="0" falsecount="2"/>
        <line num="254" count="0" type="stmt"/>
        <line num="255" count="0" type="stmt"/>
        <line num="258" count="0" type="cond" truecount="0" falsecount="2"/>
        <line num="259" count="0" type="stmt"/>
        <line num="262" count="0" type="stmt"/>
        <line num="264" count="0" type="stmt"/>
        <line num="265" count="0" type="stmt"/>
        <line num="266" count="0" type="stmt"/>
        <line num="269" count="0" type="stmt"/>
        <line num="270" count="0" type="stmt"/>
        <line num="273" count="0" type="stmt"/>
        <line num="274" count="0" type="stmt"/>
        <line num="275" count="0" type="stmt"/>
        <line num="286" count="17" type="stmt"/>
        <line num="287" count="17" type="stmt"/>
        <line num="290" count="2" type="stmt"/>
        <line num="294" count="1" type="stmt"/>
        <line num="295" count="1" type="stmt"/>
        <line num="299" count="2" type="cond" truecount="1" falsecount="1"/>
        <line num="300" count="2" type="stmt"/>
        <line num="302" count="2" type="stmt"/>
        <line num="306" count="1" type="stmt"/>
        <line num="307" count="1" type="cond" truecount="1" falsecount="1"/>
        <line num="308" count="1" type="stmt"/>
        <line num="309" count="1" type="stmt"/>
        <line num="315" count="1" type="stmt"/>
        <line num="316" count="1" type="stmt"/>
        <line num="319" count="1" type="stmt"/>
        <line num="320" count="1" type="stmt"/>
        <line num="322" count="1" type="stmt"/>
        <line num="326" count="6" type="stmt"/>
        <line num="334" count="0" type="stmt"/>
        <line num="338" count="0" type="stmt"/>
        <line num="342" count="0" type="cond" truecount="0" falsecount="2"/>
        <line num="346" count="0" type="stmt"/>
        <line num="354" count="0" type="stmt"/>
        <line num="355" count="0" type="stmt"/>
        <line num="356" count="0" type="stmt"/>
        <line num="357" count="0" type="stmt"/>
        <line num="360" count="0" type="stmt"/>
        <line num="361" count="0" type="stmt"/>
        <line num="362" count="0" type="cond" truecount="0" falsecount="2"/>
        <line num="363" count="0" type="stmt"/>
        <line num="364" count="0" type="stmt"/>
        <line num="365" count="0" type="stmt"/>
        <line num="367" count="0" type="stmt"/>
        <line num="371" count="0" type="stmt"/>
        <line num="372" count="0" type="stmt"/>
        <line num="373" count="0" type="stmt"/>
        <line num="374" count="0" type="stmt"/>
        <line num="375" count="0" type="cond" truecount="0" falsecount="2"/>
        <line num="376" count="0" type="stmt"/>
        <line num="377" count="0" type="stmt"/>
        <line num="381" count="0" type="cond" truecount="0" falsecount="2"/>
        <line num="382" count="0" type="stmt"/>
        <line num="385" count="0" type="stmt"/>
        <line num="389" count="0" type="stmt"/>
        <line num="397" count="17" type="stmt"/>
        <line num="400" count="4" type="cond" truecount="3" falsecount="1"/>
        <line num="401" count="4" type="stmt"/>
        <line num="403" count="0" type="stmt"/>
        <line num="407" count="2" type="stmt"/>
        <line num="408" count="2" type="stmt"/>
        <line num="409" count="2" type="stmt"/>
        <line num="410" count="2" type="cond" truecount="1" falsecount="1"/>
        <line num="411" count="2" type="stmt"/>
        <line num="413" count="2" type="stmt"/>
        <line num="417" count="0" type="stmt"/>
        <line num="418" count="0" type="stmt"/>
        <line num="419" count="0" type="stmt"/>
        <line num="420" count="0" type="cond" truecount="0" falsecount="2"/>
        <line num="421" count="0" type="stmt"/>
        <line num="423" count="0" type="stmt"/>
        <line num="427" count="3" type="cond" truecount="2" falsecount="0"/>
        <line num="428" count="3" type="cond" truecount="2" falsecount="0"/>
        <line num="429" count="2" type="stmt"/>
        <line num="432" count="1" type="stmt"/>
        <line num="433" count="1" type="stmt"/>
        <line num="435" count="1" type="stmt"/>
        <line num="447" count="0" type="stmt"/>
        <line num="448" count="0" type="stmt"/>
        <line num="449" count="0" type="stmt"/>
        <line num="451" count="0" type="stmt"/>
        <line num="455" count="185" type="cond" truecount="2" falsecount="0"/>
        <line num="456" count="1" type="stmt"/>
        <line num="458" count="184" type="stmt"/>
        <line num="464" count="17" type="stmt"/>
        <line num="465" count="17" type="stmt"/>
      </file>
      <file name="Trans.tsx" path="/Users/ganeshjayaprakash/WorkSpace/Mine/npm_plugin/Text/react-native-apptext/src/Trans.tsx">
        <metrics statements="54" coveredstatements="51" conditionals="28" coveredconditionals="24" methods="8" coveredmethods="8"/>
        <line num="56" count="5" type="stmt"/>
        <line num="58" count="5" type="stmt"/>
        <line num="59" count="5" type="stmt"/>
        <line num="62" count="5" type="stmt"/>
        <line num="63" count="18" type="cond" truecount="2" falsecount="0"/>
        <line num="64" count="13" type="stmt"/>
        <line num="66" count="18" type="cond" truecount="2" falsecount="0"/>
        <line num="67" count="9" type="stmt"/>
        <line num="69" count="9" type="stmt"/>
        <line num="71" count="18" type="stmt"/>
        <line num="74" count="5" type="cond" truecount="2" falsecount="0"/>
        <line num="75" count="1" type="stmt"/>
        <line num="78" count="5" type="stmt"/>
        <line num="87" count="5" type="stmt"/>
        <line num="88" count="5" type="stmt"/>
        <line num="90" count="5" type="stmt"/>
        <line num="91" count="32" type="stmt"/>
        <line num="93" count="32" type="cond" truecount="2" falsecount="0"/>
        <line num="94" count="14" type="stmt"/>
        <line num="95" count="18" type="cond" truecount="2" falsecount="0"/>
        <line num="96" count="9" type="stmt"/>
        <line num="97" count="9" type="stmt"/>
        <line num="98" count="9" type="stmt"/>
        <line num="101" count="9" type="cond" truecount="1" falsecount="1"/>
        <line num="102" count="9" type="stmt"/>
        <line num="107" count="5" type="stmt"/>
        <line num="115" count="28" type="cond" truecount="2" falsecount="0"/>
        <line num="117" count="14" type="stmt"/>
        <line num="118" count="23" type="stmt"/>
        <line num="121" count="14" type="cond" truecount="2" falsecount="0"/>
        <line num="123" count="5" type="stmt"/>
        <line num="126" count="9" type="stmt"/>
        <line num="127" count="9" type="cond" truecount="4" falsecount="0"/>
        <line num="128" count="8" type="stmt"/>
        <line num="136" count="1" type="stmt"/>
        <line num="137" count="1" type="stmt"/>
        <line num="144" count="5" type="stmt"/>
        <line num="145" count="5" type="stmt"/>
        <line num="146" count="5" type="stmt"/>
        <line num="157" count="6" type="stmt"/>
        <line num="159" count="8" type="stmt"/>
        <line num="161" count="8" type="stmt"/>
        <line num="162" count="8" type="stmt"/>
        <line num="163" count="8" type="cond" truecount="1" falsecount="1"/>
        <line num="164" count="0" type="stmt"/>
        <line num="169" count="8" type="stmt"/>
        <line num="174" count="0" type="stmt"/>
        <line num="175" count="0" type="cond" truecount="0" falsecount="2"/>
        <line num="180" count="8" type="stmt"/>
        <line num="181" count="8" type="cond" truecount="4" falsecount="0"/>
        <line num="182" count="3" type="stmt"/>
        <line num="184" count="5" type="stmt"/>
        <line num="187" count="8" type="stmt"/>
        <line num="191" count="6" type="stmt"/>
      </file>
      <file name="context.tsx" path="/Users/ganeshjayaprakash/WorkSpace/Mine/npm_plugin/Text/react-native-apptext/src/context.tsx">
        <metrics statements="20" coveredstatements="16" conditionals="10" coveredconditionals="7" methods="7" coveredmethods="5"/>
        <line num="10" count="7" type="stmt"/>
        <line num="16" count="64" type="stmt"/>
        <line num="22" count="64" type="cond" truecount="1" falsecount="1"/>
        <line num="23" count="0" type="stmt"/>
        <line num="25" count="64" type="cond" truecount="1" falsecount="1"/>
        <line num="26" count="0" type="stmt"/>
        <line num="28" count="64" type="cond" truecount="1" falsecount="1"/>
        <line num="29" count="0" type="stmt"/>
        <line num="32" count="64" type="stmt"/>
        <line num="38" count="7" type="stmt"/>
        <line num="39" count="71" type="stmt"/>
        <line num="40" count="64" type="cond" truecount="2" falsecount="0"/>
        <line num="43" count="71" type="stmt"/>
        <line num="44" count="0" type="stmt"/>
        <line num="47" count="71" type="stmt"/>
        <line num="48" count="64" type="stmt"/>
        <line num="52" count="71" type="stmt"/>
        <line num="59" count="7" type="stmt"/>
        <line num="60" count="79" type="stmt"/>
        <line num="61" count="79" type="cond" truecount="2" falsecount="0"/>
      </file>
      <file name="hooks.ts" path="/Users/ganeshjayaprakash/WorkSpace/Mine/npm_plugin/Text/react-native-apptext/src/hooks.ts">
        <metrics statements="72" coveredstatements="56" conditionals="38" coveredconditionals="24" methods="26" coveredmethods="19"/>
        <line num="28" count="7" type="stmt"/>
        <line num="29" count="7" type="stmt"/>
        <line num="31" count="7" type="stmt"/>
        <line num="34" count="62" type="cond" truecount="2" falsecount="0"/>
        <line num="35" count="40" type="stmt"/>
        <line num="36" count="0" type="stmt"/>
        <line num="37" count="0" type="stmt"/>
        <line num="41" count="62" type="stmt"/>
        <line num="43" count="62" type="stmt"/>
        <line num="44" count="62" type="stmt"/>
        <line num="45" count="62" type="cond" truecount="3" falsecount="1"/>
        <line num="46" count="0" type="stmt"/>
        <line num="47" count="0" type="stmt"/>
        <line num="56" count="7" type="stmt"/>
        <line num="60" count="69" type="stmt"/>
        <line num="62" count="69" type="stmt"/>
        <line num="64" count="62" type="stmt"/>
        <line num="65" count="0" type="stmt"/>
        <line num="68" count="0" type="cond" truecount="0" falsecount="2"/>
        <line num="69" count="0" type="stmt"/>
        <line num="71" count="0" type="stmt"/>
        <line num="74" count="62" type="stmt"/>
        <line num="77" count="69" type="stmt"/>
        <line num="78" count="62" type="stmt"/>
        <line num="79" count="62" type="stmt"/>
        <line num="80" count="62" type="stmt"/>
        <line num="82" count="62" type="cond" truecount="2" falsecount="0"/>
        <line num="83" count="62" type="cond" truecount="2" falsecount="0"/>
        <line num="84" count="62" type="stmt"/>
        <line num="85" count="62" type="stmt"/>
        <line num="87" count="62" type="stmt"/>
        <line num="98" count="7" type="stmt"/>
        <line num="101" count="1589" type="stmt"/>
        <line num="102" count="4403" type="stmt"/>
        <line num="103" count="1589" type="stmt"/>
        <line num="107" count="7" type="stmt"/>
        <line num="108" count="69" type="stmt"/>
        <line num="109" count="69" type="cond" truecount="3" falsecount="1"/>
        <line num="111" count="69" type="stmt"/>
        <line num="112" count="69" type="cond" truecount="1" falsecount="1"/>
        <line num="115" count="69" type="stmt"/>
        <line num="116" count="621" type="cond" truecount="2" falsecount="0"/>
        <line num="118" count="1380" type="cond" truecount="2" falsecount="0"/>
        <line num="121" count="69" type="stmt"/>
        <line num="124" count="0" type="stmt"/>
        <line num="132" count="7" type="stmt"/>
        <line num="136" count="69" type="stmt"/>
        <line num="137" count="62" type="stmt"/>
        <line num="138" count="62" type="stmt"/>
        <line num="150" count="7" type="stmt"/>
        <line num="151" count="0" type="stmt"/>
        <line num="152" count="0" type="stmt"/>
        <line num="154" count="0" type="cond" truecount="0" falsecount="2"/>
        <line num="159" count="0" type="cond" truecount="0" falsecount="2"/>
        <line num="161" count="0" type="stmt"/>
        <line num="170" count="7" type="stmt"/>
        <line num="171" count="112" type="stmt"/>
        <line num="173" count="112" type="stmt"/>
        <line num="174" count="90" type="stmt"/>
        <line num="176" count="90" type="stmt"/>
        <line num="177" count="90" type="stmt"/>
        <line num="178" count="90" type="stmt"/>
        <line num="179" count="90" type="stmt"/>
        <line num="181" count="0" type="stmt"/>
        <line num="185" count="90" type="stmt"/>
        <line num="187" count="90" type="stmt"/>
        <line num="190" count="0" type="stmt"/>
        <line num="194" count="90" type="stmt"/>
        <line num="195" count="90" type="stmt"/>
        <line num="199" count="112" type="stmt"/>
        <line num="202" count="7" type="stmt"/>
        <line num="211" count="69" type="stmt"/>
      </file>
      <file name="theme.ts" path="/Users/ganeshjayaprakash/WorkSpace/Mine/npm_plugin/Text/react-native-apptext/src/theme.ts">
        <metrics statements="1" coveredstatements="1" conditionals="2" coveredconditionals="1" methods="0" coveredmethods="0"/>
        <line num="4" count="7" type="stmt"/>
      </file>
      <file name="utils.ts" path="/Users/ganeshjayaprakash/WorkSpace/Mine/npm_plugin/Text/react-native-apptext/src/utils.ts">
        <metrics statements="17" coveredstatements="16" conditionals="26" coveredconditionals="25" methods="3" coveredmethods="3"/>
        <line num="4" count="6" type="stmt"/>
        <line num="7" count="62" type="stmt"/>
        <line num="8" count="62" type="stmt"/>
        <line num="9" count="496" type="cond" truecount="1" falsecount="1"/>
        <line num="10" count="0" type="stmt"/>
        <line num="13" count="62" type="stmt"/>
        <line num="16" count="6" type="stmt"/>
        <line num="23" count="62" type="stmt"/>
        <line num="25" count="62" type="cond" truecount="3" falsecount="0"/>
        <line num="26" count="62" type="cond" truecount="3" falsecount="0"/>
        <line num="27" count="62" type="cond" truecount="3" falsecount="0"/>
        <line num="28" count="62" type="cond" truecount="3" falsecount="0"/>
        <line num="30" count="62" type="cond" truecount="3" falsecount="0"/>
        <line num="31" count="62" type="cond" truecount="3" falsecount="0"/>
        <line num="32" count="62" type="cond" truecount="3" falsecount="0"/>
        <line num="33" count="62" type="cond" truecount="3" falsecount="0"/>
        <line num="35" count="62" type="stmt"/>
      </file>
    </package>
    <package name="src.animations">
      <metrics statements="183" coveredstatements="139" conditionals="139" coveredconditionals="112" methods="8" coveredmethods="8"/>
      <file name="useTextAnimation.ts" path="/Users/ganeshjayaprakash/WorkSpace/Mine/npm_plugin/Text/react-native-apptext/src/animations/useTextAnimation.ts">
        <metrics statements="183" coveredstatements="139" conditionals="139" coveredconditionals="112" methods="8" coveredmethods="8"/>
        <line num="13" count="7" type="stmt"/>
        <line num="16" count="109" type="stmt"/>
        <line num="24" count="7" type="stmt"/>
        <line num="33" count="93" type="stmt"/>
        <line num="35" count="93" type="stmt"/>
        <line num="36" count="93" type="stmt"/>
        <line num="37" count="93" type="stmt"/>
        <line num="38" count="93" type="stmt"/>
        <line num="39" count="93" type="stmt"/>
        <line num="40" count="93" type="stmt"/>
        <line num="41" count="93" type="stmt"/>
        <line num="42" count="93" type="stmt"/>
        <line num="43" count="93" type="stmt"/>
        <line num="44" count="93" type="stmt"/>
        <line num="45" count="93" type="stmt"/>
        <line num="47" count="93" type="stmt"/>
        <line num="48" count="86" type="stmt"/>
        <line num="49" count="86" type="cond" truecount="2" falsecount="0"/>
        <line num="50" count="24" type="stmt"/>
        <line num="52" count="86" type="stmt"/>
        <line num="53" count="86" type="stmt"/>
        <line num="54" count="86" type="stmt"/>
        <line num="55" count="86" type="stmt"/>
        <line num="56" count="86" type="stmt"/>
        <line num="57" count="86" type="stmt"/>
        <line num="58" count="86" type="stmt"/>
        <line num="59" count="86" type="stmt"/>
        <line num="60" count="86" type="stmt"/>
        <line num="61" count="86" type="stmt"/>
        <line num="76" count="93" type="stmt"/>
        <line num="77" count="93" type="cond" truecount="4" falsecount="0"/>
        <line num="78" count="38" type="cond" truecount="2" falsecount="0"/>
        <line num="79" count="16" type="cond" truecount="1" falsecount="1"/>
        <line num="80" count="0" type="stmt"/>
        <line num="84" count="93" type="cond" truecount="2" falsecount="0"/>
        <line num="86" count="93" type="stmt"/>
        <line num="89" count="93" type="cond" truecount="6" falsecount="0"/>
        <line num="90" count="24" type="cond" truecount="1" falsecount="1"/>
        <line num="93" count="24" type="cond" truecount="4" falsecount="0"/>
        <line num="94" count="24" type="stmt"/>
        <line num="95" count="24" type="cond" truecount="2" falsecount="0"/>
        <line num="96" count="24" type="cond" truecount="2" falsecount="0"/>
        <line num="99" count="24" type="cond" truecount="1" falsecount="1"/>
        <line num="100" count="0" type="stmt"/>
        <line num="105" count="24" type="stmt"/>
        <line num="106" count="24" type="cond" truecount="2" falsecount="0"/>
        <line num="107" count="2" type="cond" truecount="1" falsecount="1"/>
        <line num="108" count="2" type="cond" truecount="2" falsecount="0"/>
        <line num="110" count="22" type="stmt"/>
        <line num="111" count="22" type="stmt"/>
        <line num="114" count="24" type="cond" truecount="4" falsecount="0"/>
        <line num="115" count="3" type="stmt"/>
        <line num="117" count="21" type="stmt"/>
        <line num="120" count="24" type="cond" truecount="4" falsecount="0"/>
        <line num="121" count="3" type="stmt"/>
        <line num="124" count="24" type="stmt"/>
        <line num="126" count="24" type="cond" truecount="23" falsecount="10"/>
        <line num="130" count="3" type="stmt"/>
        <line num="136" count="3" type="stmt"/>
        <line num="139" count="1" type="stmt"/>
        <line num="153" count="1" type="stmt"/>
        <line num="156" count="0" type="stmt"/>
        <line num="157" count="0" type="stmt"/>
        <line num="171" count="0" type="stmt"/>
        <line num="174" count="0" type="stmt"/>
        <line num="188" count="0" type="stmt"/>
        <line num="191" count="0" type="stmt"/>
        <line num="192" count="0" type="stmt"/>
        <line num="206" count="0" type="stmt"/>
        <line num="210" count="2" type="stmt"/>
        <line num="224" count="2" type="stmt"/>
        <line num="227" count="1" type="stmt"/>
        <line num="228" count="1" type="stmt"/>
        <line num="229" count="1" type="stmt"/>
        <line num="243" count="1" type="stmt"/>
        <line num="246" count="0" type="stmt"/>
        <line num="247" count="0" type="stmt"/>
        <line num="248" count="0" type="stmt"/>
        <line num="262" count="0" type="stmt"/>
        <line num="265" count="1" type="stmt"/>
        <line num="266" count="1" type="stmt"/>
        <line num="280" count="1" type="stmt"/>
        <line num="284" count="1" type="stmt"/>
        <line num="298" count="1" type="stmt"/>
        <line num="301" count="1" type="stmt"/>
        <line num="315" count="1" type="stmt"/>
        <line num="318" count="1" type="stmt"/>
        <line num="337" count="1" type="stmt"/>
        <line num="340" count="1" type="stmt"/>
        <line num="374" count="1" type="stmt"/>
        <line num="377" count="1" type="stmt"/>
        <line num="418" count="1" type="stmt"/>
        <line num="421" count="1" type="stmt"/>
        <line num="450" count="1" type="stmt"/>
        <line num="453" count="1" type="stmt"/>
        <line num="482" count="1" type="stmt"/>
        <line num="486" count="1" type="stmt"/>
        <line num="487" count="1" type="stmt"/>
        <line num="493" count="1" type="stmt"/>
        <line num="496" count="0" type="stmt"/>
        <line num="497" count="0" type="stmt"/>
        <line num="498" count="0" type="stmt"/>
        <line num="512" count="0" type="stmt"/>
        <line num="515" count="1" type="stmt"/>
        <line num="516" count="1" type="stmt"/>
        <line num="517" count="1" type="stmt"/>
        <line num="531" count="1" type="stmt"/>
        <line num="534" count="0" type="stmt"/>
        <line num="535" count="0" type="stmt"/>
        <line num="536" count="0" type="stmt"/>
        <line num="550" count="0" type="stmt"/>
        <line num="553" count="0" type="stmt"/>
        <line num="554" count="0" type="stmt"/>
        <line num="555" count="0" type="stmt"/>
        <line num="569" count="0" type="stmt"/>
        <line num="573" count="2" type="stmt"/>
        <line num="574" count="2" type="stmt"/>
        <line num="575" count="2" type="stmt"/>
        <line num="589" count="2" type="stmt"/>
        <line num="592" count="0" type="stmt"/>
        <line num="593" count="0" type="stmt"/>
        <line num="594" count="0" type="stmt"/>
        <line num="608" count="0" type="stmt"/>
        <line num="611" count="1" type="stmt"/>
        <line num="612" count="1" type="stmt"/>
        <line num="613" count="1" type="stmt"/>
        <line num="627" count="1" type="stmt"/>
        <line num="630" count="0" type="stmt"/>
        <line num="631" count="0" type="stmt"/>
        <line num="632" count="0" type="stmt"/>
        <line num="646" count="0" type="stmt"/>
        <line num="650" count="1" type="stmt"/>
        <line num="664" count="1" type="stmt"/>
        <line num="667" count="1" type="stmt"/>
        <line num="681" count="1" type="stmt"/>
        <line num="684" count="1" type="stmt"/>
        <line num="698" count="1" type="stmt"/>
        <line num="701" count="0" type="stmt"/>
        <line num="708" count="0" type="stmt"/>
        <line num="712" count="1" type="stmt"/>
        <line num="720" count="24" type="cond" truecount="1" falsecount="1"/>
        <line num="721" count="24" type="stmt"/>
        <line num="722" count="24" type="stmt"/>
        <line num="723" count="24" type="stmt"/>
        <line num="726" count="24" type="stmt"/>
        <line num="727" count="24" type="cond" truecount="1" falsecount="1"/>
        <line num="728" count="24" type="stmt"/>
        <line num="730" count="24" type="stmt"/>
        <line num="731" count="24" type="stmt"/>
        <line num="734" count="24" type="stmt"/>
        <line num="737" count="24" type="stmt"/>
        <line num="740" count="24" type="stmt"/>
        <line num="741" count="24" type="stmt"/>
        <line num="763" count="93" type="stmt"/>
        <line num="765" count="93" type="cond" truecount="5" falsecount="0"/>
        <line num="767" count="24" type="stmt"/>
        <line num="769" count="24" type="cond" truecount="23" falsecount="10"/>
        <line num="773" count="3" type="stmt"/>
        <line num="776" count="1" type="stmt"/>
        <line num="782" count="0" type="stmt"/>
        <line num="788" count="0" type="stmt"/>
        <line num="794" count="0" type="stmt"/>
        <line num="801" count="2" type="stmt"/>
        <line num="807" count="1" type="stmt"/>
        <line num="821" count="0" type="stmt"/>
        <line num="835" count="1" type="stmt"/>
        <line num="851" count="3" type="stmt"/>
        <line num="854" count="1" type="stmt"/>
        <line num="857" count="1" type="stmt"/>
        <line num="861" count="2" type="stmt"/>
        <line num="874" count="1" type="stmt"/>
        <line num="878" count="1" type="stmt"/>
        <line num="885" count="0" type="stmt"/>
        <line num="892" count="2" type="stmt"/>
        <line num="898" count="0" type="stmt"/>
        <line num="912" count="1" type="stmt"/>
        <line num="926" count="0" type="stmt"/>
        <line num="940" count="1" type="stmt"/>
        <line num="943" count="1" type="stmt"/>
        <line num="956" count="1" type="stmt"/>
        <line num="969" count="0" type="stmt"/>
        <line num="983" count="1" type="stmt"/>
        <line num="987" count="93" type="stmt"/>
      </file>
    </package>
    <package name="src.components">
      <metrics statements="135" coveredstatements="92" conditionals="63" coveredconditionals="35" methods="57" coveredmethods="30"/>
      <file name="StaticVariants.tsx" path="/Users/ganeshjayaprakash/WorkSpace/Mine/npm_plugin/Text/react-native-apptext/src/components/StaticVariants.tsx">
        <metrics statements="28" coveredstatements="0" conditionals="0" coveredconditionals="0" methods="27" coveredmethods="0"/>
        <line num="6" count="0" type="stmt"/>
        <line num="7" count="0" type="stmt"/>
        <line num="9" count="0" type="stmt"/>
        <line num="10" count="0" type="stmt"/>
        <line num="11" count="0" type="stmt"/>
        <line num="12" count="0" type="stmt"/>
        <line num="13" count="0" type="stmt"/>
        <line num="14" count="0" type="stmt"/>
        <line num="15" count="0" type="stmt"/>
        <line num="16" count="0" type="stmt"/>
        <line num="17" count="0" type="stmt"/>
        <line num="18" count="0" type="stmt"/>
        <line num="19" count="0" type="stmt"/>
        <line num="23" count="0" type="stmt"/>
        <line num="26" count="0" type="stmt"/>
        <line num="29" count="0" type="stmt"/>
        <line num="32" count="0" type="stmt"/>
        <line num="35" count="0" type="stmt"/>
        <line num="38" count="0" type="stmt"/>
        <line num="41" count="0" type="stmt"/>
        <line num="44" count="0" type="stmt"/>
        <line num="47" count="0" type="stmt"/>
        <line num="50" count="0" type="stmt"/>
        <line num="53" count="0" type="stmt"/>
        <line num="56" count="0" type="stmt"/>
        <line num="59" count="0" type="stmt"/>
        <line num="62" count="0" type="stmt"/>
        <line num="65" count="0" type="stmt"/>
      </file>
      <file name="TruncationComponent.tsx" path="/Users/ganeshjayaprakash/WorkSpace/Mine/npm_plugin/Text/react-native-apptext/src/components/TruncationComponent.tsx">
        <metrics statements="10" coveredstatements="10" conditionals="11" coveredconditionals="11" methods="3" coveredmethods="3"/>
        <line num="14" count="7" type="stmt"/>
        <line num="23" count="10" type="stmt"/>
        <line num="24" count="10" type="stmt"/>
        <line num="25" count="10" type="stmt"/>
        <line num="27" count="10" type="stmt"/>
        <line num="29" count="3" type="stmt"/>
        <line num="34" count="10" type="stmt"/>
        <line num="35" count="3" type="stmt"/>
        <line num="36" count="3" type="stmt"/>
        <line num="39" count="10" type="stmt"/>
      </file>
      <file name="TypewriterText.tsx" path="/Users/ganeshjayaprakash/WorkSpace/Mine/npm_plugin/Text/react-native-apptext/src/components/TypewriterText.tsx">
        <metrics statements="46" coveredstatements="36" conditionals="34" coveredconditionals="16" methods="9" coveredmethods="9"/>
        <line num="15" count="6" type="stmt"/>
        <line num="25" count="19" type="stmt"/>
        <line num="26" count="19" type="stmt"/>
        <line num="27" count="19" type="stmt"/>
        <line num="28" count="19" type="stmt"/>
        <line num="30" count="19" type="stmt"/>
        <line num="31" count="9" type="stmt"/>
        <line num="32" count="9" type="cond" truecount="2" falsecount="2"/>
        <line num="33" count="9" type="stmt"/>
        <line num="35" count="0" type="cond" truecount="0" falsecount="2"/>
        <line num="36" count="0" type="stmt"/>
        <line num="38" count="0" type="cond" truecount="0" falsecount="2"/>
        <line num="39" count="0" type="stmt"/>
        <line num="41" count="0" type="stmt"/>
        <line num="43" count="9" type="stmt"/>
        <line num="46" count="19" type="stmt"/>
        <line num="47" count="9" type="cond" truecount="1" falsecount="1"/>
        <line num="48" count="0" type="cond" truecount="0" falsecount="2"/>
        <line num="49" count="0" type="stmt"/>
        <line num="52" count="19" type="stmt"/>
        <line num="53" count="9" type="cond" truecount="1" falsecount="1"/>
        <line num="54" count="0" type="stmt"/>
        <line num="55" count="0" type="stmt"/>
        <line num="56" count="0" type="stmt"/>
        <line num="59" count="9" type="stmt"/>
        <line num="60" count="9" type="stmt"/>
        <line num="61" count="9" type="stmt"/>
        <line num="65" count="9" type="stmt"/>
        <line num="67" count="9" type="stmt"/>
        <line num="68" count="26" type="cond" truecount="2" falsecount="0"/>
        <line num="69" count="4" type="stmt"/>
        <line num="70" count="4" type="stmt"/>
        <line num="72" count="22" type="stmt"/>
        <line num="73" count="22" type="stmt"/>
        <line num="74" count="22" type="stmt"/>
        <line num="75" count="22" type="stmt"/>
        <line num="78" count="9" type="stmt"/>
        <line num="80" count="9" type="stmt"/>
        <line num="81" count="9" type="stmt"/>
        <line num="82" count="9" type="stmt"/>
        <line num="86" count="19" type="stmt"/>
        <line num="87" count="14" type="cond" truecount="5" falsecount="0"/>
        <line num="88" count="5" type="stmt"/>
        <line num="94" count="19" type="stmt"/>
        <line num="95" count="14" type="cond" truecount="2" falsecount="0"/>
        <line num="98" count="19" type="stmt"/>
      </file>
      <file name="WaveText.tsx" path="/Users/ganeshjayaprakash/WorkSpace/Mine/npm_plugin/Text/react-native-apptext/src/components/WaveText.tsx">
        <metrics statements="51" coveredstatements="46" conditionals="18" coveredconditionals="8" methods="18" coveredmethods="18"/>
        <line num="11" count="6" type="stmt"/>
        <line num="13" count="6" type="stmt"/>
        <line num="14" count="6" type="stmt"/>
        <line num="15" count="6" type="cond" truecount="2" falsecount="2"/>
        <line num="16" count="6" type="stmt"/>
        <line num="18" count="0" type="cond" truecount="0" falsecount="2"/>
        <line num="19" count="0" type="stmt"/>
        <line num="21" count="0" type="cond" truecount="0" falsecount="2"/>
        <line num="22" count="0" type="stmt"/>
        <line num="24" count="0" type="stmt"/>
        <line num="26" count="6" type="stmt"/>
        <line num="29" count="6" type="stmt"/>
        <line num="32" count="6" type="stmt"/>
        <line num="33" count="6" type="stmt"/>
        <line num="34" count="6" type="stmt"/>
        <line num="35" count="6" type="stmt"/>
        <line num="36" count="6" type="stmt"/>
        <line num="39" count="6" type="stmt"/>
        <line num="40" count="56" type="stmt"/>
        <line num="44" count="6" type="stmt"/>
        <line num="45" count="6" type="stmt"/>
        <line num="49" count="6" type="stmt"/>
        <line num="50" count="6" type="cond" truecount="2" falsecount="0"/>
        <line num="54" count="2" type="stmt"/>
        <line num="55" count="19" type="stmt"/>
        <line num="56" count="19" type="stmt"/>
        <line num="59" count="6" type="stmt"/>
        <line num="60" count="6" type="stmt"/>
        <line num="61" count="6" type="stmt"/>
        <line num="62" count="6" type="cond" truecount="1" falsecount="1"/>
        <line num="63" count="6" type="stmt"/>
        <line num="64" count="56" type="stmt"/>
        <line num="65" count="56" type="stmt"/>
        <line num="71" count="6" type="stmt"/>
        <line num="72" count="6" type="stmt"/>
        <line num="75" count="6" type="stmt"/>
        <line num="76" count="56" type="stmt"/>
        <line num="92" count="56" type="stmt"/>
        <line num="98" count="6" type="stmt"/>
        <line num="101" count="6" type="stmt"/>
        <line num="104" count="6" type="stmt"/>
        <line num="106" count="6" type="stmt"/>
        <line num="107" count="6" type="stmt"/>
        <line num="108" count="6" type="stmt"/>
        <line num="109" count="6" type="stmt"/>
        <line num="110" count="56" type="stmt"/>
        <line num="111" count="56" type="stmt"/>
        <line num="119" count="6" type="stmt"/>
        <line num="120" count="56" type="stmt"/>
        <line num="132" count="6" type="stmt"/>
        <line num="135" count="56" type="stmt"/>
      </file>
    </package>
    <package name="src.i18n">
      <metrics statements="334" coveredstatements="226" conditionals="377" coveredconditionals="197" methods="89" coveredmethods="69"/>
      <file name="ICUParser.ts" path="/Users/ganeshjayaprakash/WorkSpace/Mine/npm_plugin/Text/react-native-apptext/src/i18n/ICUParser.ts">
        <metrics statements="113" coveredstatements="70" conditionals="81" coveredconditionals="32" methods="18" coveredmethods="13"/>
        <line num="11" count="8" type="stmt"/>
        <line num="13" count="2000" type="cond" truecount="2" falsecount="0"/>
        <line num="14" count="2000" type="stmt"/>
        <line num="18" count="2000" type="stmt"/>
        <line num="24" count="8" type="stmt"/>
        <line num="25" count="8" type="stmt"/>
        <line num="26" count="8" type="stmt"/>
        <line num="27" count="8" type="stmt"/>
        <line num="34" count="12" type="stmt"/>
        <line num="37" count="12" type="stmt"/>
        <line num="38" count="6" type="cond" truecount="1" falsecount="1"/>
        <line num="39" count="6" type="stmt"/>
        <line num="43" count="12" type="stmt"/>
        <line num="44" count="0" type="cond" truecount="0" falsecount="2"/>
        <line num="45" count="0" type="stmt"/>
        <line num="49" count="12" type="stmt"/>
        <line num="50" count="3" type="stmt"/>
        <line num="51" count="3" type="stmt"/>
        <line num="55" count="12" type="stmt"/>
        <line num="56" count="5" type="stmt"/>
        <line num="59" count="12" type="stmt"/>
        <line num="68" count="6" type="stmt"/>
        <line num="69" count="6" type="stmt"/>
        <line num="71" count="6" type="stmt"/>
        <line num="72" count="6" type="cond" truecount="2" falsecount="0"/>
        <line num="73" count="2" type="stmt"/>
        <line num="76" count="4" type="cond" truecount="1" falsecount="2"/>
        <line num="77" count="4" type="stmt"/>
        <line num="86" count="0" type="stmt"/>
        <line num="87" count="0" type="stmt"/>
        <line num="89" count="0" type="cond" truecount="0" falsecount="3"/>
        <line num="90" count="0" type="stmt"/>
        <line num="98" count="3" type="stmt"/>
        <line num="99" count="3" type="cond" truecount="1" falsecount="1"/>
        <line num="100" count="3" type="cond" truecount="1" falsecount="2"/>
        <line num="108" count="5" type="stmt"/>
        <line num="109" count="5" type="stmt"/>
        <line num="110" count="5" type="stmt"/>
        <line num="111" count="5" type="stmt"/>
        <line num="113" count="5" type="stmt"/>
        <line num="115" count="5" type="cond" truecount="4" falsecount="0"/>
        <line num="117" count="4" type="cond" truecount="1" falsecount="1"/>
        <line num="118" count="0" type="stmt"/>
        <line num="119" count="4" type="cond" truecount="1" falsecount="1"/>
        <line num="120" count="0" type="stmt"/>
        <line num="123" count="4" type="stmt"/>
        <line num="127" count="9" type="stmt"/>
        <line num="128" count="9" type="stmt"/>
        <line num="131" count="9" type="stmt"/>
        <line num="132" count="24" type="stmt"/>
        <line num="133" count="24" type="stmt"/>
        <line num="134" count="24" type="stmt"/>
        <line num="137" count="9" type="stmt"/>
        <line num="145" count="6" type="stmt"/>
        <line num="146" count="0" type="cond" truecount="0" falsecount="2"/>
        <line num="155" count="1" type="cond" truecount="3" falsecount="1"/>
        <line num="156" count="0" type="stmt"/>
        <line num="159" count="1" type="stmt"/>
        <line num="160" count="1" type="cond" truecount="3" falsecount="1"/>
        <line num="161" count="0" type="stmt"/>
        <line num="164" count="1" type="stmt"/>
        <line num="165" count="1" type="cond" truecount="1" falsecount="1"/>
        <line num="166" count="0" type="stmt"/>
        <line num="168" count="0" type="stmt"/>
        <line num="174" count="0" type="stmt"/>
        <line num="176" count="0" type="cond" truecount="0" falsecount="2"/>
        <line num="177" count="0" type="stmt"/>
        <line num="180" count="0" type="stmt"/>
        <line num="181" count="1" type="cond" truecount="1" falsecount="1"/>
        <line num="182" count="0" type="stmt"/>
        <line num="188" count="1" type="stmt"/>
        <line num="194" count="0" type="stmt"/>
        <line num="195" count="0" type="stmt"/>
        <line num="205" count="0" type="stmt"/>
        <line num="215" count="0" type="stmt"/>
        <line num="216" count="0" type="cond" truecount="0" falsecount="2"/>
        <line num="218" count="0" type="stmt"/>
        <line num="219" count="0" type="cond" truecount="0" falsecount="2"/>
        <line num="220" count="0" type="stmt"/>
        <line num="221" count="0" type="cond" truecount="0" falsecount="2"/>
        <line num="222" count="0" type="stmt"/>
        <line num="229" count="0" type="stmt"/>
        <line num="231" count="0" type="stmt"/>
        <line num="236" count="2" type="stmt"/>
        <line num="238" count="2" type="cond" truecount="3" falsecount="1"/>
        <line num="239" count="0" type="stmt"/>
        <line num="242" count="2" type="stmt"/>
        <line num="243" count="2" type="stmt"/>
        <line num="245" count="2" type="cond" truecount="2" falsecount="0"/>
        <line num="246" count="2" type="cond" truecount="1" falsecount="1"/>
        <line num="247" count="0" type="stmt"/>
        <line num="250" count="2" type="stmt"/>
        <line num="252" count="2" type="cond" truecount="1" falsecount="1"/>
        <line num="253" count="0" type="stmt"/>
        <line num="255" count="0" type="cond" truecount="0" falsecount="4"/>
        <line num="261" count="0" type="stmt"/>
        <line num="262" count="0" type="cond" truecount="0" falsecount="2"/>
        <line num="263" count="0" type="stmt"/>
        <line num="264" count="0" type="stmt"/>
        <line num="265" count="0" type="stmt"/>
        <line num="269" count="2" type="cond" truecount="1" falsecount="1"/>
        <line num="270" count="2" type="stmt"/>
        <line num="271" count="2" type="stmt"/>
        <line num="272" count="2" type="cond" truecount="1" falsecount="1"/>
        <line num="273" count="2" type="stmt"/>
        <line num="274" count="2" type="stmt"/>
        <line num="275" count="2" type="stmt"/>
        <line num="279" count="0" type="stmt"/>
        <line num="280" count="0" type="stmt"/>
        <line num="284" count="0" type="stmt"/>
        <line num="306" count="0" type="cond" truecount="0" falsecount="2"/>
        <line num="309" count="8" type="stmt"/>
        <line num="313" count="8" type="stmt"/>
      </file>
      <file name="LocaleProvider.tsx" path="/Users/ganeshjayaprakash/WorkSpace/Mine/npm_plugin/Text/react-native-apptext/src/i18n/LocaleProvider.tsx">
        <metrics statements="42" coveredstatements="31" conditionals="12" coveredconditionals="8" methods="15" coveredmethods="10"/>
        <line num="30" count="19" type="stmt"/>
        <line num="31" count="19" type="stmt"/>
        <line num="35" count="19" type="stmt"/>
        <line num="37" count="19" type="stmt"/>
        <line num="38" count="19" type="cond" truecount="2" falsecount="0"/>
        <line num="39" count="18" type="stmt"/>
        <line num="40" count="18" type="stmt"/>
        <line num="42" count="1" type="cond" truecount="1" falsecount="1"/>
        <line num="43" count="1" type="stmt"/>
        <line num="47" count="19" type="stmt"/>
        <line num="49" count="19" type="stmt"/>
        <line num="50" count="19" type="stmt"/>
        <line num="51" count="19" type="cond" truecount="2" falsecount="0"/>
        <line num="54" count="19" type="stmt"/>
        <line num="55" count="18" type="stmt"/>
        <line num="63" count="19" type="stmt"/>
        <line num="69" count="13" type="stmt"/>
        <line num="78" count="19" type="stmt"/>
        <line num="85" count="0" type="stmt"/>
        <line num="90" count="19" type="stmt"/>
        <line num="92" count="18" type="stmt"/>
        <line num="93" count="1" type="stmt"/>
        <line num="94" count="1" type="stmt"/>
        <line num="99" count="19" type="stmt"/>
        <line num="101" count="1" type="stmt"/>
        <line num="106" count="19" type="stmt"/>
        <line num="108" count="0" type="cond" truecount="0" falsecount="2"/>
        <line num="110" count="0" type="stmt"/>
        <line num="111" count="0" type="stmt"/>
        <line num="112" count="0" type="stmt"/>
        <line num="113" count="0" type="stmt"/>
        <line num="115" count="0" type="stmt"/>
        <line num="121" count="19" type="stmt"/>
        <line num="122" count="19" type="stmt"/>
        <line num="133" count="19" type="stmt"/>
        <line num="139" count="18" type="stmt"/>
        <line num="140" count="18" type="cond" truecount="1" falsecount="1"/>
        <line num="141" count="0" type="stmt"/>
        <line num="143" count="18" type="stmt"/>
        <line num="147" count="0" type="stmt"/>
        <line num="149" count="0" type="stmt"/>
        <line num="150" count="0" type="stmt"/>
      </file>
      <file name="PluralRules.ts" path="/Users/ganeshjayaprakash/WorkSpace/Mine/npm_plugin/Text/react-native-apptext/src/i18n/PluralRules.ts">
        <metrics statements="109" coveredstatements="71" conditionals="195" coveredconditionals="103" methods="44" coveredmethods="35"/>
        <line num="3" count="9" type="stmt"/>
        <line num="5" count="14" type="cond" truecount="2" falsecount="0"/>
        <line num="6" count="1" type="cond" truecount="1" falsecount="1"/>
        <line num="7" count="1" type="cond" truecount="1" falsecount="1"/>
        <line num="8" count="1" type="cond" truecount="1" falsecount="1"/>
        <line num="9" count="1" type="cond" truecount="1" falsecount="1"/>
        <line num="10" count="1" type="cond" truecount="1" falsecount="1"/>
        <line num="12" count="2" type="cond" truecount="4" falsecount="0"/>
        <line num="13" count="1" type="cond" truecount="1" falsecount="1"/>
        <line num="14" count="1" type="cond" truecount="1" falsecount="1"/>
        <line num="15" count="1" type="cond" truecount="3" falsecount="1"/>
        <line num="17" count="3" type="cond" truecount="2" falsecount="0"/>
        <line num="18" count="2" type="cond" truecount="5" falsecount="0"/>
        <line num="19" count="1" type="stmt"/>
        <line num="23" count="7" type="stmt"/>
        <line num="24" count="7" type="stmt"/>
        <line num="25" count="7" type="cond" truecount="4" falsecount="0"/>
        <line num="26" count="4" type="cond" truecount="5" falsecount="1"/>
        <line num="27" count="2" type="stmt"/>
        <line num="30" count="2" type="stmt"/>
        <line num="31" count="2" type="stmt"/>
        <line num="32" count="2" type="cond" truecount="4" falsecount="0"/>
        <line num="33" count="1" type="cond" truecount="4" falsecount="2"/>
        <line num="34" count="0" type="stmt"/>
        <line num="37" count="3" type="stmt"/>
        <line num="38" count="3" type="stmt"/>
        <line num="39" count="3" type="cond" truecount="2" falsecount="0"/>
        <line num="40" count="2" type="cond" truecount="5" falsecount="1"/>
        <line num="41" count="1" type="stmt"/>
        <line num="44" count="3" type="cond" truecount="2" falsecount="0"/>
        <line num="45" count="2" type="cond" truecount="4" falsecount="0"/>
        <line num="46" count="1" type="stmt"/>
        <line num="50" count="10" type="cond" truecount="2" falsecount="0"/>
        <line num="51" count="9" type="cond" truecount="2" falsecount="0"/>
        <line num="52" count="7" type="cond" truecount="2" falsecount="0"/>
        <line num="53" count="5" type="cond" truecount="4" falsecount="0"/>
        <line num="54" count="3" type="cond" truecount="2" falsecount="0"/>
        <line num="55" count="1" type="stmt"/>
        <line num="58" count="2" type="cond" truecount="2" falsecount="0"/>
        <line num="59" count="1" type="cond" truecount="1" falsecount="1"/>
        <line num="60" count="0" type="cond" truecount="0" falsecount="4"/>
        <line num="61" count="0" type="stmt"/>
        <line num="64" count="1" type="stmt"/>
        <line num="65" count="1" type="stmt"/>
        <line num="66" count="1" type="stmt"/>
        <line num="68" count="2" type="cond" truecount="4" falsecount="0"/>
        <line num="69" count="1" type="cond" truecount="3" falsecount="1"/>
        <line num="70" count="1" type="stmt"/>
        <line num="71" count="1" type="stmt"/>
        <line num="72" count="1" type="stmt"/>
        <line num="73" count="1" type="stmt"/>
        <line num="75" count="2" type="cond" truecount="2" falsecount="0"/>
        <line num="77" count="1" type="cond" truecount="1" falsecount="1"/>
        <line num="78" count="1" type="cond" truecount="1" falsecount="1"/>
        <line num="80" count="1" type="cond" truecount="1" falsecount="1"/>
        <line num="82" count="1" type="stmt"/>
        <line num="83" count="1" type="cond" truecount="1" falsecount="1"/>
        <line num="86" count="0" type="cond" truecount="0" falsecount="2"/>
        <line num="87" count="0" type="cond" truecount="0" falsecount="2"/>
        <line num="88" count="0" type="cond" truecount="0" falsecount="2"/>
        <line num="89" count="0" type="cond" truecount="0" falsecount="2"/>
        <line num="90" count="0" type="cond" truecount="0" falsecount="2"/>
        <line num="91" count="0" type="stmt"/>
        <line num="94" count="0" type="cond" truecount="0" falsecount="2"/>
        <line num="95" count="0" type="cond" truecount="0" falsecount="2"/>
        <line num="96" count="0" type="cond" truecount="0" falsecount="4"/>
        <line num="97" count="0" type="cond" truecount="0" falsecount="4"/>
        <line num="98" count="0" type="stmt"/>
        <line num="102" count="0" type="stmt"/>
        <line num="103" count="0" type="stmt"/>
        <line num="104" count="0" type="cond" truecount="0" falsecount="4"/>
        <line num="105" count="0" type="cond" truecount="0" falsecount="6"/>
        <line num="106" count="0" type="stmt"/>
        <line num="109" count="0" type="cond" truecount="0" falsecount="4"/>
        <line num="110" count="0" type="cond" truecount="0" falsecount="5"/>
        <line num="111" count="0" type="stmt"/>
        <line num="115" count="0" type="stmt"/>
        <line num="116" count="0" type="cond" truecount="0" falsecount="2"/>
        <line num="117" count="0" type="cond" truecount="0" falsecount="2"/>
        <line num="118" count="0" type="cond" truecount="0" falsecount="4"/>
        <line num="119" count="0" type="stmt"/>
        <line num="123" count="0" type="cond" truecount="0" falsecount="2"/>
        <line num="124" count="0" type="cond" truecount="0" falsecount="2"/>
        <line num="125" count="0" type="cond" truecount="0" falsecount="2"/>
        <line num="126" count="0" type="cond" truecount="0" falsecount="2"/>
        <line num="127" count="0" type="stmt"/>
        <line num="130" count="0" type="cond" truecount="0" falsecount="2"/>
        <line num="131" count="0" type="cond" truecount="0" falsecount="5"/>
        <line num="132" count="0" type="cond" truecount="0" falsecount="4"/>
        <line num="133" count="0" type="stmt"/>
        <line num="137" count="9" type="stmt"/>
        <line num="139" count="5" type="stmt"/>
        <line num="140" count="5" type="stmt"/>
        <line num="141" count="5" type="cond" truecount="4" falsecount="0"/>
        <line num="142" count="4" type="cond" truecount="4" falsecount="0"/>
        <line num="143" count="3" type="cond" truecount="4" falsecount="0"/>
        <line num="144" count="2" type="stmt"/>
        <line num="146" count="0" type="stmt"/>
        <line num="147" count="0" type="stmt"/>
        <line num="151" count="74" type="cond" truecount="4" falsecount="0"/>
        <line num="152" count="2" type="stmt"/>
        <line num="154" count="74" type="cond" truecount="1" falsecount="1"/>
        <line num="155" count="74" type="stmt"/>
        <line num="156" count="74" type="cond" truecount="2" falsecount="0"/>
        <line num="157" count="71" type="stmt"/>
        <line num="161" count="6" type="cond" truecount="1" falsecount="1"/>
        <line num="162" count="6" type="stmt"/>
        <line num="163" count="6" type="cond" truecount="2" falsecount="0"/>
        <line num="164" count="5" type="stmt"/>
      </file>
      <file name="TranslationManager.ts" path="/Users/ganeshjayaprakash/WorkSpace/Mine/npm_plugin/Text/react-native-apptext/src/i18n/TranslationManager.ts">
        <metrics statements="58" coveredstatements="42" conditionals="74" coveredconditionals="41" methods="8" coveredmethods="7"/>
        <line num="38" count="18" type="stmt"/>
        <line num="52" count="18" type="stmt"/>
        <line num="53" count="18" type="cond" truecount="1" falsecount="1"/>
        <line num="54" count="18" type="cond" truecount="1" falsecount="1"/>
        <line num="55" count="18" type="cond" truecount="1" falsecount="1"/>
        <line num="56" count="18" type="stmt"/>
        <line num="63" count="0" type="cond" truecount="0" falsecount="2"/>
        <line num="64" count="0" type="stmt"/>
        <line num="66" count="0" type="stmt"/>
        <line num="75" count="13" type="cond" truecount="2" falsecount="0"/>
        <line num="77" count="13" type="stmt"/>
        <line num="78" count="13" type="cond" truecount="1" falsecount="1"/>
        <line num="79" count="0" type="stmt"/>
        <line num="82" count="13" type="stmt"/>
        <line num="83" count="13" type="stmt"/>
        <line num="85" count="13" type="cond" truecount="2" falsecount="2"/>
        <line num="86" count="0" type="stmt"/>
        <line num="87" count="0" type="stmt"/>
        <line num="90" count="13" type="cond" truecount="2" falsecount="0"/>
        <line num="91" count="2" type="stmt"/>
        <line num="92" count="2" type="stmt"/>
        <line num="93" count="11" type="cond" truecount="2" falsecount="0"/>
        <line num="98" count="1" type="stmt"/>
        <line num="99" count="10" type="cond" truecount="1" falsecount="1"/>
        <line num="100" count="10" type="stmt"/>
        <line num="103" count="10" type="cond" truecount="1" falsecount="1"/>
        <line num="105" count="10" type="cond" truecount="3" falsecount="1"/>
        <line num="106" count="0" type="stmt"/>
        <line num="112" count="10" type="cond" truecount="1" falsecount="1"/>
        <line num="117" count="10" type="stmt"/>
        <line num="119" count="0" type="stmt"/>
        <line num="122" count="13" type="stmt"/>
        <line num="123" count="13" type="stmt"/>
        <line num="133" count="1" type="stmt"/>
        <line num="135" count="1" type="cond" truecount="1" falsecount="1"/>
        <line num="136" count="0" type="stmt"/>
        <line num="137" count="0" type="cond" truecount="0" falsecount="4"/>
        <line num="142" count="1" type="cond" truecount="1" falsecount="1"/>
        <line num="147" count="0" type="stmt"/>
        <line num="148" count="0" type="stmt"/>
        <line num="151" count="1" type="stmt"/>
        <line num="152" count="1" type="cond" truecount="2" falsecount="1"/>
        <line num="154" count="1" type="stmt"/>
        <line num="155" count="1" type="cond" truecount="3" falsecount="1"/>
        <line num="161" count="11" type="stmt"/>
        <line num="173" count="14" type="cond" truecount="2" falsecount="2"/>
        <line num="174" count="0" type="stmt"/>
        <line num="175" count="0" type="cond" truecount="0" falsecount="2"/>
        <line num="178" count="14" type="stmt"/>
        <line num="179" count="14" type="cond" truecount="1" falsecount="1"/>
        <line num="181" count="14" type="cond" truecount="3" falsecount="1"/>
        <line num="182" count="0" type="stmt"/>
        <line num="183" count="0" type="cond" truecount="0" falsecount="2"/>
        <line num="186" count="14" type="stmt"/>
        <line num="190" count="2" type="cond" truecount="1" falsecount="1"/>
        <line num="191" count="2" type="stmt"/>
        <line num="197" count="2" type="stmt"/>
        <line num="201" count="1" type="stmt"/>
      </file>
      <file name="utils.ts" path="/Users/ganeshjayaprakash/WorkSpace/Mine/npm_plugin/Text/react-native-apptext/src/i18n/utils.ts">
        <metrics statements="12" coveredstatements="12" conditionals="15" coveredconditionals="13" methods="4" coveredmethods="4"/>
        <line num="2" count="29" type="cond" truecount="4" falsecount="0"/>
        <line num="3" count="28" type="cond" truecount="3" falsecount="1"/>
        <line num="5" count="28" type="stmt"/>
        <line num="6" count="34" type="stmt"/>
        <line num="11" count="6" type="stmt"/>
        <line num="12" count="7" type="stmt"/>
        <line num="13" count="7" type="stmt"/>
        <line num="15" count="7" type="cond" truecount="4" falsecount="0"/>
        <line num="16" count="6" type="cond" truecount="2" falsecount="0"/>
        <line num="17" count="1" type="stmt"/>
        <line num="18" count="1" type="stmt"/>
        <line num="20" count="5" type="stmt"/>
      </file>
    </package>
  </project>
</coverage>
