<?xml version="1.0" encoding="UTF-8"?>
<coverage generated="1775460493908" clover="3.2.0">
  <project timestamp="1775460493908" name="All files">
    <metrics statements="1877" coveredstatements="619" conditionals="1384" coveredconditionals="350" methods="487" coveredmethods="137" elements="3748" coveredelements="1106" complexity="0" loc="1877" ncloc="1877" packages="1" files="26" classes="26"/>
    <file name="AppText.tsx" path="/Users/ganeshjayaprakash/WorkSpace/Mine/npm_plugin/Text/react-native-apptext/src/AppText.tsx">
      <metrics statements="332" coveredstatements="183" conditionals="299" coveredconditionals="125" methods="75" coveredmethods="38"/>
      <line num="42" count="5" type="stmt"/>
      <line num="95" count="5" type="stmt"/>
      <line num="103" count="0" type="stmt"/>
      <line num="104" count="0" type="stmt"/>
      <line num="105" count="0" type="stmt"/>
      <line num="106" count="0" type="stmt"/>
      <line num="107" count="0" type="stmt"/>
      <line num="108" count="0" type="stmt"/>
      <line num="109" count="0" type="stmt"/>
      <line num="110" count="0" type="stmt"/>
      <line num="111" count="0" type="stmt"/>
      <line num="112" count="0" type="stmt"/>
      <line num="113" count="0" type="stmt"/>
      <line num="114" count="0" type="stmt"/>
      <line num="117" count="0" type="stmt"/>
      <line num="118" count="0" type="cond" truecount="0" falsecount="2"/>
      <line num="119" count="0" type="cond" truecount="0" falsecount="2"/>
      <line num="120" count="0" type="cond" truecount="0" falsecount="4"/>
      <line num="121" count="0" type="stmt"/>
      <line num="125" count="0" type="cond" truecount="0" falsecount="2"/>
      <line num="128" count="0" type="cond" truecount="0" falsecount="2"/>
      <line num="130" count="0" type="stmt"/>
      <line num="132" count="0" type="cond" truecount="0" falsecount="5"/>
      <line num="134" count="0" type="cond" truecount="0" falsecount="4"/>
      <line num="135" count="0" type="stmt"/>
      <line num="136" count="0" type="stmt"/>
      <line num="138" count="0" type="cond" truecount="0" falsecount="2"/>
      <line num="139" count="0" type="stmt"/>
      <line num="140" count="0" type="cond" truecount="0" falsecount="2"/>
      <line num="141" count="0" type="cond" truecount="0" falsecount="2"/>
      <line num="144" count="0" type="cond" truecount="0" falsecount="2"/>
      <line num="145" count="0" type="stmt"/>
      <line num="150" count="0" type="stmt"/>
      <line num="151" count="0" type="cond" truecount="0" falsecount="2"/>
      <line num="152" count="0" type="cond" truecount="0" falsecount="2"/>
      <line num="153" count="0" type="cond" truecount="0" falsecount="2"/>
      <line num="155" count="0" type="stmt"/>
      <line num="156" count="0" type="stmt"/>
      <line num="159" count="0" type="cond" truecount="0" falsecount="4"/>
      <line num="160" count="0" type="stmt"/>
      <line num="162" count="0" type="stmt"/>
      <line num="165" count="0" type="cond" truecount="0" falsecount="4"/>
      <line num="166" count="0" type="stmt"/>
      <line num="169" count="0" type="stmt"/>
      <line num="181" count="0" type="cond" truecount="0" falsecount="2"/>
      <line num="182" count="0" type="stmt"/>
      <line num="188" count="0" type="cond" truecount="0" falsecount="2"/>
      <line num="189" count="0" type="stmt"/>
      <line num="190" count="0" type="stmt"/>
      <line num="191" count="0" type="stmt"/>
      <line num="194" count="0" type="stmt"/>
      <line num="195" count="0" type="cond" truecount="0" falsecount="2"/>
      <line num="196" count="0" type="stmt"/>
      <line num="219" count="0" type="stmt"/>
      <line num="221" count="0" type="cond" truecount="0" falsecount="5"/>
      <line num="223" count="0" type="stmt"/>
      <line num="225" count="0" type="cond" truecount="0" falsecount="33"/>
      <line num="229" count="0" type="stmt"/>
      <line num="232" count="0" type="stmt"/>
      <line num="238" count="0" type="stmt"/>
      <line num="244" count="0" type="stmt"/>
      <line num="250" count="0" type="stmt"/>
      <line num="257" count="0" type="stmt"/>
      <line num="263" count="0" type="stmt"/>
      <line num="277" count="0" type="stmt"/>
      <line num="291" count="0" type="stmt"/>
      <line num="307" count="0" type="stmt"/>
      <line num="310" count="0" type="stmt"/>
      <line num="313" count="0" type="stmt"/>
      <line num="316" count="0" type="stmt"/>
      <line num="329" count="0" type="stmt"/>
      <line num="343" count="0" type="stmt"/>
      <line num="347" count="0" type="stmt"/>
      <line num="354" count="0" type="stmt"/>
      <line num="361" count="0" type="stmt"/>
      <line num="367" count="0" type="stmt"/>
      <line num="381" count="0" type="stmt"/>
      <line num="395" count="0" type="stmt"/>
      <line num="409" count="0" type="stmt"/>
      <line num="412" count="0" type="stmt"/>
      <line num="425" count="0" type="stmt"/>
      <line num="438" count="0" type="stmt"/>
      <line num="452" count="0" type="stmt"/>
      <line num="470" count="0" type="stmt"/>
      <line num="488" count="5" type="stmt"/>
      <line num="499" count="16" type="stmt"/>
      <line num="500" count="16" type="stmt"/>
      <line num="502" count="16" type="stmt"/>
      <line num="503" count="9" type="stmt"/>
      <line num="504" count="9" type="cond" truecount="2" falsecount="2"/>
      <line num="505" count="9" type="stmt"/>
      <line num="507" count="0" type="cond" truecount="0" falsecount="2"/>
      <line num="508" count="0" type="stmt"/>
      <line num="510" count="0" type="cond" truecount="0" falsecount="2"/>
      <line num="511" count="0" type="stmt"/>
      <line num="513" count="0" type="stmt"/>
      <line num="515" count="9" type="stmt"/>
      <line num="518" count="16" type="stmt"/>
      <line num="519" count="9" type="stmt"/>
      <line num="521" count="9" type="stmt"/>
      <line num="522" count="9" type="stmt"/>
      <line num="526" count="9" type="stmt"/>
      <line num="530" count="9" type="stmt"/>
      <line num="531" count="26" type="cond" truecount="1" falsecount="1"/>
      <line num="532" count="26" type="cond" truecount="2" falsecount="0"/>
      <line num="533" count="4" type="stmt"/>
      <line num="534" count="4" type="stmt"/>
      <line num="536" count="22" type="stmt"/>
      <line num="537" count="22" type="stmt"/>
      <line num="538" count="22" type="stmt"/>
      <line num="542" count="9" type="stmt"/>
      <line num="544" count="9" type="stmt"/>
      <line num="545" count="9" type="stmt"/>
      <line num="546" count="9" type="stmt"/>
      <line num="547" count="9" type="stmt"/>
      <line num="551" count="16" type="stmt"/>
      <line num="552" count="4" type="cond" truecount="1" falsecount="1"/>
      <line num="553" count="4" type="cond" truecount="1" falsecount="1"/>
      <line num="554" count="0" type="stmt"/>
      <line num="555" count="0" type="cond" truecount="0" falsecount="5"/>
      <line num="556" count="0" type="stmt"/>
      <line num="559" count="4" type="cond" truecount="4" falsecount="1"/>
      <line num="560" count="4" type="stmt"/>
      <line num="562" count="0" type="stmt"/>
      <line num="565" count="16" type="stmt"/>
      <line num="591" count="5" type="stmt"/>
      <line num="601" count="0" type="stmt"/>
      <line num="602" count="0" type="stmt"/>
      <line num="603" count="0" type="stmt"/>
      <line num="605" count="0" type="stmt"/>
      <line num="607" count="0" type="stmt"/>
      <line num="609" count="0" type="stmt"/>
      <line num="615" count="0" type="stmt"/>
      <line num="616" count="0" type="stmt"/>
      <line num="620" count="0" type="stmt"/>
      <line num="621" count="0" type="cond" truecount="0" falsecount="2"/>
      <line num="622" count="0" type="stmt"/>
      <line num="623" count="0" type="stmt"/>
      <line num="625" count="0" type="cond" truecount="0" falsecount="2"/>
      <line num="626" count="0" type="stmt"/>
      <line num="628" count="0" type="stmt"/>
      <line num="633" count="0" type="stmt"/>
      <line num="634" count="0" type="cond" truecount="0" falsecount="2"/>
      <line num="635" count="0" type="cond" truecount="0" falsecount="2"/>
      <line num="638" count="0" type="stmt"/>
      <line num="693" count="5" type="stmt"/>
      <line num="694" count="4" type="cond" truecount="1" falsecount="1"/>
      <line num="695" count="4" type="stmt"/>
      <line num="696" count="4" type="stmt"/>
      <line num="698" count="4" type="stmt"/>
      <line num="705" count="4" type="stmt"/>
      <line num="706" count="36" type="cond" truecount="2" falsecount="0"/>
      <line num="707" count="32" type="stmt"/>
      <line num="709" count="4" type="stmt"/>
      <line num="713" count="4" type="stmt"/>
      <line num="716" count="5" type="stmt"/>
      <line num="718" count="6" type="stmt"/>
      <line num="719" count="6" type="stmt"/>
      <line num="720" count="6" type="cond" truecount="2" falsecount="2"/>
      <line num="721" count="6" type="stmt"/>
      <line num="723" count="0" type="cond" truecount="0" falsecount="2"/>
      <line num="724" count="0" type="stmt"/>
      <line num="726" count="0" type="cond" truecount="0" falsecount="2"/>
      <line num="727" count="0" type="stmt"/>
      <line num="729" count="0" type="stmt"/>
      <line num="731" count="6" type="stmt"/>
      <line num="734" count="6" type="stmt"/>
      <line num="737" count="6" type="stmt"/>
      <line num="738" count="6" type="stmt"/>
      <line num="741" count="6" type="stmt"/>
      <line num="742" count="6" type="stmt"/>
      <line num="745" count="6" type="cond" truecount="3" falsecount="1"/>
      <line num="746" count="6" type="stmt"/>
      <line num="747" count="56" type="stmt"/>
      <line num="750" count="6" type="stmt"/>
      <line num="752" count="6" type="stmt"/>
      <line num="753" count="56" type="stmt"/>
      <line num="769" count="56" type="stmt"/>
      <line num="775" count="6" type="stmt"/>
      <line num="778" count="6" type="stmt"/>
      <line num="781" count="6" type="stmt"/>
      <line num="783" count="6" type="stmt"/>
      <line num="784" count="6" type="stmt"/>
      <line num="785" count="6" type="stmt"/>
      <line num="786" count="6" type="stmt"/>
      <line num="787" count="56" type="stmt"/>
      <line num="788" count="56" type="stmt"/>
      <line num="793" count="6" type="stmt"/>
      <line num="797" count="6" type="stmt"/>
      <line num="798" count="56" type="stmt"/>
      <line num="810" count="6" type="stmt"/>
      <line num="812" count="6" type="stmt"/>
      <line num="831" count="56" type="stmt"/>
      <line num="843" count="5" type="stmt"/>
      <line num="915" count="44" type="stmt"/>
      <line num="916" count="44" type="stmt"/>
      <line num="917" count="44" type="cond" truecount="1" falsecount="1"/>
      <line num="918" count="44" type="stmt"/>
      <line num="921" count="44" type="cond" truecount="2" falsecount="1"/>
      <line num="922" count="44" type="stmt"/>
      <line num="923" count="44" type="cond" truecount="4" falsecount="0"/>
      <line num="924" count="15" type="cond" truecount="1" falsecount="1"/>
      <line num="925" count="15" type="cond" truecount="1" falsecount="1"/>
      <line num="926" count="0" type="stmt"/>
      <line num="928" count="44" type="stmt"/>
      <line num="929" count="44" type="cond" truecount="2" falsecount="0"/>
      <line num="930" count="44" type="cond" truecount="2" falsecount="0"/>
      <line num="932" count="44" type="stmt"/>
      <line num="933" count="44" type="stmt"/>
      <line num="934" count="81" type="cond" truecount="4" falsecount="0"/>
      <line num="935" count="28" type="cond" truecount="2" falsecount="0"/>
      <line num="936" count="14" type="cond" truecount="1" falsecount="1"/>
      <line num="937" count="0" type="stmt"/>
      <line num="939" count="44" type="stmt"/>
      <line num="943" count="44" type="stmt"/>
      <line num="944" count="44" type="stmt"/>
      <line num="945" count="44" type="stmt"/>
      <line num="946" count="44" type="cond" truecount="1" falsecount="1"/>
      <line num="947" count="0" type="stmt"/>
      <line num="955" count="44" type="stmt"/>
      <line num="956" count="44" type="cond" truecount="2" falsecount="0"/>
      <line num="958" count="44" type="cond" truecount="1" falsecount="1"/>
      <line num="961" count="44" type="cond" truecount="1" falsecount="1"/>
      <line num="963" count="44" type="cond" truecount="1" falsecount="1"/>
      <line num="966" count="44" type="stmt"/>
      <line num="972" count="44" type="stmt"/>
      <line num="973" count="37" type="cond" truecount="1" falsecount="1"/>
      <line num="974" count="37" type="stmt"/>
      <line num="981" count="44" type="stmt"/>
      <line num="982" count="37" type="cond" truecount="2" falsecount="0"/>
      <line num="983" count="1" type="cond" truecount="1" falsecount="1"/>
      <line num="984" count="0" type="stmt"/>
      <line num="986" count="1" type="stmt"/>
      <line num="989" count="44" type="stmt"/>
      <line num="990" count="37" type="cond" truecount="1" falsecount="1"/>
      <line num="991" count="37" type="stmt"/>
      <line num="995" count="44" type="stmt"/>
      <line num="996" count="37" type="stmt"/>
      <line num="1009" count="37" type="cond" truecount="1" falsecount="1"/>
      <line num="1010" count="0" type="stmt"/>
      <line num="1016" count="37" type="stmt"/>
      <line num="1033" count="44" type="stmt"/>
      <line num="1035" count="37" type="stmt"/>
      <line num="1054" count="44" type="stmt"/>
      <line num="1055" count="37" type="stmt"/>
      <line num="1059" count="44" type="stmt"/>
      <line num="1060" count="44" type="stmt"/>
      <line num="1090" count="44" type="stmt"/>
      <line num="1122" count="44" type="stmt"/>
      <line num="1123" count="0" type="stmt"/>
      <line num="1126" count="44" type="stmt"/>
      <line num="1127" count="0" type="stmt"/>
      <line num="1131" count="44" type="cond" truecount="2" falsecount="0"/>
      <line num="1132" count="44" type="cond" truecount="2" falsecount="0"/>
      <line num="1133" count="44" type="cond" truecount="2" falsecount="0"/>
      <line num="1134" count="44" type="cond" truecount="2" falsecount="0"/>
      <line num="1135" count="44" type="cond" truecount="2" falsecount="0"/>
      <line num="1138" count="44" type="stmt"/>
      <line num="1139" count="44" type="stmt"/>
      <line num="1142" count="44" type="stmt"/>
      <line num="1143" count="44" type="stmt"/>
      <line num="1144" count="37" type="cond" truecount="5" falsecount="0"/>
      <line num="1145" count="8" type="stmt"/>
      <line num="1146" count="8" type="stmt"/>
      <line num="1151" count="44" type="cond" truecount="2" falsecount="0"/>
      <line num="1152" count="9" type="stmt"/>
      <line num="1175" count="35" type="cond" truecount="2" falsecount="0"/>
      <line num="1176" count="6" type="stmt"/>
      <line num="1197" count="29" type="cond" truecount="1" falsecount="1"/>
      <line num="1198" count="0" type="stmt"/>
      <line num="1219" count="29" type="cond" truecount="4" falsecount="0"/>
      <line num="1221" count="29" type="cond" truecount="4" falsecount="1"/>
      <line num="1222" count="0" type="stmt"/>
      <line num="1238" count="29" type="stmt"/>
      <line num="1255" count="5" type="stmt"/>
      <line num="1290" count="0" type="stmt"/>
      <line num="1299" count="0" type="stmt"/>
      <line num="1315" count="5" type="stmt"/>
      <line num="1354" count="5" type="stmt"/>
      <line num="1357" count="5" type="stmt"/>
      <line num="1359" count="1" type="stmt"/>
      <line num="1362" count="5" type="stmt"/>
      <line num="1364" count="0" type="stmt"/>
      <line num="1367" count="5" type="stmt"/>
      <line num="1369" count="0" type="stmt"/>
      <line num="1372" count="5" type="stmt"/>
      <line num="1374" count="0" type="stmt"/>
      <line num="1377" count="5" type="stmt"/>
      <line num="1379" count="0" type="stmt"/>
      <line num="1382" count="5" type="stmt"/>
      <line num="1384" count="0" type="stmt"/>
      <line num="1387" count="5" type="stmt"/>
      <line num="1389" count="0" type="stmt"/>
      <line num="1392" count="5" type="stmt"/>
      <line num="1394" count="0" type="stmt"/>
      <line num="1397" count="5" type="stmt"/>
      <line num="1399" count="1" type="stmt"/>
      <line num="1402" count="5" type="stmt"/>
      <line num="1404" count="1" type="stmt"/>
      <line num="1407" count="5" type="stmt"/>
      <line num="1409" count="0" type="stmt"/>
      <line num="1414" count="5" type="stmt"/>
      <line num="1416" count="0" type="stmt"/>
      <line num="1419" count="5" type="stmt"/>
      <line num="1421" count="0" type="stmt"/>
      <line num="1424" count="5" type="stmt"/>
      <line num="1426" count="0" type="stmt"/>
      <line num="1429" count="5" type="stmt"/>
      <line num="1431" count="0" type="stmt"/>
      <line num="1434" count="5" type="stmt"/>
      <line num="1436" count="0" type="stmt"/>
      <line num="1439" count="5" type="stmt"/>
      <line num="1441" count="0" type="stmt"/>
      <line num="1444" count="5" type="stmt"/>
      <line num="1446" count="0" type="stmt"/>
      <line num="1449" count="5" type="stmt"/>
      <line num="1451" count="0" type="stmt"/>
      <line num="1454" count="5" type="stmt"/>
      <line num="1456" count="0" type="stmt"/>
      <line num="1459" count="5" type="stmt"/>
      <line num="1461" count="0" type="stmt"/>
      <line num="1464" count="5" type="stmt"/>
      <line num="1466" count="0" type="stmt"/>
      <line num="1469" count="5" type="stmt"/>
      <line num="1471" count="0" type="stmt"/>
      <line num="1474" count="5" type="stmt"/>
      <line num="1476" count="0" type="stmt"/>
      <line num="1479" count="5" type="stmt"/>
      <line num="1481" count="0" type="stmt"/>
      <line num="1484" count="5" type="stmt"/>
      <line num="1486" count="0" type="stmt"/>
      <line num="1490" count="5" type="stmt"/>
    </file>
    <file name="AppTextContextMenu.tsx" path="/Users/ganeshjayaprakash/WorkSpace/Mine/npm_plugin/Text/react-native-apptext/src/AppTextContextMenu.tsx">
      <metrics statements="34" coveredstatements="0" conditionals="23" coveredconditionals="0" methods="9" coveredmethods="0"/>
      <line num="96" count="0" type="stmt"/>
      <line num="97" count="0" type="stmt"/>
      <line num="98" count="0" type="stmt"/>
      <line num="99" count="0" type="stmt"/>
      <line num="106" count="0" type="stmt"/>
      <line num="107" count="0" type="stmt"/>
      <line num="108" count="0" type="cond" truecount="0" falsecount="2"/>
      <line num="109" count="0" type="stmt"/>
      <line num="110" count="0" type="cond" truecount="0" falsecount="2"/>
      <line num="111" count="0" type="cond" truecount="0" falsecount="2"/>
      <line num="112" count="0" type="stmt"/>
      <line num="119" count="0" type="stmt"/>
      <line num="131" count="0" type="stmt"/>
      <line num="132" count="0" type="stmt"/>
      <line num="133" count="0" type="stmt"/>
      <line num="135" count="0" type="stmt"/>
      <line num="137" count="0" type="stmt"/>
      <line num="138" count="0" type="stmt"/>
      <line num="139" count="0" type="stmt"/>
      <line num="140" count="0" type="stmt"/>
      <line num="141" count="0" type="stmt"/>
      <line num="146" count="0" type="stmt"/>
      <line num="147" count="0" type="stmt"/>
      <line num="148" count="0" type="stmt"/>
      <line num="151" count="0" type="stmt"/>
      <line num="153" count="0" type="stmt"/>
      <line num="155" count="0" type="stmt"/>
      <line num="160" count="0" type="stmt"/>
      <line num="161" count="0" type="stmt"/>
      <line num="172" count="0" type="stmt"/>
      <line num="199" count="0" type="stmt"/>
      <line num="203" count="0" type="cond" truecount="0" falsecount="2"/>
      <line num="235" count="0" type="stmt"/>
      <line num="241" count="0" type="stmt"/>
    </file>
    <file name="AppTextDevTools.tsx" path="/Users/ganeshjayaprakash/WorkSpace/Mine/npm_plugin/Text/react-native-apptext/src/AppTextDevTools.tsx">
      <metrics statements="58" coveredstatements="0" conditionals="42" coveredconditionals="0" methods="18" coveredmethods="0"/>
      <line num="31" count="0" type="stmt"/>
      <line num="32" count="0" type="stmt"/>
      <line num="34" count="0" type="stmt"/>
      <line num="35" count="0" type="stmt"/>
      <line num="37" count="0" type="stmt"/>
      <line num="78" count="0" type="stmt"/>
      <line num="83" count="0" type="cond" truecount="0" falsecount="2"/>
      <line num="84" count="0" type="cond" truecount="0" falsecount="2"/>
      <line num="85" count="0" type="cond" truecount="0" falsecount="2"/>
      <line num="86" count="0" type="stmt"/>
      <line num="90" count="0" type="cond" truecount="0" falsecount="2"/>
      <line num="91" count="0" type="cond" truecount="0" falsecount="2"/>
      <line num="92" count="0" type="stmt"/>
      <line num="99" count="0" type="stmt"/>
      <line num="106" count="0" type="cond" truecount="0" falsecount="2"/>
      <line num="108" count="0" type="stmt"/>
      <line num="118" count="0" type="stmt"/>
      <line num="124" count="0" type="stmt"/>
      <line num="126" count="0" type="stmt"/>
      <line num="127" count="0" type="stmt"/>
      <line num="128" count="0" type="stmt"/>
      <line num="131" count="0" type="stmt"/>
      <line num="132" count="0" type="stmt"/>
      <line num="133" count="0" type="stmt"/>
      <line num="134" count="0" type="cond" truecount="0" falsecount="2"/>
      <line num="136" count="0" type="stmt"/>
      <line num="137" count="0" type="stmt"/>
      <line num="138" count="0" type="stmt"/>
      <line num="144" count="0" type="stmt"/>
      <line num="145" count="0" type="stmt"/>
      <line num="146" count="0" type="stmt"/>
      <line num="149" count="0" type="stmt"/>
      <line num="150" count="0" type="stmt"/>
      <line num="151" count="0" type="stmt"/>
      <line num="156" count="0" type="stmt"/>
      <line num="159" count="0" type="stmt"/>
      <line num="171" count="0" type="stmt"/>
      <line num="172" count="0" type="stmt"/>
      <line num="173" count="0" type="stmt"/>
      <line num="174" count="0" type="stmt"/>
      <line num="178" count="0" type="stmt"/>
      <line num="179" count="0" type="stmt"/>
      <line num="195" count="0" type="stmt"/>
      <line num="197" count="0" type="stmt"/>
      <line num="202" count="0" type="stmt"/>
      <line num="251" count="0" type="stmt"/>
      <line num="265" count="0" type="stmt"/>
      <line num="266" count="0" type="stmt"/>
      <line num="267" count="0" type="stmt"/>
      <line num="280" count="0" type="stmt"/>
      <line num="286" count="0" type="stmt"/>
      <line num="288" count="0" type="stmt"/>
      <line num="296" count="0" type="stmt"/>
      <line num="298" count="0" type="stmt"/>
      <line num="299" count="0" type="stmt"/>
      <line num="301" count="0" type="stmt"/>
      <line num="303" count="0" type="stmt"/>
      <line num="309" count="0" type="stmt"/>
    </file>
    <file name="AppTextSkeleton.tsx" path="/Users/ganeshjayaprakash/WorkSpace/Mine/npm_plugin/Text/react-native-apptext/src/AppTextSkeleton.tsx">
      <metrics statements="18" coveredstatements="0" conditionals="17" coveredconditionals="0" methods="5" coveredmethods="0"/>
      <line num="29" count="0" type="stmt"/>
      <line num="92" count="0" type="stmt"/>
      <line num="94" count="0" type="stmt"/>
      <line num="99" count="0" type="stmt"/>
      <line num="111" count="0" type="stmt"/>
      <line num="117" count="0" type="stmt"/>
      <line num="130" count="0" type="stmt"/>
      <line num="131" count="0" type="cond" truecount="0" falsecount="2"/>
      <line num="133" count="0" type="stmt"/>
      <line num="135" count="0" type="stmt"/>
      <line num="136" count="0" type="stmt"/>
      <line num="143" count="0" type="stmt"/>
      <line num="144" count="0" type="stmt"/>
      <line num="147" count="0" type="stmt"/>
      <line num="150" count="0" type="cond" truecount="0" falsecount="2"/>
      <line num="151" count="0" type="stmt"/>
      <line num="172" count="0" type="stmt"/>
      <line num="178" count="0" type="stmt"/>
    </file>
    <file name="ErrorBoundary.tsx" path="/Users/ganeshjayaprakash/WorkSpace/Mine/npm_plugin/Text/react-native-apptext/src/ErrorBoundary.tsx">
      <metrics statements="8" coveredstatements="0" conditionals="4" coveredconditionals="0" methods="4" coveredmethods="0"/>
      <line num="17" count="0" type="stmt"/>
      <line num="18" count="0" type="stmt"/>
      <line num="22" count="0" type="stmt"/>
      <line num="26" count="0" type="stmt"/>
      <line num="27" count="0" type="stmt"/>
      <line num="31" count="0" type="cond" truecount="0" falsecount="2"/>
      <line num="32" count="0" type="stmt"/>
      <line num="41" count="0" type="stmt"/>
    </file>
    <file name="LangCore.tsx" path="/Users/ganeshjayaprakash/WorkSpace/Mine/npm_plugin/Text/react-native-apptext/src/LangCore.tsx">
      <metrics statements="361" coveredstatements="178" conditionals="393" coveredconditionals="104" methods="92" coveredmethods="35"/>
      <line num="31" count="7" type="stmt"/>
      <line num="33" count="1750" type="cond" truecount="2" falsecount="0"/>
      <line num="34" count="1750" type="stmt"/>
      <line num="38" count="1750" type="stmt"/>
      <line num="45" count="7" type="stmt"/>
      <line num="48" count="7" type="stmt"/>
      <line num="51" count="7" type="stmt"/>
      <line num="53" count="7" type="stmt"/>
      <line num="60" count="12" type="stmt"/>
      <line num="63" count="12" type="stmt"/>
      <line num="64" count="6" type="cond" truecount="1" falsecount="1"/>
      <line num="65" count="6" type="stmt"/>
      <line num="69" count="12" type="stmt"/>
      <line num="72" count="0" type="cond" truecount="0" falsecount="2"/>
      <line num="73" count="0" type="stmt"/>
      <line num="78" count="12" type="stmt"/>
      <line num="79" count="3" type="stmt"/>
      <line num="80" count="3" type="stmt"/>
      <line num="84" count="12" type="stmt"/>
      <line num="85" count="5" type="stmt"/>
      <line num="88" count="12" type="stmt"/>
      <line num="97" count="6" type="stmt"/>
      <line num="98" count="6" type="stmt"/>
      <line num="101" count="6" type="stmt"/>
      <line num="102" count="6" type="cond" truecount="2" falsecount="0"/>
      <line num="103" count="2" type="stmt"/>
      <line num="107" count="4" type="cond" truecount="1" falsecount="2"/>
      <line num="108" count="4" type="stmt"/>
      <line num="117" count="0" type="stmt"/>
      <line num="118" count="0" type="stmt"/>
      <line num="120" count="0" type="cond" truecount="0" falsecount="3"/>
      <line num="121" count="0" type="stmt"/>
      <line num="129" count="3" type="stmt"/>
      <line num="130" count="3" type="cond" truecount="1" falsecount="1"/>
      <line num="131" count="3" type="cond" truecount="1" falsecount="2"/>
      <line num="140" count="5" type="stmt"/>
      <line num="141" count="5" type="stmt"/>
      <line num="142" count="5" type="stmt"/>
      <line num="143" count="5" type="stmt"/>
      <line num="145" count="5" type="stmt"/>
      <line num="147" count="5" type="cond" truecount="4" falsecount="0"/>
      <line num="150" count="4" type="cond" truecount="1" falsecount="1"/>
      <line num="151" count="0" type="stmt"/>
      <line num="152" count="4" type="cond" truecount="1" falsecount="1"/>
      <line num="153" count="0" type="stmt"/>
      <line num="156" count="4" type="stmt"/>
      <line num="160" count="9" type="stmt"/>
      <line num="161" count="9" type="stmt"/>
      <line num="164" count="9" type="stmt"/>
      <line num="165" count="24" type="stmt"/>
      <line num="166" count="24" type="stmt"/>
      <line num="167" count="24" type="stmt"/>
      <line num="170" count="9" type="stmt"/>
      <line num="178" count="6" type="stmt"/>
      <line num="179" count="0" type="cond" truecount="0" falsecount="2"/>
      <line num="189" count="1" type="cond" truecount="3" falsecount="1"/>
      <line num="190" count="0" type="stmt"/>
      <line num="193" count="1" type="stmt"/>
      <line num="194" count="1" type="cond" truecount="3" falsecount="1"/>
      <line num="195" count="0" type="stmt"/>
      <line num="198" count="1" type="stmt"/>
      <line num="200" count="1" type="cond" truecount="1" falsecount="1"/>
      <line num="217" count="1" type="stmt"/>
      <line num="218" count="1" type="stmt"/>
      <line num="220" count="1" type="cond" truecount="1" falsecount="1"/>
      <line num="221" count="1" type="stmt"/>
      <line num="222" count="1" type="stmt"/>
      <line num="225" count="1" type="stmt"/>
      <line num="228" count="1" type="cond" truecount="1" falsecount="1"/>
      <line num="232" count="0" type="stmt"/>
      <line num="235" count="1" type="stmt"/>
      <line num="238" count="0" type="stmt"/>
      <line num="239" count="0" type="stmt"/>
      <line num="248" count="0" type="stmt"/>
      <line num="249" count="0" type="stmt"/>
      <line num="250" count="0" type="cond" truecount="0" falsecount="2"/>
      <line num="251" count="0" type="stmt"/>
      <line num="252" count="0" type="stmt"/>
      <line num="254" count="0" type="stmt"/>
      <line num="256" count="0" type="stmt"/>
      <line num="266" count="0" type="stmt"/>
      <line num="267" count="0" type="cond" truecount="0" falsecount="2"/>
      <line num="269" count="0" type="stmt"/>
      <line num="270" count="0" type="cond" truecount="0" falsecount="2"/>
      <line num="271" count="0" type="stmt"/>
      <line num="272" count="0" type="cond" truecount="0" falsecount="2"/>
      <line num="273" count="0" type="stmt"/>
      <line num="280" count="0" type="stmt"/>
      <line num="282" count="0" type="stmt"/>
      <line num="287" count="2" type="stmt"/>
      <line num="289" count="2" type="cond" truecount="3" falsecount="1"/>
      <line num="290" count="0" type="stmt"/>
      <line num="294" count="2" type="stmt"/>
      <line num="295" count="2" type="stmt"/>
      <line num="298" count="2" type="cond" truecount="2" falsecount="0"/>
      <line num="299" count="2" type="cond" truecount="1" falsecount="1"/>
      <line num="300" count="0" type="stmt"/>
      <line num="303" count="2" type="stmt"/>
      <line num="306" count="2" type="cond" truecount="1" falsecount="1"/>
      <line num="307" count="0" type="stmt"/>
      <line num="310" count="0" type="cond" truecount="0" falsecount="2"/>
      <line num="318" count="0" type="stmt"/>
      <line num="319" count="0" type="cond" truecount="0" falsecount="2"/>
      <line num="320" count="0" type="stmt"/>
      <line num="321" count="0" type="stmt"/>
      <line num="322" count="0" type="stmt"/>
      <line num="327" count="2" type="cond" truecount="1" falsecount="1"/>
      <line num="328" count="2" type="stmt"/>
      <line num="329" count="2" type="stmt"/>
      <line num="330" count="2" type="cond" truecount="1" falsecount="1"/>
      <line num="331" count="2" type="stmt"/>
      <line num="332" count="2" type="stmt"/>
      <line num="333" count="2" type="stmt"/>
      <line num="337" count="0" type="stmt"/>
      <line num="338" count="0" type="stmt"/>
      <line num="343" count="0" type="stmt"/>
      <line num="419" count="0" type="cond" truecount="0" falsecount="2"/>
      <line num="423" count="7" type="stmt"/>
      <line num="424" count="7" type="stmt"/>
      <line num="427" count="0" type="stmt"/>
      <line num="428" count="0" type="stmt"/>
      <line num="432" count="0" type="stmt"/>
      <line num="440" count="7" type="stmt"/>
      <line num="442" count="0" type="cond" truecount="0" falsecount="2"/>
      <line num="443" count="0" type="cond" truecount="0" falsecount="2"/>
      <line num="444" count="0" type="cond" truecount="0" falsecount="2"/>
      <line num="445" count="0" type="cond" truecount="0" falsecount="2"/>
      <line num="446" count="0" type="cond" truecount="0" falsecount="2"/>
      <line num="447" count="0" type="cond" truecount="0" falsecount="2"/>
      <line num="449" count="0" type="cond" truecount="0" falsecount="4"/>
      <line num="450" count="0" type="cond" truecount="0" falsecount="2"/>
      <line num="451" count="0" type="cond" truecount="0" falsecount="2"/>
      <line num="452" count="0" type="cond" truecount="0" falsecount="4"/>
      <line num="454" count="0" type="cond" truecount="0" falsecount="2"/>
      <line num="455" count="0" type="cond" truecount="0" falsecount="5"/>
      <line num="456" count="0" type="stmt"/>
      <line num="460" count="0" type="stmt"/>
      <line num="461" count="0" type="stmt"/>
      <line num="462" count="0" type="cond" truecount="0" falsecount="4"/>
      <line num="463" count="0" type="cond" truecount="0" falsecount="6"/>
      <line num="464" count="0" type="stmt"/>
      <line num="467" count="0" type="stmt"/>
      <line num="468" count="0" type="stmt"/>
      <line num="469" count="0" type="cond" truecount="0" falsecount="4"/>
      <line num="470" count="0" type="cond" truecount="0" falsecount="6"/>
      <line num="471" count="0" type="stmt"/>
      <line num="474" count="0" type="stmt"/>
      <line num="475" count="0" type="stmt"/>
      <line num="476" count="0" type="cond" truecount="0" falsecount="2"/>
      <line num="477" count="0" type="cond" truecount="0" falsecount="6"/>
      <line num="478" count="0" type="stmt"/>
      <line num="481" count="0" type="cond" truecount="0" falsecount="2"/>
      <line num="482" count="0" type="cond" truecount="0" falsecount="4"/>
      <line num="483" count="0" type="stmt"/>
      <line num="487" count="0" type="cond" truecount="0" falsecount="2"/>
      <line num="488" count="0" type="cond" truecount="0" falsecount="2"/>
      <line num="489" count="0" type="cond" truecount="0" falsecount="2"/>
      <line num="490" count="0" type="cond" truecount="0" falsecount="4"/>
      <line num="491" count="0" type="cond" truecount="0" falsecount="2"/>
      <line num="492" count="0" type="stmt"/>
      <line num="495" count="0" type="cond" truecount="0" falsecount="2"/>
      <line num="496" count="0" type="cond" truecount="0" falsecount="2"/>
      <line num="497" count="0" type="cond" truecount="0" falsecount="4"/>
      <line num="498" count="0" type="stmt"/>
      <line num="501" count="0" type="stmt"/>
      <line num="502" count="0" type="stmt"/>
      <line num="503" count="0" type="stmt"/>
      <line num="505" count="0" type="cond" truecount="0" falsecount="4"/>
      <line num="506" count="0" type="cond" truecount="0" falsecount="4"/>
      <line num="507" count="0" type="stmt"/>
      <line num="508" count="0" type="stmt"/>
      <line num="509" count="0" type="stmt"/>
      <line num="510" count="0" type="stmt"/>
      <line num="512" count="0" type="cond" truecount="0" falsecount="2"/>
      <line num="514" count="0" type="cond" truecount="0" falsecount="2"/>
      <line num="515" count="0" type="cond" truecount="0" falsecount="2"/>
      <line num="517" count="0" type="cond" truecount="0" falsecount="2"/>
      <line num="519" count="0" type="stmt"/>
      <line num="520" count="0" type="cond" truecount="0" falsecount="2"/>
      <line num="523" count="0" type="cond" truecount="0" falsecount="2"/>
      <line num="524" count="0" type="cond" truecount="0" falsecount="2"/>
      <line num="525" count="0" type="cond" truecount="0" falsecount="2"/>
      <line num="526" count="0" type="cond" truecount="0" falsecount="2"/>
      <line num="527" count="0" type="cond" truecount="0" falsecount="2"/>
      <line num="528" count="0" type="stmt"/>
      <line num="531" count="0" type="cond" truecount="0" falsecount="2"/>
      <line num="532" count="0" type="cond" truecount="0" falsecount="2"/>
      <line num="533" count="0" type="cond" truecount="0" falsecount="4"/>
      <line num="534" count="0" type="cond" truecount="0" falsecount="4"/>
      <line num="535" count="0" type="stmt"/>
      <line num="539" count="0" type="stmt"/>
      <line num="540" count="0" type="stmt"/>
      <line num="541" count="0" type="cond" truecount="0" falsecount="4"/>
      <line num="542" count="0" type="cond" truecount="0" falsecount="6"/>
      <line num="543" count="0" type="stmt"/>
      <line num="546" count="0" type="cond" truecount="0" falsecount="4"/>
      <line num="547" count="0" type="cond" truecount="0" falsecount="5"/>
      <line num="548" count="0" type="stmt"/>
      <line num="552" count="0" type="stmt"/>
      <line num="553" count="0" type="cond" truecount="0" falsecount="2"/>
      <line num="554" count="0" type="cond" truecount="0" falsecount="2"/>
      <line num="555" count="0" type="cond" truecount="0" falsecount="4"/>
      <line num="556" count="0" type="stmt"/>
      <line num="560" count="0" type="cond" truecount="0" falsecount="2"/>
      <line num="561" count="0" type="cond" truecount="0" falsecount="2"/>
      <line num="562" count="0" type="cond" truecount="0" falsecount="2"/>
      <line num="563" count="0" type="cond" truecount="0" falsecount="2"/>
      <line num="564" count="0" type="stmt"/>
      <line num="567" count="0" type="cond" truecount="0" falsecount="2"/>
      <line num="568" count="0" type="cond" truecount="0" falsecount="5"/>
      <line num="569" count="0" type="cond" truecount="0" falsecount="4"/>
      <line num="570" count="0" type="stmt"/>
      <line num="574" count="7" type="stmt"/>
      <line num="576" count="0" type="stmt"/>
      <line num="577" count="0" type="stmt"/>
      <line num="578" count="0" type="cond" truecount="0" falsecount="4"/>
      <line num="579" count="0" type="cond" truecount="0" falsecount="4"/>
      <line num="580" count="0" type="cond" truecount="0" falsecount="4"/>
      <line num="581" count="0" type="stmt"/>
      <line num="583" count="0" type="stmt"/>
      <line num="584" count="0" type="stmt"/>
      <line num="587" count="7" type="stmt"/>
      <line num="590" count="60" type="cond" truecount="4" falsecount="0"/>
      <line num="591" count="2" type="stmt"/>
      <line num="593" count="60" type="cond" truecount="1" falsecount="1"/>
      <line num="594" count="60" type="stmt"/>
      <line num="595" count="60" type="stmt"/>
      <line num="596" count="60" type="cond" truecount="2" falsecount="0"/>
      <line num="597" count="34" type="stmt"/>
      <line num="598" count="34" type="stmt"/>
      <line num="600" count="60" type="stmt"/>
      <line num="602" count="0" type="stmt"/>
      <line num="607" count="0" type="cond" truecount="0" falsecount="2"/>
      <line num="608" count="0" type="stmt"/>
      <line num="609" count="0" type="cond" truecount="0" falsecount="2"/>
      <line num="610" count="0" type="stmt"/>
      <line num="618" count="1" type="stmt"/>
      <line num="619" count="1" type="stmt"/>
      <line num="620" count="1" type="stmt"/>
      <line num="622" count="1" type="cond" truecount="3" falsecount="1"/>
      <line num="623" count="1" type="cond" truecount="1" falsecount="1"/>
      <line num="624" count="0" type="stmt"/>
      <line num="625" count="0" type="stmt"/>
      <line num="627" count="1" type="stmt"/>
      <line num="632" count="18" type="cond" truecount="3" falsecount="1"/>
      <line num="633" count="18" type="cond" truecount="3" falsecount="1"/>
      <line num="635" count="18" type="stmt"/>
      <line num="636" count="19" type="stmt"/>
      <line num="682" count="27" type="stmt"/>
      <line num="696" count="27" type="stmt"/>
      <line num="697" count="27" type="cond" truecount="1" falsecount="1"/>
      <line num="698" count="27" type="cond" truecount="1" falsecount="1"/>
      <line num="699" count="27" type="cond" truecount="1" falsecount="1"/>
      <line num="700" count="27" type="stmt"/>
      <line num="707" count="0" type="cond" truecount="0" falsecount="2"/>
      <line num="708" count="0" type="stmt"/>
      <line num="710" count="0" type="stmt"/>
      <line num="719" count="13" type="cond" truecount="2" falsecount="0"/>
      <line num="722" count="13" type="stmt"/>
      <line num="723" count="13" type="cond" truecount="2" falsecount="0"/>
      <line num="724" count="2" type="stmt"/>
      <line num="727" count="11" type="stmt"/>
      <line num="729" count="11" type="stmt"/>
      <line num="730" count="11" type="stmt"/>
      <line num="732" count="11" type="cond" truecount="2" falsecount="2"/>
      <line num="733" count="0" type="stmt"/>
      <line num="734" count="0" type="stmt"/>
      <line num="737" count="11" type="cond" truecount="2" falsecount="0"/>
      <line num="738" count="1" type="stmt"/>
      <line num="739" count="1" type="stmt"/>
      <line num="740" count="1" type="stmt"/>
      <line num="743" count="10" type="cond" truecount="2" falsecount="0"/>
      <line num="748" count="1" type="stmt"/>
      <line num="749" count="1" type="stmt"/>
      <line num="752" count="9" type="cond" truecount="1" falsecount="1"/>
      <line num="753" count="9" type="stmt"/>
      <line num="756" count="9" type="cond" truecount="1" falsecount="1"/>
      <line num="758" count="9" type="cond" truecount="3" falsecount="1"/>
      <line num="759" count="0" type="stmt"/>
      <line num="765" count="9" type="cond" truecount="1" falsecount="1"/>
      <line num="770" count="9" type="stmt"/>
      <line num="771" count="9" type="stmt"/>
      <line num="774" count="0" type="stmt"/>
      <line num="778" count="11" type="stmt"/>
      <line num="780" count="11" type="stmt"/>
      <line num="790" count="1" type="stmt"/>
      <line num="792" count="1" type="cond" truecount="1" falsecount="1"/>
      <line num="793" count="0" type="stmt"/>
      <line num="794" count="0" type="cond" truecount="0" falsecount="4"/>
      <line num="799" count="1" type="cond" truecount="1" falsecount="1"/>
      <line num="804" count="0" type="stmt"/>
      <line num="805" count="0" type="stmt"/>
      <line num="808" count="1" type="stmt"/>
      <line num="809" count="1" type="cond" truecount="2" falsecount="1"/>
      <line num="811" count="1" type="stmt"/>
      <line num="812" count="1" type="cond" truecount="3" falsecount="1"/>
      <line num="818" count="10" type="stmt"/>
      <line num="830" count="12" type="cond" truecount="2" falsecount="2"/>
      <line num="831" count="0" type="stmt"/>
      <line num="832" count="0" type="cond" truecount="0" falsecount="2"/>
      <line num="835" count="12" type="stmt"/>
      <line num="836" count="12" type="cond" truecount="1" falsecount="1"/>
      <line num="838" count="12" type="cond" truecount="3" falsecount="1"/>
      <line num="839" count="0" type="stmt"/>
      <line num="840" count="0" type="cond" truecount="0" falsecount="2"/>
      <line num="843" count="12" type="stmt"/>
      <line num="853" count="0" type="cond" truecount="0" falsecount="2"/>
      <line num="854" count="0" type="cond" truecount="0" falsecount="2"/>
      <line num="855" count="0" type="cond" truecount="0" falsecount="2"/>
      <line num="856" count="0" type="stmt"/>
      <line num="860" count="1" type="cond" truecount="1" falsecount="1"/>
      <line num="861" count="1" type="stmt"/>
      <line num="867" count="1" type="stmt"/>
      <line num="872" count="1" type="stmt"/>
      <line num="896" count="28" type="stmt"/>
      <line num="897" count="28" type="stmt"/>
      <line num="901" count="28" type="stmt"/>
      <line num="903" count="28" type="stmt"/>
      <line num="904" count="23" type="cond" truecount="2" falsecount="0"/>
      <line num="905" count="22" type="stmt"/>
      <line num="906" count="22" type="stmt"/>
      <line num="908" count="1" type="cond" truecount="1" falsecount="1"/>
      <line num="909" count="0" type="stmt"/>
      <line num="910" count="0" type="stmt"/>
      <line num="919" count="28" type="stmt"/>
      <line num="921" count="28" type="stmt"/>
      <line num="922" count="23" type="stmt"/>
      <line num="923" count="23" type="cond" truecount="2" falsecount="0"/>
      <line num="926" count="28" type="stmt"/>
      <line num="927" count="27" type="stmt"/>
      <line num="935" count="28" type="stmt"/>
      <line num="941" count="13" type="stmt"/>
      <line num="950" count="28" type="stmt"/>
      <line num="957" count="0" type="stmt"/>
      <line num="962" count="28" type="stmt"/>
      <line num="967" count="28" type="stmt"/>
      <line num="969" count="1" type="cond" truecount="1" falsecount="1"/>
      <line num="970" count="0" type="stmt"/>
      <line num="972" count="1" type="stmt"/>
      <line num="973" count="1" type="stmt"/>
      <line num="974" count="1" type="stmt"/>
      <line num="975" count="1" type="cond" truecount="1" falsecount="1"/>
      <line num="976" count="1" type="stmt"/>
      <line num="978" count="1" type="stmt"/>
      <line num="984" count="28" type="stmt"/>
      <line num="986" count="0" type="cond" truecount="0" falsecount="2"/>
      <line num="988" count="0" type="stmt"/>
      <line num="989" count="0" type="stmt"/>
      <line num="990" count="0" type="stmt"/>
      <line num="991" count="0" type="stmt"/>
      <line num="993" count="0" type="stmt"/>
      <line num="999" count="28" type="stmt"/>
      <line num="1000" count="28" type="stmt"/>
      <line num="1011" count="28" type="stmt"/>
      <line num="1021" count="18" type="stmt"/>
      <line num="1022" count="18" type="cond" truecount="1" falsecount="1"/>
      <line num="1023" count="0" type="stmt"/>
      <line num="1025" count="18" type="stmt"/>
      <line num="1029" count="0" type="stmt"/>
      <line num="1031" count="0" type="stmt"/>
      <line num="1032" count="0" type="stmt"/>
    </file>
    <file name="LazyTranslations.tsx" path="/Users/ganeshjayaprakash/WorkSpace/Mine/npm_plugin/Text/react-native-apptext/src/LazyTranslations.tsx">
      <metrics statements="93" coveredstatements="0" conditionals="30" coveredconditionals="0" methods="31" coveredmethods="0"/>
      <line num="27" count="0" type="stmt"/>
      <line num="72" count="0" type="stmt"/>
      <line num="73" count="0" type="stmt"/>
      <line num="74" count="0" type="stmt"/>
      <line num="75" count="0" type="stmt"/>
      <line num="78" count="0" type="stmt"/>
      <line num="82" count="0" type="stmt"/>
      <line num="84" count="0" type="stmt"/>
      <line num="87" count="0" type="cond" truecount="0" falsecount="2"/>
      <line num="88" count="0" type="stmt"/>
      <line num="92" count="0" type="cond" truecount="0" falsecount="2"/>
      <line num="93" count="0" type="stmt"/>
      <line num="96" count="0" type="stmt"/>
      <line num="97" count="0" type="cond" truecount="0" falsecount="2"/>
      <line num="98" count="0" type="stmt"/>
      <line num="99" count="0" type="stmt"/>
      <line num="102" count="0" type="stmt"/>
      <line num="103" count="0" type="stmt"/>
      <line num="104" count="0" type="stmt"/>
      <line num="106" count="0" type="stmt"/>
      <line num="107" count="0" type="stmt"/>
      <line num="109" count="0" type="stmt"/>
      <line num="110" count="0" type="stmt"/>
      <line num="112" count="0" type="stmt"/>
      <line num="117" count="0" type="stmt"/>
      <line num="118" count="0" type="stmt"/>
      <line num="119" count="0" type="stmt"/>
      <line num="121" count="0" type="stmt"/>
      <line num="122" count="0" type="stmt"/>
      <line num="123" count="0" type="stmt"/>
      <line num="125" count="0" type="stmt"/>
      <line num="126" count="0" type="stmt"/>
      <line num="130" count="0" type="stmt"/>
      <line num="131" count="0" type="stmt"/>
      <line num="136" count="0" type="stmt"/>
      <line num="138" count="0" type="stmt"/>
      <line num="139" count="0" type="stmt"/>
      <line num="145" count="0" type="stmt"/>
      <line num="146" count="0" type="stmt"/>
      <line num="150" count="0" type="stmt"/>
      <line num="151" count="0" type="stmt"/>
      <line num="152" count="0" type="stmt"/>
      <line num="156" count="0" type="stmt"/>
      <line num="166" count="0" type="stmt"/>
      <line num="177" count="0" type="stmt"/>
      <line num="179" count="0" type="cond" truecount="0" falsecount="2"/>
      <line num="180" count="0" type="stmt"/>
      <line num="183" count="0" type="stmt"/>
      <line num="207" count="0" type="cond" truecount="0" falsecount="1"/>
      <line num="209" count="0" type="stmt"/>
      <line num="210" count="0" type="stmt"/>
      <line num="211" count="0" type="stmt"/>
      <line num="213" count="0" type="stmt"/>
      <line num="214" count="0" type="stmt"/>
      <line num="215" count="0" type="stmt"/>
      <line num="216" count="0" type="stmt"/>
      <line num="218" count="0" type="stmt"/>
      <line num="219" count="0" type="stmt"/>
      <line num="221" count="0" type="cond" truecount="0" falsecount="2"/>
      <line num="224" count="0" type="stmt"/>
      <line num="225" count="0" type="stmt"/>
      <line num="228" count="0" type="cond" truecount="0" falsecount="2"/>
      <line num="229" count="0" type="stmt"/>
      <line num="232" count="0" type="stmt"/>
      <line num="235" count="0" type="cond" truecount="0" falsecount="3"/>
      <line num="236" count="0" type="stmt"/>
      <line num="243" count="0" type="stmt"/>
      <line num="244" count="0" type="stmt"/>
      <line num="252" count="0" type="cond" truecount="0" falsecount="2"/>
      <line num="253" count="0" type="stmt"/>
      <line num="254" count="0" type="stmt"/>
      <line num="258" count="0" type="cond" truecount="0" falsecount="2"/>
      <line num="259" count="0" type="stmt"/>
      <line num="263" count="0" type="stmt"/>
      <line num="264" count="0" type="cond" truecount="0" falsecount="2"/>
      <line num="265" count="0" type="stmt"/>
      <line num="268" count="0" type="stmt"/>
      <line num="270" count="0" type="stmt"/>
      <line num="271" count="0" type="stmt"/>
      <line num="274" count="0" type="stmt"/>
      <line num="275" count="0" type="stmt"/>
      <line num="278" count="0" type="stmt"/>
      <line num="279" count="0" type="stmt"/>
      <line num="283" count="0" type="stmt"/>
      <line num="287" count="0" type="stmt"/>
      <line num="306" count="0" type="stmt"/>
      <line num="308" count="0" type="stmt"/>
      <line num="309" count="0" type="stmt"/>
      <line num="311" count="0" type="cond" truecount="0" falsecount="2"/>
      <line num="314" count="0" type="stmt"/>
      <line num="315" count="0" type="cond" truecount="0" falsecount="2"/>
      <line num="316" count="0" type="cond" truecount="0" falsecount="2"/>
      <line num="319" count="0" type="stmt"/>
    </file>
    <file name="MarkdownTrans.tsx" path="/Users/ganeshjayaprakash/WorkSpace/Mine/npm_plugin/Text/react-native-apptext/src/MarkdownTrans.tsx">
      <metrics statements="84" coveredstatements="0" conditionals="53" coveredconditionals="0" methods="12" coveredmethods="0"/>
      <line num="71" count="0" type="stmt"/>
      <line num="95" count="0" type="cond" truecount="0" falsecount="4"/>
      <line num="96" count="0" type="cond" truecount="0" falsecount="2"/>
      <line num="100" count="0" type="cond" truecount="0" falsecount="2"/>
      <line num="101" count="0" type="stmt"/>
      <line num="102" count="0" type="cond" truecount="0" falsecount="2"/>
      <line num="103" count="0" type="stmt"/>
      <line num="104" count="0" type="stmt"/>
      <line num="105" count="0" type="stmt"/>
      <line num="114" count="0" type="cond" truecount="0" falsecount="2"/>
      <line num="115" count="0" type="stmt"/>
      <line num="116" count="0" type="cond" truecount="0" falsecount="2"/>
      <line num="117" count="0" type="stmt"/>
      <line num="118" count="0" type="stmt"/>
      <line num="119" count="0" type="stmt"/>
      <line num="128" count="0" type="stmt"/>
      <line num="129" count="0" type="stmt"/>
      <line num="131" count="0" type="stmt"/>
      <line num="132" count="0" type="stmt"/>
      <line num="133" count="0" type="cond" truecount="0" falsecount="2"/>
      <line num="134" count="0" type="stmt"/>
      <line num="135" count="0" type="cond" truecount="0" falsecount="4"/>
      <line num="136" count="0" type="stmt"/>
      <line num="137" count="0" type="cond" truecount="0" falsecount="2"/>
      <line num="138" count="0" type="stmt"/>
      <line num="139" count="0" type="stmt"/>
      <line num="144" count="0" type="cond" truecount="0" falsecount="2"/>
      <line num="145" count="0" type="stmt"/>
      <line num="148" count="0" type="stmt"/>
      <line num="149" count="0" type="stmt"/>
      <line num="150" count="0" type="stmt"/>
      <line num="151" count="0" type="stmt"/>
      <line num="152" count="0" type="stmt"/>
      <line num="154" count="0" type="stmt"/>
      <line num="155" count="0" type="cond" truecount="0" falsecount="2"/>
      <line num="157" count="0" type="cond" truecount="0" falsecount="2"/>
      <line num="158" count="0" type="stmt"/>
      <line num="160" count="0" type="cond" truecount="0" falsecount="2"/>
      <line num="163" count="0" type="stmt"/>
      <line num="166" count="0" type="cond" truecount="0" falsecount="2"/>
      <line num="167" count="0" type="stmt"/>
      <line num="183" count="0" type="stmt"/>
      <line num="185" count="0" type="stmt"/>
      <line num="186" count="0" type="stmt"/>
      <line num="187" count="0" type="stmt"/>
      <line num="190" count="0" type="cond" truecount="0" falsecount="9"/>
      <line num="192" count="0" type="stmt"/>
      <line num="195" count="0" type="stmt"/>
      <line num="202" count="0" type="stmt"/>
      <line num="209" count="0" type="stmt"/>
      <line num="216" count="0" type="stmt"/>
      <line num="223" count="0" type="stmt"/>
      <line num="230" count="0" type="stmt"/>
      <line num="234" count="0" type="stmt"/>
      <line num="241" count="0" type="stmt"/>
      <line num="242" count="0" type="cond" truecount="0" falsecount="4"/>
      <line num="243" count="0" type="stmt"/>
      <line num="245" count="0" type="stmt"/>
      <line num="249" count="0" type="stmt"/>
      <line num="257" count="0" type="stmt"/>
      <line num="274" count="0" type="stmt"/>
      <line num="298" count="0" type="stmt"/>
      <line num="309" count="0" type="stmt"/>
      <line num="311" count="0" type="stmt"/>
      <line num="312" count="0" type="stmt"/>
      <line num="313" count="0" type="cond" truecount="0" falsecount="2"/>
      <line num="314" count="0" type="stmt"/>
      <line num="316" count="0" type="stmt"/>
      <line num="321" count="0" type="stmt"/>
      <line num="322" count="0" type="stmt"/>
      <line num="326" count="0" type="stmt"/>
      <line num="327" count="0" type="stmt"/>
      <line num="331" count="0" type="stmt"/>
      <line num="333" count="0" type="stmt"/>
      <line num="334" count="0" type="stmt"/>
      <line num="339" count="0" type="stmt"/>
      <line num="343" count="0" type="stmt"/>
      <line num="362" count="0" type="stmt"/>
      <line num="364" count="0" type="stmt"/>
      <line num="365" count="0" type="stmt"/>
      <line num="367" count="0" type="cond" truecount="0" falsecount="2"/>
      <line num="371" count="0" type="stmt"/>
      <line num="373" count="0" type="stmt"/>
      <line num="374" count="0" type="stmt"/>
    </file>
    <file name="NumberFormatter.tsx" path="/Users/ganeshjayaprakash/WorkSpace/Mine/npm_plugin/Text/react-native-apptext/src/NumberFormatter.tsx">
      <metrics statements="114" coveredstatements="37" conditionals="94" coveredconditionals="30" methods="20" coveredmethods="12"/>
      <line num="24" count="1" type="stmt"/>
      <line num="25" count="1" type="stmt"/>
      <line num="36" count="172" type="cond" truecount="4" falsecount="0"/>
      <line num="37" count="3" type="stmt"/>
      <line num="40" count="169" type="stmt"/>
      <line num="41" count="169" type="cond" truecount="4" falsecount="0"/>
      <line num="42" count="2" type="stmt"/>
      <line num="46" count="167" type="stmt"/>
      <line num="49" count="167" type="stmt"/>
      <line num="50" count="167" type="cond" truecount="2" falsecount="0"/>
      <line num="51" count="19" type="stmt"/>
      <line num="54" count="19" type="cond" truecount="1" falsecount="1"/>
      <line num="55" count="0" type="stmt"/>
      <line num="58" count="19" type="stmt"/>
      <line num="61" count="167" type="stmt"/>
      <line num="63" count="0" type="stmt"/>
      <line num="64" count="0" type="stmt"/>
      <line num="75" count="20" type="stmt"/>
      <line num="78" count="20" type="cond" truecount="3" falsecount="1"/>
      <line num="79" count="0" type="stmt"/>
      <line num="82" count="20" type="stmt"/>
      <line num="92" count="167" type="stmt"/>
      <line num="94" count="171" type="stmt"/>
      <line num="97" count="167" type="stmt"/>
      <line num="104" count="0" type="stmt"/>
      <line num="105" count="0" type="cond" truecount="0" falsecount="2"/>
      <line num="106" count="0" type="stmt"/>
      <line num="118" count="2" type="cond" truecount="2" falsecount="0"/>
      <line num="120" count="1" type="cond" truecount="1" falsecount="1"/>
      <line num="127" count="1" type="cond" truecount="2" falsecount="0"/>
      <line num="128" count="1" type="cond" truecount="1" falsecount="1"/>
      <line num="129" count="0" type="cond" truecount="0" falsecount="2"/>
      <line num="130" count="1" type="cond" truecount="1" falsecount="1"/>
      <line num="131" count="0" type="stmt"/>
      <line num="133" count="1" type="stmt"/>
      <line num="141" count="0" type="stmt"/>
      <line num="142" count="0" type="cond" truecount="0" falsecount="2"/>
      <line num="144" count="0" type="cond" truecount="0" falsecount="2"/>
      <line num="145" count="0" type="stmt"/>
      <line num="146" count="0" type="cond" truecount="0" falsecount="2"/>
      <line num="147" count="0" type="stmt"/>
      <line num="148" count="0" type="cond" truecount="0" falsecount="2"/>
      <line num="149" count="0" type="stmt"/>
      <line num="151" count="0" type="stmt"/>
      <line num="164" count="4" type="stmt"/>
      <line num="180" count="2" type="stmt"/>
      <line num="196" count="2" type="stmt"/>
      <line num="212" count="0" type="stmt"/>
      <line num="228" count="2" type="stmt"/>
      <line num="243" count="1" type="stmt"/>
      <line num="244" count="1" type="stmt"/>
      <line num="246" count="1" type="cond" truecount="1" falsecount="1"/>
      <line num="247" count="1" type="stmt"/>
      <line num="251" count="0" type="stmt"/>
      <line num="257" count="0" type="stmt"/>
      <line num="269" count="22" type="stmt"/>
      <line num="276" count="3" type="stmt"/>
      <line num="291" count="0" type="stmt"/>
      <line num="293" count="0" type="cond" truecount="0" falsecount="4"/>
      <line num="294" count="0" type="stmt"/>
      <line num="297" count="0" type="stmt"/>
      <line num="299" count="0" type="cond" truecount="0" falsecount="2"/>
      <line num="300" count="0" type="stmt"/>
      <line num="303" count="0" type="stmt"/>
      <line num="304" count="0" type="stmt"/>
      <line num="306" count="0" type="cond" truecount="0" falsecount="6"/>
      <line num="308" count="0" type="cond" truecount="0" falsecount="2"/>
      <line num="309" count="0" type="stmt"/>
      <line num="312" count="0" type="stmt"/>
      <line num="315" count="0" type="stmt"/>
      <line num="318" count="0" type="cond" truecount="0" falsecount="2"/>
      <line num="319" count="0" type="stmt"/>
      <line num="322" count="0" type="stmt"/>
      <line num="326" count="0" type="stmt"/>
      <line num="327" count="0" type="cond" truecount="0" falsecount="2"/>
      <line num="328" count="0" type="stmt"/>
      <line num="334" count="0" type="stmt"/>
      <line num="337" count="0" type="stmt"/>
      <line num="338" count="0" type="stmt"/>
      <line num="346" count="1" type="stmt"/>
      <line num="349" count="0" type="stmt"/>
      <line num="351" count="0" type="stmt"/>
      <line num="353" count="0" type="cond" truecount="0" falsecount="4"/>
      <line num="354" count="0" type="stmt"/>
      <line num="357" count="0" type="stmt"/>
      <line num="358" count="0" type="cond" truecount="0" falsecount="2"/>
      <line num="359" count="0" type="stmt"/>
      <line num="360" count="0" type="stmt"/>
      <line num="363" count="0" type="stmt"/>
      <line num="364" count="0" type="stmt"/>
      <line num="366" count="0" type="stmt"/>
      <line num="368" count="0" type="stmt"/>
      <line num="369" count="0" type="stmt"/>
      <line num="374" count="0" type="stmt"/>
      <line num="376" count="0" type="cond" truecount="0" falsecount="2"/>
      <line num="377" count="0" type="stmt"/>
      <line num="383" count="0" type="cond" truecount="0" falsecount="2"/>
      <line num="387" count="0" type="cond" truecount="0" falsecount="2"/>
      <line num="388" count="0" type="cond" truecount="0" falsecount="2"/>
      <line num="392" count="0" type="stmt"/>
      <line num="396" count="0" type="stmt"/>
      <line num="397" count="0" type="stmt"/>
      <line num="399" count="0" type="cond" truecount="0" falsecount="2"/>
      <line num="400" count="0" type="stmt"/>
      <line num="401" count="0" type="stmt"/>
      <line num="403" count="0" type="cond" truecount="0" falsecount="4"/>
      <line num="404" count="0" type="stmt"/>
      <line num="407" count="0" type="cond" truecount="0" falsecount="4"/>
      <line num="409" count="0" type="stmt"/>
      <line num="411" count="0" type="stmt"/>
      <line num="413" count="0" type="stmt"/>
      <line num="415" count="0" type="stmt"/>
      <line num="420" count="0" type="stmt"/>
      <line num="424" count="0" type="stmt"/>
    </file>
    <file name="PerformanceOptimizations.tsx" path="/Users/ganeshjayaprakash/WorkSpace/Mine/npm_plugin/Text/react-native-apptext/src/PerformanceOptimizations.tsx">
      <metrics statements="162" coveredstatements="55" conditionals="56" coveredconditionals="14" methods="53" coveredmethods="15"/>
      <line num="16" count="22" type="stmt"/>
      <line num="18" count="22" type="stmt"/>
      <line num="19" count="22" type="stmt"/>
      <line num="22" count="22" type="stmt"/>
      <line num="26" count="35" type="cond" truecount="2" falsecount="0"/>
      <line num="27" count="16" type="stmt"/>
      <line num="28" count="16" type="stmt"/>
      <line num="31" count="19" type="stmt"/>
      <line num="33" count="19" type="stmt"/>
      <line num="34" count="19" type="stmt"/>
      <line num="35" count="19" type="stmt"/>
      <line num="37" count="19" type="stmt"/>
      <line num="42" count="37" type="cond" truecount="1" falsecount="1"/>
      <line num="43" count="0" type="stmt"/>
      <line num="47" count="37" type="stmt"/>
      <line num="50" count="37" type="cond" truecount="2" falsecount="0"/>
      <line num="51" count="2" type="stmt"/>
      <line num="56" count="11" type="stmt"/>
      <line num="60" count="3" type="stmt"/>
      <line num="61" count="3" type="stmt"/>
      <line num="62" count="3" type="stmt"/>
      <line num="66" count="5" type="stmt"/>
      <line num="70" count="2" type="stmt"/>
      <line num="71" count="2" type="cond" truecount="1" falsecount="1"/>
      <line num="72" count="2" type="stmt"/>
      <line num="77" count="1" type="stmt"/>
      <line num="78" count="1" type="stmt"/>
      <line num="93" count="14" type="stmt"/>
      <line num="94" count="14" type="stmt"/>
      <line num="97" count="14" type="stmt"/>
      <line num="105" count="31" type="stmt"/>
      <line num="106" count="31" type="stmt"/>
      <line num="108" count="31" type="cond" truecount="2" falsecount="0"/>
      <line num="109" count="16" type="stmt"/>
      <line num="111" count="15" type="stmt"/>
      <line num="114" count="31" type="stmt"/>
      <line num="123" count="19" type="stmt"/>
      <line num="124" count="19" type="stmt"/>
      <line num="132" count="50" type="cond" truecount="2" falsecount="0"/>
      <line num="133" count="50" type="stmt"/>
      <line num="137" count="2" type="stmt"/>
      <line num="138" count="2" type="stmt"/>
      <line num="139" count="2" type="stmt"/>
      <line num="143" count="2" type="stmt"/>
      <line num="144" count="2" type="stmt"/>
      <line num="161" count="0" type="stmt"/>
      <line num="163" count="0" type="stmt"/>
      <line num="164" count="0" type="stmt"/>
      <line num="165" count="0" type="stmt"/>
      <line num="166" count="0" type="stmt"/>
      <line num="169" count="0" type="cond" truecount="0" falsecount="2"/>
      <line num="170" count="0" type="stmt"/>
      <line num="172" count="0" type="stmt"/>
      <line num="185" count="0" type="stmt"/>
      <line num="186" count="0" type="cond" truecount="0" falsecount="2"/>
      <line num="187" count="0" type="stmt"/>
      <line num="188" count="0" type="stmt"/>
      <line num="189" count="0" type="stmt"/>
      <line num="201" count="0" type="stmt"/>
      <line num="203" count="0" type="stmt"/>
      <line num="204" count="0" type="stmt"/>
      <line num="206" count="0" type="cond" truecount="0" falsecount="2"/>
      <line num="207" count="0" type="stmt"/>
      <line num="210" count="0" type="stmt"/>
      <line num="211" count="0" type="stmt"/>
      <line num="212" count="0" type="stmt"/>
      <line num="224" count="0" type="stmt"/>
      <line num="225" count="0" type="stmt"/>
      <line num="226" count="0" type="stmt"/>
      <line num="227" count="0" type="stmt"/>
      <line num="236" count="0" type="stmt"/>
      <line num="237" count="0" type="stmt"/>
      <line num="239" count="0" type="cond" truecount="0" falsecount="2"/>
      <line num="240" count="0" type="stmt"/>
      <line num="241" count="0" type="cond" truecount="0" falsecount="2"/>
      <line num="242" count="0" type="stmt"/>
      <line num="248" count="0" type="cond" truecount="0" falsecount="2"/>
      <line num="249" count="0" type="stmt"/>
      <line num="250" count="0" type="stmt"/>
      <line num="253" count="0" type="cond" truecount="0" falsecount="2"/>
      <line num="254" count="0" type="stmt"/>
      <line num="257" count="0" type="stmt"/>
      <line num="259" count="0" type="stmt"/>
      <line num="260" count="0" type="stmt"/>
      <line num="261" count="0" type="stmt"/>
      <line num="264" count="0" type="stmt"/>
      <line num="265" count="0" type="stmt"/>
      <line num="268" count="0" type="stmt"/>
      <line num="269" count="0" type="stmt"/>
      <line num="270" count="0" type="stmt"/>
      <line num="280" count="8" type="stmt"/>
      <line num="281" count="8" type="stmt"/>
      <line num="284" count="0" type="stmt"/>
      <line num="288" count="0" type="stmt"/>
      <line num="289" count="0" type="stmt"/>
      <line num="293" count="0" type="cond" truecount="0" falsecount="2"/>
      <line num="294" count="0" type="stmt"/>
      <line num="296" count="0" type="stmt"/>
      <line num="300" count="0" type="stmt"/>
      <line num="301" count="0" type="cond" truecount="0" falsecount="2"/>
      <line num="302" count="0" type="stmt"/>
      <line num="303" count="0" type="stmt"/>
      <line num="309" count="0" type="stmt"/>
      <line num="310" count="0" type="stmt"/>
      <line num="313" count="0" type="stmt"/>
      <line num="314" count="0" type="stmt"/>
      <line num="316" count="0" type="stmt"/>
      <line num="320" count="0" type="stmt"/>
      <line num="336" count="0" type="stmt"/>
      <line num="340" count="0" type="stmt"/>
      <line num="344" count="0" type="cond" truecount="0" falsecount="2"/>
      <line num="348" count="0" type="stmt"/>
      <line num="356" count="0" type="stmt"/>
      <line num="357" count="0" type="stmt"/>
      <line num="358" count="0" type="stmt"/>
      <line num="359" count="0" type="stmt"/>
      <line num="362" count="0" type="stmt"/>
      <line num="363" count="0" type="stmt"/>
      <line num="365" count="0" type="cond" truecount="0" falsecount="2"/>
      <line num="366" count="0" type="stmt"/>
      <line num="367" count="0" type="stmt"/>
      <line num="368" count="0" type="stmt"/>
      <line num="371" count="0" type="stmt"/>
      <line num="375" count="0" type="stmt"/>
      <line num="376" count="0" type="stmt"/>
      <line num="377" count="0" type="stmt"/>
      <line num="378" count="0" type="stmt"/>
      <line num="380" count="0" type="cond" truecount="0" falsecount="2"/>
      <line num="381" count="0" type="stmt"/>
      <line num="382" count="0" type="stmt"/>
      <line num="386" count="0" type="cond" truecount="0" falsecount="2"/>
      <line num="387" count="0" type="stmt"/>
      <line num="390" count="0" type="stmt"/>
      <line num="394" count="0" type="stmt"/>
      <line num="402" count="8" type="stmt"/>
      <line num="405" count="11" type="stmt"/>
      <line num="406" count="11" type="stmt"/>
      <line num="407" count="11" type="stmt"/>
      <line num="409" count="11" type="cond" truecount="2" falsecount="0"/>
      <line num="410" count="9" type="stmt"/>
      <line num="412" count="11" type="stmt"/>
      <line num="416" count="0" type="stmt"/>
      <line num="417" count="0" type="stmt"/>
      <line num="418" count="0" type="stmt"/>
      <line num="420" count="0" type="cond" truecount="0" falsecount="2"/>
      <line num="421" count="0" type="stmt"/>
      <line num="423" count="0" type="stmt"/>
      <line num="427" count="0" type="cond" truecount="0" falsecount="2"/>
      <line num="428" count="0" type="cond" truecount="0" falsecount="2"/>
      <line num="429" count="0" type="stmt"/>
      <line num="432" count="0" type="stmt"/>
      <line num="433" count="0" type="stmt"/>
      <line num="435" count="0" type="stmt"/>
      <line num="447" count="0" type="stmt"/>
      <line num="448" count="0" type="stmt"/>
      <line num="449" count="0" type="stmt"/>
      <line num="451" count="0" type="stmt"/>
      <line num="455" count="0" type="cond" truecount="0" falsecount="2"/>
      <line num="456" count="0" type="stmt"/>
      <line num="458" count="0" type="stmt"/>
      <line num="464" count="8" type="stmt"/>
      <line num="465" count="8" type="stmt"/>
    </file>
    <file name="PluginRegistry.ts" path="/Users/ganeshjayaprakash/WorkSpace/Mine/npm_plugin/Text/react-native-apptext/src/PluginRegistry.ts">
      <metrics statements="59" coveredstatements="10" conditionals="27" coveredconditionals="1" methods="15" coveredmethods="2"/>
      <line num="115" count="5" type="stmt"/>
      <line num="116" count="5" type="stmt"/>
      <line num="117" count="5" type="stmt"/>
      <line num="123" count="0" type="cond" truecount="0" falsecount="4"/>
      <line num="124" count="0" type="cond" truecount="0" falsecount="2"/>
      <line num="125" count="0" type="stmt"/>
      <line num="127" count="0" type="stmt"/>
      <line num="130" count="0" type="cond" truecount="0" falsecount="3"/>
      <line num="133" count="0" type="stmt"/>
      <line num="134" count="0" type="cond" truecount="0" falsecount="2"/>
      <line num="135" count="0" type="stmt"/>
      <line num="138" count="0" type="stmt"/>
      <line num="139" count="0" type="stmt"/>
      <line num="140" count="0" type="stmt"/>
      <line num="142" count="0" type="cond" truecount="0" falsecount="2"/>
      <line num="143" count="0" type="stmt"/>
      <line num="149" count="0" type="stmt"/>
      <line num="150" count="0" type="cond" truecount="0" falsecount="2"/>
      <line num="151" count="0" type="cond" truecount="0" falsecount="2"/>
      <line num="152" count="0" type="stmt"/>
      <line num="154" count="0" type="stmt"/>
      <line num="156" count="0" type="stmt"/>
      <line num="157" count="0" type="stmt"/>
      <line num="158" count="0" type="stmt"/>
      <line num="163" count="44" type="stmt"/>
      <line num="164" count="44" type="stmt"/>
      <line num="169" count="0" type="stmt"/>
      <line num="179" count="0" type="stmt"/>
      <line num="180" count="0" type="cond" truecount="0" falsecount="2"/>
      <line num="182" count="0" type="stmt"/>
      <line num="183" count="0" type="stmt"/>
      <line num="184" count="0" type="cond" truecount="0" falsecount="2"/>
      <line num="185" count="0" type="stmt"/>
      <line num="186" count="0" type="stmt"/>
      <line num="188" count="0" type="cond" truecount="0" falsecount="2"/>
      <line num="189" count="0" type="stmt"/>
      <line num="198" count="0" type="stmt"/>
      <line num="203" count="0" type="stmt"/>
      <line num="204" count="0" type="stmt"/>
      <line num="205" count="0" type="stmt"/>
      <line num="206" count="0" type="cond" truecount="0" falsecount="2"/>
      <line num="207" count="0" type="stmt"/>
      <line num="210" count="0" type="stmt"/>
      <line num="215" count="0" type="stmt"/>
      <line num="216" count="0" type="stmt"/>
      <line num="217" count="0" type="stmt"/>
      <line num="218" count="0" type="stmt"/>
      <line num="224" count="44" type="cond" truecount="1" falsecount="1"/>
      <line num="225" count="0" type="stmt"/>
      <line num="226" count="0" type="stmt"/>
      <line num="227" count="0" type="stmt"/>
      <line num="228" count="0" type="stmt"/>
      <line num="237" count="5" type="stmt"/>
      <line num="250" count="5" type="stmt"/>
      <line num="253" count="0" type="stmt"/>
      <line num="262" count="5" type="stmt"/>
      <line num="263" count="0" type="stmt"/>
      <line num="268" count="5" type="stmt"/>
      <line num="269" count="0" type="stmt"/>
    </file>
    <file name="RTLProvider.tsx" path="/Users/ganeshjayaprakash/WorkSpace/Mine/npm_plugin/Text/react-native-apptext/src/RTLProvider.tsx">
      <metrics statements="56" coveredstatements="0" conditionals="61" coveredconditionals="0" methods="17" coveredmethods="0"/>
      <line num="46" count="0" type="stmt"/>
      <line num="63" count="0" type="cond" truecount="0" falsecount="2"/>
      <line num="64" count="0" type="stmt"/>
      <line num="65" count="0" type="stmt"/>
      <line num="93" count="0" type="stmt"/>
      <line num="129" count="0" type="stmt"/>
      <line num="131" count="0" type="stmt"/>
      <line num="132" count="0" type="cond" truecount="0" falsecount="2"/>
      <line num="134" count="0" type="stmt"/>
      <line num="135" count="0" type="cond" truecount="0" falsecount="4"/>
      <line num="137" count="0" type="stmt"/>
      <line num="140" count="0" type="stmt"/>
      <line num="141" count="0" type="cond" truecount="0" falsecount="2"/>
      <line num="143" count="0" type="stmt"/>
      <line num="144" count="0" type="stmt"/>
      <line num="145" count="0" type="stmt"/>
      <line num="149" count="0" type="cond" truecount="0" falsecount="4"/>
      <line num="150" count="0" type="stmt"/>
      <line num="151" count="0" type="stmt"/>
      <line num="154" count="0" type="cond" truecount="0" falsecount="2"/>
      <line num="155" count="0" type="stmt"/>
      <line num="156" count="0" type="cond" truecount="0" falsecount="2"/>
      <line num="157" count="0" type="stmt"/>
      <line num="165" count="0" type="stmt"/>
      <line num="169" count="0" type="stmt"/>
      <line num="170" count="0" type="cond" truecount="0" falsecount="2"/>
      <line num="171" count="0" type="stmt"/>
      <line num="172" count="0" type="stmt"/>
      <line num="173" count="0" type="stmt"/>
      <line num="175" count="0" type="stmt"/>
      <line num="176" count="0" type="stmt"/>
      <line num="177" count="0" type="cond" truecount="0" falsecount="4"/>
      <line num="178" count="0" type="stmt"/>
      <line num="182" count="0" type="stmt"/>
      <line num="183" count="0" type="cond" truecount="0" falsecount="2"/>
      <line num="187" count="0" type="stmt"/>
      <line num="191" count="0" type="stmt"/>
      <line num="202" count="0" type="stmt"/>
      <line num="212" count="0" type="stmt"/>
      <line num="213" count="0" type="cond" truecount="0" falsecount="2"/>
      <line num="214" count="0" type="cond" truecount="0" falsecount="2"/>
      <line num="238" count="0" type="stmt"/>
      <line num="239" count="0" type="stmt"/>
      <line num="246" count="0" type="cond" truecount="0" falsecount="2"/>
      <line num="247" count="0" type="cond" truecount="0" falsecount="2"/>
      <line num="248" count="0" type="cond" truecount="0" falsecount="2"/>
      <line num="249" count="0" type="cond" truecount="0" falsecount="2"/>
      <line num="277" count="0" type="stmt"/>
      <line num="278" count="0" type="stmt"/>
      <line num="279" count="0" type="cond" truecount="0" falsecount="2"/>
      <line num="280" count="0" type="stmt"/>
      <line num="281" count="0" type="cond" truecount="0" falsecount="2"/>
      <line num="282" count="0" type="cond" truecount="0" falsecount="4"/>
      <line num="283" count="0" type="stmt"/>
      <line num="286" count="0" type="stmt"/>
      <line num="289" count="0" type="stmt"/>
    </file>
    <file name="RemoteLocaleProvider.tsx" path="/Users/ganeshjayaprakash/WorkSpace/Mine/npm_plugin/Text/react-native-apptext/src/RemoteLocaleProvider.tsx">
      <metrics statements="92" coveredstatements="0" conditionals="52" coveredconditionals="0" methods="16" coveredmethods="0"/>
      <line num="114" count="0" type="stmt"/>
      <line num="116" count="0" type="stmt"/>
      <line num="122" count="0" type="stmt"/>
      <line num="134" count="0" type="stmt"/>
      <line num="145" count="0" type="stmt"/>
      <line num="147" count="0" type="stmt"/>
      <line num="148" count="0" type="stmt"/>
      <line num="149" count="0" type="cond" truecount="0" falsecount="2"/>
      <line num="151" count="0" type="stmt"/>
      <line num="152" count="0" type="cond" truecount="0" falsecount="2"/>
      <line num="154" count="0" type="stmt"/>
      <line num="158" count="0" type="stmt"/>
      <line num="159" count="0" type="stmt"/>
      <line num="163" count="0" type="stmt"/>
      <line num="164" count="0" type="cond" truecount="0" falsecount="2"/>
      <line num="165" count="0" type="stmt"/>
      <line num="166" count="0" type="stmt"/>
      <line num="167" count="0" type="cond" truecount="0" falsecount="2"/>
      <line num="168" count="0" type="stmt"/>
      <line num="170" count="0" type="stmt"/>
      <line num="174" count="0" type="stmt"/>
      <line num="176" count="0" type="cond" truecount="0" falsecount="2"/>
      <line num="177" count="0" type="stmt"/>
      <line num="178" count="0" type="stmt"/>
      <line num="183" count="0" type="cond" truecount="0" falsecount="2"/>
      <line num="189" count="0" type="stmt"/>
      <line num="190" count="0" type="cond" truecount="0" falsecount="2"/>
      <line num="191" count="0" type="stmt"/>
      <line num="192" count="0" type="stmt"/>
      <line num="197" count="0" type="cond" truecount="0" falsecount="2"/>
      <line num="198" count="0" type="stmt"/>
      <line num="203" count="0" type="stmt"/>
      <line num="205" count="0" type="cond" truecount="0" falsecount="2"/>
      <line num="207" count="0" type="stmt"/>
      <line num="208" count="0" type="stmt"/>
      <line num="209" count="0" type="stmt"/>
      <line num="211" count="0" type="stmt"/>
      <line num="212" count="0" type="stmt"/>
      <line num="213" count="0" type="stmt"/>
      <line num="214" count="0" type="stmt"/>
      <line num="216" count="0" type="cond" truecount="0" falsecount="2"/>
      <line num="217" count="0" type="cond" truecount="0" falsecount="2"/>
      <line num="218" count="0" type="stmt"/>
      <line num="219" count="0" type="stmt"/>
      <line num="220" count="0" type="stmt"/>
[...]
      <line num="176" count="0" type="stmt"/>
      <line num="177" count="0" type="stmt"/>
      <line num="195" count="0" type="stmt"/>
      <line num="211" count="0" type="stmt"/>
      <line num="227" count="0" type="stmt"/>
      <line num="248" count="0" type="stmt"/>
      <line num="284" count="0" type="stmt"/>
      <line num="327" count="0" type="stmt"/>
      <line num="358" count="0" type="stmt"/>
      <line num="390" count="0" type="stmt"/>
      <line num="391" count="0" type="stmt"/>
      <line num="400" count="0" type="stmt"/>
      <line num="401" count="0" type="stmt"/>
      <line num="402" count="0" type="stmt"/>
      <line num="419" count="0" type="stmt"/>
      <line num="420" count="0" type="stmt"/>
      <line num="421" count="0" type="stmt"/>
      <line num="438" count="0" type="stmt"/>
      <line num="439" count="0" type="stmt"/>
      <line num="440" count="0" type="stmt"/>
      <line num="457" count="0" type="stmt"/>
      <line num="458" count="0" type="stmt"/>
      <line num="459" count="0" type="stmt"/>
      <line num="476" count="0" type="stmt"/>
      <line num="477" count="0" type="stmt"/>
      <line num="478" count="0" type="stmt"/>
      <line num="495" count="0" type="stmt"/>
      <line num="496" count="0" type="stmt"/>
      <line num="497" count="0" type="stmt"/>
      <line num="514" count="0" type="stmt"/>
      <line num="515" count="0" type="stmt"/>
      <line num="516" count="0" type="stmt"/>
      <line num="533" count="0" type="stmt"/>
      <line num="534" count="0" type="stmt"/>
      <line num="535" count="0" type="stmt"/>
      <line num="552" count="0" type="stmt"/>
      <line num="553" count="0" type="stmt"/>
      <line num="554" count="0" type="stmt"/>
      <line num="572" count="0" type="stmt"/>
      <line num="588" count="0" type="stmt"/>
      <line num="604" count="0" type="stmt"/>
      <line num="620" count="0" type="stmt"/>
    </file>
    <file name="constants.ts" path="/Users/ganeshjayaprakash/WorkSpace/Mine/npm_plugin/Text/react-native-apptext/src/constants.ts">
      <metrics statements="10" coveredstatements="10" conditionals="0" coveredconditionals="0" methods="0" coveredmethods="0"/>
      <line num="7" count="5" type="stmt"/>
      <line num="10" count="5" type="stmt"/>
      <line num="13" count="5" type="stmt"/>
      <line num="16" count="5" type="stmt"/>
      <line num="19" count="5" type="stmt"/>
      <line num="22" count="5" type="stmt"/>
      <line num="25" count="5" type="stmt"/>
      <line num="28" count="5" type="stmt"/>
      <line num="31" count="5" type="stmt"/>
      <line num="34" count="5" type="stmt"/>
    </file>
    <file name="context.tsx" path="/Users/ganeshjayaprakash/WorkSpace/Mine/npm_plugin/Text/react-native-apptext/src/context.tsx">
      <metrics statements="37" coveredstatements="22" conditionals="22" coveredconditionals="5" methods="13" coveredmethods="8"/>
      <line num="52" count="5" type="stmt"/>
      <line num="58" count="5" type="stmt"/>
      <line num="68" count="35" type="stmt"/>
      <line num="70" count="35" type="stmt"/>
      <line num="71" count="0" type="cond" truecount="0" falsecount="2"/>
      <line num="72" count="0" type="stmt"/>
      <line num="73" count="0" type="stmt"/>
      <line num="75" count="0" type="cond" truecount="0" falsecount="2"/>
      <line num="83" count="0" type="stmt"/>
      <line num="84" count="0" type="cond" truecount="0" falsecount="2"/>
      <line num="85" count="0" type="stmt"/>
      <line num="90" count="35" type="stmt"/>
      <line num="107" count="5" type="stmt"/>
      <line num="115" count="42" type="stmt"/>
      <line num="116" count="35" type="cond" truecount="2" falsecount="0"/>
      <line num="119" count="42" type="stmt"/>
      <line num="120" count="35" type="cond" truecount="1" falsecount="1"/>
      <line num="121" count="0" type="stmt"/>
      <line num="125" count="42" type="stmt"/>
      <line num="126" count="0" type="stmt"/>
      <line num="130" count="42" type="stmt"/>
      <line num="131" count="35" type="stmt"/>
      <line num="140" count="42" type="stmt"/>
      <line num="141" count="35" type="stmt"/>
      <line num="145" count="42" type="stmt"/>
      <line num="162" count="5" type="stmt"/>
      <line num="163" count="44" type="stmt"/>
      <line num="164" count="44" type="cond" truecount="2" falsecount="0"/>
      <line num="171" count="5" type="stmt"/>
      <line num="172" count="0" type="stmt"/>
      <line num="173" count="0" type="cond" truecount="0" falsecount="2"/>
      <line num="174" count="0" type="cond" truecount="0" falsecount="2"/>
      <line num="175" count="0" type="stmt"/>
      <line num="180" count="0" type="stmt"/>
      <line num="182" count="0" type="stmt"/>
      <line num="189" count="5" type="stmt"/>
      <line num="190" count="44" type="stmt"/>
    </file>
    <file name="hooks.ts" path="/Users/ganeshjayaprakash/WorkSpace/Mine/npm_plugin/Text/react-native-apptext/src/hooks.ts">
      <metrics statements="96" coveredstatements="48" conditionals="66" coveredconditionals="19" methods="35" coveredmethods="16"/>
      <line num="27" count="5" type="stmt"/>
      <line num="28" count="5" type="stmt"/>
      <line num="29" count="5" type="stmt"/>
      <line num="31" count="5" type="stmt"/>
      <line num="32" count="37" type="cond" truecount="1" falsecount="1"/>
      <line num="33" count="37" type="stmt"/>
      <line num="34" count="0" type="stmt"/>
      <line num="35" count="0" type="stmt"/>
      <line num="41" count="37" type="stmt"/>
      <line num="42" count="37" type="stmt"/>
      <line num="44" count="37" type="stmt"/>
      <line num="45" count="37" type="stmt"/>
      <line num="46" count="37" type="cond" truecount="3" falsecount="1"/>
      <line num="47" count="0" type="cond" truecount="0" falsecount="2"/>
      <line num="48" count="0" type="stmt"/>
      <line num="51" count="0" type="stmt"/>
      <line num="53" count="0" type="stmt"/>
      <line num="62" count="5" type="stmt"/>
      <line num="67" count="44" type="stmt"/>
      <line num="69" count="44" type="stmt"/>
      <line num="70" count="37" type="stmt"/>
      <line num="71" count="37" type="stmt"/>
      <line num="74" count="44" type="stmt"/>
      <line num="75" count="37" type="stmt"/>
      <line num="79" count="44" type="stmt"/>
      <line num="80" count="37" type="stmt"/>
      <line num="81" count="37" type="stmt"/>
      <line num="83" count="37" type="cond" truecount="2" falsecount="0"/>
      <line num="84" count="37" type="cond" truecount="2" falsecount="0"/>
      <line num="85" count="37" type="stmt"/>
      <line num="86" count="37" type="stmt"/>
      <line num="88" count="37" type="stmt"/>
      <line num="99" count="5" type="stmt"/>
      <line num="102" count="1135" type="stmt"/>
      <line num="103" count="3145" type="stmt"/>
      <line num="104" count="1135" type="stmt"/>
      <line num="108" count="5" type="stmt"/>
      <line num="109" count="44" type="stmt"/>
      <line num="110" count="44" type="cond" truecount="3" falsecount="1"/>
      <line num="112" count="44" type="stmt"/>
      <line num="113" count="44" type="cond" truecount="1" falsecount="1"/>
      <line num="116" count="44" type="stmt"/>
      <line num="117" count="396" type="cond" truecount="2" falsecount="0"/>
      <line num="119" count="880" type="cond" truecount="2" falsecount="0"/>
      <line num="122" count="44" type="stmt"/>
      <line num="125" count="0" type="stmt"/>
      <line num="133" count="5" type="stmt"/>
      <line num="137" count="44" type="stmt"/>
      <line num="138" count="37" type="stmt"/>
      <line num="139" count="37" type="stmt"/>
      <line num="154" count="5" type="stmt"/>
      <line num="155" count="0" type="stmt"/>
      <line num="156" count="0" type="stmt"/>
      <line num="158" count="0" type="cond" truecount="0" falsecount="2"/>
      <line num="163" count="0" type="cond" truecount="0" falsecount="2"/>
      <line num="165" count="0" type="stmt"/>
      <line num="200" count="5" type="stmt"/>
      <line num="201" count="0" type="stmt"/>
      <line num="203" count="0" type="stmt"/>
      <line num="205" count="0" type="stmt"/>
      <line num="206" count="0" type="stmt"/>
      <line num="208" count="0" type="stmt"/>
      <line num="211" count="0" type="stmt"/>
      <line num="212" count="0" type="cond" truecount="0" falsecount="2"/>
      <line num="213" count="0" type="cond" truecount="0" falsecount="2"/>
      <line num="214" count="0" type="cond" truecount="0" falsecount="2"/>
      <line num="215" count="0" type="cond" truecount="0" falsecount="2"/>
      <line num="216" count="0" type="cond" truecount="0" falsecount="2"/>
      <line num="217" count="0" type="cond" truecount="0" falsecount="2"/>
      <line num="218" count="0" type="cond" truecount="0" falsecount="2"/>
      <line num="219" count="0" type="cond" truecount="0" falsecount="2"/>
      <line num="220" count="0" type="cond" truecount="0" falsecount="2"/>
      <line num="221" count="0" type="cond" truecount="0" falsecount="2"/>
      <line num="222" count="0" type="cond" truecount="0" falsecount="2"/>
      <line num="223" count="0" type="stmt"/>
      <line num="235" count="5" type="stmt"/>
      <line num="239" count="0" type="stmt"/>
      <line num="241" count="0" type="stmt"/>
      <line num="242" count="0" type="stmt"/>
      <line num="243" count="0" type="stmt"/>
      <line num="245" count="0" type="stmt"/>
      <line num="248" count="0" type="stmt"/>
      <line num="249" count="0" type="stmt"/>
      <line num="250" count="0" type="stmt"/>
      <line num="254" count="0" type="stmt"/>
      <line num="271" count="5" type="stmt"/>
      <line num="272" count="0" type="stmt"/>
      <line num="273" count="0" type="cond" truecount="0" falsecount="2"/>
      <line num="274" count="0" type="stmt"/>
      <line num="275" count="0" type="stmt"/>
      <line num="277" count="0" type="cond" truecount="0" falsecount="2"/>
      <line num="281" count="0" type="stmt"/>
      <line num="292" count="5" type="stmt"/>
      <line num="293" count="0" type="stmt"/>
      <line num="294" count="0" type="stmt"/>
      <line num="296" count="0" type="cond" truecount="0" falsecount="2"/>
    </file>
    <file name="reanimated.tsx" path="/Users/ganeshjayaprakash/WorkSpace/Mine/npm_plugin/Text/react-native-apptext/src/reanimated.tsx">
      <metrics statements="68" coveredstatements="0" conditionals="34" coveredconditionals="0" methods="10" coveredmethods="0"/>
      <line num="96" count="0" type="stmt"/>
      <line num="98" count="0" type="stmt"/>
      <line num="99" count="0" type="stmt"/>
      <line num="100" count="0" type="stmt"/>
      <line num="101" count="0" type="stmt"/>
      <line num="103" count="0" type="stmt"/>
      <line num="104" count="0" type="stmt"/>
      <line num="105" count="0" type="stmt"/>
      <line num="110" count="0" type="cond" truecount="0" falsecount="2"/>
      <line num="111" count="0" type="cond" truecount="0" falsecount="2"/>
      <line num="113" count="0" type="stmt"/>
      <line num="114" count="0" type="cond" truecount="0" falsecount="10"/>
      <line num="116" count="0" type="stmt"/>
      <line num="117" count="0" type="stmt"/>
      <line num="120" count="0" type="stmt"/>
      <line num="121" count="0" type="stmt"/>
      <line num="122" count="0" type="stmt"/>
      <line num="123" count="0" type="stmt"/>
      <line num="124" count="0" type="stmt"/>
      <line num="127" count="0" type="stmt"/>
      <line num="128" count="0" type="stmt"/>
      <line num="129" count="0" type="stmt"/>
      <line num="130" count="0" type="stmt"/>
      <line num="131" count="0" type="stmt"/>
      <line num="134" count="0" type="stmt"/>
      <line num="135" count="0" type="stmt"/>
      <line num="136" count="0" type="stmt"/>
      <line num="137" count="0" type="stmt"/>
      <line num="138" count="0" type="stmt"/>
      <line num="141" count="0" type="stmt"/>
      <line num="142" count="0" type="stmt"/>
      <line num="143" count="0" type="stmt"/>
      <line num="144" count="0" type="stmt"/>
      <line num="145" count="0" type="stmt"/>
      <line num="148" count="0" type="stmt"/>
      <line num="149" count="0" type="stmt"/>
      <line num="150" count="0" type="stmt"/>
      <line num="154" count="0" type="stmt"/>
      <line num="155" count="0" type="stmt"/>
      <line num="158" count="0" type="stmt"/>
      <line num="159" count="0" type="stmt"/>
      <line num="160" count="0" type="stmt"/>
      <line num="161" count="0" type="stmt"/>
      <line num="162" count="0" type="stmt"/>
      <line num="165" count="0" type="cond" truecount="0" falsecount="2"/>
      <line num="166" count="0" type="stmt"/>
      <line num="175" count="0" type="stmt"/>
      <line num="180" count="0" type="stmt"/>
      <line num="181" count="0" type="stmt"/>
      <line num="184" count="0" type="stmt"/>
      <line num="196" count="0" type="stmt"/>
      <line num="197" count="0" type="stmt"/>
      <line num="200" count="0" type="stmt"/>
      <line num="209" count="0" type="stmt"/>
      <line num="210" count="0" type="stmt"/>
      <line num="214" count="0" type="cond" truecount="0" falsecount="6"/>
      <line num="215" count="0" type="stmt"/>
      <line num="216" count="0" type="stmt"/>
      <line num="218" count="0" type="stmt"/>
      <line num="223" count="0" type="stmt"/>
      <line num="224" count="0" type="stmt"/>
      <line num="230" count="0" type="stmt"/>
      <line num="242" count="0" type="stmt"/>
      <line num="261" count="0" type="stmt"/>
      <line num="263" count="0" type="stmt"/>
      <line num="272" count="0" type="stmt"/>
      <line num="280" count="0" type="stmt"/>
      <line num="293" count="0" type="stmt"/>
    </file>
    <file name="scriptConfigs.ts" path="/Users/ganeshjayaprakash/WorkSpace/Mine/npm_plugin/Text/react-native-apptext/src/scriptConfigs.ts">
      <metrics statements="1" coveredstatements="1" conditionals="0" coveredconditionals="0" methods="0" coveredmethods="0"/>
      <line num="4" count="5" type="stmt"/>
    </file>
    <file name="theme.ts" path="/Users/ganeshjayaprakash/WorkSpace/Mine/npm_plugin/Text/react-native-apptext/src/theme.ts">
      <metrics statements="1" coveredstatements="1" conditionals="2" coveredconditionals="1" methods="0" coveredmethods="0"/>
      <line num="4" count="5" type="stmt"/>
    </file>
    <file name="typeGuards.ts" path="/Users/ganeshjayaprakash/WorkSpace/Mine/npm_plugin/Text/react-native-apptext/src/typeGuards.ts">
      <metrics statements="4" coveredstatements="0" conditionals="9" coveredconditionals="0" methods="4" coveredmethods="0"/>
      <line num="4" count="0" type="stmt"/>
      <line num="10" count="0" type="stmt"/>
      <line num="19" count="0" type="cond" truecount="0" falsecount="3"/>
      <line num="23" count="0" type="cond" truecount="0" falsecount="2"/>
    </file>
    <file name="types.ts" path="/Users/ganeshjayaprakash/WorkSpace/Mine/npm_plugin/Text/react-native-apptext/src/types.ts">
      <metrics statements="1" coveredstatements="1" conditionals="0" coveredconditionals="0" methods="0" coveredmethods="0"/>
      <line num="424" count="7" type="stmt"/>
    </file>
    <file name="useAutoLocale.ts" path="/Users/ganeshjayaprakash/WorkSpace/Mine/npm_plugin/Text/react-native-apptext/src/useAutoLocale.ts">
      <metrics statements="30" coveredstatements="0" conditionals="33" coveredconditionals="0" methods="8" coveredmethods="0"/>
      <line num="47" count="0" type="stmt"/>
      <line num="48" count="0" type="stmt"/>
      <line num="49" count="0" type="cond" truecount="0" falsecount="2"/>
      <line num="51" count="0" type="cond" truecount="0" falsecount="3"/>
      <line num="52" count="0" type="cond" truecount="0" falsecount="2"/>
      <line num="54" count="0" type="stmt"/>
      <line num="59" count="0" type="stmt"/>
      <line num="61" count="0" type="cond" truecount="0" falsecount="2"/>
      <line num="62" count="0" type="cond" truecount="0" falsecount="2"/>
      <line num="64" count="0" type="stmt"/>
      <line num="69" count="0" type="cond" truecount="0" falsecount="2"/>
      <line num="70" count="0" type="cond" truecount="0" falsecount="2"/>
      <line num="71" count="0" type="stmt"/>
      <line num="89" count="0" type="stmt"/>
      <line num="90" count="0" type="stmt"/>
      <line num="92" count="0" type="stmt"/>
      <line num="93" count="0" type="cond" truecount="0" falsecount="2"/>
      <line num="95" count="0" type="stmt"/>
      <line num="96" count="0" type="cond" truecount="0" falsecount="2"/>
      <line num="97" count="0" type="cond" truecount="0" falsecount="2"/>
      <line num="99" count="0" type="stmt"/>
      <line num="114" count="0" type="cond" truecount="0" falsecount="1"/>
      <line num="116" count="0" type="stmt"/>
      <line num="117" count="0" type="stmt"/>
      <line num="119" count="0" type="cond" truecount="0" falsecount="2"/>
      <line num="121" count="0" type="cond" truecount="0" falsecount="4"/>
      <line num="122" count="0" type="cond" truecount="0" falsecount="2"/>
      <line num="125" count="0" type="stmt"/>
      <line num="134" count="0" type="stmt"/>
      <line num="135" count="0" type="cond" truecount="0" falsecount="2"/>
    </file>
    <file name="useTextMetrics.tsx" path="/Users/ganeshjayaprakash/WorkSpace/Mine/npm_plugin/Text/react-native-apptext/src/useTextMetrics.tsx">
      <metrics statements="20" coveredstatements="0" conditionals="9" coveredconditionals="0" methods="7" coveredmethods="0"/>
      <line num="83" count="0" type="stmt"/>
      <line num="103" count="0" type="cond" truecount="0" falsecount="1"/>
      <line num="104" count="0" type="stmt"/>
      <line num="105" count="0" type="stmt"/>
      <line num="107" count="0" type="cond" truecount="0" falsecount="2"/>
      <line num="109" count="0" type="stmt"/>
      <line num="110" count="0" type="stmt"/>
      <line num="122" count="0" type="stmt"/>
      <line num="124" count="0" type="stmt"/>
      <line num="126" count="0" type="cond" truecount="0" falsecount="2"/>
      <line num="127" count="0" type="stmt"/>
      <line num="128" count="0" type="stmt"/>
      <line num="131" count="0" type="stmt"/>
      <line num="132" count="0" type="stmt"/>
      <line num="136" count="0" type="stmt"/>
      <line num="149" count="0" type="stmt"/>
      <line num="151" count="0" type="stmt"/>
      <line num="152" count="0" type="stmt"/>
      <line num="176" count="0" type="stmt"/>
      <line num="183" count="0" type="stmt"/>
    </file>
    <file name="utils.ts" path="/Users/ganeshjayaprakash/WorkSpace/Mine/npm_plugin/Text/react-native-apptext/src/utils.ts">
      <metrics statements="17" coveredstatements="16" conditionals="26" coveredconditionals="25" methods="3" coveredmethods="3"/>
      <line num="4" count="5" type="stmt"/>
      <line num="7" count="37" type="stmt"/>
      <line num="8" count="37" type="stmt"/>
      <line num="9" count="296" type="cond" truecount="1" falsecount="1"/>
      <line num="10" count="0" type="stmt"/>
      <line num="13" count="37" type="stmt"/>
      <line num="16" count="5" type="stmt"/>
      <line num="23" count="37" type="stmt"/>
      <line num="25" count="37" type="cond" truecount="3" falsecount="0"/>
      <line num="26" count="37" type="cond" truecount="3" falsecount="0"/>
      <line num="27" count="37" type="cond" truecount="3" falsecount="0"/>
      <line num="28" count="37" type="cond" truecount="3" falsecount="0"/>
      <line num="30" count="37" type="cond" truecount="3" falsecount="0"/>
      <line num="31" count="37" type="cond" truecount="3" falsecount="0"/>
      <line num="32" count="37" type="cond" truecount="3" falsecount="0"/>
      <line num="33" count="37" type="cond" truecount="3" falsecount="0"/>
      <line num="35" count="37" type="stmt"/>
    </file>
  </project>
</coverage>
