{"/Users/ganeshjayaprakash/WorkSpace/Mine/npm_plugin/Text/react-native-apptext/src/AppText.tsx": {"path":"/Users/ganeshjayaprakash/WorkSpace/Mine/npm_plugin/Text/react-native-apptext/src/AppText.tsx","statementMap":{"0":{"start":{"line":42,"column":59},"end":{"line":50,"column":1}},"1":{"start":{"line":95,"column":25},"end":{"line":474,"column":1}},"2":{"start":{"line":103,"column":23},"end":{"line":103,"column":60}},"3":{"start":{"line":104,"column":26},"end":{"line":104,"column":64}},"4":{"start":{"line":105,"column":26},"end":{"line":105,"column":65}},"5":{"start":{"line":106,"column":21},"end":{"line":106,"column":60}},"6":{"start":{"line":107,"column":22},"end":{"line":107,"column":59}},"7":{"start":{"line":108,"column":21},"end":{"line":108,"column":58}},"8":{"start":{"line":109,"column":20},"end":{"line":109,"column":57}},"9":{"start":{"line":110,"column":20},"end":{"line":110,"column":57}},"10":{"start":{"line":111,"column":24},"end":{"line":111,"column":61}},"11":{"start":{"line":112,"column":27},"end":{"line":112,"column":75}},"12":{"start":{"line":113,"column":22},"end":{"line":113,"column":35}},"13":{"start":{"line":114,"column":28},"end":{"line":114,"column":55}},"14":{"start":{"line":117,"column":24},"end":{"line":122,"column":17}},"15":{"start":{"line":118,"column":4},"end":{"line":118,"column":34}},"16":{"start":{"line":118,"column":20},"end":{"line":118,"column":34}},"17":{"start":{"line":119,"column":4},"end":{"line":119,"column":56}},"18":{"start":{"line":119,"column":39},"end":{"line":119,"column":56}},"19":{"start":{"line":120,"column":4},"end":{"line":120,"column":71}},"20":{"start":{"line":120,"column":39},"end":{"line":120,"column":71}},"21":{"start":{"line":121,"column":4},"end":{"line":121,"column":18}},"22":{"start":{"line":125,"column":4},"end":{"line":125,"column":62}},"23":{"start":{"line":128,"column":4},"end":{"line":128,"column":66}},"24":{"start":{"line":130,"column":2},"end":{"line":215,"column":5}},"25":{"start":{"line":132,"column":4},"end":{"line":132,"column":62}},"26":{"start":{"line":132,"column":55},"end":{"line":132,"column":62}},"27":{"start":{"line":134,"column":4},"end":{"line":134,"column":83}},"28":{"start":{"line":134,"column":76},"end":{"line":134,"column":83}},"29":{"start":{"line":135,"column":4},"end":{"line":135,"column":46}},"30":{"start":{"line":136,"column":4},"end":{"line":136,"column":31}},"31":{"start":{"line":138,"column":19},"end":{"line":138,"column":65}},"32":{"start":{"line":139,"column":17},"end":{"line":139,"column":30}},"33":{"start":{"line":140,"column":21},"end":{"line":140,"column":57}},"34":{"start":{"line":141,"column":18},"end":{"line":141,"column":48}},"35":{"start":{"line":144,"column":4},"end":{"line":146,"column":5}},"36":{"start":{"line":145,"column":6},"end":{"line":145,"column":38}},"37":{"start":{"line":150,"column":4},"end":{"line":150,"column":29}},"38":{"start":{"line":151,"column":4},"end":{"line":157,"column":5}},"39":{"start":{"line":152,"column":6},"end":{"line":152,"column":65}},"40":{"start":{"line":153,"column":6},"end":{"line":153,"column":67}},"41":{"start":{"line":155,"column":6},"end":{"line":155,"column":34}},"42":{"start":{"line":156,"column":6},"end":{"line":156,"column":34}},"43":{"start":{"line":159,"column":4},"end":{"line":163,"column":5}},"44":{"start":{"line":160,"column":6},"end":{"line":160,"column":31}},"45":{"start":{"line":162,"column":6},"end":{"line":162,"column":29}},"46":{"start":{"line":165,"column":4},"end":{"line":167,"column":5}},"47":{"start":{"line":166,"column":6},"end":{"line":166,"column":30}},"48":{"start":{"line":169,"column":36},"end":{"line":179,"column":5}},"49":{"start":{"line":181,"column":22},"end":{"line":181,"column":73}},"50":{"start":{"line":182,"column":58},"end":{"line":186,"column":6}},"51":{"start":{"line":188,"column":4},"end":{"line":192,"column":5}},"52":{"start":{"line":189,"column":6},"end":{"line":189,"column":50}},"53":{"start":{"line":190,"column":6},"end":{"line":190,"column":33}},"54":{"start":{"line":191,"column":6},"end":{"line":191,"column":31}},"55":{"start":{"line":194,"column":4},"end":{"line":198,"column":6}},"56":{"start":{"line":195,"column":6},"end":{"line":197,"column":7}},"57":{"start":{"line":196,"column":8},"end":{"line":196,"column":40}},"58":{"start":{"line":219,"column":24},"end":{"line":468,"column":4}},"59":{"start":{"line":221,"column":4},"end":{"line":221,"column":65}},"60":{"start":{"line":221,"column":55},"end":{"line":221,"column":65}},"61":{"start":{"line":223,"column":17},"end":{"line":223,"column":30}},"62":{"start":{"line":225,"column":4},"end":{"line":453,"column":5}},"63":{"start":{"line":229,"column":8},"end":{"line":229,"column":41}},"64":{"start":{"line":232,"column":8},"end":{"line":235,"column":10}},"65":{"start":{"line":238,"column":8},"end":{"line":241,"column":10}},"66":{"start":{"line":244,"column":8},"end":{"line":247,"column":10}},"67":{"start":{"line":250,"column":8},"end":{"line":253,"column":10}},"68":{"start":{"line":257,"column":8},"end":{"line":260,"column":10}},"69":{"start":{"line":263,"column":8},"end":{"line":274,"column":10}},"70":{"start":{"line":277,"column":8},"end":{"line":288,"column":10}},"71":{"start":{"line":291,"column":8},"end":{"line":301,"column":10}},"72":{"start":{"line":307,"column":8},"end":{"line":307,"column":54}},"73":{"start":{"line":310,"column":8},"end":{"line":310,"column":64}},"74":{"start":{"line":313,"column":8},"end":{"line":313,"column":59}},"75":{"start":{"line":316,"column":8},"end":{"line":326,"column":10}},"76":{"start":{"line":329,"column":8},"end":{"line":339,"column":10}},"77":{"start":{"line":343,"column":8},"end":{"line":343,"column":41}},"78":{"start":{"line":347,"column":8},"end":{"line":350,"column":10}},"79":{"start":{"line":354,"column":8},"end":{"line":357,"column":10}},"80":{"start":{"line":361,"column":8},"end":{"line":364,"column":10}},"81":{"start":{"line":367,"column":8},"end":{"line":378,"column":10}},"82":{"start":{"line":381,"column":8},"end":{"line":392,"column":10}},"83":{"start":{"line":395,"column":8},"end":{"line":405,"column":10}},"84":{"start":{"line":409,"column":8},"end":{"line":409,"column":41}},"85":{"start":{"line":412,"column":8},"end":{"line":422,"column":10}},"86":{"start":{"line":425,"column":8},"end":{"line":435,"column":10}},"87":{"start":{"line":438,"column":8},"end":{"line":449,"column":10}},"88":{"start":{"line":452,"column":8},"end":{"line":452,"column":41}},"89":{"start":{"line":470,"column":2},"end":{"line":473,"column":4}},"90":{"start":{"line":488,"column":23},"end":{"line":578,"column":1}},"91":{"start":{"line":499,"column":42},"end":{"line":499,"column":54}},"92":{"start":{"line":500,"column":32},"end":{"line":500,"column":47}},"93":{"start":{"line":502,"column":17},"end":{"line":516,"column":18}},"94":{"start":{"line":503,"column":26},"end":{"line":514,"column":7}},"95":{"start":{"line":504,"column":8},"end":{"line":506,"column":9}},"96":{"start":{"line":505,"column":10},"end":{"line":505,"column":30}},"97":{"start":{"line":507,"column":8},"end":{"line":509,"column":9}},"98":{"start":{"line":508,"column":10},"end":{"line":508,"column":50}},"99":{"start":{"line":510,"column":8},"end":{"line":512,"column":9}},"100":{"start":{"line":511,"column":10},"end":{"line":511,"column":48}},"101":{"start":{"line":513,"column":8},"end":{"line":513,"column":18}},"102":{"start":{"line":515,"column":6},"end":{"line":515,"column":35}},"103":{"start":{"line":518,"column":4},"end":{"line":549,"column":29}},"104":{"start":{"line":519,"column":22},"end":{"line":519,"column":26}},"105":{"start":{"line":521,"column":6},"end":{"line":521,"column":25}},"106":{"start":{"line":522,"column":6},"end":{"line":522,"column":23}},"107":{"start":{"line":526,"column":18},"end":{"line":526,"column":19}},"108":{"start":{"line":530,"column":27},"end":{"line":539,"column":7}},"109":{"start":{"line":531,"column":8},"end":{"line":531,"column":31}},"110":{"start":{"line":531,"column":24},"end":{"line":531,"column":31}},"111":{"start":{"line":532,"column":8},"end":{"line":535,"column":9}},"112":{"start":{"line":533,"column":10},"end":{"line":533,"column":26}},"113":{"start":{"line":534,"column":10},"end":{"line":534,"column":17}},"114":{"start":{"line":536,"column":8},"end":{"line":536,"column":49}},"115":{"start":{"line":537,"column":8},"end":{"line":537,"column":16}},"116":{"start":{"line":538,"column":8},"end":{"line":538,"column":57}},"117":{"start":{"line":542,"column":6},"end":{"line":542,"column":51}},"118":{"start":{"line":544,"column":6},"end":{"line":548,"column":8}},"119":{"start":{"line":545,"column":8},"end":{"line":545,"column":26}},"120":{"start":{"line":546,"column":8},"end":{"line":546,"column":33}},"121":{"start":{"line":547,"column":8},"end":{"line":547,"column":37}},"122":{"start":{"line":551,"column":24},"end":{"line":563,"column":15}},"123":{"start":{"line":552,"column":6},"end":{"line":552,"column":35}},"124":{"start":{"line":552,"column":18},"end":{"line":552,"column":35}},"125":{"start":{"line":553,"column":6},"end":{"line":561,"column":7}},"126":{"start":{"line":554,"column":8},"end":{"line":558,"column":9}},"127":{"start":{"line":555,"column":10},"end":{"line":557,"column":11}},"128":{"start":{"line":556,"column":12},"end":{"line":556,"column":27}},"129":{"start":{"line":559,"column":13},"end":{"line":561,"column":7}},"130":{"start":{"line":560,"column":8},"end":{"line":560,"column":27}},"131":{"start":{"line":562,"column":6},"end":{"line":562,"column":23}},"132":{"start":{"line":565,"column":4},"end":{"line":576,"column":6}},"133":{"start":{"line":591,"column":28},"end":{"line":681,"column":1}},"134":{"start":{"line":601,"column":40},"end":{"line":601,"column":55}},"135":{"start":{"line":602,"column":42},"end":{"line":602,"column":57}},"136":{"start":{"line":603,"column":18},"end":{"line":603,"column":35}},"137":{"start":{"line":605,"column":26},"end":{"line":605,"column":38}},"138":{"start":{"line":607,"column":29},"end":{"line":612,"column":5}},"139":{"start":{"line":609,"column":8},"end":{"line":609,"column":66}},"140":{"start":{"line":615,"column":25},"end":{"line":617,"column":10}},"141":{"start":{"line":616,"column":6},"end":{"line":616,"column":37}},"142":{"start":{"line":616,"column":30},"end":{"line":616,"column":35}},"143":{"start":{"line":620,"column":4},"end":{"line":630,"column":43}},"144":{"start":{"line":621,"column":6},"end":{"line":624,"column":7}},"145":{"start":{"line":622,"column":8},"end":{"line":622,"column":38}},"146":{"start":{"line":623,"column":8},"end":{"line":623,"column":15}},"147":{"start":{"line":625,"column":6},"end":{"line":629,"column":7}},"148":{"start":{"line":626,"column":8},"end":{"line":626,"column":21}},"149":{"start":{"line":628,"column":8},"end":{"line":628,"column":23}},"150":{"start":{"line":633,"column":25},"end":{"line":636,"column":15}},"151":{"start":{"line":634,"column":19},"end":{"line":634,"column":58}},"152":{"start":{"line":635,"column":6},"end":{"line":635,"column":43}},"153":{"start":{"line":638,"column":4},"end":{"line":679,"column":6}},"154":{"start":{"line":693,"column":26},"end":{"line":714,"column":1}},"155":{"start":{"line":694,"column":20},"end":{"line":694,"column":51}},"156":{"start":{"line":695,"column":26},"end":{"line":695,"column":28}},"157":{"start":{"line":696,"column":26},"end":{"line":696,"column":28}},"158":{"start":{"line":698,"column":20},"end":{"line":703,"column":3}},"159":{"start":{"line":705,"column":2},"end":{"line":711,"column":5}},"160":{"start":{"line":706,"column":4},"end":{"line":710,"column":5}},"161":{"start":{"line":707,"column":6},"end":{"line":707,"column":48}},"162":{"start":{"line":709,"column":6},"end":{"line":709,"column":48}},"163":{"start":{"line":713,"column":2},"end":{"line":713,"column":36}},"164":{"start":{"line":716,"column":17},"end":{"line":840,"column":1}},"165":{"start":{"line":718,"column":17},"end":{"line":732,"column":18}},"166":{"start":{"line":719,"column":26},"end":{"line":730,"column":7}},"167":{"start":{"line":720,"column":8},"end":{"line":722,"column":9}},"168":{"start":{"line":721,"column":10},"end":{"line":721,"column":30}},"169":{"start":{"line":723,"column":8},"end":{"line":725,"column":9}},"170":{"start":{"line":724,"column":10},"end":{"line":724,"column":50}},"171":{"start":{"line":726,"column":8},"end":{"line":728,"column":9}},"172":{"start":{"line":727,"column":10},"end":{"line":727,"column":48}},"173":{"start":{"line":729,"column":8},"end":{"line":729,"column":18}},"174":{"start":{"line":731,"column":6},"end":{"line":731,"column":35}},"175":{"start":{"line":734,"column":23},"end":{"line":734,"column":60}},"176":{"start":{"line":734,"column":37},"end":{"line":734,"column":51}},"177":{"start":{"line":737,"column":25},"end":{"line":737,"column":37}},"178":{"start":{"line":738,"column":26},"end":{"line":738,"column":67}},"179":{"start":{"line":741,"column":30},"end":{"line":741,"column":58}},"180":{"start":{"line":742,"column":24},"end":{"line":742,"column":44}},"181":{"start":{"line":745,"column":4},"end":{"line":748,"column":5}},"182":{"start":{"line":746,"column":6},"end":{"line":746,"column":33}},"183":{"start":{"line":747,"column":6},"end":{"line":747,"column":78}},"184":{"start":{"line":747,"column":55},"end":{"line":747,"column":76}},"185":{"start":{"line":750,"column":4},"end":{"line":795,"column":51}},"186":{"start":{"line":752,"column":25},"end":{"line":773,"column":8}},"187":{"start":{"line":753,"column":25},"end":{"line":766,"column":9}},"188":{"start":{"line":769,"column":8},"end":{"line":772,"column":11}},"189":{"start":{"line":775,"column":6},"end":{"line":775,"column":41}},"190":{"start":{"line":778,"column":30},"end":{"line":780,"column":8}},"191":{"start":{"line":781,"column":6},"end":{"line":781,"column":30}},"192":{"start":{"line":783,"column":6},"end":{"line":794,"column":8}},"193":{"start":{"line":784,"column":8},"end":{"line":784,"column":37}},"194":{"start":{"line":785,"column":8},"end":{"line":785,"column":31}},"195":{"start":{"line":786,"column":8},"end":{"line":792,"column":11}},"196":{"start":{"line":787,"column":10},"end":{"line":791,"column":11}},"197":{"start":{"line":788,"column":12},"end":{"line":788,"column":24}},"198":{"start":{"line":793,"column":8},"end":{"line":793,"column":35}},"199":{"start":{"line":797,"column":31},"end":{"line":808,"column":27}},"200":{"start":{"line":798,"column":6},"end":{"line":807,"column":10}},"201":{"start":{"line":798,"column":55},"end":{"line":807,"column":7}},"202":{"start":{"line":810,"column":39},"end":{"line":810,"column":87}},"203":{"start":{"line":810,"column":53},"end":{"line":810,"column":77}},"204":{"start":{"line":812,"column":4},"end":{"line":838,"column":6}},"205":{"start":{"line":831,"column":10},"end":{"line":835,"column":26}},"206":{"start":{"line":843,"column":20},"end":{"line":1252,"column":1}},"207":{"start":{"line":915,"column":20},"end":{"line":915,"column":37}},"208":{"start":{"line":916,"column":24},"end":{"line":916,"column":40}},"209":{"start":{"line":917,"column":26},"end":{"line":917,"column":75}},"210":{"start":{"line":918,"column":27},"end":{"line":918,"column":62}},"211":{"start":{"line":921,"column":28},"end":{"line":921,"column":88}},"212":{"start":{"line":922,"column":31},"end":{"line":927,"column":7}},"213":{"start":{"line":923,"column":8},"end":{"line":923,"column":74}},"214":{"start":{"line":923,"column":57},"end":{"line":923,"column":74}},"215":{"start":{"line":924,"column":8},"end":{"line":924,"column":60}},"216":{"start":{"line":924,"column":43},"end":{"line":924,"column":60}},"217":{"start":{"line":925,"column":8},"end":{"line":925,"column":65}},"218":{"start":{"line":925,"column":43},"end":{"line":925,"column":65}},"219":{"start":{"line":926,"column":8},"end":{"line":926,"column":25}},"220":{"start":{"line":928,"column":28},"end":{"line":928,"column":46}},"221":{"start":{"line":929,"column":27},"end":{"line":929,"column":74}},"222":{"start":{"line":930,"column":21},"end":{"line":930,"column":62}},"223":{"start":{"line":932,"column":26},"end":{"line":940,"column":20}},"224":{"start":{"line":933,"column":28},"end":{"line":938,"column":9}},"225":{"start":{"line":934,"column":10},"end":{"line":934,"column":88}},"226":{"start":{"line":934,"column":68},"end":{"line":934,"column":88}},"227":{"start":{"line":935,"column":10},"end":{"line":935,"column":82}},"228":{"start":{"line":935,"column":42},"end":{"line":935,"column":82}},"229":{"start":{"line":936,"column":10},"end":{"line":936,"column":73}},"230":{"start":{"line":936,"column":35},"end":{"line":936,"column":73}},"231":{"start":{"line":937,"column":10},"end":{"line":937,"column":20}},"232":{"start":{"line":939,"column":8},"end":{"line":939,"column":37}},"233":{"start":{"line":943,"column":24},"end":{"line":943,"column":45}},"234":{"start":{"line":944,"column":21},"end":{"line":944,"column":43}},"235":{"start":{"line":945,"column":30},"end":{"line":953,"column":40}},"236":{"start":{"line":946,"column":8},"end":{"line":946,"column":69}},"237":{"start":{"line":946,"column":50},"end":{"line":946,"column":69}},"238":{"start":{"line":947,"column":8},"end":{"line":952,"column":11}},"239":{"start":{"line":955,"column":29},"end":{"line":955,"column":60}},"240":{"start":{"line":956,"column":26},"end":{"line":956,"column":50}},"241":{"start":{"line":958,"column":8},"end":{"line":958,"column":61}},"242":{"start":{"line":961,"column":8},"end":{"line":961,"column":59}},"243":{"start":{"line":963,"column":8},"end":{"line":965,"column":44}},"244":{"start":{"line":966,"column":33},"end":{"line":970,"column":7}},"245":{"start":{"line":972,"column":35},"end":{"line":979,"column":8}},"246":{"start":{"line":973,"column":31},"end":{"line":973,"column":79}},"247":{"start":{"line":974,"column":8},"end":{"line":974,"column":66}},"248":{"start":{"line":981,"column":28},"end":{"line":987,"column":62}},"249":{"start":{"line":982,"column":8},"end":{"line":982,"column":57}},"250":{"start":{"line":982,"column":20},"end":{"line":982,"column":57}},"251":{"start":{"line":983,"column":8},"end":{"line":985,"column":9}},"252":{"start":{"line":984,"column":10},"end":{"line":984,"column":66}},"253":{"start":{"line":986,"column":8},"end":{"line":986,"column":21}},"254":{"start":{"line":989,"column":28},"end":{"line":992,"column":45}},"255":{"start":{"line":990,"column":8},"end":{"line":990,"column":51}},"256":{"start":{"line":990,"column":34},"end":{"line":990,"column":51}},"257":{"start":{"line":991,"column":8},"end":{"line":991,"column":38}},"258":{"start":{"line":995,"column":28},"end":{"line":1031,"column":8}},"259":{"start":{"line":996,"column":31},"end":{"line":1007,"column":9}},"260":{"start":{"line":1009,"column":8},"end":{"line":1015,"column":9}},"261":{"start":{"line":1010,"column":10},"end":{"line":1014,"column":13}},"262":{"start":{"line":1016,"column":8},"end":{"line":1016,"column":25}},"263":{"start":{"line":1033,"column":28},"end":{"line":1052,"column":7}},"264":{"start":{"line":1035,"column":10},"end":{"line":1050,"column":12}},"265":{"start":{"line":1054,"column":33},"end":{"line":1057,"column":7}},"266":{"start":{"line":1055,"column":15},"end":{"line":1055,"column":79}},"267":{"start":{"line":1059,"column":24},"end":{"line":1120,"column":8}},"268":{"start":{"line":1060,"column":22},"end":{"line":1088,"column":9}},"269":{"start":{"line":1090,"column":8},"end":{"line":1093,"column":10}},"270":{"start":{"line":1122,"column":26},"end":{"line":1125,"column":7}},"271":{"start":{"line":1123,"column":38},"end":{"line":1123,"column":50}},"272":{"start":{"line":1126,"column":30},"end":{"line":1129,"column":7}},"273":{"start":{"line":1127,"column":38},"end":{"line":1127,"column":54}},"274":{"start":{"line":1131,"column":31},"end":{"line":1131,"column":57}},"275":{"start":{"line":1132,"column":30},"end":{"line":1132,"column":76}},"276":{"start":{"line":1133,"column":25},"end":{"line":1133,"column":64}},"277":{"start":{"line":1134,"column":28},"end":{"line":1134,"column":73}},"278":{"start":{"line":1135,"column":25},"end":{"line":1135,"column":64}},"279":{"start":{"line":1138,"column":23},"end":{"line":1138,"column":53}},"280":{"start":{"line":1139,"column":27},"end":{"line":1139,"column":57}},"281":{"start":{"line":1142,"column":30},"end":{"line":1142,"column":43}},"282":{"start":{"line":1143,"column":6},"end":{"line":1148,"column":50}},"283":{"start":{"line":1144,"column":8},"end":{"line":1147,"column":9}},"284":{"start":{"line":1145,"column":10},"end":{"line":1145,"column":41}},"285":{"start":{"line":1146,"column":10},"end":{"line":1146,"column":63}},"286":{"start":{"line":1151,"column":6},"end":{"line":1173,"column":7}},"287":{"start":{"line":1152,"column":8},"end":{"line":1172,"column":10}},"288":{"start":{"line":1175,"column":6},"end":{"line":1195,"column":7}},"289":{"start":{"line":1176,"column":8},"end":{"line":1194,"column":10}},"290":{"start":{"line":1197,"column":6},"end":{"line":1216,"column":7}},"291":{"start":{"line":1198,"column":8},"end":{"line":1215,"column":10}},"292":{"start":{"line":1219,"column":8},"end":{"line":1219,"column":64}},"293":{"start":{"line":1221,"column":6},"end":{"line":1236,"column":7}},"294":{"start":{"line":1222,"column":8},"end":{"line":1235,"column":10}},"295":{"start":{"line":1238,"column":6},"end":{"line":1249,"column":8}},"296":{"start":{"line":1255,"column":29},"end":{"line":1313,"column":1}},"297":{"start":{"line":1290,"column":32},"end":{"line":1297,"column":7}},"298":{"start":{"line":1299,"column":6},"end":{"line":1310,"column":8}},"299":{"start":{"line":1315,"column":0},"end":{"line":1315,"column":36}},"300":{"start":{"line":1354,"column":16},"end":{"line":1354,"column":46}},"301":{"start":{"line":1357,"column":0},"end":{"line":1361,"column":2}},"302":{"start":{"line":1359,"column":4},"end":{"line":1359,"column":53}},"303":{"start":{"line":1362,"column":0},"end":{"line":1366,"column":2}},"304":{"start":{"line":1364,"column":4},"end":{"line":1364,"column":53}},"305":{"start":{"line":1367,"column":0},"end":{"line":1371,"column":2}},"306":{"start":{"line":1369,"column":4},"end":{"line":1369,"column":53}},"307":{"start":{"line":1372,"column":0},"end":{"line":1376,"column":2}},"308":{"start":{"line":1374,"column":4},"end":{"line":1374,"column":53}},"309":{"start":{"line":1377,"column":0},"end":{"line":1381,"column":2}},"310":{"start":{"line":1379,"column":4},"end":{"line":1379,"column":53}},"311":{"start":{"line":1382,"column":0},"end":{"line":1386,"column":2}},"312":{"start":{"line":1384,"column":4},"end":{"line":1384,"column":53}},"313":{"start":{"line":1387,"column":0},"end":{"line":1391,"column":2}},"314":{"start":{"line":1389,"column":4},"end":{"line":1389,"column":56}},"315":{"start":{"line":1392,"column":0},"end":{"line":1396,"column":2}},"316":{"start":{"line":1394,"column":4},"end":{"line":1394,"column":60}},"317":{"start":{"line":1397,"column":0},"end":{"line":1401,"column":2}},"318":{"start":{"line":1399,"column":4},"end":{"line":1399,"column":56}},"319":{"start":{"line":1402,"column":0},"end":{"line":1406,"column":2}},"320":{"start":{"line":1404,"column":4},"end":{"line":1404,"column":58}},"321":{"start":{"line":1407,"column":0},"end":{"line":1411,"column":2}},"322":{"start":{"line":1409,"column":4},"end":{"line":1409,"column":55}},"323":{"start":{"line":1414,"column":0},"end":{"line":1418,"column":2}},"324":{"start":{"line":1416,"column":4},"end":{"line":1416,"column":63}},"325":{"start":{"line":1419,"column":0},"end":{"line":1423,"column":2}},"326":{"start":{"line":1421,"column":4},"end":{"line":1421,"column":64}},"327":{"start":{"line":1424,"column":0},"end":{"line":1428,"column":2}},"328":{"start":{"line":1426,"column":4},"end":{"line":1426,"column":63}},"329":{"start":{"line":1429,"column":0},"end":{"line":1433,"column":2}},"330":{"start":{"line":1431,"column":4},"end":{"line":1431,"column":64}},"331":{"start":{"line":1434,"column":0},"end":{"line":1438,"column":2}},"332":{"start":{"line":1436,"column":4},"end":{"line":1436,"column":65}},"333":{"start":{"line":1439,"column":0},"end":{"line":1443,"column":2}},"334":{"start":{"line":1441,"column":4},"end":{"line":1441,"column":64}},"335":{"start":{"line":1444,"column":0},"end":{"line":1448,"column":2}},"336":{"start":{"line":1446,"column":4},"end":{"line":1446,"column":61}},"337":{"start":{"line":1449,"column":0},"end":{"line":1453,"column":2}},"338":{"start":{"line":1451,"column":4},"end":{"line":1451,"column":62}},"339":{"start":{"line":1454,"column":0},"end":{"line":1458,"column":2}},"340":{"start":{"line":1456,"column":4},"end":{"line":1456,"column":61}},"341":{"start":{"line":1459,"column":0},"end":{"line":1463,"column":2}},"342":{"start":{"line":1461,"column":4},"end":{"line":1461,"column":60}},"343":{"start":{"line":1464,"column":0},"end":{"line":1468,"column":2}},"344":{"start":{"line":1466,"column":4},"end":{"line":1466,"column":61}},"345":{"start":{"line":1469,"column":0},"end":{"line":1473,"column":2}},"346":{"start":{"line":1471,"column":4},"end":{"line":1471,"column":60}},"347":{"start":{"line":1474,"column":0},"end":{"line":1478,"column":2}},"348":{"start":{"line":1476,"column":4},"end":{"line":1476,"column":61}},"349":{"start":{"line":1479,"column":0},"end":{"line":1483,"column":2}},"350":{"start":{"line":1481,"column":4},"end":{"line":1481,"column":62}},"351":{"start":{"line":1484,"column":0},"end":{"line":1488,"column":2}},"352":{"start":{"line":1486,"column":4},"end":{"line":1486,"column":61}},"353":{"start":{"line":1490,"column":0},"end":{"line":1490,"column":31}}},"fnMap":{"0":{"name":"(anonymous_0)","decl":{"start":{"line":95,"column":25},"end":{"line":95,"column":26}},"loc":{"start":{"line":102,"column":5},"end":{"line":474,"column":1}},"line":102},"1":{"name":"(anonymous_1)","decl":{"start":{"line":117,"column":32},"end":{"line":117,"column":33}},"loc":{"start":{"line":117,"column":38},"end":{"line":122,"column":3}},"line":117},"2":{"name":"(anonymous_2)","decl":{"start":{"line":130,"column":12},"end":{"line":130,"column":13}},"loc":{"start":{"line":130,"column":18},"end":{"line":199,"column":3}},"line":130},"3":{"name":"(anonymous_3)","decl":{"start":{"line":194,"column":11},"end":{"line":194,"column":12}},"loc":{"start":{"line":194,"column":17},"end":{"line":198,"column":5}},"line":194},"4":{"name":"(anonymous_4)","decl":{"start":{"line":219,"column":32},"end":{"line":219,"column":33}},"loc":{"start":{"line":219,"column":38},"end":{"line":454,"column":3}},"line":219},"5":{"name":"(anonymous_5)","decl":{"start":{"line":489,"column":2},"end":{"line":489,"column":3}},"loc":{"start":{"line":498,"column":8},"end":{"line":577,"column":3}},"line":498},"6":{"name":"(anonymous_6)","decl":{"start":{"line":502,"column":25},"end":{"line":502,"column":26}},"loc":{"start":{"line":502,"column":31},"end":{"line":516,"column":5}},"line":502},"7":{"name":"(anonymous_7)","decl":{"start":{"line":503,"column":26},"end":{"line":503,"column":27}},"loc":{"start":{"line":503,"column":61},"end":{"line":514,"column":7}},"line":503},"8":{"name":"(anonymous_8)","decl":{"start":{"line":518,"column":14},"end":{"line":518,"column":15}},"loc":{"start":{"line":518,"column":20},"end":{"line":549,"column":5}},"line":518},"9":{"name":"(anonymous_9)","decl":{"start":{"line":530,"column":27},"end":{"line":530,"column":28}},"loc":{"start":{"line":530,"column":33},"end":{"line":539,"column":7}},"line":530},"10":{"name":"(anonymous_10)","decl":{"start":{"line":544,"column":13},"end":{"line":544,"column":14}},"loc":{"start":{"line":544,"column":19},"end":{"line":548,"column":7}},"line":544},"11":{"name":"(anonymous_11)","decl":{"start":{"line":551,"column":32},"end":{"line":551,"column":33}},"loc":{"start":{"line":551,"column":38},"end":{"line":563,"column":5}},"line":551},"12":{"name":"(anonymous_12)","decl":{"start":{"line":592,"column":2},"end":{"line":592,"column":3}},"loc":{"start":{"line":600,"column":8},"end":{"line":680,"column":3}},"line":600},"13":{"name":"(anonymous_13)","decl":{"start":{"line":608,"column":6},"end":{"line":608,"column":7}},"loc":{"start":{"line":608,"column":60},"end":{"line":610,"column":7}},"line":608},"14":{"name":"(anonymous_14)","decl":{"start":{"line":615,"column":37},"end":{"line":615,"column":38}},"loc":{"start":{"line":615,"column":43},"end":{"line":617,"column":5}},"line":615},"15":{"name":"(anonymous_15)","decl":{"start":{"line":616,"column":20},"end":{"line":616,"column":21}},"loc":{"start":{"line":616,"column":30},"end":{"line":616,"column":35}},"line":616},"16":{"name":"(anonymous_16)","decl":{"start":{"line":620,"column":14},"end":{"line":620,"column":15}},"loc":{"start":{"line":620,"column":20},"end":{"line":630,"column":5}},"line":620},"17":{"name":"(anonymous_17)","decl":{"start":{"line":633,"column":33},"end":{"line":633,"column":34}},"loc":{"start":{"line":633,"column":39},"end":{"line":636,"column":5}},"line":633},"18":{"name":"(anonymous_18)","decl":{"start":{"line":693,"column":26},"end":{"line":693,"column":27}},"loc":{"start":{"line":693,"column":59},"end":{"line":714,"column":1}},"line":693},"19":{"name":"(anonymous_19)","decl":{"start":{"line":705,"column":33},"end":{"line":705,"column":34}},"loc":{"start":{"line":705,"column":42},"end":{"line":711,"column":3}},"line":705},"20":{"name":"(anonymous_20)","decl":{"start":{"line":717,"column":2},"end":{"line":717,"column":3}},"loc":{"start":{"line":717,"column":94},"end":{"line":839,"column":3}},"line":717},"21":{"name":"(anonymous_21)","decl":{"start":{"line":718,"column":25},"end":{"line":718,"column":26}},"loc":{"start":{"line":718,"column":31},"end":{"line":732,"column":5}},"line":718},"22":{"name":"(anonymous_22)","decl":{"start":{"line":719,"column":26},"end":{"line":719,"column":27}},"loc":{"start":{"line":719,"column":61},"end":{"line":730,"column":7}},"line":719},"23":{"name":"(anonymous_23)","decl":{"start":{"line":734,"column":31},"end":{"line":734,"column":32}},"loc":{"start":{"line":734,"column":37},"end":{"line":734,"column":51}},"line":734},"24":{"name":"(anonymous_24)","decl":{"start":{"line":747,"column":49},"end":{"line":747,"column":50}},"loc":{"start":{"line":747,"column":55},"end":{"line":747,"column":76}},"line":747},"25":{"name":"(anonymous_25)","decl":{"start":{"line":750,"column":14},"end":{"line":750,"column":15}},"loc":{"start":{"line":750,"column":20},"end":{"line":795,"column":5}},"line":750},"26":{"name":"(anonymous_26)","decl":{"start":{"line":752,"column":55},"end":{"line":752,"column":56}},"loc":{"start":{"line":752,"column":69},"end":{"line":773,"column":7}},"line":752},"27":{"name":"(anonymous_27)","decl":{"start":{"line":783,"column":13},"end":{"line":783,"column":14}},"loc":{"start":{"line":783,"column":19},"end":{"line":794,"column":7}},"line":783},"28":{"name":"(anonymous_28)","decl":{"start":{"line":786,"column":38},"end":{"line":786,"column":39}},"loc":{"start":{"line":786,"column":48},"end":{"line":792,"column":9}},"line":786},"29":{"name":"(anonymous_29)","decl":{"start":{"line":797,"column":39},"end":{"line":797,"column":40}},"loc":{"start":{"line":797,"column":45},"end":{"line":808,"column":5}},"line":797},"30":{"name":"(anonymous_30)","decl":{"start":{"line":798,"column":43},"end":{"line":798,"column":44}},"loc":{"start":{"line":798,"column":55},"end":{"line":807,"column":7}},"line":798},"31":{"name":"(anonymous_31)","decl":{"start":{"line":810,"column":47},"end":{"line":810,"column":48}},"loc":{"start":{"line":810,"column":53},"end":{"line":810,"column":77}},"line":810},"32":{"name":"(anonymous_32)","decl":{"start":{"line":830,"column":24},"end":{"line":830,"column":25}},"loc":{"start":{"line":831,"column":10},"end":{"line":835,"column":26}},"line":831},"33":{"name":"(anonymous_33)","decl":{"start":{"line":845,"column":4},"end":{"line":845,"column":5}},"loc":{"start":{"line":914,"column":9},"end":{"line":1250,"column":5}},"line":914},"34":{"name":"(anonymous_34)","decl":{"start":{"line":922,"column":31},"end":{"line":922,"column":32}},"loc":{"start":{"line":922,"column":37},"end":{"line":927,"column":7}},"line":922},"35":{"name":"(anonymous_35)","decl":{"start":{"line":932,"column":34},"end":{"line":932,"column":35}},"loc":{"start":{"line":932,"column":40},"end":{"line":940,"column":7}},"line":932},"36":{"name":"(anonymous_36)","decl":{"start":{"line":933,"column":28},"end":{"line":933,"column":29}},"loc":{"start":{"line":933,"column":63},"end":{"line":938,"column":9}},"line":933},"37":{"name":"(anonymous_37)","decl":{"start":{"line":945,"column":38},"end":{"line":945,"column":39}},"loc":{"start":{"line":945,"column":44},"end":{"line":953,"column":7}},"line":945},"38":{"name":"(anonymous_38)","decl":{"start":{"line":972,"column":43},"end":{"line":972,"column":44}},"loc":{"start":{"line":972,"column":49},"end":{"line":975,"column":7}},"line":972},"39":{"name":"(anonymous_39)","decl":{"start":{"line":981,"column":36},"end":{"line":981,"column":37}},"loc":{"start":{"line":981,"column":42},"end":{"line":987,"column":7}},"line":981},"40":{"name":"(anonymous_40)","decl":{"start":{"line":989,"column":36},"end":{"line":989,"column":37}},"loc":{"start":{"line":989,"column":42},"end":{"line":992,"column":7}},"line":989},"41":{"name":"(anonymous_41)","decl":{"start":{"line":995,"column":36},"end":{"line":995,"column":37}},"loc":{"start":{"line":995,"column":42},"end":{"line":1017,"column":7}},"line":995},"42":{"name":"(anonymous_42)","decl":{"start":{"line":1034,"column":8},"end":{"line":1034,"column":9}},"loc":{"start":{"line":1035,"column":10},"end":{"line":1050,"column":12}},"line":1035},"43":{"name":"(anonymous_43)","decl":{"start":{"line":1055,"column":8},"end":{"line":1055,"column":9}},"loc":{"start":{"line":1055,"column":15},"end":{"line":1055,"column":79}},"line":1055},"44":{"name":"(anonymous_44)","decl":{"start":{"line":1059,"column":32},"end":{"line":1059,"column":33}},"loc":{"start":{"line":1059,"column":38},"end":{"line":1094,"column":7}},"line":1059},"45":{"name":"(anonymous_45)","decl":{"start":{"line":1123,"column":8},"end":{"line":1123,"column":9}},"loc":{"start":{"line":1123,"column":38},"end":{"line":1123,"column":50}},"line":1123},"46":{"name":"(anonymous_46)","decl":{"start":{"line":1127,"column":8},"end":{"line":1127,"column":9}},"loc":{"start":{"line":1127,"column":38},"end":{"line":1127,"column":54}},"line":1127},"47":{"name":"(anonymous_47)","decl":{"start":{"line":1143,"column":16},"end":{"line":1143,"column":17}},"loc":{"start":{"line":1143,"column":22},"end":{"line":1148,"column":7}},"line":1143},"48":{"name":"(anonymous_48)","decl":{"start":{"line":1273,"column":4},"end":{"line":1273,"column":5}},"loc":{"start":{"line":1289,"column":9},"end":{"line":1311,"column":5}},"line":1289},"49":{"name":"(anonymous_49)","decl":{"start":{"line":1358,"column":49},"end":{"line":1358,"column":50}},"loc":{"start":{"line":1359,"column":4},"end":{"line":1359,"column":53}},"line":1359},"50":{"name":"(anonymous_50)","decl":{"start":{"line":1363,"column":49},"end":{"line":1363,"column":50}},"loc":{"start":{"line":1364,"column":4},"end":{"line":1364,"column":53}},"line":1364},"51":{"name":"(anonymous_51)","decl":{"start":{"line":1368,"column":49},"end":{"line":1368,"column":50}},"loc":{"start":{"line":1369,"column":4},"end":{"line":1369,"column":53}},"line":1369},"52":{"name":"(anonymous_52)","decl":{"start":{"line":1373,"column":49},"end":{"line":1373,"column":50}},"loc":{"start":{"line":1374,"column":4},"end":{"line":1374,"column":53}},"line":1374},"53":{"name":"(anonymous_53)","decl":{"start":{"line":1378,"column":49},"end":{"line":1378,"column":50}},"loc":{"start":{"line":1379,"column":4},"end":{"line":1379,"column":53}},"line":1379},"54":{"name":"(anonymous_54)","decl":{"start":{"line":1383,"column":49},"end":{"line":1383,"column":50}},"loc":{"start":{"line":1384,"column":4},"end":{"line":1384,"column":53}},"line":1384},"55":{"name":"(anonymous_55)","decl":{"start":{"line":1388,"column":49},"end":{"line":1388,"column":50}},"loc":{"start":{"line":1389,"column":4},"end":{"line":1389,"column":56}},"line":1389},"56":{"name":"(anonymous_56)","decl":{"start":{"line":1393,"column":49},"end":{"line":1393,"column":50}},"loc":{"start":{"line":1394,"column":4},"end":{"line":1394,"column":60}},"line":1394},"57":{"name":"(anonymous_57)","decl":{"start":{"line":1398,"column":49},"end":{"line":1398,"column":50}},"loc":{"start":{"line":1399,"column":4},"end":{"line":1399,"column":56}},"line":1399},"58":{"name":"(anonymous_58)","decl":{"start":{"line":1403,"column":49},"end":{"line":1403,"column":50}},"loc":{"start":{"line":1404,"column":4},"end":{"line":1404,"column":58}},"line":1404},"59":{"name":"(anonymous_59)","decl":{"start":{"line":1408,"column":49},"end":{"line":1408,"column":50}},"loc":{"start":{"line":1409,"column":4},"end":{"line":1409,"column":55}},"line":1409},"60":{"name":"(anonymous_60)","decl":{"start":{"line":1415,"column":49},"end":{"line":1415,"column":50}},"loc":{"start":{"line":1416,"column":4},"end":{"line":1416,"column":63}},"line":1416},"61":{"name":"(anonymous_61)","decl":{"start":{"line":1420,"column":49},"end":{"line":1420,"column":50}},"loc":{"start":{"line":1421,"column":4},"end":{"line":1421,"column":64}},"line":1421},"62":{"name":"(anonymous_62)","decl":{"start":{"line":1425,"column":49},"end":{"line":1425,"column":50}},"loc":{"start":{"line":1426,"column":4},"end":{"line":1426,"column":63}},"line":1426},"63":{"name":"(anonymous_63)","decl":{"start":{"line":1430,"column":49},"end":{"line":1430,"column":50}},"loc":{"start":{"line":1431,"column":4},"end":{"line":1431,"column":64}},"line":1431},"64":{"name":"(anonymous_64)","decl":{"start":{"line":1435,"column":49},"end":{"line":1435,"column":50}},"loc":{"start":{"line":1436,"column":4},"end":{"line":1436,"column":65}},"line":1436},"65":{"name":"(anonymous_65)","decl":{"start":{"line":1440,"column":49},"end":{"line":1440,"column":50}},"loc":{"start":{"line":1441,"column":4},"end":{"line":1441,"column":64}},"line":1441},"66":{"name":"(anonymous_66)","decl":{"start":{"line":1445,"column":49},"end":{"line":1445,"column":50}},"loc":{"start":{"line":1446,"column":4},"end":{"line":1446,"column":61}},"line":1446},"67":{"name":"(anonymous_67)","decl":{"start":{"line":1450,"column":49},"end":{"line":1450,"column":50}},"loc":{"start":{"line":1451,"column":4},"end":{"line":1451,"column":62}},"line":1451},"68":{"name":"(anonymous_68)","decl":{"start":{"line":1455,"column":49},"end":{"line":1455,"column":50}},"loc":{"start":{"line":1456,"column":4},"end":{"line":1456,"column":61}},"line":1456},"69":{"name":"(anonymous_69)","decl":{"start":{"line":1460,"column":49},"end":{"line":1460,"column":50}},"loc":{"start":{"line":1461,"column":4},"end":{"line":1461,"column":60}},"line":1461},"70":{"name":"(anonymous_70)","decl":{"start":{"line":1465,"column":49},"end":{"line":1465,"column":50}},"loc":{"start":{"line":1466,"column":4},"end":{"line":1466,"column":61}},"line":1466},"71":{"name":"(anonymous_71)","decl":{"start":{"line":1470,"column":49},"end":{"line":1470,"column":50}},"loc":{"start":{"line":1471,"column":4},"end":{"line":1471,"column":60}},"line":1471},"72":{"name":"(anonymous_72)","decl":{"start":{"line":1475,"column":49},"end":{"line":1475,"column":50}},"loc":{"start":{"line":1476,"column":4},"end":{"line":1476,"column":61}},"line":1476},"73":{"name":"(anonymous_73)","decl":{"start":{"line":1480,"column":49},"end":{"line":1480,"column":50}},"loc":{"start":{"line":1481,"column":4},"end":{"line":1481,"column":62}},"line":1481},"74":{"name":"(anonymous_74)","decl":{"start":{"line":1485,"column":49},"end":{"line":1485,"column":50}},"loc":{"start":{"line":1486,"column":4},"end":{"line":1486,"column":61}},"line":1486}},"branchMap":{"0":{"loc":{"start":{"line":98,"column":2},"end":{"line":98,"column":28}},"type":"default-arg","locations":[{"start":{"line":98,"column":27},"end":{"line":98,"column":28}}],"line":98},"1":{"loc":{"start":{"line":99,"column":2},"end":{"line":99,"column":34}},"type":"default-arg","locations":[{"start":{"line":99,"column":30},"end":{"line":99,"column":34}}],"line":99},"2":{"loc":{"start":{"line":100,"column":2},"end":{"line":100,"column":29}},"type":"default-arg","locations":[{"start":{"line":100,"column":27},"end":{"line":100,"column":29}}],"line":100},"3":{"loc":{"start":{"line":101,"column":2},"end":{"line":101,"column":25}},"type":"default-arg","locations":[{"start":{"line":101,"column":20},"end":{"line":101,"column":25}}],"line":101},"4":{"loc":{"start":{"line":118,"column":4},"end":{"line":118,"column":34}},"type":"if","locations":[{"start":{"line":118,"column":4},"end":{"line":118,"column":34}},{"start":{},"end":{}}],"line":118},"5":{"loc":{"start":{"line":119,"column":4},"end":{"line":119,"column":56}},"type":"if","locations":[{"start":{"line":119,"column":4},"end":{"line":119,"column":56}},{"start":{},"end":{}}],"line":119},"6":{"loc":{"start":{"line":120,"column":4},"end":{"line":120,"column":71}},"type":"if","locations":[{"start":{"line":120,"column":4},"end":{"line":120,"column":71}},{"start":{},"end":{}}],"line":120},"7":{"loc":{"start":{"line":120,"column":46},"end":{"line":120,"column":70}},"type":"binary-expr","locations":[{"start":{"line":120,"column":46},"end":{"line":120,"column":60}},{"start":{"line":120,"column":64},"end":{"line":120,"column":70}}],"line":120},"8":{"loc":{"start":{"line":125,"column":4},"end":{"line":125,"column":62}},"type":"binary-expr","locations":[{"start":{"line":125,"column":4},"end":{"line":125,"column":34}},{"start":{"line":125,"column":38},"end":{"line":125,"column":62}}],"line":125},"9":{"loc":{"start":{"line":128,"column":4},"end":{"line":128,"column":66}},"type":"binary-expr","locations":[{"start":{"line":128,"column":4},"end":{"line":128,"column":45}},{"start":{"line":128,"column":49},"end":{"line":128,"column":66}}],"line":128},"10":{"loc":{"start":{"line":132,"column":4},"end":{"line":132,"column":62}},"type":"if","locations":[{"start":{"line":132,"column":4},"end":{"line":132,"column":62}},{"start":{},"end":{}}],"line":132},"11":{"loc":{"start":{"line":132,"column":8},"end":{"line":132,"column":53}},"type":"binary-expr","locations":[{"start":{"line":132,"column":8},"end":{"line":132,"column":17}},{"start":{"line":132,"column":21},"end":{"line":132,"column":31}},{"start":{"line":132,"column":35},"end":{"line":132,"column":53}}],"line":132},"12":{"loc":{"start":{"line":134,"column":4},"end":{"line":134,"column":83}},"type":"if","locations":[{"start":{"line":134,"column":4},"end":{"line":134,"column":83}},{"start":{},"end":{}}],"line":134},"13":{"loc":{"start":{"line":134,"column":8},"end":{"line":134,"column":74}},"type":"binary-expr","locations":[{"start":{"line":134,"column":8},"end":{"line":134,"column":27}},{"start":{"line":134,"column":31},"end":{"line":134,"column":74}}],"line":134},"14":{"loc":{"start":{"line":138,"column":19},"end":{"line":138,"column":65}},"type":"cond-expr","locations":[{"start":{"line":138,"column":51},"end":{"line":138,"column":60}},{"start":{"line":138,"column":63},"end":{"line":138,"column":65}}],"line":138},"15":{"loc":{"start":{"line":140,"column":21},"end":{"line":140,"column":57}},"type":"binary-expr","locations":[{"start":{"line":140,"column":21},"end":{"line":140,"column":36}},{"start":{"line":140,"column":40},"end":{"line":140,"column":57}}],"line":140},"16":{"loc":{"start":{"line":141,"column":18},"end":{"line":141,"column":48}},"type":"binary-expr","locations":[{"start":{"line":141,"column":18},"end":{"line":141,"column":30}},{"start":{"line":141,"column":34},"end":{"line":141,"column":48}}],"line":141},"17":{"loc":{"start":{"line":144,"column":4},"end":{"line":146,"column":5}},"type":"if","locations":[{"start":{"line":144,"column":4},"end":{"line":146,"column":5}},{"start":{},"end":{}}],"line":144},"18":{"loc":{"start":{"line":151,"column":4},"end":{"line":157,"column":5}},"type":"if","locations":[{"start":{"line":151,"column":4},"end":{"line":157,"column":5}},{"start":{"line":154,"column":11},"end":{"line":157,"column":5}}],"line":151},"19":{"loc":{"start":{"line":152,"column":31},"end":{"line":152,"column":63}},"type":"cond-expr","locations":[{"start":{"line":152,"column":55},"end":{"line":152,"column":58}},{"start":{"line":152,"column":61},"end":{"line":152,"column":63}}],"line":152},"20":{"loc":{"start":{"line":153,"column":31},"end":{"line":153,"column":65}},"type":"cond-expr","locations":[{"start":{"line":153,"column":55},"end":{"line":153,"column":59}},{"start":{"line":153,"column":62},"end":{"line":153,"column":65}}],"line":153},"21":{"loc":{"start":{"line":159,"column":4},"end":{"line":163,"column":5}},"type":"if","locations":[{"start":{"line":159,"column":4},"end":{"line":163,"column":5}},{"start":{"line":161,"column":11},"end":{"line":163,"column":5}}],"line":159},"22":{"loc":{"start":{"line":159,"column":8},"end":{"line":159,"column":52}},"type":"binary-expr","locations":[{"start":{"line":159,"column":8},"end":{"line":159,"column":29}},{"start":{"line":159,"column":33},"end":{"line":159,"column":52}}],"line":159},"23":{"loc":{"start":{"line":165,"column":4},"end":{"line":167,"column":5}},"type":"if","locations":[{"start":{"line":165,"column":4},"end":{"line":167,"column":5}},{"start":{},"end":{}}],"line":165},"24":{"loc":{"start":{"line":165,"column":8},"end":{"line":165,"column":56}},"type":"binary-expr","locations":[{"start":{"line":165,"column":8},"end":{"line":165,"column":29}},{"start":{"line":165,"column":33},"end":{"line":165,"column":56}}],"line":165},"25":{"loc":{"start":{"line":181,"column":22},"end":{"line":181,"column":73}},"type":"binary-expr","locations":[{"start":{"line":181,"column":22},"end":{"line":181,"column":46}},{"start":{"line":181,"column":50},"end":{"line":181,"column":73}}],"line":181},"26":{"loc":{"start":{"line":188,"column":4},"end":{"line":192,"column":5}},"type":"if","locations":[{"start":{"line":188,"column":4},"end":{"line":192,"column":5}},{"start":{},"end":{}}],"line":188},"27":{"loc":{"start":{"line":195,"column":6},"end":{"line":197,"column":7}},"type":"if","locations":[{"start":{"line":195,"column":6},"end":{"line":197,"column":7}},{"start":{},"end":{}}],"line":195},"28":{"loc":{"start":{"line":221,"column":4},"end":{"line":221,"column":65}},"type":"if","locations":[{"start":{"line":221,"column":4},"end":{"line":221,"column":65}},{"start":{},"end":{}}],"line":221},"29":{"loc":{"start":{"line":221,"column":8},"end":{"line":221,"column":53}},"type":"binary-expr","locations":[{"start":{"line":221,"column":8},"end":{"line":221,"column":17}},{"start":{"line":221,"column":21},"end":{"line":221,"column":31}},{"start":{"line":221,"column":35},"end":{"line":221,"column":53}}],"line":221},"30":{"loc":{"start":{"line":225,"column":4},"end":{"line":453,"column":5}},"type":"switch","locations":[{"start":{"line":227,"column":6},"end":{"line":227,"column":18}},{"start":{"line":228,"column":6},"end":{"line":229,"column":41}},{"start":{"line":231,"column":6},"end":{"line":235,"column":10}},{"start":{"line":237,"column":6},"end":{"line":241,"column":10}},{"start":{"line":243,"column":6},"end":{"line":247,"column":10}},{"start":{"line":249,"column":6},"end":{"line":253,"column":10}},{"start":{"line":255,"column":6},"end":{"line":255,"column":22}},{"start":{"line":256,"column":6},"end":{"line":260,"column":10}},{"start":{"line":262,"column":6},"end":{"line":274,"column":10}},{"start":{"line":276,"column":6},"end":{"line":288,"column":10}},{"start":{"line":290,"column":6},"end":{"line":301,"column":10}},{"start":{"line":304,"column":6},"end":{"line":304,"column":19}},{"start":{"line":305,"column":6},"end":{"line":305,"column":24}},{"start":{"line":306,"column":6},"end":{"line":307,"column":54}},{"start":{"line":309,"column":6},"end":{"line":310,"column":64}},{"start":{"line":312,"column":6},"end":{"line":313,"column":59}},{"start":{"line":315,"column":6},"end":{"line":326,"column":10}},{"start":{"line":328,"column":6},"end":{"line":339,"column":10}},{"start":{"line":342,"column":6},"end":{"line":343,"column":41}},{"start":{"line":345,"column":6},"end":{"line":345,"column":27}},{"start":{"line":346,"column":6},"end":{"line":350,"column":10}},{"start":{"line":352,"column":6},"end":{"line":352,"column":24}},{"start":{"line":353,"column":6},"end":{"line":357,"column":10}},{"start":{"line":359,"column":6},"end":{"line":359,"column":23}},{"start":{"line":360,"column":6},"end":{"line":364,"column":10}},{"start":{"line":366,"column":6},"end":{"line":378,"column":10}},{"start":{"line":380,"column":6},"end":{"line":392,"column":10}},{"start":{"line":394,"column":6},"end":{"line":405,"column":10}},{"start":{"line":408,"column":6},"end":{"line":409,"column":41}},{"start":{"line":411,"column":6},"end":{"line":422,"column":10}},{"start":{"line":424,"column":6},"end":{"line":435,"column":10}},{"start":{"line":437,"column":6},"end":{"line":449,"column":10}},{"start":{"line":451,"column":6},"end":{"line":452,"column":41}}],"line":225},"31":{"loc":{"start":{"line":491,"column":4},"end":{"line":491,"column":13}},"type":"default-arg","locations":[{"start":{"line":491,"column":12},"end":{"line":491,"column":13}}],"line":491},"32":{"loc":{"start":{"line":492,"column":4},"end":{"line":492,"column":19}},"type":"default-arg","locations":[{"start":{"line":492,"column":15},"end":{"line":492,"column":19}}],"line":492},"33":{"loc":{"start":{"line":493,"column":4},"end":{"line":493,"column":14}},"type":"default-arg","locations":[{"start":{"line":493,"column":12},"end":{"line":493,"column":14}}],"line":493},"34":{"loc":{"start":{"line":494,"column":4},"end":{"line":494,"column":18}},"type":"default-arg","locations":[{"start":{"line":494,"column":13},"end":{"line":494,"column":18}}],"line":494},"35":{"loc":{"start":{"line":504,"column":8},"end":{"line":506,"column":9}},"type":"if","locations":[{"start":{"line":504,"column":8},"end":{"line":506,"column":9}},{"start":{},"end":{}}],"line":504},"36":{"loc":{"start":{"line":504,"column":12},"end":{"line":504,"column":64}},"type":"binary-expr","locations":[{"start":{"line":504,"column":12},"end":{"line":504,"column":36}},{"start":{"line":504,"column":40},"end":{"line":504,"column":64}}],"line":504},"37":{"loc":{"start":{"line":507,"column":8},"end":{"line":509,"column":9}},"type":"if","locations":[{"start":{"line":507,"column":8},"end":{"line":509,"column":9}},{"start":{},"end":{}}],"line":507},"38":{"loc":{"start":{"line":510,"column":8},"end":{"line":512,"column":9}},"type":"if","locations":[{"start":{"line":510,"column":8},"end":{"line":512,"column":9}},{"start":{},"end":{}}],"line":510},"39":{"loc":{"start":{"line":531,"column":8},"end":{"line":531,"column":31}},"type":"if","locations":[{"start":{"line":531,"column":8},"end":{"line":531,"column":31}},{"start":{},"end":{}}],"line":531},"40":{"loc":{"start":{"line":532,"column":8},"end":{"line":535,"column":9}},"type":"if","locations":[{"start":{"line":532,"column":8},"end":{"line":535,"column":9}},{"start":{},"end":{}}],"line":532},"41":{"loc":{"start":{"line":552,"column":6},"end":{"line":552,"column":35}},"type":"if","locations":[{"start":{"line":552,"column":6},"end":{"line":552,"column":35}},{"start":{},"end":{}}],"line":552},"42":{"loc":{"start":{"line":553,"column":6},"end":{"line":561,"column":7}},"type":"if","locations":[{"start":{"line":553,"column":6},"end":{"line":561,"column":7}},{"start":{"line":559,"column":13},"end":{"line":561,"column":7}}],"line":553},"43":{"loc":{"start":{"line":555,"column":10},"end":{"line":557,"column":11}},"type":"if","locations":[{"start":{"line":555,"column":10},"end":{"line":557,"column":11}},{"start":{},"end":{}}],"line":555},"44":{"loc":{"start":{"line":555,"column":14},"end":{"line":555,"column":56}},"type":"binary-expr","locations":[{"start":{"line":555,"column":14},"end":{"line":555,"column":15}},{"start":{"line":555,"column":19},"end":{"line":555,"column":40}},{"start":{"line":555,"column":44},"end":{"line":555,"column":56}}],"line":555},"45":{"loc":{"start":{"line":559,"column":13},"end":{"line":561,"column":7}},"type":"if","locations":[{"start":{"line":559,"column":13},"end":{"line":561,"column":7}},{"start":{},"end":{}}],"line":559},"46":{"loc":{"start":{"line":559,"column":17},"end":{"line":559,"column":71}},"type":"binary-expr","locations":[{"start":{"line":559,"column":17},"end":{"line":559,"column":22}},{"start":{"line":559,"column":26},"end":{"line":559,"column":51}},{"start":{"line":559,"column":55},"end":{"line":559,"column":71}}],"line":559},"47":{"loc":{"start":{"line":574,"column":9},"end":{"line":574,"column":75}},"type":"binary-expr","locations":[{"start":{"line":574,"column":9},"end":{"line":574,"column":15}},{"start":{"line":574,"column":19},"end":{"line":574,"column":26}},{"start":{"line":574,"column":30},"end":{"line":574,"column":75}}],"line":574},"48":{"loc":{"start":{"line":597,"column":4},"end":{"line":597,"column":28}},"type":"default-arg","locations":[{"start":{"line":597,"column":17},"end":{"line":597,"column":28}}],"line":597},"49":{"loc":{"start":{"line":598,"column":4},"end":{"line":598,"column":30}},"type":"default-arg","locations":[{"start":{"line":598,"column":19},"end":{"line":598,"column":30}}],"line":598},"50":{"loc":{"start":{"line":621,"column":6},"end":{"line":624,"column":7}},"type":"if","locations":[{"start":{"line":621,"column":6},"end":{"line":624,"column":7}},{"start":{},"end":{}}],"line":621},"51":{"loc":{"start":{"line":625,"column":6},"end":{"line":629,"column":7}},"type":"if","locations":[{"start":{"line":625,"column":6},"end":{"line":629,"column":7}},{"start":{"line":627,"column":13},"end":{"line":629,"column":7}}],"line":625},"52":{"loc":{"start":{"line":634,"column":19},"end":{"line":634,"column":58}},"type":"cond-expr","locations":[{"start":{"line":634,"column":42},"end":{"line":634,"column":50}},{"start":{"line":634,"column":53},"end":{"line":634,"column":58}}],"line":634},"53":{"loc":{"start":{"line":635,"column":13},"end":{"line":635,"column":42}},"type":"binary-expr","locations":[{"start":{"line":635,"column":13},"end":{"line":635,"column":36}},{"start":{"line":635,"column":40},"end":{"line":635,"column":42}}],"line":635},"54":{"loc":{"start":{"line":642,"column":9},"end":{"line":651,"column":9}},"type":"binary-expr","locations":[{"start":{"line":642,"column":9},"end":{"line":642,"column":20}},{"start":{"line":643,"column":10},"end":{"line":650,"column":17}}],"line":642},"55":{"loc":{"start":{"line":655,"column":25},"end":{"line":655,"column":58}},"type":"cond-expr","locations":[{"start":{"line":655,"column":38},"end":{"line":655,"column":47}},{"start":{"line":655,"column":50},"end":{"line":655,"column":58}}],"line":655},"56":{"loc":{"start":{"line":662,"column":9},"end":{"line":677,"column":9}},"type":"binary-expr","locations":[{"start":{"line":662,"column":9},"end":{"line":662,"column":20}},{"start":{"line":663,"column":10},"end":{"line":676,"column":17}}],"line":662},"57":{"loc":{"start":{"line":675,"column":13},"end":{"line":675,"column":51}},"type":"cond-expr","locations":[{"start":{"line":675,"column":26},"end":{"line":675,"column":38}},{"start":{"line":675,"column":41},"end":{"line":675,"column":51}}],"line":675},"58":{"loc":{"start":{"line":694,"column":20},"end":{"line":694,"column":51}},"type":"binary-expr","locations":[{"start":{"line":694,"column":20},"end":{"line":694,"column":45}},{"start":{"line":694,"column":49},"end":{"line":694,"column":51}}],"line":694},"59":{"loc":{"start":{"line":706,"column":4},"end":{"line":710,"column":5}},"type":"if","locations":[{"start":{"line":706,"column":4},"end":{"line":710,"column":5}},{"start":{"line":708,"column":11},"end":{"line":710,"column":5}}],"line":706},"60":{"loc":{"start":{"line":717,"column":15},"end":{"line":717,"column":30}},"type":"default-arg","locations":[{"start":{"line":717,"column":26},"end":{"line":717,"column":30}}],"line":717},"61":{"loc":{"start":{"line":717,"column":32},"end":{"line":717,"column":41}},"type":"default-arg","locations":[{"start":{"line":717,"column":40},"end":{"line":717,"column":41}}],"line":717},"62":{"loc":{"start":{"line":720,"column":8},"end":{"line":722,"column":9}},"type":"if","locations":[{"start":{"line":720,"column":8},"end":{"line":722,"column":9}},{"start":{},"end":{}}],"line":720},"63":{"loc":{"start":{"line":720,"column":12},"end":{"line":720,"column":64}},"type":"binary-expr","locations":[{"start":{"line":720,"column":12},"end":{"line":720,"column":36}},{"start":{"line":720,"column":40},"end":{"line":720,"column":64}}],"line":720},"64":{"loc":{"start":{"line":723,"column":8},"end":{"line":725,"column":9}},"type":"if","locations":[{"start":{"line":723,"column":8},"end":{"line":725,"column":9}},{"start":{},"end":{}}],"line":723},"65":{"loc":{"start":{"line":726,"column":8},"end":{"line":728,"column":9}},"type":"if","locations":[{"start":{"line":726,"column":8},"end":{"line":728,"column":9}},{"start":{},"end":{}}],"line":726},"66":{"loc":{"start":{"line":745,"column":4},"end":{"line":748,"column":5}},"type":"if","locations":[{"start":{"line":745,"column":4},"end":{"line":748,"column":5}},{"start":{},"end":{}}],"line":745},"67":{"loc":{"start":{"line":745,"column":8},"end":{"line":745,"column":94}},"type":"binary-expr","locations":[{"start":{"line":745,"column":8},"end":{"line":745,"column":36}},{"start":{"line":745,"column":40},"end":{"line":745,"column":94}}],"line":745},"68":{"loc":{"start":{"line":770,"column":30},"end":{"line":770,"column":64}},"type":"binary-expr","locations":[{"start":{"line":770,"column":30},"end":{"line":770,"column":58}},{"start":{"line":770,"column":62},"end":{"line":770,"column":64}}],"line":770},"69":{"loc":{"start":{"line":820,"column":14},"end":{"line":824,"column":32}},"type":"cond-expr","locations":[{"start":{"line":821,"column":18},"end":{"line":821,"column":26}},{"start":{"line":822,"column":18},"end":{"line":824,"column":32}}],"line":820},"70":{"loc":{"start":{"line":822,"column":18},"end":{"line":824,"column":32}},"type":"cond-expr","locations":[{"start":{"line":823,"column":20},"end":{"line":823,"column":30}},{"start":{"line":824,"column":20},"end":{"line":824,"column":32}}],"line":822},"71":{"loc":{"start":{"line":833,"column":15},"end":{"line":833,"column":45}},"type":"cond-expr","locations":[{"start":{"line":833,"column":30},"end":{"line":833,"column":38}},{"start":{"line":833,"column":41},"end":{"line":833,"column":45}}],"line":833},"72":{"loc":{"start":{"line":848,"column":8},"end":{"line":848,"column":25}},"type":"default-arg","locations":[{"start":{"line":848,"column":18},"end":{"line":848,"column":25}}],"line":848},"73":{"loc":{"start":{"line":855,"column":8},"end":{"line":855,"column":22}},"type":"default-arg","locations":[{"start":{"line":855,"column":17},"end":{"line":855,"column":22}}],"line":855},"74":{"loc":{"start":{"line":856,"column":8},"end":{"line":856,"column":24}},"type":"default-arg","locations":[{"start":{"line":856,"column":19},"end":{"line":856,"column":24}}],"line":856},"75":{"loc":{"start":{"line":857,"column":8},"end":{"line":857,"column":22}},"type":"default-arg","locations":[{"start":{"line":857,"column":17},"end":{"line":857,"column":22}}],"line":857},"76":{"loc":{"start":{"line":858,"column":8},"end":{"line":858,"column":24}},"type":"default-arg","locations":[{"start":{"line":858,"column":19},"end":{"line":858,"column":24}}],"line":858},"77":{"loc":{"start":{"line":860,"column":8},"end":{"line":860,"column":26}},"type":"default-arg","locations":[{"start":{"line":860,"column":25},"end":{"line":860,"column":26}}],"line":860},"78":{"loc":{"start":{"line":861,"column":8},"end":{"line":861,"column":32}},"type":"default-arg","locations":[{"start":{"line":861,"column":28},"end":{"line":861,"column":32}}],"line":861},"79":{"loc":{"start":{"line":862,"column":8},"end":{"line":862,"column":27}},"type":"default-arg","locations":[{"start":{"line":862,"column":25},"end":{"line":862,"column":27}}],"line":862},"80":{"loc":{"start":{"line":863,"column":8},"end":{"line":863,"column":22}},"type":"default-arg","locations":[{"start":{"line":863,"column":17},"end":{"line":863,"column":22}}],"line":863},"81":{"loc":{"start":{"line":865,"column":8},"end":{"line":865,"column":26}},"type":"default-arg","locations":[{"start":{"line":865,"column":20},"end":{"line":865,"column":26}}],"line":865},"82":{"loc":{"start":{"line":866,"column":8},"end":{"line":866,"column":25}},"type":"default-arg","locations":[{"start":{"line":866,"column":21},"end":{"line":866,"column":25}}],"line":866},"83":{"loc":{"start":{"line":869,"column":8},"end":{"line":869,"column":37}},"type":"default-arg","locations":[{"start":{"line":869,"column":28},"end":{"line":869,"column":37}}],"line":869},"84":{"loc":{"start":{"line":917,"column":26},"end":{"line":917,"column":75}},"type":"cond-expr","locations":[{"start":{"line":917,"column":56},"end":{"line":917,"column":63}},{"start":{"line":917,"column":66},"end":{"line":917,"column":75}}],"line":917},"85":{"loc":{"start":{"line":921,"column":31},"end":{"line":921,"column":87}},"type":"binary-expr","locations":[{"start":{"line":921,"column":31},"end":{"line":921,"column":39}},{"start":{"line":921,"column":44},"end":{"line":921,"column":53}},{"start":{"line":921,"column":57},"end":{"line":921,"column":86}}],"line":921},"86":{"loc":{"start":{"line":923,"column":8},"end":{"line":923,"column":74}},"type":"if","locations":[{"start":{"line":923,"column":8},"end":{"line":923,"column":74}},{"start":{},"end":{}}],"line":923},"87":{"loc":{"start":{"line":923,"column":12},"end":{"line":923,"column":55}},"type":"binary-expr","locations":[{"start":{"line":923,"column":12},"end":{"line":923,"column":22}},{"start":{"line":923,"column":26},"end":{"line":923,"column":55}}],"line":923},"88":{"loc":{"start":{"line":924,"column":8},"end":{"line":924,"column":60}},"type":"if","locations":[{"start":{"line":924,"column":8},"end":{"line":924,"column":60}},{"start":{},"end":{}}],"line":924},"89":{"loc":{"start":{"line":925,"column":8},"end":{"line":925,"column":65}},"type":"if","locations":[{"start":{"line":925,"column":8},"end":{"line":925,"column":65}},{"start":{},"end":{}}],"line":925},"90":{"loc":{"start":{"line":929,"column":27},"end":{"line":929,"column":74}},"type":"binary-expr","locations":[{"start":{"line":929,"column":27},"end":{"line":929,"column":40}},{"start":{"line":929,"column":44},"end":{"line":929,"column":74}}],"line":929},"91":{"loc":{"start":{"line":930,"column":21},"end":{"line":930,"column":62}},"type":"binary-expr","locations":[{"start":{"line":930,"column":21},"end":{"line":930,"column":34}},{"start":{"line":930,"column":38},"end":{"line":930,"column":62}}],"line":930},"92":{"loc":{"start":{"line":934,"column":10},"end":{"line":934,"column":88}},"type":"if","locations":[{"start":{"line":934,"column":10},"end":{"line":934,"column":88}},{"start":{},"end":{}}],"line":934},"93":{"loc":{"start":{"line":934,"column":14},"end":{"line":934,"column":66}},"type":"binary-expr","locations":[{"start":{"line":934,"column":14},"end":{"line":934,"column":38}},{"start":{"line":934,"column":42},"end":{"line":934,"column":66}}],"line":934},"94":{"loc":{"start":{"line":935,"column":10},"end":{"line":935,"column":82}},"type":"if","locations":[{"start":{"line":935,"column":10},"end":{"line":935,"column":82}},{"start":{},"end":{}}],"line":935},"95":{"loc":{"start":{"line":936,"column":10},"end":{"line":936,"column":73}},"type":"if","locations":[{"start":{"line":936,"column":10},"end":{"line":936,"column":73}},{"start":{},"end":{}}],"line":936},"96":{"loc":{"start":{"line":946,"column":8},"end":{"line":946,"column":69}},"type":"if","locations":[{"start":{"line":946,"column":8},"end":{"line":946,"column":69}},{"start":{},"end":{}}],"line":946},"97":{"loc":{"start":{"line":956,"column":26},"end":{"line":956,"column":50}},"type":"binary-expr","locations":[{"start":{"line":956,"column":26},"end":{"line":956,"column":32}},{"start":{"line":956,"column":36},"end":{"line":956,"column":50}}],"line":956},"98":{"loc":{"start":{"line":958,"column":8},"end":{"line":958,"column":61}},"type":"binary-expr","locations":[{"start":{"line":958,"column":8},"end":{"line":958,"column":35}},{"start":{"line":958,"column":39},"end":{"line":958,"column":61}}],"line":958},"99":{"loc":{"start":{"line":961,"column":8},"end":{"line":961,"column":59}},"type":"binary-expr","locations":[{"start":{"line":961,"column":8},"end":{"line":961,"column":33}},{"start":{"line":961,"column":37},"end":{"line":961,"column":59}}],"line":961},"100":{"loc":{"start":{"line":963,"column":8},"end":{"line":965,"column":44}},"type":"cond-expr","locations":[{"start":{"line":964,"column":12},"end":{"line":964,"column":36}},{"start":{"line":965,"column":12},"end":{"line":965,"column":44}}],"line":963},"101":{"loc":{"start":{"line":965,"column":12},"end":{"line":965,"column":44}},"type":"binary-expr","locations":[{"start":{"line":965,"column":12},"end":{"line":965,"column":16}},{"start":{"line":965,"column":20},"end":{"line":965,"column":44}}],"line":965},"102":{"loc":{"start":{"line":968,"column":8},"end":{"line":968,"column":35}},"type":"cond-expr","locations":[{"start":{"line":968,"column":21},"end":{"line":968,"column":23}},{"start":{"line":968,"column":26},"end":{"line":968,"column":35}}],"line":968},"103":{"loc":{"start":{"line":969,"column":8},"end":{"line":969,"column":35}},"type":"cond-expr","locations":[{"start":{"line":969,"column":21},"end":{"line":969,"column":23}},{"start":{"line":969,"column":26},"end":{"line":969,"column":35}}],"line":969},"104":{"loc":{"start":{"line":973,"column":31},"end":{"line":973,"column":79}},"type":"binary-expr","locations":[{"start":{"line":973,"column":31},"end":{"line":973,"column":57}},{"start":{"line":973,"column":61},"end":{"line":973,"column":79}}],"line":973},"105":{"loc":{"start":{"line":982,"column":8},"end":{"line":982,"column":57}},"type":"if","locations":[{"start":{"line":982,"column":8},"end":{"line":982,"column":57}},{"start":{},"end":{}}],"line":982},"106":{"loc":{"start":{"line":983,"column":8},"end":{"line":985,"column":9}},"type":"if","locations":[{"start":{"line":983,"column":8},"end":{"line":985,"column":9}},{"start":{},"end":{}}],"line":983},"107":{"loc":{"start":{"line":990,"column":8},"end":{"line":990,"column":51}},"type":"if","locations":[{"start":{"line":990,"column":8},"end":{"line":990,"column":51}},{"start":{},"end":{}}],"line":990},"108":{"loc":{"start":{"line":998,"column":20},"end":{"line":998,"column":66}},"type":"cond-expr","locations":[{"start":{"line":998,"column":33},"end":{"line":998,"column":51}},{"start":{"line":998,"column":54},"end":{"line":998,"column":66}}],"line":998},"109":{"loc":{"start":{"line":1001,"column":22},"end":{"line":1001,"column":58}},"type":"binary-expr","locations":[{"start":{"line":1001,"column":22},"end":{"line":1001,"column":28}},{"start":{"line":1001,"column":32},"end":{"line":1001,"column":58}}],"line":1001},"110":{"loc":{"start":{"line":1002,"column":25},"end":{"line":1002,"column":67}},"type":"binary-expr","locations":[{"start":{"line":1002,"column":25},"end":{"line":1002,"column":34}},{"start":{"line":1002,"column":38},"end":{"line":1002,"column":67}}],"line":1002},"111":{"loc":{"start":{"line":1004,"column":21},"end":{"line":1004,"column":49}},"type":"cond-expr","locations":[{"start":{"line":1004,"column":30},"end":{"line":1004,"column":38}},{"start":{"line":1004,"column":41},"end":{"line":1004,"column":49}}],"line":1004},"112":{"loc":{"start":{"line":1006,"column":21},"end":{"line":1006,"column":74}},"type":"binary-expr","locations":[{"start":{"line":1006,"column":21},"end":{"line":1006,"column":26}},{"start":{"line":1006,"column":31},"end":{"line":1006,"column":73}}],"line":1006},"113":{"loc":{"start":{"line":1006,"column":31},"end":{"line":1006,"column":73}},"type":"cond-expr","locations":[{"start":{"line":1006,"column":57},"end":{"line":1006,"column":64}},{"start":{"line":1006,"column":67},"end":{"line":1006,"column":73}}],"line":1006},"114":{"loc":{"start":{"line":1009,"column":8},"end":{"line":1015,"column":9}},"type":"if","locations":[{"start":{"line":1009,"column":8},"end":{"line":1015,"column":9}},{"start":{},"end":{}}],"line":1009},"115":{"loc":{"start":{"line":1063,"column":12},"end":{"line":1067,"column":31}},"type":"cond-expr","locations":[{"start":{"line":1064,"column":16},"end":{"line":1064,"column":24}},{"start":{"line":1065,"column":16},"end":{"line":1067,"column":31}}],"line":1063},"116":{"loc":{"start":{"line":1065,"column":16},"end":{"line":1067,"column":31}},"type":"cond-expr","locations":[{"start":{"line":1066,"column":18},"end":{"line":1066,"column":19}},{"start":{"line":1067,"column":18},"end":{"line":1067,"column":31}}],"line":1065},"117":{"loc":{"start":{"line":1068,"column":25},"end":{"line":1068,"column":75}},"type":"cond-expr","locations":[{"start":{"line":1068,"column":36},"end":{"line":1068,"column":59}},{"start":{"line":1068,"column":62},"end":{"line":1068,"column":75}}],"line":1068},"118":{"loc":{"start":{"line":1068,"column":36},"end":{"line":1068,"column":59}},"type":"binary-expr","locations":[{"start":{"line":1068,"column":36},"end":{"line":1068,"column":49}},{"start":{"line":1068,"column":53},"end":{"line":1068,"column":59}}],"line":1068},"119":{"loc":{"start":{"line":1070,"column":33},"end":{"line":1070,"column":59}},"type":"binary-expr","locations":[{"start":{"line":1070,"column":33},"end":{"line":1070,"column":54}},{"start":{"line":1070,"column":58},"end":{"line":1070,"column":59}}],"line":1070},"120":{"loc":{"start":{"line":1077,"column":18},"end":{"line":1077,"column":48}},"type":"binary-expr","locations":[{"start":{"line":1077,"column":18},"end":{"line":1077,"column":24}},{"start":{"line":1077,"column":28},"end":{"line":1077,"column":48}}],"line":1077},"121":{"loc":{"start":{"line":1092,"column":30},"end":{"line":1092,"column":57}},"type":"cond-expr","locations":[{"start":{"line":1092,"column":40},"end":{"line":1092,"column":48}},{"start":{"line":1092,"column":51},"end":{"line":1092,"column":57}}],"line":1092},"122":{"loc":{"start":{"line":1131,"column":31},"end":{"line":1131,"column":57}},"type":"binary-expr","locations":[{"start":{"line":1131,"column":31},"end":{"line":1131,"column":40}},{"start":{"line":1131,"column":44},"end":{"line":1131,"column":57}}],"line":1131},"123":{"loc":{"start":{"line":1132,"column":30},"end":{"line":1132,"column":76}},"type":"cond-expr","locations":[{"start":{"line":1132,"column":62},"end":{"line":1132,"column":71}},{"start":{"line":1132,"column":74},"end":{"line":1132,"column":76}}],"line":1132},"124":{"loc":{"start":{"line":1133,"column":25},"end":{"line":1133,"column":64}},"type":"binary-expr","locations":[{"start":{"line":1133,"column":25},"end":{"line":1133,"column":46}},{"start":{"line":1133,"column":50},"end":{"line":1133,"column":64}}],"line":1133},"125":{"loc":{"start":{"line":1134,"column":28},"end":{"line":1134,"column":73}},"type":"binary-expr","locations":[{"start":{"line":1134,"column":28},"end":{"line":1134,"column":52}},{"start":{"line":1134,"column":56},"end":{"line":1134,"column":73}}],"line":1134},"126":{"loc":{"start":{"line":1135,"column":25},"end":{"line":1135,"column":64}},"type":"binary-expr","locations":[{"start":{"line":1135,"column":25},"end":{"line":1135,"column":46}},{"start":{"line":1135,"column":50},"end":{"line":1135,"column":64}}],"line":1135},"127":{"loc":{"start":{"line":1144,"column":8},"end":{"line":1147,"column":9}},"type":"if","locations":[{"start":{"line":1144,"column":8},"end":{"line":1147,"column":9}},{"start":{},"end":{}}],"line":1144},"128":{"loc":{"start":{"line":1144,"column":12},"end":{"line":1144,"column":70}},"type":"binary-expr","locations":[{"start":{"line":1144,"column":12},"end":{"line":1144,"column":25}},{"start":{"line":1144,"column":29},"end":{"line":1144,"column":42}},{"start":{"line":1144,"column":46},"end":{"line":1144,"column":70}}],"line":1144},"129":{"loc":{"start":{"line":1151,"column":6},"end":{"line":1173,"column":7}},"type":"if","locations":[{"start":{"line":1151,"column":6},"end":{"line":1173,"column":7}},{"start":{},"end":{}}],"line":1151},"130":{"loc":{"start":{"line":1154,"column":13},"end":{"line":1161,"column":13}},"type":"binary-expr","locations":[{"start":{"line":1154,"column":13},"end":{"line":1154,"column":25}},{"start":{"line":1155,"column":14},"end":{"line":1160,"column":16}}],"line":1154},"131":{"loc":{"start":{"line":1175,"column":6},"end":{"line":1195,"column":7}},"type":"if","locations":[{"start":{"line":1175,"column":6},"end":{"line":1195,"column":7}},{"start":{},"end":{}}],"line":1175},"132":{"loc":{"start":{"line":1178,"column":13},"end":{"line":1185,"column":13}},"type":"binary-expr","locations":[{"start":{"line":1178,"column":13},"end":{"line":1178,"column":25}},{"start":{"line":1179,"column":14},"end":{"line":1184,"column":16}}],"line":1178},"133":{"loc":{"start":{"line":1197,"column":6},"end":{"line":1216,"column":7}},"type":"if","locations":[{"start":{"line":1197,"column":6},"end":{"line":1216,"column":7}},{"start":{},"end":{}}],"line":1197},"134":{"loc":{"start":{"line":1219,"column":11},"end":{"line":1219,"column":63}},"type":"binary-expr","locations":[{"start":{"line":1219,"column":11},"end":{"line":1219,"column":21}},{"start":{"line":1219,"column":25},"end":{"line":1219,"column":37}},{"start":{"line":1219,"column":41},"end":{"line":1219,"column":49}},{"start":{"line":1219,"column":53},"end":{"line":1219,"column":63}}],"line":1219},"135":{"loc":{"start":{"line":1221,"column":6},"end":{"line":1236,"column":7}},"type":"if","locations":[{"start":{"line":1221,"column":6},"end":{"line":1236,"column":7}},{"start":{},"end":{}}],"line":1221},"136":{"loc":{"start":{"line":1221,"column":10},"end":{"line":1221,"column":58}},"type":"binary-expr","locations":[{"start":{"line":1221,"column":11},"end":{"line":1221,"column":19}},{"start":{"line":1221,"column":23},"end":{"line":1221,"column":36}},{"start":{"line":1221,"column":41},"end":{"line":1221,"column":58}}],"line":1221},"137":{"loc":{"start":{"line":1225,"column":14},"end":{"line":1225,"column":74}},"type":"cond-expr","locations":[{"start":{"line":1225,"column":45},"end":{"line":1225,"column":53}},{"start":{"line":1225,"column":56},"end":{"line":1225,"column":74}}],"line":1225},"138":{"loc":{"start":{"line":1225,"column":56},"end":{"line":1225,"column":74}},"type":"binary-expr","locations":[{"start":{"line":1225,"column":56},"end":{"line":1225,"column":69}},{"start":{"line":1225,"column":73},"end":{"line":1225,"column":74}}],"line":1225},"139":{"loc":{"start":{"line":1242,"column":15},"end":{"line":1244,"column":68}},"type":"cond-expr","locations":[{"start":{"line":1243,"column":14},"end":{"line":1243,"column":16}},{"start":{"line":1244,"column":14},"end":{"line":1244,"column":68}}],"line":1242},"140":{"loc":{"start":{"line":1303,"column":15},"end":{"line":1305,"column":38}},"type":"cond-expr","locations":[{"start":{"line":1304,"column":14},"end":{"line":1304,"column":39}},{"start":{"line":1305,"column":14},"end":{"line":1305,"column":38}}],"line":1303}},"s":{"0":5,"1":5,"2":0,"3":0,"4":0,"5":0,"6":0,"7":0,"8":0,"9":0,"10":0,"11":0,"12":0,"13":0,"14":0,"15":0,"16":0,"17":0,"18":0,"19":0,"20":0,"21":0,"22":0,"23":0,"24":0,"25":0,"26":0,"27":0,"28":0,"29":0,"30":0,"31":0,"32":0,"33":0,"34":0,"35":0,"36":0,"37":0,"38":0,"39":0,"40":0,"41":0,"42":0,"43":0,"44":0,"45":0,"46":0,"47":0,"48":0,"49":0,"50":0,"51":0,"52":0,"53":0,"54":0,"55":0,"56":0,"57":0,"58":0,"59":0,"60":0,"61":0,"62":0,"63":0,"64":0,"65":0,"66":0,"67":0,"68":0,"69":0,"70":0,"71":0,"72":0,"73":0,"74":0,"75":0,"76":0,"77":0,"78":0,"79":0,"80":0,"81":0,"82":0,"83":0,"84":0,"85":0,"86":0,"87":0,"88":0,"89":0,"90":5,"91":16,"92":16,"93":16,"94":9,"95":9,"96":9,"97":0,"98":0,"99":0,"100":0,"101":0,"102":9,"103":16,"104":9,"105":9,"106":9,"107":9,"108":9,"109":26,"110":0,"111":26,"112":4,"113":4,"114":22,"115":22,"116":22,"117":9,"118":9,"119":9,"120":9,"121":9,"122":16,"123":4,"124":0,"125":4,"126":0,"127":0,"128":0,"129":4,"130":4,"131":0,"132":16,"133":5,"134":0,"135":0,"136":0,"137":0,"138":0,"139":0,"140":0,"141":0,"142":0,"143":0,"144":0,"145":0,"146":0,"147":0,"148":0,"149":0,"150":0,"151":0,"152":0,"153":0,"154":5,"155":4,"156":4,"157":4,"158":4,"159":4,"160":36,"161":32,"162":4,"163":4,"164":5,"165":6,"166":6,"167":6,"168":6,"169":0,"170":0,"171":0,"172":0,"173":0,"174":6,"175":6,"176":6,"177":6,"178":6,"179":6,"180":6,"181":6,"182":6,"183":6,"184":56,"185":6,"186":6,"187":56,"188":56,"189":6,"190":6,"191":6,"192":6,"193":6,"194":6,"195":6,"196":56,"197":56,"198":6,"199":6,"200":6,"201":56,"202":6,"203":4,"204":6,"205":56,"206":5,"207":44,"208":44,"209":44,"210":44,"211":44,"212":44,"213":44,"214":29,"215":15,"216":0,"217":15,"218":15,"219":0,"220":44,"221":44,"222":44,"223":44,"224":44,"225":81,"226":53,"227":28,"228":14,"229":14,"230":14,"231":0,"232":44,"233":44,"234":44,"235":44,"236":44,"237":44,"238":0,"239":44,"240":44,"241":44,"242":44,"243":44,"244":44,"245":44,"246":37,"247":37,"248":44,"249":37,"250":36,"251":1,"252":0,"253":1,"254":44,"255":37,"256":0,"257":37,"258":44,"259":37,"260":37,"261":0,"262":37,"263":44,"264":37,"265":44,"266":37,"267":44,"268":44,"269":44,"270":44,"271":0,"272":44,"273":0,"274":44,"275":44,"276":44,"277":44,"278":44,"279":44,"280":44,"281":44,"282":44,"283":37,"284":8,"285":8,"286":44,"287":9,"288":35,"289":6,"290":29,"291":0,"292":29,"293":29,"294":0,"295":29,"296":5,"297":0,"298":0,"299":5,"300":5,"301":5,"302":1,"303":5,"304":0,"305":5,"306":0,"307":5,"308":0,"309":5,"310":0,"311":5,"312":0,"313":5,"314":0,"315":5,"316":0,"317":5,"318":1,"319":5,"320":1,"321":5,"322":0,"323":5,"324":0,"325":5,"326":0,"327":5,"328":0,"329":5,"330":0,"331":5,"332":0,"333":5,"334":0,"335":5,"336":0,"337":5,"338":0,"339":5,"340":0,"341":5,"342":0,"343":5,"344":0,"345":5,"346":0,"347":5,"348":0,"349":5,"350":0,"351":5,"352":0,"353":5},"f":{"0":0,"1":0,"2":0,"3":0,"4":0,"5":16,"6":9,"7":9,"8":9,"9":26,"10":9,"11":4,"12":0,"13":0,"14":0,"15":0,"16":0,"17":0,"18":4,"19":36,"20":6,"21":6,"22":6,"23":6,"24":56,"25":6,"26":56,"27":6,"28":56,"29":6,"30":56,"31":4,"32":56,"33":44,"34":44,"35":44,"36":81,"37":44,"38":37,"39":37,"40":37,"41":37,"42":37,"43":37,"44":44,"45":0,"46":0,"47":37,"48":0,"49":1,"50":0,"51":0,"52":0,"53":0,"54":0,"55":0,"56":0,"57":1,"58":1,"59":0,"60":0,"61":0,"62":0,"63":0,"64":0,"65":0,"66":0,"67":0,"68":0,"69":0,"70":0,"71":0,"72":0,"73":0,"74":0},"b":{"0":[0],"1":[0],"2":[0],"3":[0],"4":[0,0],"5":[0,0],"6":[0,0],"7":[0,0],"8":[0,0],"9":[0,0],"10":[0,0],"11":[0,0,0],"12":[0,0],"13":[0,0],"14":[0,0],"15":[0,0],"16":[0,0],"17":[0,0],"18":[0,0],"19":[0,0],"20":[0,0],"21":[0,0],"22":[0,0],"23":[0,0],"24":[0,0],"25":[0,0],"26":[0,0],"27":[0,0],"28":[0,0],"29":[0,0,0],"30":[0,0,0,0,0,0,0,0,0,0,0,0,0,0,0,0,0,0,0,0,0,0,0,0,0,0,0,0,0,0,0,0,0],"31":[0],"32":[0],"33":[0],"34":[0],"35":[9,0],"36":[9,0],"37":[0,0],"38":[0,0],"39":[0,26],"40":[4,22],"41":[0,4],"42":[0,4],"43":[0,0],"44":[0,0,0],"45":[4,0],"46":[4,4,4],"47":[16,0,0],"48":[0],"49":[0],"50":[0,0],"51":[0,0],"52":[0,0],"53":[0,0],"54":[0,0],"55":[0,0],"56":[0,0],"57":[0,0],"58":[4,0],"59":[32,4],"60":[0],"61":[0],"62":[6,0],"63":[6,0],"64":[0,0],"65":[0,0],"66":[6,0],"67":[6,4],"68":[56,0],"69":[0,6],"70":[0,6],"71":[6,50],"72":[38],"73":[43],"74":[44],"75":[44],"76":[29],"77":[44],"78":[44],"79":[44],"80":[44],"81":[44],"82":[42],"83":[44],"84":[0,44],"85":[44,29,0],"86":[29,15],"87":[44,15],"88":[0,15],"89":[15,0],"90":[44,15],"91":[44,15],"92":[53,28],"93":[81,28],"94":[14,14],"95":[14,0],"96":[44,0],"97":[44,44],"98":[44,0],"99":[44,0],"100":[0,44],"101":[44,43],"102":[43,1],"103":[43,1],"104":[37,0],"105":[36,1],"106":[0,1],"107":[0,37],"108":[36,1],"109":[37,36],"110":[37,37],"111":[1,36],"112":[37,36],"113":[0,36],"114":[0,37],"115":[0,44],"116":[0,44],"117":[0,44],"118":[0,0],"119":[44,44],"120":[44,40],"121":[0,44],"122":[44,44],"123":[15,29],"124":[44,44],"125":[44,44],"126":[44,44],"127":[8,29],"128":[37,8,8],"129":[9,35],"130":[9,0],"131":[6,29],"132":[6,0],"133":[0,29],"134":[29,29,29,29],"135":[0,29],"136":[29,29,2],"137":[0,0],"138":[0,0],"139":[29,0],"140":[0,0]},"_coverageSchema":"1a1c01bbd47fc00a2c39e90264f33305004495a9","hash":"03dd241d06cde0fe8446648c260fb3c2d6b1076b"}
[...]
,"/Users/ganeshjayaprakash/WorkSpace/Mine/npm_plugin/Text/react-native-apptext/src/types.ts": {"path":"/Users/ganeshjayaprakash/WorkSpace/Mine/npm_plugin/Text/react-native-apptext/src/types.ts","statementMap":{"0":{"start":{"line":424,"column":29},"end":{"line":424,"column":75}}},"fnMap":{},"branchMap":{},"s":{"0":7},"f":{},"b":{},"_coverageSchema":"1a1c01bbd47fc00a2c39e90264f33305004495a9","hash":"2ca714e5ed1ceae0d05f5dba0615a4566f4a7052"}
,"/Users/ganeshjayaprakash/WorkSpace/Mine/npm_plugin/Text/react-native-apptext/src/useAutoLocale.ts": {"path":"/Users/ganeshjayaprakash/WorkSpace/Mine/npm_plugin/Text/react-native-apptext/src/useAutoLocale.ts","statementMap":{"0":{"start":{"line":47,"column":2},"end":{"line":55,"column":3}},"1":{"start":{"line":48,"column":21},"end":{"line":48,"column":61}},"2":{"start":{"line":49,"column":4},"end":{"line":49,"column":31}},"3":{"start":{"line":49,"column":19},"end":{"line":49,"column":31}},"4":{"start":{"line":51,"column":6},"end":{"line":51,"column":66}},"5":{"start":{"line":52,"column":4},"end":{"line":52,"column":44}},"6":{"start":{"line":54,"column":4},"end":{"line":54,"column":16}},"7":{"start":{"line":59,"column":2},"end":{"line":65,"column":3}},"8":{"start":{"line":61,"column":6},"end":{"line":61,"column":56}},"9":{"start":{"line":62,"column":4},"end":{"line":62,"column":48}},"10":{"start":{"line":64,"column":4},"end":{"line":64,"column":16}},"11":{"start":{"line":69,"column":2},"end":{"line":69,"column":52}},"12":{"start":{"line":69,"column":29},"end":{"line":69,"column":52}},"13":{"start":{"line":70,"column":2},"end":{"line":70,"column":60}},"14":{"start":{"line":70,"column":33},"end":{"line":70,"column":60}},"15":{"start":{"line":71,"column":2},"end":{"line":71,"column":14}},"16":{"start":{"line":89,"column":21},"end":{"line":89,"column":47}},"17":{"start":{"line":90,"column":21},"end":{"line":90,"column":45}},"18":{"start":{"line":92,"column":2},"end":{"line":94,"column":3}},"19":{"start":{"line":93,"column":4},"end":{"line":93,"column":49}},"20":{"start":{"line":93,"column":40},"end":{"line":93,"column":49}},"21":{"start":{"line":95,"column":2},"end":{"line":98,"column":3}},"22":{"start":{"line":96,"column":4},"end":{"line":96,"column":49}},"23":{"start":{"line":96,"column":40},"end":{"line":96,"column":49}},"24":{"start":{"line":97,"column":4},"end":{"line":97,"column":63}},"25":{"start":{"line":97,"column":54},"end":{"line":97,"column":63}},"26":{"start":{"line":99,"column":2},"end":{"line":99,"column":14}},"27":{"start":{"line":114,"column":48},"end":{"line":114,"column":55}},"28":{"start":{"line":116,"column":2},"end":{"line":126,"column":9}},"29":{"start":{"line":117,"column":25},"end":{"line":117,"column":43}},"30":{"start":{"line":119,"column":4},"end":{"line":119,"column":39}},"31":{"start":{"line":119,"column":23},"end":{"line":119,"column":39}},"32":{"start":{"line":121,"column":4},"end":{"line":123,"column":5}},"33":{"start":{"line":122,"column":6},"end":{"line":122,"column":67}},"34":{"start":{"line":125,"column":4},"end":{"line":125,"column":24}},"35":{"start":{"line":134,"column":2},"end":{"line":136,"column":9}},"36":{"start":{"line":135,"column":4},"end":{"line":135,"column":38}}},"fnMap":{"0":{"name":"readiOSLocale","decl":{"start":{"line":46,"column":9},"end":{"line":46,"column":22}},"loc":{"start":{"line":46,"column":40},"end":{"line":56,"column":1}},"line":46},"1":{"name":"readAndroidLocale","decl":{"start":{"line":58,"column":9},"end":{"line":58,"column":26}},"loc":{"start":{"line":58,"column":44},"end":{"line":66,"column":1}},"line":58},"2":{"name":"readDeviceLocale","decl":{"start":{"line":68,"column":9},"end":{"line":68,"column":25}},"loc":{"start":{"line":68,"column":43},"end":{"line":72,"column":1}},"line":68},"3":{"name":"bestMatch","decl":{"start":{"line":85,"column":9},"end":{"line":85,"column":18}},"loc":{"start":{"line":88,"column":17},"end":{"line":100,"column":1}},"line":88},"4":{"name":"useAutoLocale","decl":{"start":{"line":113,"column":16},"end":{"line":113,"column":29}},"loc":{"start":{"line":113,"column":74},"end":{"line":127,"column":1}},"line":113},"5":{"name":"(anonymous_5)","decl":{"start":{"line":116,"column":17},"end":{"line":116,"column":18}},"loc":{"start":{"line":116,"column":23},"end":{"line":126,"column":3}},"line":116},"6":{"name":"useDeviceLocale","decl":{"start":{"line":133,"column":16},"end":{"line":133,"column":31}},"loc":{"start":{"line":133,"column":42},"end":{"line":137,"column":1}},"line":133},"7":{"name":"(anonymous_7)","decl":{"start":{"line":134,"column":17},"end":{"line":134,"column":18}},"loc":{"start":{"line":134,"column":23},"end":{"line":136,"column":3}},"line":134}},"branchMap":{"0":{"loc":{"start":{"line":49,"column":4},"end":{"line":49,"column":31}},"type":"if","locations":[{"start":{"line":49,"column":4},"end":{"line":49,"column":31}},{"start":{},"end":{}}],"line":49},"1":{"loc":{"start":{"line":51,"column":6},"end":{"line":51,"column":66}},"type":"binary-expr","locations":[{"start":{"line":51,"column":6},"end":{"line":51,"column":26}},{"start":{"line":51,"column":31},"end":{"line":51,"column":59}},{"start":{"line":51,"column":63},"end":{"line":51,"column":65}}],"line":51},"2":{"loc":{"start":{"line":52,"column":11},"end":{"line":52,"column":43}},"type":"binary-expr","locations":[{"start":{"line":52,"column":11},"end":{"line":52,"column":35}},{"start":{"line":52,"column":39},"end":{"line":52,"column":43}}],"line":52},"3":{"loc":{"start":{"line":61,"column":6},"end":{"line":61,"column":56}},"type":"binary-expr","locations":[{"start":{"line":61,"column":6},"end":{"line":61,"column":50}},{"start":{"line":61,"column":54},"end":{"line":61,"column":56}}],"line":61},"4":{"loc":{"start":{"line":62,"column":11},"end":{"line":62,"column":47}},"type":"binary-expr","locations":[{"start":{"line":62,"column":11},"end":{"line":62,"column":39}},{"start":{"line":62,"column":43},"end":{"line":62,"column":47}}],"line":62},"5":{"loc":{"start":{"line":69,"column":2},"end":{"line":69,"column":52}},"type":"if","locations":[{"start":{"line":69,"column":2},"end":{"line":69,"column":52}},{"start":{},"end":{}}],"line":69},"6":{"loc":{"start":{"line":70,"column":2},"end":{"line":70,"column":60}},"type":"if","locations":[{"start":{"line":70,"column":2},"end":{"line":70,"column":60}},{"start":{},"end":{}}],"line":70},"7":{"loc":{"start":{"line":93,"column":4},"end":{"line":93,"column":49}},"type":"if","locations":[{"start":{"line":93,"column":4},"end":{"line":93,"column":49}},{"start":{},"end":{}}],"line":93},"8":{"loc":{"start":{"line":96,"column":4},"end":{"line":96,"column":49}},"type":"if","locations":[{"start":{"line":96,"column":4},"end":{"line":96,"column":49}},{"start":{},"end":{}}],"line":96},"9":{"loc":{"start":{"line":97,"column":4},"end":{"line":97,"column":63}},"type":"if","locations":[{"start":{"line":97,"column":4},"end":{"line":97,"column":63}},{"start":{},"end":{}}],"line":97},"10":{"loc":{"start":{"line":113,"column":30},"end":{"line":113,"column":64}},"type":"default-arg","locations":[{"start":{"line":113,"column":62},"end":{"line":113,"column":64}}],"line":113},"11":{"loc":{"start":{"line":114,"column":28},"end":{"line":114,"column":43}},"type":"default-arg","locations":[{"start":{"line":114,"column":39},"end":{"line":114,"column":43}}],"line":114},"12":{"loc":{"start":{"line":119,"column":4},"end":{"line":119,"column":39}},"type":"if","locations":[{"start":{"line":119,"column":4},"end":{"line":119,"column":39}},{"start":{},"end":{}}],"line":119},"13":{"loc":{"start":{"line":121,"column":4},"end":{"line":123,"column":5}},"type":"if","locations":[{"start":{"line":121,"column":4},"end":{"line":123,"column":5}},{"start":{},"end":{}}],"line":121},"14":{"loc":{"start":{"line":121,"column":8},"end":{"line":121,"column":55}},"type":"binary-expr","locations":[{"start":{"line":121,"column":8},"end":{"line":121,"column":24}},{"start":{"line":121,"column":28},"end":{"line":121,"column":55}}],"line":121},"15":{"loc":{"start":{"line":122,"column":13},"end":{"line":122,"column":66}},"type":"binary-expr","locations":[{"start":{"line":122,"column":13},"end":{"line":122,"column":54}},{"start":{"line":122,"column":58},"end":{"line":122,"column":66}}],"line":122},"16":{"loc":{"start":{"line":135,"column":11},"end":{"line":135,"column":37}},"type":"binary-expr","locations":[{"start":{"line":135,"column":11},"end":{"line":135,"column":29}},{"start":{"line":135,"column":33},"end":{"line":135,"column":37}}],"line":135}},"s":{"0":0,"1":0,"2":0,"3":0,"4":0,"5":0,"6":0,"7":0,"8":0,"9":0,"10":0,"11":0,"12":0,"13":0,"14":0,"15":0,"16":0,"17":0,"18":0,"19":0,"20":0,"21":0,"22":0,"23":0,"24":0,"25":0,"26":0,"27":0,"28":0,"29":0,"30":0,"31":0,"32":0,"33":0,"34":0,"35":0,"36":0},"f":{"0":0,"1":0,"2":0,"3":0,"4":0,"5":0,"6":0,"7":0},"b":{"0":[0,0],"1":[0,0,0],"2":[0,0],"3":[0,0],"4":[0,0],"5":[0,0],"6":[0,0],"7":[0,0],"8":[0,0],"9":[0,0],"10":[0],"11":[0],"12":[0,0],"13":[0,0],"14":[0,0],"15":[0,0],"16":[0,0]}}
,"/Users/ganeshjayaprakash/WorkSpace/Mine/npm_plugin/Text/react-native-apptext/src/useTextMetrics.tsx": {"path":"/Users/ganeshjayaprakash/WorkSpace/Mine/npm_plugin/Text/react-native-apptext/src/useTextMetrics.tsx","statementMap":{"0":{"start":{"line":83,"column":37},"end":{"line":89,"column":1}},"1":{"start":{"line":103,"column":70},"end":{"line":103,"column":74}},"2":{"start":{"line":104,"column":16},"end":{"line":104,"column":33}},"3":{"start":{"line":105,"column":32},"end":{"line":105,"column":70}},"4":{"start":{"line":107,"column":26},"end":{"line":107,"column":77}},"5":{"start":{"line":109,"column":24},"end":{"line":120,"column":3}},"6":{"start":{"line":110,"column":11},"end":{"line":117,"column":5}},"7":{"start":{"line":122,"column":27},"end":{"line":145,"column":3}},"8":{"start":{"line":124,"column":24},"end":{"line":124,"column":50}},"9":{"start":{"line":126,"column":8},"end":{"line":126,"column":65}},"10":{"start":{"line":127,"column":28},"end":{"line":130,"column":7}},"11":{"start":{"line":128,"column":20},"end":{"line":128,"column":42}},"12":{"start":{"line":131,"column":29},"end":{"line":134,"column":7}},"13":{"start":{"line":132,"column":20},"end":{"line":132,"column":34}},"14":{"start":{"line":136,"column":6},"end":{"line":142,"column":9}},"15":{"start":{"line":149,"column":30},"end":{"line":174,"column":3}},"16":{"start":{"line":151,"column":6},"end":{"line":170,"column":8}},"17":{"start":{"line":152,"column":8},"end":{"line":169,"column":15}},"18":{"start":{"line":176,"column":2},"end":{"line":176,"column":32}},"19":{"start":{"line":183,"column":20},"end":{"line":195,"column":2}}},"fnMap":{"0":{"name":"useTextMetrics","decl":{"start":{"line":99,"column":16},"end":{"line":99,"column":30}},"loc":{"start":{"line":102,"column":2},"end":{"line":177,"column":1}},"line":102},"1":{"name":"(anonymous_1)","decl":{"start":{"line":110,"column":4},"end":{"line":110,"column":5}},"loc":{"start":{"line":110,"column":11},"end":{"line":117,"column":5}},"line":110},"2":{"name":"(anonymous_2)","decl":{"start":{"line":123,"column":4},"end":{"line":123,"column":5}},"loc":{"start":{"line":123,"column":54},"end":{"line":143,"column":5}},"line":123},"3":{"name":"(anonymous_3)","decl":{"start":{"line":128,"column":8},"end":{"line":128,"column":9}},"loc":{"start":{"line":128,"column":20},"end":{"line":128,"column":42}},"line":128},"4":{"name":"(anonymous_4)","decl":{"start":{"line":132,"column":8},"end":{"line":132,"column":9}},"loc":{"start":{"line":132,"column":20},"end":{"line":132,"column":34}},"line":132},"5":{"name":"(anonymous_5)","decl":{"start":{"line":150,"column":4},"end":{"line":150,"column":5}},"loc":{"start":{"line":151,"column":6},"end":{"line":170,"column":8}},"line":151},"6":{"name":"(anonymous_6)","decl":{"start":{"line":151,"column":11},"end":{"line":151,"column":12}},"loc":{"start":{"line":152,"column":8},"end":{"line":169,"column":15}},"line":152}},"branchMap":{"0":{"loc":{"start":{"line":103,"column":16},"end":{"line":103,"column":33}},"type":"default-arg","locations":[{"start":{"line":103,"column":26},"end":{"line":103,"column":33}}],"line":103},"1":{"loc":{"start":{"line":107,"column":26},"end":{"line":107,"column":77}},"type":"binary-expr","locations":[{"start":{"line":107,"column":26},"end":{"line":107,"column":51}},{"start":{"line":107,"column":55},"end":{"line":107,"column":77}}],"line":107},"2":{"loc":{"start":{"line":116,"column":10},"end":{"line":116,"column":41}},"type":"binary-expr","locations":[{"start":{"line":116,"column":10},"end":{"line":116,"column":35}},{"start":{"line":116,"column":39},"end":{"line":116,"column":41}}],"line":116},"3":{"loc":{"start":{"line":126,"column":8},"end":{"line":126,"column":65}},"type":"cond-expr","locations":[{"start":{"line":126,"column":32},"end":{"line":126,"column":57}},{"start":{"line":126,"column":60},"end":{"line":126,"column":65}}],"line":126},"4":{"loc":{"start":{"line":162,"column":14},"end":{"line":162,"column":64}},"type":"cond-expr","locations":[{"start":{"line":162,"column":33},"end":{"line":162,"column":52}},{"start":{"line":162,"column":55},"end":{"line":162,"column":64}}],"line":162}},"s":{"0":0,"1":0,"2":0,"3":0,"4":0,"5":0,"6":0,"7":0,"8":0,"9":0,"10":0,"11":0,"12":0,"13":0,"14":0,"15":0,"16":0,"17":0,"18":0,"19":0},"f":{"0":0,"1":0,"2":0,"3":0,"4":0,"5":0,"6":0},"b":{"0":[0],"1":[0,0],"2":[0,0],"3":[0,0],"4":[0,0]}}
,"/Users/ganeshjayaprakash/WorkSpace/Mine/npm_plugin/Text/react-native-apptext/src/utils.ts": {"path":"/Users/ganeshjayaprakash/WorkSpace/Mine/npm_plugin/Text/react-native-apptext/src/utils.ts","statementMap":{"0":{"start":{"line":4,"column":29},"end":{"line":14,"column":1}},"1":{"start":{"line":7,"column":19},"end":{"line":7,"column":26}},"2":{"start":{"line":8,"column":2},"end":{"line":12,"column":5}},"3":{"start":{"line":9,"column":4},"end":{"line":11,"column":5}},"4":{"start":{"line":10,"column":6},"end":{"line":10,"column":32}},"5":{"start":{"line":13,"column":2},"end":{"line":13,"column":18}},"6":{"start":{"line":16,"column":35},"end":{"line":45,"column":1}},"7":{"start":{"line":23,"column":67},"end":{"line":23,"column":72}},"8":{"start":{"line":25,"column":20},"end":{"line":25,"column":33}},"9":{"start":{"line":26,"column":22},"end":{"line":26,"column":35}},"10":{"start":{"line":27,"column":23},"end":{"line":27,"column":36}},"11":{"start":{"line":28,"column":21},"end":{"line":28,"column":34}},"12":{"start":{"line":30,"column":21},"end":{"line":30,"column":34}},"13":{"start":{"line":31,"column":23},"end":{"line":31,"column":36}},"14":{"start":{"line":32,"column":24},"end":{"line":32,"column":37}},"15":{"start":{"line":33,"column":22},"end":{"line":33,"column":35}},"16":{"start":{"line":35,"column":2},"end":{"line":44,"column":5}}},"fnMap":{"0":{"name":"(anonymous_0)","decl":{"start":{"line":4,"column":29},"end":{"line":4,"column":30}},"loc":{"start":{"line":6,"column":8},"end":{"line":14,"column":1}},"line":6},"1":{"name":"(anonymous_1)","decl":{"start":{"line":8,"column":47},"end":{"line":8,"column":48}},"loc":{"start":{"line":8,"column":56},"end":{"line":12,"column":3}},"line":8},"2":{"name":"(anonymous_2)","decl":{"start":{"line":16,"column":35},"end":{"line":16,"column":36}},"loc":{"start":{"line":22,"column":5},"end":{"line":45,"column":1}},"line":22}},"branchMap":{"0":{"loc":{"start":{"line":9,"column":4},"end":{"line":11,"column":5}},"type":"if","locations":[{"start":{"line":9,"column":4},"end":{"line":11,"column":5}},{"start":{},"end":{}}],"line":9},"1":{"loc":{"start":{"line":25,"column":20},"end":{"line":25,"column":33}},"type":"binary-expr","locations":[{"start":{"line":25,"column":20},"end":{"line":25,"column":22}},{"start":{"line":25,"column":26},"end":{"line":25,"column":28}},{"start":{"line":25,"column":32},"end":{"line":25,"column":33}}],"line":25},"2":{"loc":{"start":{"line":26,"column":22},"end":{"line":26,"column":35}},"type":"binary-expr","locations":[{"start":{"line":26,"column":22},"end":{"line":26,"column":24}},{"start":{"line":26,"column":28},"end":{"line":26,"column":30}},{"start":{"line":26,"column":34},"end":{"line":26,"column":35}}],"line":26},"3":{"loc":{"start":{"line":27,"column":23},"end":{"line":27,"column":36}},"type":"binary-expr","locations":[{"start":{"line":27,"column":23},"end":{"line":27,"column":25}},{"start":{"line":27,"column":29},"end":{"line":27,"column":31}},{"start":{"line":27,"column":35},"end":{"line":27,"column":36}}],"line":27},"4":{"loc":{"start":{"line":28,"column":21},"end":{"line":28,"column":34}},"type":"binary-expr","locations":[{"start":{"line":28,"column":21},"end":{"line":28,"column":23}},{"start":{"line":28,"column":27},"end":{"line":28,"column":29}},{"start":{"line":28,"column":33},"end":{"line":28,"column":34}}],"line":28},"5":{"loc":{"start":{"line":30,"column":21},"end":{"line":30,"column":34}},"type":"binary-expr","locations":[{"start":{"line":30,"column":21},"end":{"line":30,"column":23}},{"start":{"line":30,"column":27},"end":{"line":30,"column":29}},{"start":{"line":30,"column":33},"end":{"line":30,"column":34}}],"line":30},"6":{"loc":{"start":{"line":31,"column":23},"end":{"line":31,"column":36}},"type":"binary-expr","locations":[{"start":{"line":31,"column":23},"end":{"line":31,"column":25}},{"start":{"line":31,"column":29},"end":{"line":31,"column":31}},{"start":{"line":31,"column":35},"end":{"line":31,"column":36}}],"line":31},"7":{"loc":{"start":{"line":32,"column":24},"end":{"line":32,"column":37}},"type":"binary-expr","locations":[{"start":{"line":32,"column":24},"end":{"line":32,"column":26}},{"start":{"line":32,"column":30},"end":{"line":32,"column":32}},{"start":{"line":32,"column":36},"end":{"line":32,"column":37}}],"line":32},"8":{"loc":{"start":{"line":33,"column":22},"end":{"line":33,"column":35}},"type":"binary-expr","locations":[{"start":{"line":33,"column":22},"end":{"line":33,"column":24}},{"start":{"line":33,"column":28},"end":{"line":33,"column":30}},{"start":{"line":33,"column":34},"end":{"line":33,"column":35}}],"line":33}},"s":{"0":5,"1":37,"2":37,"3":296,"4":0,"5":37,"6":5,"7":37,"8":37,"9":37,"10":37,"11":37,"12":37,"13":37,"14":37,"15":37,"16":37},"f":{"0":37,"1":296,"2":37},"b":{"0":[0,296],"1":[37,37,37],"2":[37,37,37],"3":[37,37,37],"4":[37,37,37],"5":[37,37,37],"6":[37,37,37],"7":[37,37,37],"8":[37,37,37]},"_coverageSchema":"1a1c01bbd47fc00a2c39e90264f33305004495a9","hash":"fa49798c003d2cdddd1ddf53ff216ad2834304b1"}
}
