{"/Users/ganeshjayaprakash/WorkSpace/Mine/npm_plugin/Text/react-native-apptext/src/AppText.tsx": {"path":"/Users/ganeshjayaprakash/WorkSpace/Mine/npm_plugin/Text/react-native-apptext/src/AppText.tsx","statementMap":{"0":{"start":{"line":60,"column":20},"end":{"line":425,"column":1}},"1":{"start":{"line":129,"column":20},"end":{"line":129,"column":37}},"2":{"start":{"line":130,"column":24},"end":{"line":130,"column":40}},"3":{"start":{"line":131,"column":26},"end":{"line":131,"column":75}},"4":{"start":{"line":132,"column":27},"end":{"line":132,"column":62}},"5":{"start":{"line":133,"column":26},"end":{"line":137,"column":7}},"6":{"start":{"line":140,"column":47},"end":{"line":148,"column":7}},"7":{"start":{"line":150,"column":26},"end":{"line":154,"column":20}},"8":{"start":{"line":151,"column":8},"end":{"line":151,"column":58}},"9":{"start":{"line":151,"column":42},"end":{"line":151,"column":58}},"10":{"start":{"line":152,"column":8},"end":{"line":152,"column":69}},"11":{"start":{"line":152,"column":42},"end":{"line":152,"column":69}},"12":{"start":{"line":153,"column":8},"end":{"line":153,"column":38}},"13":{"start":{"line":156,"column":29},"end":{"line":156,"column":60}},"14":{"start":{"line":157,"column":26},"end":{"line":157,"column":50}},"15":{"start":{"line":159,"column":8},"end":{"line":159,"column":61}},"16":{"start":{"line":162,"column":8},"end":{"line":162,"column":59}},"17":{"start":{"line":164,"column":8},"end":{"line":166,"column":44}},"18":{"start":{"line":167,"column":33},"end":{"line":170,"column":7}},"19":{"start":{"line":172,"column":35},"end":{"line":179,"column":8}},"20":{"start":{"line":173,"column":31},"end":{"line":173,"column":79}},"21":{"start":{"line":174,"column":8},"end":{"line":174,"column":66}},"22":{"start":{"line":181,"column":28},"end":{"line":187,"column":62}},"23":{"start":{"line":182,"column":8},"end":{"line":182,"column":57}},"24":{"start":{"line":182,"column":20},"end":{"line":182,"column":57}},"25":{"start":{"line":183,"column":8},"end":{"line":185,"column":9}},"26":{"start":{"line":184,"column":10},"end":{"line":184,"column":66}},"27":{"start":{"line":186,"column":8},"end":{"line":186,"column":31}},"28":{"start":{"line":189,"column":28},"end":{"line":192,"column":45}},"29":{"start":{"line":190,"column":8},"end":{"line":190,"column":51}},"30":{"start":{"line":190,"column":34},"end":{"line":190,"column":51}},"31":{"start":{"line":191,"column":8},"end":{"line":191,"column":38}},"32":{"start":{"line":194,"column":28},"end":{"line":230,"column":8}},"33":{"start":{"line":195,"column":37},"end":{"line":206,"column":9}},"34":{"start":{"line":208,"column":8},"end":{"line":214,"column":9}},"35":{"start":{"line":209,"column":10},"end":{"line":213,"column":13}},"36":{"start":{"line":215,"column":8},"end":{"line":215,"column":25}},"37":{"start":{"line":232,"column":28},"end":{"line":251,"column":7}},"38":{"start":{"line":234,"column":10},"end":{"line":249,"column":12}},"39":{"start":{"line":253,"column":33},"end":{"line":256,"column":7}},"40":{"start":{"line":254,"column":15},"end":{"line":254,"column":71}},"41":{"start":{"line":258,"column":24},"end":{"line":309,"column":8}},"42":{"start":{"line":259,"column":22},"end":{"line":281,"column":9}},"43":{"start":{"line":283,"column":8},"end":{"line":287,"column":23}},"44":{"start":{"line":311,"column":26},"end":{"line":314,"column":7}},"45":{"start":{"line":312,"column":42},"end":{"line":312,"column":54}},"46":{"start":{"line":315,"column":30},"end":{"line":318,"column":7}},"47":{"start":{"line":316,"column":42},"end":{"line":316,"column":58}},"48":{"start":{"line":320,"column":31},"end":{"line":320,"column":57}},"49":{"start":{"line":322,"column":8},"end":{"line":322,"column":78}},"50":{"start":{"line":323,"column":25},"end":{"line":323,"column":61}},"51":{"start":{"line":324,"column":28},"end":{"line":324,"column":70}},"52":{"start":{"line":325,"column":25},"end":{"line":325,"column":61}},"53":{"start":{"line":328,"column":6},"end":{"line":340,"column":7}},"54":{"start":{"line":329,"column":8},"end":{"line":339,"column":10}},"55":{"start":{"line":342,"column":6},"end":{"line":352,"column":7}},"56":{"start":{"line":343,"column":8},"end":{"line":351,"column":10}},"57":{"start":{"line":354,"column":6},"end":{"line":367,"column":7}},"58":{"start":{"line":356,"column":10},"end":{"line":356,"column":67}},"59":{"start":{"line":357,"column":8},"end":{"line":366,"column":10}},"60":{"start":{"line":369,"column":29},"end":{"line":394,"column":7}},"61":{"start":{"line":370,"column":8},"end":{"line":370,"column":76}},"62":{"start":{"line":370,"column":60},"end":{"line":370,"column":76}},"63":{"start":{"line":373,"column":10},"end":{"line":373,"column":123}},"64":{"start":{"line":374,"column":22},"end":{"line":374,"column":46}},"65":{"start":{"line":376,"column":8},"end":{"line":393,"column":11}},"66":{"start":{"line":377,"column":10},"end":{"line":391,"column":11}},"67":{"start":{"line":378,"column":24},"end":{"line":378,"column":77}},"68":{"start":{"line":379,"column":12},"end":{"line":390,"column":14}},"69":{"start":{"line":386,"column":31},"end":{"line":386,"column":49}},"70":{"start":{"line":392,"column":10},"end":{"line":392,"column":22}},"71":{"start":{"line":396,"column":6},"end":{"line":409,"column":7}},"72":{"start":{"line":397,"column":8},"end":{"line":408,"column":10}},"73":{"start":{"line":411,"column":6},"end":{"line":422,"column":8}},"74":{"start":{"line":427,"column":0},"end":{"line":427,"column":36}},"75":{"start":{"line":466,"column":16},"end":{"line":466,"column":46}},"76":{"start":{"line":469,"column":0},"end":{"line":469,"column":70}},"77":{"start":{"line":469,"column":29},"end":{"line":469,"column":68}},"78":{"start":{"line":470,"column":0},"end":{"line":470,"column":70}},"79":{"start":{"line":470,"column":29},"end":{"line":470,"column":68}},"80":{"start":{"line":471,"column":0},"end":{"line":471,"column":70}},"81":{"start":{"line":471,"column":29},"end":{"line":471,"column":68}},"82":{"start":{"line":472,"column":0},"end":{"line":472,"column":70}},"83":{"start":{"line":472,"column":29},"end":{"line":472,"column":68}},"84":{"start":{"line":473,"column":0},"end":{"line":473,"column":70}},"85":{"start":{"line":473,"column":29},"end":{"line":473,"column":68}},"86":{"start":{"line":474,"column":0},"end":{"line":474,"column":70}},"87":{"start":{"line":474,"column":29},"end":{"line":474,"column":68}},"88":{"start":{"line":475,"column":0},"end":{"line":475,"column":76}},"89":{"start":{"line":475,"column":32},"end":{"line":475,"column":74}},"90":{"start":{"line":476,"column":0},"end":{"line":478,"column":3}},"91":{"start":{"line":477,"column":2},"end":{"line":477,"column":48}},"92":{"start":{"line":479,"column":0},"end":{"line":479,"column":75}},"93":{"start":{"line":479,"column":31},"end":{"line":479,"column":73}},"94":{"start":{"line":480,"column":0},"end":{"line":480,"column":80}},"95":{"start":{"line":480,"column":34},"end":{"line":480,"column":78}},"96":{"start":{"line":481,"column":0},"end":{"line":481,"column":74}},"97":{"start":{"line":481,"column":31},"end":{"line":481,"column":72}},"98":{"start":{"line":484,"column":0},"end":{"line":486,"column":3}},"99":{"start":{"line":485,"column":2},"end":{"line":485,"column":51}},"100":{"start":{"line":487,"column":0},"end":{"line":489,"column":3}},"101":{"start":{"line":488,"column":2},"end":{"line":488,"column":52}},"102":{"start":{"line":490,"column":0},"end":{"line":492,"column":3}},"103":{"start":{"line":491,"column":2},"end":{"line":491,"column":51}},"104":{"start":{"line":493,"column":0},"end":{"line":495,"column":3}},"105":{"start":{"line":494,"column":2},"end":{"line":494,"column":52}},"106":{"start":{"line":496,"column":0},"end":{"line":498,"column":3}},"107":{"start":{"line":497,"column":2},"end":{"line":497,"column":53}},"108":{"start":{"line":499,"column":0},"end":{"line":501,"column":3}},"109":{"start":{"line":500,"column":2},"end":{"line":500,"column":52}},"110":{"start":{"line":502,"column":0},"end":{"line":504,"column":3}},"111":{"start":{"line":503,"column":2},"end":{"line":503,"column":49}},"112":{"start":{"line":505,"column":0},"end":{"line":507,"column":3}},"113":{"start":{"line":506,"column":2},"end":{"line":506,"column":50}},"114":{"start":{"line":508,"column":0},"end":{"line":510,"column":3}},"115":{"start":{"line":509,"column":2},"end":{"line":509,"column":49}},"116":{"start":{"line":511,"column":0},"end":{"line":513,"column":3}},"117":{"start":{"line":512,"column":2},"end":{"line":512,"column":48}},"118":{"start":{"line":514,"column":0},"end":{"line":516,"column":3}},"119":{"start":{"line":515,"column":2},"end":{"line":515,"column":49}},"120":{"start":{"line":517,"column":0},"end":{"line":519,"column":3}},"121":{"start":{"line":518,"column":2},"end":{"line":518,"column":48}},"122":{"start":{"line":520,"column":0},"end":{"line":522,"column":3}},"123":{"start":{"line":521,"column":2},"end":{"line":521,"column":49}},"124":{"start":{"line":523,"column":0},"end":{"line":525,"column":3}},"125":{"start":{"line":524,"column":2},"end":{"line":524,"column":50}},"126":{"start":{"line":526,"column":0},"end":{"line":528,"column":3}},"127":{"start":{"line":527,"column":2},"end":{"line":527,"column":49}},"128":{"start":{"line":530,"column":0},"end":{"line":530,"column":31}}},"fnMap":{"0":{"name":"(anonymous_0)","decl":{"start":{"line":62,"column":4},"end":{"line":62,"column":5}},"loc":{"start":{"line":128,"column":9},"end":{"line":423,"column":5}},"line":128},"1":{"name":"(anonymous_1)","decl":{"start":{"line":150,"column":34},"end":{"line":150,"column":35}},"loc":{"start":{"line":150,"column":40},"end":{"line":154,"column":7}},"line":150},"2":{"name":"(anonymous_2)","decl":{"start":{"line":172,"column":43},"end":{"line":172,"column":44}},"loc":{"start":{"line":172,"column":49},"end":{"line":175,"column":7}},"line":172},"3":{"name":"(anonymous_3)","decl":{"start":{"line":181,"column":36},"end":{"line":181,"column":37}},"loc":{"start":{"line":181,"column":50},"end":{"line":187,"column":7}},"line":181},"4":{"name":"(anonymous_4)","decl":{"start":{"line":189,"column":36},"end":{"line":189,"column":37}},"loc":{"start":{"line":189,"column":42},"end":{"line":192,"column":7}},"line":189},"5":{"name":"(anonymous_5)","decl":{"start":{"line":194,"column":36},"end":{"line":194,"column":37}},"loc":{"start":{"line":194,"column":53},"end":{"line":216,"column":7}},"line":194},"6":{"name":"(anonymous_6)","decl":{"start":{"line":233,"column":8},"end":{"line":233,"column":9}},"loc":{"start":{"line":234,"column":10},"end":{"line":249,"column":12}},"line":234},"7":{"name":"(anonymous_7)","decl":{"start":{"line":254,"column":8},"end":{"line":254,"column":9}},"loc":{"start":{"line":254,"column":15},"end":{"line":254,"column":71}},"line":254},"8":{"name":"(anonymous_8)","decl":{"start":{"line":258,"column":32},"end":{"line":258,"column":33}},"loc":{"start":{"line":258,"column":38},"end":{"line":288,"column":7}},"line":258},"9":{"name":"(anonymous_9)","decl":{"start":{"line":312,"column":8},"end":{"line":312,"column":9}},"loc":{"start":{"line":312,"column":42},"end":{"line":312,"column":54}},"line":312},"10":{"name":"(anonymous_10)","decl":{"start":{"line":316,"column":8},"end":{"line":316,"column":9}},"loc":{"start":{"line":316,"column":42},"end":{"line":316,"column":58}},"line":316},"11":{"name":"(anonymous_11)","decl":{"start":{"line":369,"column":29},"end":{"line":369,"column":30}},"loc":{"start":{"line":369,"column":35},"end":{"line":394,"column":7}},"line":369},"12":{"name":"(anonymous_12)","decl":{"start":{"line":376,"column":25},"end":{"line":376,"column":26}},"loc":{"start":{"line":376,"column":38},"end":{"line":393,"column":9}},"line":376},"13":{"name":"(anonymous_13)","decl":{"start":{"line":386,"column":25},"end":{"line":386,"column":26}},"loc":{"start":{"line":386,"column":31},"end":{"line":386,"column":49}},"line":386},"14":{"name":"(anonymous_14)","decl":{"start":{"line":469,"column":18},"end":{"line":469,"column":19}},"loc":{"start":{"line":469,"column":29},"end":{"line":469,"column":68}},"line":469},"15":{"name":"(anonymous_15)","decl":{"start":{"line":470,"column":18},"end":{"line":470,"column":19}},"loc":{"start":{"line":470,"column":29},"end":{"line":470,"column":68}},"line":470},"16":{"name":"(anonymous_16)","decl":{"start":{"line":471,"column":18},"end":{"line":471,"column":19}},"loc":{"start":{"line":471,"column":29},"end":{"line":471,"column":68}},"line":471},"17":{"name":"(anonymous_17)","decl":{"start":{"line":472,"column":18},"end":{"line":472,"column":19}},"loc":{"start":{"line":472,"column":29},"end":{"line":472,"column":68}},"line":472},"18":{"name":"(anonymous_18)","decl":{"start":{"line":473,"column":18},"end":{"line":473,"column":19}},"loc":{"start":{"line":473,"column":29},"end":{"line":473,"column":68}},"line":473},"19":{"name":"(anonymous_19)","decl":{"start":{"line":474,"column":18},"end":{"line":474,"column":19}},"loc":{"start":{"line":474,"column":29},"end":{"line":474,"column":68}},"line":474},"20":{"name":"(anonymous_20)","decl":{"start":{"line":475,"column":21},"end":{"line":475,"column":22}},"loc":{"start":{"line":475,"column":32},"end":{"line":475,"column":74}},"line":475},"21":{"name":"(anonymous_21)","decl":{"start":{"line":476,"column":24},"end":{"line":476,"column":25}},"loc":{"start":{"line":477,"column":2},"end":{"line":477,"column":48}},"line":477},"22":{"name":"(anonymous_22)","decl":{"start":{"line":479,"column":20},"end":{"line":479,"column":21}},"loc":{"start":{"line":479,"column":31},"end":{"line":479,"column":73}},"line":479},"23":{"name":"(anonymous_23)","decl":{"start":{"line":480,"column":23},"end":{"line":480,"column":24}},"loc":{"start":{"line":480,"column":34},"end":{"line":480,"column":78}},"line":480},"24":{"name":"(anonymous_24)","decl":{"start":{"line":481,"column":20},"end":{"line":481,"column":21}},"loc":{"start":{"line":481,"column":31},"end":{"line":481,"column":72}},"line":481},"25":{"name":"(anonymous_25)","decl":{"start":{"line":484,"column":28},"end":{"line":484,"column":29}},"loc":{"start":{"line":485,"column":2},"end":{"line":485,"column":51}},"line":485},"26":{"name":"(anonymous_26)","decl":{"start":{"line":487,"column":29},"end":{"line":487,"column":30}},"loc":{"start":{"line":488,"column":2},"end":{"line":488,"column":52}},"line":488},"27":{"name":"(anonymous_27)","decl":{"start":{"line":490,"column":28},"end":{"line":490,"column":29}},"loc":{"start":{"line":491,"column":2},"end":{"line":491,"column":51}},"line":491},"28":{"name":"(anonymous_28)","decl":{"start":{"line":493,"column":29},"end":{"line":493,"column":30}},"loc":{"start":{"line":494,"column":2},"end":{"line":494,"column":52}},"line":494},"29":{"name":"(anonymous_29)","decl":{"start":{"line":496,"column":30},"end":{"line":496,"column":31}},"loc":{"start":{"line":497,"column":2},"end":{"line":497,"column":53}},"line":497},"30":{"name":"(anonymous_30)","decl":{"start":{"line":499,"column":29},"end":{"line":499,"column":30}},"loc":{"start":{"line":500,"column":2},"end":{"line":500,"column":52}},"line":500},"31":{"name":"(anonymous_31)","decl":{"start":{"line":502,"column":26},"end":{"line":502,"column":27}},"loc":{"start":{"line":503,"column":2},"end":{"line":503,"column":49}},"line":503},"32":{"name":"(anonymous_32)","decl":{"start":{"line":505,"column":27},"end":{"line":505,"column":28}},"loc":{"start":{"line":506,"column":2},"end":{"line":506,"column":50}},"line":506},"33":{"name":"(anonymous_33)","decl":{"start":{"line":508,"column":26},"end":{"line":508,"column":27}},"loc":{"start":{"line":509,"column":2},"end":{"line":509,"column":49}},"line":509},"34":{"name":"(anonymous_34)","decl":{"start":{"line":511,"column":25},"end":{"line":511,"column":26}},"loc":{"start":{"line":512,"column":2},"end":{"line":512,"column":48}},"line":512},"35":{"name":"(anonymous_35)","decl":{"start":{"line":514,"column":26},"end":{"line":514,"column":27}},"loc":{"start":{"line":515,"column":2},"end":{"line":515,"column":49}},"line":515},"36":{"name":"(anonymous_36)","decl":{"start":{"line":517,"column":25},"end":{"line":517,"column":26}},"loc":{"start":{"line":518,"column":2},"end":{"line":518,"column":48}},"line":518},"37":{"name":"(anonymous_37)","decl":{"start":{"line":520,"column":26},"end":{"line":520,"column":27}},"loc":{"start":{"line":521,"column":2},"end":{"line":521,"column":49}},"line":521},"38":{"name":"(anonymous_38)","decl":{"start":{"line":523,"column":27},"end":{"line":523,"column":28}},"loc":{"start":{"line":524,"column":2},"end":{"line":524,"column":50}},"line":524},"39":{"name":"(anonymous_39)","decl":{"start":{"line":526,"column":26},"end":{"line":526,"column":27}},"loc":{"start":{"line":527,"column":2},"end":{"line":527,"column":49}},"line":527}},"branchMap":{"0":{"loc":{"start":{"line":65,"column":8},"end":{"line":65,"column":25}},"type":"default-arg","locations":[{"start":{"line":65,"column":18},"end":{"line":65,"column":25}}],"line":65},"1":{"loc":{"start":{"line":72,"column":8},"end":{"line":72,"column":22}},"type":"default-arg","locations":[{"start":{"line":72,"column":17},"end":{"line":72,"column":22}}],"line":72},"2":{"loc":{"start":{"line":73,"column":8},"end":{"line":73,"column":24}},"type":"default-arg","locations":[{"start":{"line":73,"column":19},"end":{"line":73,"column":24}}],"line":73},"3":{"loc":{"start":{"line":75,"column":8},"end":{"line":75,"column":28}},"type":"default-arg","locations":[{"start":{"line":75,"column":23},"end":{"line":75,"column":28}}],"line":75},"4":{"loc":{"start":{"line":78,"column":8},"end":{"line":78,"column":22}},"type":"default-arg","locations":[{"start":{"line":78,"column":17},"end":{"line":78,"column":22}}],"line":78},"5":{"loc":{"start":{"line":79,"column":8},"end":{"line":79,"column":24}},"type":"default-arg","locations":[{"start":{"line":79,"column":19},"end":{"line":79,"column":24}}],"line":79},"6":{"loc":{"start":{"line":82,"column":8},"end":{"line":82,"column":26}},"type":"default-arg","locations":[{"start":{"line":82,"column":25},"end":{"line":82,"column":26}}],"line":82},"7":{"loc":{"start":{"line":83,"column":8},"end":{"line":83,"column":32}},"type":"default-arg","locations":[{"start":{"line":83,"column":28},"end":{"line":83,"column":32}}],"line":83},"8":{"loc":{"start":{"line":84,"column":8},"end":{"line":84,"column":27}},"type":"default-arg","locations":[{"start":{"line":84,"column":25},"end":{"line":84,"column":27}}],"line":84},"9":{"loc":{"start":{"line":85,"column":8},"end":{"line":85,"column":22}},"type":"default-arg","locations":[{"start":{"line":85,"column":17},"end":{"line":85,"column":22}}],"line":85},"10":{"loc":{"start":{"line":87,"column":8},"end":{"line":87,"column":26}},"type":"default-arg","locations":[{"start":{"line":87,"column":20},"end":{"line":87,"column":26}}],"line":87},"11":{"loc":{"start":{"line":88,"column":8},"end":{"line":88,"column":25}},"type":"default-arg","locations":[{"start":{"line":88,"column":21},"end":{"line":88,"column":25}}],"line":88},"12":{"loc":{"start":{"line":123,"column":8},"end":{"line":123,"column":29}},"type":"default-arg","locations":[{"start":{"line":123,"column":24},"end":{"line":123,"column":29}}],"line":123},"13":{"loc":{"start":{"line":131,"column":26},"end":{"line":131,"column":75}},"type":"cond-expr","locations":[{"start":{"line":131,"column":56},"end":{"line":131,"column":63}},{"start":{"line":131,"column":66},"end":{"line":131,"column":75}}],"line":131},"14":{"loc":{"start":{"line":151,"column":8},"end":{"line":151,"column":58}},"type":"if","locations":[{"start":{"line":151,"column":8},"end":{"line":151,"column":58}},{"start":{},"end":{}}],"line":151},"15":{"loc":{"start":{"line":152,"column":8},"end":{"line":152,"column":69}},"type":"if","locations":[{"start":{"line":152,"column":8},"end":{"line":152,"column":69}},{"start":{},"end":{}}],"line":152},"16":{"loc":{"start":{"line":153,"column":22},"end":{"line":153,"column":36}},"type":"binary-expr","locations":[{"start":{"line":153,"column":22},"end":{"line":153,"column":30}},{"start":{"line":153,"column":34},"end":{"line":153,"column":36}}],"line":153},"17":{"loc":{"start":{"line":157,"column":26},"end":{"line":157,"column":50}},"type":"binary-expr","locations":[{"start":{"line":157,"column":26},"end":{"line":157,"column":32}},{"start":{"line":157,"column":36},"end":{"line":157,"column":50}}],"line":157},"18":{"loc":{"start":{"line":159,"column":8},"end":{"line":159,"column":61}},"type":"binary-expr","locations":[{"start":{"line":159,"column":8},"end":{"line":159,"column":35}},{"start":{"line":159,"column":39},"end":{"line":159,"column":61}}],"line":159},"19":{"loc":{"start":{"line":162,"column":8},"end":{"line":162,"column":59}},"type":"binary-expr","locations":[{"start":{"line":162,"column":8},"end":{"line":162,"column":33}},{"start":{"line":162,"column":37},"end":{"line":162,"column":59}}],"line":162},"20":{"loc":{"start":{"line":164,"column":8},"end":{"line":166,"column":44}},"type":"cond-expr","locations":[{"start":{"line":165,"column":12},"end":{"line":165,"column":36}},{"start":{"line":166,"column":12},"end":{"line":166,"column":44}}],"line":164},"21":{"loc":{"start":{"line":166,"column":12},"end":{"line":166,"column":44}},"type":"binary-expr","locations":[{"start":{"line":166,"column":12},"end":{"line":166,"column":16}},{"start":{"line":166,"column":20},"end":{"line":166,"column":44}}],"line":166},"22":{"loc":{"start":{"line":169,"column":8},"end":{"line":169,"column":53}},"type":"cond-expr","locations":[{"start":{"line":169,"column":21},"end":{"line":169,"column":41}},{"start":{"line":169,"column":44},"end":{"line":169,"column":53}}],"line":169},"23":{"loc":{"start":{"line":173,"column":31},"end":{"line":173,"column":79}},"type":"binary-expr","locations":[{"start":{"line":173,"column":31},"end":{"line":173,"column":57}},{"start":{"line":173,"column":61},"end":{"line":173,"column":79}}],"line":173},"24":{"loc":{"start":{"line":182,"column":8},"end":{"line":182,"column":57}},"type":"if","locations":[{"start":{"line":182,"column":8},"end":{"line":182,"column":57}},{"start":{},"end":{}}],"line":182},"25":{"loc":{"start":{"line":183,"column":8},"end":{"line":185,"column":9}},"type":"if","locations":[{"start":{"line":183,"column":8},"end":{"line":185,"column":9}},{"start":{},"end":{}}],"line":183},"26":{"loc":{"start":{"line":190,"column":8},"end":{"line":190,"column":51}},"type":"if","locations":[{"start":{"line":190,"column":8},"end":{"line":190,"column":51}},{"start":{},"end":{}}],"line":190},"27":{"loc":{"start":{"line":197,"column":20},"end":{"line":197,"column":66}},"type":"cond-expr","locations":[{"start":{"line":197,"column":33},"end":{"line":197,"column":51}},{"start":{"line":197,"column":54},"end":{"line":197,"column":66}}],"line":197},"28":{"loc":{"start":{"line":200,"column":22},"end":{"line":200,"column":58}},"type":"binary-expr","locations":[{"start":{"line":200,"column":22},"end":{"line":200,"column":28}},{"start":{"line":200,"column":32},"end":{"line":200,"column":58}}],"line":200},"29":{"loc":{"start":{"line":201,"column":25},"end":{"line":201,"column":67}},"type":"binary-expr","locations":[{"start":{"line":201,"column":25},"end":{"line":201,"column":34}},{"start":{"line":201,"column":38},"end":{"line":201,"column":67}}],"line":201},"30":{"loc":{"start":{"line":203,"column":21},"end":{"line":203,"column":49}},"type":"cond-expr","locations":[{"start":{"line":203,"column":30},"end":{"line":203,"column":38}},{"start":{"line":203,"column":41},"end":{"line":203,"column":49}}],"line":203},"31":{"loc":{"start":{"line":205,"column":21},"end":{"line":205,"column":74}},"type":"binary-expr","locations":[{"start":{"line":205,"column":21},"end":{"line":205,"column":26}},{"start":{"line":205,"column":31},"end":{"line":205,"column":73}}],"line":205},"32":{"loc":{"start":{"line":205,"column":31},"end":{"line":205,"column":73}},"type":"cond-expr","locations":[{"start":{"line":205,"column":57},"end":{"line":205,"column":64}},{"start":{"line":205,"column":67},"end":{"line":205,"column":73}}],"line":205},"33":{"loc":{"start":{"line":208,"column":8},"end":{"line":214,"column":9}},"type":"if","locations":[{"start":{"line":208,"column":8},"end":{"line":214,"column":9}},{"start":{},"end":{}}],"line":208},"34":{"loc":{"start":{"line":262,"column":12},"end":{"line":263,"column":69}},"type":"binary-expr","locations":[{"start":{"line":262,"column":12},"end":{"line":262,"column":20}},{"start":{"line":263,"column":13},"end":{"line":263,"column":68}}],"line":262},"35":{"loc":{"start":{"line":263,"column":13},"end":{"line":263,"column":68}},"type":"cond-expr","locations":[{"start":{"line":263,"column":44},"end":{"line":263,"column":52}},{"start":{"line":263,"column":55},"end":{"line":263,"column":68}}],"line":263},"36":{"loc":{"start":{"line":265,"column":12},"end":{"line":265,"column":78}},"type":"cond-expr","locations":[{"start":{"line":265,"column":39},"end":{"line":265,"column":62}},{"start":{"line":265,"column":65},"end":{"line":265,"column":78}}],"line":265},"37":{"loc":{"start":{"line":265,"column":12},"end":{"line":265,"column":36}},"type":"binary-expr","locations":[{"start":{"line":265,"column":12},"end":{"line":265,"column":20}},{"start":{"line":265,"column":24},"end":{"line":265,"column":36}}],"line":265},"38":{"loc":{"start":{"line":265,"column":39},"end":{"line":265,"column":62}},"type":"binary-expr","locations":[{"start":{"line":265,"column":39},"end":{"line":265,"column":52}},{"start":{"line":265,"column":56},"end":{"line":265,"column":62}}],"line":265},"39":{"loc":{"start":{"line":274,"column":18},"end":{"line":274,"column":48}},"type":"binary-expr","locations":[{"start":{"line":274,"column":18},"end":{"line":274,"column":24}},{"start":{"line":274,"column":28},"end":{"line":274,"column":48}}],"line":274},"40":{"loc":{"start":{"line":275,"column":30},"end":{"line":275,"column":63}},"type":"binary-expr","locations":[{"start":{"line":275,"column":30},"end":{"line":275,"column":48}},{"start":{"line":275,"column":52},"end":{"line":275,"column":63}}],"line":275},"41":{"loc":{"start":{"line":285,"column":12},"end":{"line":285,"column":72}},"type":"binary-expr","locations":[{"start":{"line":285,"column":12},"end":{"line":285,"column":39}},{"start":{"line":285,"column":44},"end":{"line":285,"column":71}}],"line":285},"42":{"loc":{"start":{"line":285,"column":44},"end":{"line":285,"column":71}},"type":"cond-expr","locations":[{"start":{"line":285,"column":54},"end":{"line":285,"column":62}},{"start":{"line":285,"column":65},"end":{"line":285,"column":71}}],"line":285},"43":{"loc":{"start":{"line":320,"column":31},"end":{"line":320,"column":57}},"type":"binary-expr","locations":[{"start":{"line":320,"column":31},"end":{"line":320,"column":40}},{"start":{"line":320,"column":44},"end":{"line":320,"column":57}}],"line":320},"44":{"loc":{"start":{"line":322,"column":8},"end":{"line":322,"column":78}},"type":"binary-expr","locations":[{"start":{"line":322,"column":8},"end":{"line":322,"column":23}},{"start":{"line":322,"column":28},"end":{"line":322,"column":77}}],"line":322},"45":{"loc":{"start":{"line":322,"column":28},"end":{"line":322,"column":77}},"type":"cond-expr","locations":[{"start":{"line":322,"column":63},"end":{"line":322,"column":72}},{"start":{"line":322,"column":75},"end":{"line":322,"column":77}}],"line":322},"46":{"loc":{"start":{"line":323,"column":25},"end":{"line":323,"column":61}},"type":"binary-expr","locations":[{"start":{"line":323,"column":25},"end":{"line":323,"column":43}},{"start":{"line":323,"column":47},"end":{"line":323,"column":61}}],"line":323},"47":{"loc":{"start":{"line":324,"column":28},"end":{"line":324,"column":70}},"type":"binary-expr","locations":[{"start":{"line":324,"column":28},"end":{"line":324,"column":49}},{"start":{"line":324,"column":53},"end":{"line":324,"column":70}}],"line":324},"48":{"loc":{"start":{"line":325,"column":25},"end":{"line":325,"column":61}},"type":"binary-expr","locations":[{"start":{"line":325,"column":25},"end":{"line":325,"column":43}},{"start":{"line":325,"column":47},"end":{"line":325,"column":61}}],"line":325},"49":{"loc":{"start":{"line":328,"column":6},"end":{"line":340,"column":7}},"type":"if","locations":[{"start":{"line":328,"column":6},"end":{"line":340,"column":7}},{"start":{},"end":{}}],"line":328},"50":{"loc":{"start":{"line":328,"column":10},"end":{"line":328,"column":67}},"type":"binary-expr","locations":[{"start":{"line":328,"column":11},"end":{"line":328,"column":19}},{"start":{"line":328,"column":23},"end":{"line":328,"column":32}},{"start":{"line":328,"column":37},"end":{"line":328,"column":67}}],"line":328},"51":{"loc":{"start":{"line":342,"column":6},"end":{"line":352,"column":7}},"type":"if","locations":[{"start":{"line":342,"column":6},"end":{"line":352,"column":7}},{"start":{},"end":{}}],"line":342},"52":{"loc":{"start":{"line":342,"column":10},"end":{"line":342,"column":61}},"type":"binary-expr","locations":[{"start":{"line":342,"column":11},"end":{"line":342,"column":19}},{"start":{"line":342,"column":23},"end":{"line":342,"column":32}},{"start":{"line":342,"column":37},"end":{"line":342,"column":61}}],"line":342},"53":{"loc":{"start":{"line":354,"column":6},"end":{"line":367,"column":7}},"type":"if","locations":[{"start":{"line":354,"column":6},"end":{"line":367,"column":7}},{"start":{},"end":{}}],"line":354},"54":{"loc":{"start":{"line":354,"column":10},"end":{"line":354,"column":68}},"type":"binary-expr","locations":[{"start":{"line":354,"column":10},"end":{"line":354,"column":22}},{"start":{"line":354,"column":27},"end":{"line":354,"column":35}},{"start":{"line":354,"column":39},"end":{"line":354,"column":67}}],"line":354},"55":{"loc":{"start":{"line":356,"column":10},"end":{"line":356,"column":67}},"type":"binary-expr","locations":[{"start":{"line":356,"column":10},"end":{"line":356,"column":18}},{"start":{"line":356,"column":23},"end":{"line":356,"column":66}}],"line":356},"56":{"loc":{"start":{"line":356,"column":23},"end":{"line":356,"column":66}},"type":"cond-expr","locations":[{"start":{"line":356,"column":54},"end":{"line":356,"column":62}},{"start":{"line":356,"column":65},"end":{"line":356,"column":66}}],"line":356},"57":{"loc":{"start":{"line":370,"column":8},"end":{"line":370,"column":76}},"type":"if","locations":[{"start":{"line":370,"column":8},"end":{"line":370,"column":76}},{"start":{},"end":{}}],"line":370},"58":{"loc":{"start":{"line":370,"column":12},"end":{"line":370,"column":58}},"type":"binary-expr","locations":[{"start":{"line":370,"column":12},"end":{"line":370,"column":26}},{"start":{"line":370,"column":30},"end":{"line":370,"column":58}}],"line":370},"59":{"loc":{"start":{"line":377,"column":10},"end":{"line":391,"column":11}},"type":"if","locations":[{"start":{"line":377,"column":10},"end":{"line":391,"column":11}},{"start":{},"end":{}}],"line":377},"60":{"loc":{"start":{"line":378,"column":24},"end":{"line":378,"column":77}},"type":"cond-expr","locations":[{"start":{"line":378,"column":53},"end":{"line":378,"column":57}},{"start":{"line":378,"column":60},"end":{"line":378,"column":77}}],"line":378},"61":{"loc":{"start":{"line":396,"column":6},"end":{"line":409,"column":7}},"type":"if","locations":[{"start":{"line":396,"column":6},"end":{"line":409,"column":7}},{"start":{},"end":{}}],"line":396},"62":{"loc":{"start":{"line":396,"column":10},"end":{"line":396,"column":61}},"type":"binary-expr","locations":[{"start":{"line":396,"column":10},"end":{"line":396,"column":18}},{"start":{"line":396,"column":23},"end":{"line":396,"column":32}},{"start":{"line":396,"column":36},"end":{"line":396,"column":60}}],"line":396},"63":{"loc":{"start":{"line":401,"column":17},"end":{"line":403,"column":70}},"type":"cond-expr","locations":[{"start":{"line":402,"column":16},"end":{"line":402,"column":41}},{"start":{"line":403,"column":16},"end":{"line":403,"column":70}}],"line":401},"64":{"loc":{"start":{"line":415,"column":15},"end":{"line":417,"column":68}},"type":"cond-expr","locations":[{"start":{"line":416,"column":14},"end":{"line":416,"column":39}},{"start":{"line":417,"column":14},"end":{"line":417,"column":68}}],"line":415}},"s":{"0":6,"1":69,"2":69,"3":69,"4":69,"5":69,"6":69,"7":69,"8":69,"9":40,"10":29,"11":0,"12":29,"13":69,"14":69,"15":69,"16":69,"17":69,"18":69,"19":69,"20":62,"21":62,"22":69,"23":62,"24":60,"25":2,"26":0,"27":2,"28":69,"29":62,"30":0,"31":62,"32":69,"33":62,"34":62,"35":0,"36":62,"37":69,"38":62,"39":69,"40":69,"41":69,"42":69,"43":69,"44":69,"45":0,"46":69,"47":0,"48":69,"49":69,"50":69,"51":69,"52":69,"53":69,"54":9,"55":60,"56":6,"57":54,"58":0,"59":0,"60":54,"61":54,"62":54,"63":0,"64":0,"65":0,"66":0,"67":0,"68":0,"69":0,"70":0,"71":54,"72":0,"73":54,"74":6,"75":6,"76":6,"77":3,"78":6,"79":1,"80":6,"81":1,"82":6,"83":1,"84":6,"85":1,"86":6,"87":1,"88":6,"89":1,"90":6,"91":0,"92":6,"93":2,"94":6,"95":2,"96":6,"97":0,"98":6,"99":1,"100":6,"101":1,"102":6,"103":1,"104":6,"105":1,"106":6,"107":1,"108":6,"109":1,"110":6,"111":1,"112":6,"113":1,"114":6,"115":1,"116":6,"117":1,"118":6,"119":1,"120":6,"121":1,"122":6,"123":1,"124":6,"125":1,"126":6,"127":1,"128":6},"f":{"0":69,"1":69,"2":62,"3":62,"4":62,"5":62,"6":62,"7":69,"8":69,"9":0,"10":0,"11":54,"12":0,"13":0,"14":3,"15":1,"16":1,"17":1,"18":1,"19":1,"20":1,"21":0,"22":2,"23":2,"24":0,"25":1,"26":1,"27":1,"28":1,"29":1,"30":1,"31":1,"32":1,"33":1,"34":1,"35":1,"36":1,"37":1,"38":1,"39":1},"b":{"0":[38],"1":[68],"2":[69],"3":[69],"4":[69],"5":[54],"6":[69],"7":[69],"8":[69],"9":[69],"10":[69],"11":[67],"12":[69],"13":[0,69],"14":[40,29],"15":[0,29],"16":[29,0],"17":[69,69],"18":[69,0],"19":[69,0],"20":[0,69],"21":[69,68],"22":[68,1],"23":[62,0],"24":[60,2],"25":[0,2],"26":[0,62],"27":[61,1],"28":[62,60],"29":[62,62],"30":[1,61],"31":[62,60],"32":[0,60],"33":[0,62],"34":[69,69],"35":[0,69],"36":[0,69],"37":[69,69],"38":[0,0],"39":[69,65],"40":[69,69],"41":[69,69],"42":[0,69],"43":[69,69],"44":[69,69],"45":[15,54],"46":[69,69],"47":[69,69],"48":[69,69],"49":[9,60],"50":[69,54,15],"51":[6,54],"52":[60,54,6],"53":[0,54],"54":[54,0,0],"55":[0,0],"56":[0,0],"57":[54,0],"58":[54,0],"59":[0,0],"60":[0,0],"61":[0,54],"62":[54,54,0],"63":[0,0],"64":[54,0]},"_coverageSchema":"1a1c01bbd47fc00a2c39e90264f33305004495a9","hash":"447175fa9eb97252a1d327163809ec4de677cdc4"}
,"/Users/ganeshjayaprakash/WorkSpace/Mine/npm_plugin/Text/react-native-apptext/src/ErrorBoundary.tsx": {"path":"/Users/ganeshjayaprakash/WorkSpace/Mine/npm_plugin/Text/react-native-apptext/src/ErrorBoundary.tsx","statementMap":{"0":{"start":{"line":17,"column":30},"end":{"line":17,"column":76}},"1":{"start":{"line":24,"column":4},"end":{"line":24,"column":17}},"2":{"start":{"line":25,"column":4},"end":{"line":25,"column":37}},"3":{"start":{"line":29,"column":4},"end":{"line":29,"column":37}},"4":{"start":{"line":33,"column":4},"end":{"line":33,"column":58}},"5":{"start":{"line":34,"column":4},"end":{"line":34,"column":43}},"6":{"start":{"line":38,"column":4},"end":{"line":59,"column":5}},"7":{"start":{"line":39,"column":6},"end":{"line":44,"column":7}},"8":{"start":{"line":40,"column":34},"end":{"line":42,"column":10}},"9":{"start":{"line":43,"column":8},"end":{"line":43,"column":62}},"10":{"start":{"line":45,"column":6},"end":{"line":58,"column":8}},"11":{"start":{"line":61,"column":4},"end":{"line":61,"column":31}}},"fnMap":{"0":{"name":"(anonymous_0)","decl":{"start":{"line":23,"column":2},"end":{"line":23,"column":3}},"loc":{"start":{"line":23,"column":41},"end":{"line":26,"column":3}},"line":23},"1":{"name":"(anonymous_1)","decl":{"start":{"line":28,"column":2},"end":{"line":28,"column":3}},"loc":{"start":{"line":28,"column":68},"end":{"line":30,"column":3}},"line":28},"2":{"name":"(anonymous_2)","decl":{"start":{"line":32,"column":2},"end":{"line":32,"column":3}},"loc":{"start":{"line":32,"column":56},"end":{"line":35,"column":3}},"line":32},"3":{"name":"(anonymous_3)","decl":{"start":{"line":37,"column":2},"end":{"line":37,"column":3}},"loc":{"start":{"line":37,"column":11},"end":{"line":62,"column":3}},"line":37}},"branchMap":{"0":{"loc":{"start":{"line":38,"column":4},"end":{"line":59,"column":5}},"type":"if","locations":[{"start":{"line":38,"column":4},"end":{"line":59,"column":5}},{"start":{},"end":{}}],"line":38},"1":{"loc":{"start":{"line":39,"column":6},"end":{"line":44,"column":7}},"type":"if","locations":[{"start":{"line":39,"column":6},"end":{"line":44,"column":7}},{"start":{},"end":{}}],"line":39},"2":{"loc":{"start":{"line":46,"column":8},"end":{"line":57,"column":9}},"type":"binary-expr","locations":[{"start":{"line":46,"column":9},"end":{"line":46,"column":41}},{"start":{"line":47,"column":10},"end":{"line":56,"column":17}}],"line":46},"3":{"loc":{"start":{"line":54,"column":15},"end":{"line":54,"column":63}},"type":"binary-expr","locations":[{"start":{"line":54,"column":15},"end":{"line":54,"column":38}},{"start":{"line":54,"column":42},"end":{"line":54,"column":63}}],"line":54}},"s":{"0":1,"1":7,"2":7,"3":6,"4":3,"5":3,"6":13,"7":6,"8":2,"9":2,"10":4,"11":7},"f":{"0":7,"1":6,"2":3,"3":13},"b":{"0":[6,7],"1":[2,4],"2":[4,4],"3":[4,4]},"_coverageSchema":"1a1c01bbd47fc00a2c39e90264f33305004495a9","hash":"6fc716c35828f68564da2bec8ed8ea82240c7114"}
,"/Users/ganeshjayaprakash/WorkSpace/Mine/npm_plugin/Text/react-native-apptext/src/NumberFormatter.tsx": {"path":"/Users/ganeshjayaprakash/WorkSpace/Mine/npm_plugin/Text/react-native-apptext/src/NumberFormatter.tsx","statementMap":{"0":{"start":{"line":24,"column":25},"end":{"line":24,"column":61}},"1":{"start":{"line":25,"column":32},"end":{"line":25,"column":35}},"2":{"start":{"line":36,"column":4},"end":{"line":38,"column":5}},"3":{"start":{"line":37,"column":6},"end":{"line":37,"column":27}},"4":{"start":{"line":40,"column":4},"end":{"line":65,"column":5}},"5":{"start":{"line":41,"column":6},"end":{"line":43,"column":7}},"6":{"start":{"line":42,"column":8},"end":{"line":42,"column":51}},"7":{"start":{"line":46,"column":23},"end":{"line":46,"column":59}},"8":{"start":{"line":49,"column":22},"end":{"line":49,"column":46}},"9":{"start":{"line":50,"column":6},"end":{"line":59,"column":7}},"10":{"start":{"line":51,"column":8},"end":{"line":51,"column":58}},"11":{"start":{"line":54,"column":8},"end":{"line":56,"column":9}},"12":{"start":{"line":55,"column":10},"end":{"line":55,"column":39}},"13":{"start":{"line":58,"column":8},"end":{"line":58,"column":44}},"14":{"start":{"line":61,"column":6},"end":{"line":61,"column":37}},"15":{"start":{"line":63,"column":6},"end":{"line":63,"column":55}},"16":{"start":{"line":64,"column":6},"end":{"line":64,"column":49}},"17":{"start":{"line":75,"column":50},"end":{"line":75,"column":64}},"18":{"start":{"line":78,"column":4},"end":{"line":80,"column":5}},"19":{"start":{"line":79,"column":6},"end":{"line":79,"column":35}},"20":{"start":{"line":82,"column":4},"end":{"line":82,"column":54}},"21":{"start":{"line":92,"column":26},"end":{"line":95,"column":16}},"22":{"start":{"line":94,"column":20},"end":{"line":94,"column":76}},"23":{"start":{"line":97,"column":4},"end":{"line":97,"column":40}},"24":{"start":{"line":104,"column":21},"end":{"line":104,"column":51}},"25":{"start":{"line":105,"column":4},"end":{"line":107,"column":5}},"26":{"start":{"line":106,"column":6},"end":{"line":106,"column":34}},"27":{"start":{"line":118,"column":4},"end":{"line":134,"column":5}},"28":{"start":{"line":120,"column":8},"end":{"line":126,"column":15}},"29":{"start":{"line":127,"column":6},"end":{"line":127,"column":77}},"30":{"start":{"line":128,"column":11},"end":{"line":134,"column":5}},"31":{"start":{"line":129,"column":6},"end":{"line":129,"column":77}},"32":{"start":{"line":130,"column":11},"end":{"line":134,"column":5}},"33":{"start":{"line":131,"column":6},"end":{"line":131,"column":41}},"34":{"start":{"line":133,"column":6},"end":{"line":133,"column":36}},"35":{"start":{"line":141,"column":21},"end":{"line":141,"column":36}},"36":{"start":{"line":142,"column":17},"end":{"line":142,"column":37}},"37":{"start":{"line":144,"column":4},"end":{"line":152,"column":5}},"38":{"start":{"line":145,"column":6},"end":{"line":145,"column":54}},"39":{"start":{"line":146,"column":11},"end":{"line":152,"column":5}},"40":{"start":{"line":147,"column":6},"end":{"line":147,"column":54}},"41":{"start":{"line":148,"column":11},"end":{"line":152,"column":5}},"42":{"start":{"line":149,"column":6},"end":{"line":149,"column":54}},"43":{"start":{"line":151,"column":6},"end":{"line":151,"column":27}},"44":{"start":{"line":164,"column":4},"end":{"line":169,"column":7}},"45":{"start":{"line":180,"column":4},"end":{"line":185,"column":7}},"46":{"start":{"line":196,"column":4},"end":{"line":200,"column":7}},"47":{"start":{"line":212,"column":4},"end":{"line":217,"column":7}},"48":{"start":{"line":228,"column":4},"end":{"line":231,"column":7}},"49":{"start":{"line":243,"column":4},"end":{"line":262,"column":5}},"50":{"start":{"line":244,"column":24},"end":{"line":244,"column":68}},"51":{"start":{"line":246,"column":6},"end":{"line":248,"column":7}},"52":{"start":{"line":247,"column":8},"end":{"line":247,"column":49}},"53":{"start":{"line":251,"column":6},"end":{"line":255,"column":10}},"54":{"start":{"line":257,"column":6},"end":{"line":261,"column":10}},"55":{"start":{"line":269,"column":4},"end":{"line":269,"column":23}},"56":{"start":{"line":276,"column":4},"end":{"line":279,"column":6}},"57":{"start":{"line":291,"column":14},"end":{"line":291,"column":27}},"58":{"start":{"line":293,"column":2},"end":{"line":295,"column":3}},"59":{"start":{"line":294,"column":4},"end":{"line":294,"column":25}},"60":{"start":{"line":297,"column":2},"end":{"line":339,"column":3}},"61":{"start":{"line":299,"column":4},"end":{"line":301,"column":5}},"62":{"start":{"line":300,"column":6},"end":{"line":300,"column":49}},"63":{"start":{"line":303,"column":18},"end":{"line":303,"column":37}},"64":{"start":{"line":304,"column":18},"end":{"line":304,"column":26}},"65":{"start":{"line":306,"column":4},"end":{"line":335,"column":5}},"66":{"start":{"line":308,"column":25},"end":{"line":308,"column":42}},"67":{"start":{"line":309,"column":8},"end":{"line":309,"column":69}},"68":{"start":{"line":312,"column":8},"end":{"line":312,"column":58}},"69":{"start":{"line":315,"column":8},"end":{"line":315,"column":58}},"70":{"start":{"line":318,"column":21},"end":{"line":318,"column":44}},"71":{"start":{"line":319,"column":8},"end":{"line":319,"column":61}},"72":{"start":{"line":322,"column":8},"end":{"line":322,"column":57}},"73":{"start":{"line":326,"column":26},"end":{"line":326,"column":45}},"74":{"start":{"line":327,"column":8},"end":{"line":332,"column":9}},"75":{"start":{"line":328,"column":10},"end":{"line":331,"column":13}},"76":{"start":{"line":334,"column":8},"end":{"line":334,"column":51}},"77":{"start":{"line":337,"column":4},"end":{"line":337,"column":73}},"78":{"start":{"line":338,"column":4},"end":{"line":338,"column":25}},"79":{"start":{"line":346,"column":25},"end":{"line":346,"column":60}},"80":{"start":{"line":349,"column":16},"end":{"line":349,"column":43}},"81":{"start":{"line":351,"column":4},"end":{"line":370,"column":5}},"82":{"start":{"line":353,"column":6},"end":{"line":355,"column":7}},"83":{"start":{"line":354,"column":8},"end":{"line":354,"column":50}},"84":{"start":{"line":357,"column":24},"end":{"line":357,"column":46}},"85":{"start":{"line":358,"column":6},"end":{"line":361,"column":7}},"86":{"start":{"line":359,"column":8},"end":{"line":359,"column":72}},"87":{"start":{"line":360,"column":8},"end":{"line":360,"column":44}},"88":{"start":{"line":363,"column":19},"end":{"line":363,"column":42}},"89":{"start":{"line":364,"column":21},"end":{"line":364,"column":49}},"90":{"start":{"line":366,"column":6},"end":{"line":366,"column":33}},"91":{"start":{"line":368,"column":6},"end":{"line":368,"column":72}},"92":{"start":{"line":369,"column":6},"end":{"line":369,"column":48}},"93":{"start":{"line":374,"column":17},"end":{"line":374,"column":37}},"94":{"start":{"line":376,"column":4},"end":{"line":384,"column":5}},"95":{"start":{"line":377,"column":47},"end":{"line":382,"column":7}},"96":{"start":{"line":383,"column":6},"end":{"line":383,"column":36}},"97":{"start":{"line":387,"column":4},"end":{"line":389,"column":5}},"98":{"start":{"line":388,"column":6},"end":{"line":388,"column":40}},"99":{"start":{"line":392,"column":4},"end":{"line":392,"column":14}},"100":{"start":{"line":396,"column":16},"end":{"line":396,"column":43}},"101":{"start":{"line":397,"column":17},"end":{"line":397,"column":37}},"102":{"start":{"line":399,"column":4},"end":{"line":417,"column":5}},"103":{"start":{"line":400,"column":24},"end":{"line":400,"column":32}},"104":{"start":{"line":401,"column":28},"end":{"line":401,"column":37}},"105":{"start":{"line":403,"column":6},"end":{"line":405,"column":7}},"106":{"start":{"line":404,"column":8},"end":{"line":404,"column":28}},"107":{"start":{"line":407,"column":6},"end":{"line":416,"column":7}},"108":{"start":{"line":409,"column":10},"end":{"line":409,"column":30}},"109":{"start":{"line":411,"column":10},"end":{"line":411,"column":30}},"110":{"start":{"line":413,"column":10},"end":{"line":413,"column":30}},"111":{"start":{"line":415,"column":10},"end":{"line":415,"column":30}},"112":{"start":{"line":420,"column":4},"end":{"line":420,"column":25}},"113":{"start":{"line":424,"column":4},"end":{"line":424,"column":23}}},"fnMap":{"0":{"name":"(anonymous_0)","decl":{"start":{"line":30,"column":2},"end":{"line":30,"column":3}},"loc":{"start":{"line":34,"column":12},"end":{"line":66,"column":3}},"line":34},"1":{"name":"(anonymous_1)","decl":{"start":{"line":71,"column":2},"end":{"line":71,"column":3}},"loc":{"start":{"line":74,"column":23},"end":{"line":83,"column":3}},"line":74},"2":{"name":"(anonymous_2)","decl":{"start":{"line":88,"column":2},"end":{"line":88,"column":3}},"loc":{"start":{"line":91,"column":12},"end":{"line":98,"column":3}},"line":91},"3":{"name":"(anonymous_3)","decl":{"start":{"line":94,"column":11},"end":{"line":94,"column":12}},"loc":{"start":{"line":94,"column":20},"end":{"line":94,"column":76}},"line":94},"4":{"name":"(anonymous_4)","decl":{"start":{"line":103,"column":2},"end":{"line":103,"column":3}},"loc":{"start":{"line":103,"column":47},"end":{"line":108,"column":3}},"line":103},"5":{"name":"(anonymous_5)","decl":{"start":{"line":113,"column":2},"end":{"line":113,"column":3}},"loc":{"start":{"line":116,"column":12},"end":{"line":135,"column":3}},"line":116},"6":{"name":"(anonymous_6)","decl":{"start":{"line":140,"column":2},"end":{"line":140,"column":3}},"loc":{"start":{"line":140,"column":56},"end":{"line":153,"column":3}},"line":140},"7":{"name":"(anonymous_7)","decl":{"start":{"line":158,"column":2},"end":{"line":158,"column":3}},"loc":{"start":{"line":163,"column":12},"end":{"line":170,"column":3}},"line":163},"8":{"name":"(anonymous_8)","decl":{"start":{"line":175,"column":2},"end":{"line":175,"column":3}},"loc":{"start":{"line":179,"column":12},"end":{"line":186,"column":3}},"line":179},"9":{"name":"(anonymous_9)","decl":{"start":{"line":191,"column":2},"end":{"line":191,"column":3}},"loc":{"start":{"line":195,"column":12},"end":{"line":201,"column":3}},"line":195},"10":{"name":"(anonymous_10)","decl":{"start":{"line":206,"column":2},"end":{"line":206,"column":3}},"loc":{"start":{"line":211,"column":12},"end":{"line":218,"column":3}},"line":211},"11":{"name":"(anonymous_11)","decl":{"start":{"line":223,"column":2},"end":{"line":223,"column":3}},"loc":{"start":{"line":227,"column":12},"end":{"line":232,"column":3}},"line":227},"12":{"name":"(anonymous_12)","decl":{"start":{"line":237,"column":2},"end":{"line":237,"column":3}},"loc":{"start":{"line":242,"column":12},"end":{"line":263,"column":3}},"line":242},"13":{"name":"(anonymous_13)","decl":{"start":{"line":268,"column":2},"end":{"line":268,"column":3}},"loc":{"start":{"line":268,"column":28},"end":{"line":270,"column":3}},"line":268},"14":{"name":"(anonymous_14)","decl":{"start":{"line":275,"column":2},"end":{"line":275,"column":3}},"loc":{"start":{"line":275,"column":60},"end":{"line":280,"column":3}},"line":275},"15":{"name":"formatNumberICU","decl":{"start":{"line":286,"column":16},"end":{"line":286,"column":31}},"loc":{"start":{"line":290,"column":10},"end":{"line":340,"column":1}},"line":290},"16":{"name":"(anonymous_16)","decl":{"start":{"line":348,"column":2},"end":{"line":348,"column":3}},"loc":{"start":{"line":348,"column":55},"end":{"line":371,"column":3}},"line":348},"17":{"name":"(anonymous_17)","decl":{"start":{"line":373,"column":2},"end":{"line":373,"column":3}},"loc":{"start":{"line":373,"column":65},"end":{"line":393,"column":3}},"line":373},"18":{"name":"(anonymous_18)","decl":{"start":{"line":395,"column":2},"end":{"line":395,"column":3}},"loc":{"start":{"line":395,"column":71},"end":{"line":421,"column":3}},"line":395},"19":{"name":"(anonymous_19)","decl":{"start":{"line":423,"column":2},"end":{"line":423,"column":3}},"loc":{"start":{"line":423,"column":28},"end":{"line":425,"column":3}},"line":423}},"branchMap":{"0":{"loc":{"start":{"line":33,"column":4},"end":{"line":33,"column":40}},"type":"default-arg","locations":[{"start":{"line":33,"column":38},"end":{"line":33,"column":40}}],"line":33},"1":{"loc":{"start":{"line":36,"column":4},"end":{"line":38,"column":5}},"type":"if","locations":[{"start":{"line":36,"column":4},"end":{"line":38,"column":5}},{"start":{},"end":{}}],"line":36},"2":{"loc":{"start":{"line":36,"column":8},"end":{"line":36,"column":53}},"type":"binary-expr","locations":[{"start":{"line":36,"column":8},"end":{"line":36,"column":33}},{"start":{"line":36,"column":37},"end":{"line":36,"column":53}}],"line":36},"3":{"loc":{"start":{"line":41,"column":6},"end":{"line":43,"column":7}},"type":"if","locations":[{"start":{"line":41,"column":6},"end":{"line":43,"column":7}},{"start":{},"end":{}}],"line":41},"4":{"loc":{"start":{"line":41,"column":10},"end":{"line":41,"column":59}},"type":"binary-expr","locations":[{"start":{"line":41,"column":10},"end":{"line":41,"column":37}},{"start":{"line":41,"column":41},"end":{"line":41,"column":59}}],"line":41},"5":{"loc":{"start":{"line":50,"column":6},"end":{"line":59,"column":7}},"type":"if","locations":[{"start":{"line":50,"column":6},"end":{"line":59,"column":7}},{"start":{},"end":{}}],"line":50},"6":{"loc":{"start":{"line":54,"column":8},"end":{"line":56,"column":9}},"type":"if","locations":[{"start":{"line":54,"column":8},"end":{"line":56,"column":9}},{"start":{},"end":{}}],"line":54},"7":{"loc":{"start":{"line":78,"column":4},"end":{"line":80,"column":5}},"type":"if","locations":[{"start":{"line":78,"column":4},"end":{"line":80,"column":5}},{"start":{},"end":{}}],"line":78},"8":{"loc":{"start":{"line":78,"column":8},"end":{"line":78,"column":57}},"type":"binary-expr","locations":[{"start":{"line":78,"column":8},"end":{"line":78,"column":36}},{"start":{"line":78,"column":40},"end":{"line":78,"column":57}}],"line":78},"9":{"loc":{"start":{"line":105,"column":4},"end":{"line":107,"column":5}},"type":"if","locations":[{"start":{"line":105,"column":4},"end":{"line":107,"column":5}},{"start":{},"end":{}}],"line":105},"10":{"loc":{"start":{"line":118,"column":4},"end":{"line":134,"column":5}},"type":"if","locations":[{"start":{"line":118,"column":4},"end":{"line":134,"column":5}},{"start":{"line":128,"column":11},"end":{"line":134,"column":5}}],"line":118},"11":{"loc":{"start":{"line":120,"column":8},"end":{"line":126,"column":15}},"type":"cond-expr","locations":[{"start":{"line":121,"column":12},"end":{"line":121,"column":15}},{"start":{"line":122,"column":12},"end":{"line":126,"column":15}}],"line":120},"12":{"loc":{"start":{"line":122,"column":12},"end":{"line":126,"column":15}},"type":"cond-expr","locations":[{"start":{"line":123,"column":12},"end":{"line":123,"column":15}},{"start":{"line":124,"column":12},"end":{"line":126,"column":15}}],"line":122},"13":{"loc":{"start":{"line":124,"column":12},"end":{"line":126,"column":15}},"type":"cond-expr","locations":[{"start":{"line":125,"column":12},"end":{"line":125,"column":15}},{"start":{"line":126,"column":12},"end":{"line":126,"column":15}}],"line":124},"14":{"loc":{"start":{"line":127,"column":39},"end":{"line":127,"column":73}},"type":"binary-expr","locations":[{"start":{"line":127,"column":39},"end":{"line":127,"column":68}},{"start":{"line":127,"column":72},"end":{"line":127,"column":73}}],"line":127},"15":{"loc":{"start":{"line":128,"column":11},"end":{"line":134,"column":5}},"type":"if","locations":[{"start":{"line":128,"column":11},"end":{"line":134,"column":5}},{"start":{"line":130,"column":11},"end":{"line":134,"column":5}}],"line":128},"16":{"loc":{"start":{"line":129,"column":38},"end":{"line":129,"column":72}},"type":"binary-expr","locations":[{"start":{"line":129,"column":38},"end":{"line":129,"column":67}},{"start":{"line":129,"column":71},"end":{"line":129,"column":72}}],"line":129},"17":{"loc":{"start":{"line":130,"column":11},"end":{"line":134,"column":5}},"type":"if","locations":[{"start":{"line":130,"column":11},"end":{"line":134,"column":5}},{"start":{"line":132,"column":11},"end":{"line":134,"column":5}}],"line":130},"18":{"loc":{"start":{"line":142,"column":17},"end":{"line":142,"column":37}},"type":"cond-expr","locations":[{"start":{"line":142,"column":29},"end":{"line":142,"column":32}},{"start":{"line":142,"column":35},"end":{"line":142,"column":37}}],"line":142},"19":{"loc":{"start":{"line":144,"column":4},"end":{"line":152,"column":5}},"type":"if","locations":[{"start":{"line":144,"column":4},"end":{"line":152,"column":5}},{"start":{"line":146,"column":11},"end":{"line":152,"column":5}}],"line":144},"20":{"loc":{"start":{"line":146,"column":11},"end":{"line":152,"column":5}},"type":"if","locations":[{"start":{"line":146,"column":11},"end":{"line":152,"column":5}},{"start":{"line":148,"column":11},"end":{"line":152,"column":5}}],"line":146},"21":{"loc":{"start":{"line":148,"column":11},"end":{"line":152,"column":5}},"type":"if","locations":[{"start":{"line":148,"column":11},"end":{"line":152,"column":5}},{"start":{"line":150,"column":11},"end":{"line":152,"column":5}}],"line":148},"22":{"loc":{"start":{"line":161,"column":4},"end":{"line":161,"column":28}},"type":"default-arg","locations":[{"start":{"line":161,"column":23},"end":{"line":161,"column":28}}],"line":161},"23":{"loc":{"start":{"line":162,"column":4},"end":{"line":162,"column":49}},"type":"default-arg","locations":[{"start":{"line":162,"column":47},"end":{"line":162,"column":49}}],"line":162},"24":{"loc":{"start":{"line":178,"column":4},"end":{"line":178,"column":49}},"type":"default-arg","locations":[{"start":{"line":178,"column":47},"end":{"line":178,"column":49}}],"line":178},"25":{"loc":{"start":{"line":194,"column":4},"end":{"line":194,"column":49}},"type":"default-arg","locations":[{"start":{"line":194,"column":47},"end":{"line":194,"column":49}}],"line":194},"26":{"loc":{"start":{"line":210,"column":4},"end":{"line":210,"column":49}},"type":"default-arg","locations":[{"start":{"line":210,"column":47},"end":{"line":210,"column":49}}],"line":210},"27":{"loc":{"start":{"line":226,"column":4},"end":{"line":226,"column":49}},"type":"default-arg","locations":[{"start":{"line":226,"column":47},"end":{"line":226,"column":49}}],"line":226},"28":{"loc":{"start":{"line":241,"column":4},"end":{"line":241,"column":40}},"type":"default-arg","locations":[{"start":{"line":241,"column":38},"end":{"line":241,"column":40}}],"line":241},"29":{"loc":{"start":{"line":246,"column":6},"end":{"line":248,"column":7}},"type":"if","locations":[{"start":{"line":246,"column":6},"end":{"line":248,"column":7}},{"start":{},"end":{}}],"line":246},"30":{"loc":{"start":{"line":293,"column":2},"end":{"line":295,"column":3}},"type":"if","locations":[{"start":{"line":293,"column":2},"end":{"line":295,"column":3}},{"start":{},"end":{}}],"line":293},"31":{"loc":{"start":{"line":293,"column":6},"end":{"line":293,"column":34}},"type":"binary-expr","locations":[{"start":{"line":293,"column":6},"end":{"line":293,"column":16}},{"start":{"line":293,"column":20},"end":{"line":293,"column":34}}],"line":293},"32":{"loc":{"start":{"line":299,"column":4},"end":{"line":301,"column":5}},"type":"if","locations":[{"start":{"line":299,"column":4},"end":{"line":301,"column":5}},{"start":{},"end":{}}],"line":299},"33":{"loc":{"start":{"line":306,"column":4},"end":{"line":335,"column":5}},"type":"switch","locations":[{"start":{"line":307,"column":6},"end":{"line":309,"column":69}},{"start":{"line":311,"column":6},"end":{"line":312,"column":58}},{"start":{"line":314,"column":6},"end":{"line":315,"column":58}},{"start":{"line":317,"column":6},"end":{"line":319,"column":61}},{"start":{"line":321,"column":6},"end":{"line":322,"column":57}},{"start":{"line":324,"column":6},"end":{"line":334,"column":51}}],"line":306},"34":{"loc":{"start":{"line":308,"column":25},"end":{"line":308,"column":42}},"type":"binary-expr","locations":[{"start":{"line":308,"column":25},"end":{"line":308,"column":33}},{"start":{"line":308,"column":37},"end":{"line":308,"column":42}}],"line":308},"35":{"loc":{"start":{"line":318,"column":21},"end":{"line":318,"column":44}},"type":"binary-expr","locations":[{"start":{"line":318,"column":21},"end":{"line":318,"column":29}},{"start":{"line":318,"column":33},"end":{"line":318,"column":44}}],"line":318},"36":{"loc":{"start":{"line":327,"column":8},"end":{"line":332,"column":9}},"type":"if","locations":[{"start":{"line":327,"column":8},"end":{"line":332,"column":9}},{"start":{},"end":{}}],"line":327},"37":{"loc":{"start":{"line":353,"column":6},"end":{"line":355,"column":7}},"type":"if","locations":[{"start":{"line":353,"column":6},"end":{"line":355,"column":7}},{"start":{},"end":{}}],"line":353},"38":{"loc":{"start":{"line":353,"column":10},"end":{"line":353,"column":58}},"type":"binary-expr","locations":[{"start":{"line":353,"column":10},"end":{"line":353,"column":37}},{"start":{"line":353,"column":41},"end":{"line":353,"column":58}}],"line":353},"39":{"loc":{"start":{"line":358,"column":6},"end":{"line":361,"column":7}},"type":"if","locations":[{"start":{"line":358,"column":6},"end":{"line":361,"column":7}},{"start":{},"end":{}}],"line":358},"40":{"loc":{"start":{"line":376,"column":4},"end":{"line":384,"column":5}},"type":"if","locations":[{"start":{"line":376,"column":4},"end":{"line":384,"column":5}},{"start":{},"end":{}}],"line":376},"41":{"loc":{"start":{"line":383,"column":13},"end":{"line":383,"column":35}},"type":"binary-expr","locations":[{"start":{"line":383,"column":13},"end":{"line":383,"column":27}},{"start":{"line":383,"column":31},"end":{"line":383,"column":35}}],"line":383},"42":{"loc":{"start":{"line":387,"column":4},"end":{"line":389,"column":5}},"type":"if","locations":[{"start":{"line":387,"column":4},"end":{"line":389,"column":5}},{"start":{},"end":{}}],"line":387},"43":{"loc":{"start":{"line":388,"column":13},"end":{"line":388,"column":39}},"type":"cond-expr","locations":[{"start":{"line":388,"column":30},"end":{"line":388,"column":33}},{"start":{"line":388,"column":36},"end":{"line":388,"column":39}}],"line":388},"44":{"loc":{"start":{"line":399,"column":4},"end":{"line":417,"column":5}},"type":"if","locations":[{"start":{"line":399,"column":4},"end":{"line":417,"column":5}},{"start":{},"end":{}}],"line":399},"45":{"loc":{"start":{"line":403,"column":6},"end":{"line":405,"column":7}},"type":"if","locations":[{"start":{"line":403,"column":6},"end":{"line":405,"column":7}},{"start":{},"end":{}}],"line":403},"46":{"loc":{"start":{"line":403,"column":10},"end":{"line":403,"column":52}},"type":"binary-expr","locations":[{"start":{"line":403,"column":10},"end":{"line":403,"column":29}},{"start":{"line":403,"column":33},"end":{"line":403,"column":52}}],"line":403},"47":{"loc":{"start":{"line":407,"column":6},"end":{"line":416,"column":7}},"type":"switch","locations":[{"start":{"line":408,"column":8},"end":{"line":409,"column":30}},{"start":{"line":410,"column":8},"end":{"line":411,"column":30}},{"start":{"line":412,"column":8},"end":{"line":413,"column":30}},{"start":{"line":414,"column":8},"end":{"line":415,"column":30}}],"line":407}},"s":{"0":1,"1":1,"2":172,"3":3,"4":169,"5":169,"6":2,"7":167,"8":167,"9":167,"10":19,"11":19,"12":0,"13":19,"14":167,"15":0,"16":0,"17":20,"18":20,"19":0,"20":20,"21":167,"22":171,"23":167,"24":0,"25":0,"26":0,"27":2,"28":1,"29":1,"30":1,"31":0,"32":1,"33":0,"34":1,"35":0,"36":0,"37":0,"38":0,"39":0,"40":0,"41":0,"42":0,"43":0,"44":4,"45":2,"46":2,"47":0,"48":2,"49":1,"50":1,"51":1,"52":1,"53":0,"54":0,"55":22,"56":3,"57":0,"58":0,"59":0,"60":0,"61":0,"62":0,"63":0,"64":0,"65":0,"66":0,"67":0,"68":0,"69":0,"70":0,"71":0,"72":0,"73":0,"74":0,"75":0,"76":0,"77":0,"78":0,"79":1,"80":0,"81":0,"82":0,"83":0,"84":0,"85":0,"86":0,"87":0,"88":0,"89":0,"90":0,"91":0,"92":0,"93":0,"94":0,"95":0,"96":0,"97":0,"98":0,"99":0,"100":0,"101":0,"102":0,"103":0,"104":0,"105":0,"106":0,"107":0,"108":0,"109":0,"110":0,"111":0,"112":0,"113":0},"f":{"0":172,"1":20,"2":167,"3":171,"4":0,"5":2,"6":0,"7":4,"8":2,"9":2,"10":0,"11":2,"12":1,"13":22,"14":3,"15":0,"16":0,"17":0,"18":0,"19":0},"b":{"0":[12],"1":[3,169],"2":[172,172],"3":[2,167],"4":[169,167],"5":[19,148],"6":[0,19],"7":[0,20],"8":[20,3],"9":[0,0],"10":[1,1],"11":[0,1],"12":[0,1],"13":[0,1],"14":[1,1],"15":[0,1],"16":[0,0],"17":[0,1],"18":[0,0],"19":[0,0],"20":[0,0],"21":[0,0],"22":[0],"23":[4],"24":[2],"25":[2],"26":[0],"27":[2],"28":[1],"29":[1,0],"30":[0,0],"31":[0,0],"32":[0,0],"33":[0,0,0,0,0,0],"34":[0,0],"35":[0,0],"36":[0,0],"37":[0,0],"38":[0,0],"39":[0,0],"40":[0,0],"41":[0,0],"42":[0,0],"43":[0,0],"44":[0,0],"45":[0,0],"46":[0,0],"47":[0,0,0,0]},"_coverageSchema":"1a1c01bbd47fc00a2c39e90264f33305004495a9","hash":"cc084b1674f1e2fc9fd7bfdc208b753e74795563"}
,"/Users/ganeshjayaprakash/WorkSpace/Mine/npm_plugin/Text/react-native-apptext/src/PerformanceOptimizations.tsx": {"path":"/Users/ganeshjayaprakash/WorkSpace/Mine/npm_plugin/Text/react-native-apptext/src/PerformanceOptimizations.tsx","statementMap":{"0":{"start":{"line":16,"column":18},"end":{"line":16,"column":33}},"1":{"start":{"line":18,"column":17},"end":{"line":18,"column":18}},"2":{"start":{"line":19,"column":19},"end":{"line":19,"column":20}},"3":{"start":{"line":22,"column":4},"end":{"line":22,"column":27}},"4":{"start":{"line":26,"column":4},"end":{"line":29,"column":5}},"5":{"start":{"line":27,"column":6},"end":{"line":27,"column":20}},"6":{"start":{"line":28,"column":6},"end":{"line":28,"column":23}},"7":{"start":{"line":31,"column":4},"end":{"line":31,"column":16}},"8":{"start":{"line":33,"column":18},"end":{"line":33,"column":38}},"9":{"start":{"line":34,"column":4},"end":{"line":34,"column":27}},"10":{"start":{"line":35,"column":4},"end":{"line":35,"column":31}},"11":{"start":{"line":37,"column":4},"end":{"line":37,"column":17}},"12":{"start":{"line":42,"column":4},"end":{"line":44,"column":5}},"13":{"start":{"line":43,"column":6},"end":{"line":43,"column":29}},"14":{"start":{"line":47,"column":4},"end":{"line":47,"column":31}},"15":{"start":{"line":50,"column":4},"end":{"line":52,"column":5}},"16":{"start":{"line":51,"column":6},"end":{"line":51,"column":30}},"17":{"start":{"line":56,"column":4},"end":{"line":56,"column":31}},"18":{"start":{"line":60,"column":4},"end":{"line":60,"column":23}},"19":{"start":{"line":61,"column":4},"end":{"line":61,"column":18}},"20":{"start":{"line":62,"column":4},"end":{"line":62,"column":20}},"21":{"start":{"line":66,"column":4},"end":{"line":66,"column":27}},"22":{"start":{"line":70,"column":21},"end":{"line":70,"column":51}},"23":{"start":{"line":71,"column":4},"end":{"line":73,"column":5}},"24":{"start":{"line":72,"column":6},"end":{"line":72,"column":34}},"25":{"start":{"line":77,"column":18},"end":{"line":77,"column":41}},"26":{"start":{"line":78,"column":4},"end":{"line":84,"column":6}},"27":{"start":{"line":93,"column":17},"end":{"line":93,"column":18}},"28":{"start":{"line":94,"column":19},"end":{"line":94,"column":20}},"29":{"start":{"line":97,"column":4},"end":{"line":97,"column":39}},"30":{"start":{"line":105,"column":21},"end":{"line":105,"column":55}},"31":{"start":{"line":106,"column":18},"end":{"line":106,"column":42}},"32":{"start":{"line":108,"column":4},"end":{"line":112,"column":5}},"33":{"start":{"line":109,"column":6},"end":{"line":109,"column":18}},"34":{"start":{"line":111,"column":6},"end":{"line":111,"column":20}},"35":{"start":{"line":114,"column":4},"end":{"line":114,"column":17}},"36":{"start":{"line":123,"column":21},"end":{"line":123,"column":55}},"37":{"start":{"line":124,"column":4},"end":{"line":124,"column":36}},"38":{"start":{"line":132,"column":4},"end":{"line":132,"column":43}},"39":{"start":{"line":132,"column":17},"end":{"line":132,"column":43}},"40":{"start":{"line":134,"column":21},"end":{"line":137,"column":16}},"41":{"start":{"line":136,"column":16},"end":{"line":136,"column":35}},"42":{"start":{"line":138,"column":4},"end":{"line":138,"column":42}},"43":{"start":{"line":142,"column":4},"end":{"line":142,"column":23}},"44":{"start":{"line":143,"column":4},"end":{"line":143,"column":18}},"45":{"start":{"line":144,"column":4},"end":{"line":144,"column":20}},"46":{"start":{"line":148,"column":18},"end":{"line":148,"column":41}},"47":{"start":{"line":149,"column":4},"end":{"line":155,"column":6}},"48":{"start":{"line":166,"column":39},"end":{"line":166,"column":43}},"49":{"start":{"line":168,"column":2},"end":{"line":178,"column":4}},"50":{"start":{"line":169,"column":18},"end":{"line":172,"column":5}},"51":{"start":{"line":170,"column":6},"end":{"line":170,"column":21}},"52":{"start":{"line":171,"column":6},"end":{"line":171,"column":20}},"53":{"start":{"line":174,"column":4},"end":{"line":176,"column":5}},"54":{"start":{"line":175,"column":6},"end":{"line":175,"column":28}},"55":{"start":{"line":177,"column":4},"end":{"line":177,"column":38}},"56":{"start":{"line":190,"column":2},"end":{"line":196,"column":4}},"57":{"start":{"line":191,"column":4},"end":{"line":195,"column":5}},"58":{"start":{"line":192,"column":6},"end":{"line":192,"column":20}},"59":{"start":{"line":193,"column":6},"end":{"line":193,"column":24}},"60":{"start":{"line":194,"column":6},"end":{"line":194,"column":52}},"61":{"start":{"line":194,"column":24},"end":{"line":194,"column":42}},"62":{"start":{"line":206,"column":16},"end":{"line":206,"column":60}},"63":{"start":{"line":208,"column":2},"end":{"line":218,"column":10}},"64":{"start":{"line":209,"column":16},"end":{"line":209,"column":36}},"65":{"start":{"line":211,"column":4},"end":{"line":213,"column":5}},"66":{"start":{"line":212,"column":6},"end":{"line":212,"column":28}},"67":{"start":{"line":215,"column":19},"end":{"line":215,"column":32}},"68":{"start":{"line":216,"column":4},"end":{"line":216,"column":27}},"69":{"start":{"line":217,"column":4},"end":{"line":217,"column":18}},"70":{"start":{"line":229,"column":7},"end":{"line":229,"column":9}},"71":{"start":{"line":230,"column":58},"end":{"line":230,"column":62}},"72":{"start":{"line":231,"column":22},"end":{"line":231,"column":24}},"73":{"start":{"line":232,"column":18},"end":{"line":232,"column":20}},"74":{"start":{"line":241,"column":4},"end":{"line":249,"column":7}},"75":{"start":{"line":242,"column":6},"end":{"line":242,"column":48}},"76":{"start":{"line":244,"column":6},"end":{"line":248,"column":7}},"77":{"start":{"line":245,"column":8},"end":{"line":245,"column":21}},"78":{"start":{"line":246,"column":13},"end":{"line":248,"column":7}},"79":{"start":{"line":247,"column":8},"end":{"line":247,"column":66}},"80":{"start":{"line":247,"column":40},"end":{"line":247,"column":52}},"81":{"start":{"line":253,"column":4},"end":{"line":256,"column":5}},"82":{"start":{"line":254,"column":6},"end":{"line":254,"column":33}},"83":{"start":{"line":255,"column":6},"end":{"line":255,"column":26}},"84":{"start":{"line":258,"column":4},"end":{"line":260,"column":5}},"85":{"start":{"line":259,"column":6},"end":{"line":259,"column":13}},"86":{"start":{"line":262,"column":18},"end":{"line":262,"column":54}},"87":{"start":{"line":264,"column":4},"end":{"line":277,"column":5}},"88":{"start":{"line":265,"column":22},"end":{"line":267,"column":7}},"89":{"start":{"line":266,"column":40},"end":{"line":266,"column":55}},"90":{"start":{"line":269,"column":6},"end":{"line":271,"column":9}},"91":{"start":{"line":270,"column":8},"end":{"line":270,"column":37}},"92":{"start":{"line":273,"column":6},"end":{"line":273,"column":55}},"93":{"start":{"line":274,"column":6},"end":{"line":276,"column":9}},"94":{"start":{"line":275,"column":8},"end":{"line":275,"column":31}},"95":{"start":{"line":286,"column":26},"end":{"line":286,"column":51}},"96":{"start":{"line":287,"column":29},"end":{"line":287,"column":60}},"97":{"start":{"line":290,"column":4},"end":{"line":290,"column":27}},"98":{"start":{"line":294,"column":4},"end":{"line":294,"column":24}},"99":{"start":{"line":295,"column":4},"end":{"line":295,"column":30}},"100":{"start":{"line":299,"column":4},"end":{"line":301,"column":5}},"101":{"start":{"line":300,"column":6},"end":{"line":300,"column":44}},"102":{"start":{"line":302,"column":4},"end":{"line":302,"column":45}},"103":{"start":{"line":306,"column":21},"end":{"line":306,"column":47}},"104":{"start":{"line":307,"column":4},"end":{"line":310,"column":5}},"105":{"start":{"line":308,"column":6},"end":{"line":308,"column":47}},"106":{"start":{"line":308,"column":36},"end":{"line":308,"column":45}},"107":{"start":{"line":309,"column":6},"end":{"line":309,"column":36}},"108":{"start":{"line":315,"column":4},"end":{"line":315,"column":56}},"109":{"start":{"line":315,"column":35},"end":{"line":315,"column":54}},"110":{"start":{"line":316,"column":4},"end":{"line":316,"column":24}},"111":{"start":{"line":319,"column":4},"end":{"line":321,"column":7}},"112":{"start":{"line":320,"column":6},"end":{"line":320,"column":47}},"113":{"start":{"line":320,"column":36},"end":{"line":320,"column":45}},"114":{"start":{"line":322,"column":4},"end":{"line":322,"column":27}},"115":{"start":{"line":326,"column":4},"end":{"line":329,"column":6}},"116":{"start":{"line":334,"column":24},"end":{"line":334,"column":49}},"117":{"start":{"line":338,"column":4},"end":{"line":338,"column":39}},"118":{"start":{"line":342,"column":4},"end":{"line":342,"column":59}},"119":{"start":{"line":346,"column":4},"end":{"line":346,"column":38}},"120":{"start":{"line":354,"column":24},"end":{"line":354,"column":25}},"121":{"start":{"line":355,"column":21},"end":{"line":355,"column":22}},"122":{"start":{"line":356,"column":19},"end":{"line":356,"column":20}},"123":{"start":{"line":357,"column":18},"end":{"line":357,"column":19}},"124":{"start":{"line":360,"column":4},"end":{"line":368,"column":5}},"125":{"start":{"line":360,"column":17},"end":{"line":360,"column":18}},"126":{"start":{"line":361,"column":21},"end":{"line":361,"column":53}},"127":{"start":{"line":362,"column":6},"end":{"line":366,"column":7}},"128":{"start":{"line":363,"column":8},"end":{"line":363,"column":23}},"129":{"start":{"line":364,"column":8},"end":{"line":364,"column":32}},"130":{"start":{"line":365,"column":8},"end":{"line":365,"column":14}},"131":{"start":{"line":367,"column":6},"end":{"line":367,"column":30}},"132":{"start":{"line":371,"column":4},"end":{"line":371,"column":28}},"133":{"start":{"line":372,"column":4},"end":{"line":379,"column":5}},"134":{"start":{"line":372,"column":17},"end":{"line":372,"column":27}},"135":{"start":{"line":373,"column":21},"end":{"line":373,"column":53}},"136":{"start":{"line":374,"column":6},"end":{"line":374,"column":30}},"137":{"start":{"line":375,"column":6},"end":{"line":378,"column":7}},"138":{"start":{"line":376,"column":8},"end":{"line":376,"column":21}},"139":{"start":{"line":377,"column":8},"end":{"line":377,"column":14}},"140":{"start":{"line":381,"column":4},"end":{"line":383,"column":5}},"141":{"start":{"line":382,"column":6},"end":{"line":382,"column":34}},"142":{"start":{"line":385,"column":4},"end":{"line":385,"column":45}},"143":{"start":{"line":389,"column":4},"end":{"line":389,"column":78}},"144":{"start":{"line":389,"column":39},"end":{"line":389,"column":73}},"145":{"start":{"line":397,"column":25},"end":{"line":397,"column":52}},"146":{"start":{"line":400,"column":4},"end":{"line":402,"column":5}},"147":{"start":{"line":401,"column":6},"end":{"line":401,"column":31}},"148":{"start":{"line":403,"column":4},"end":{"line":403,"column":22}},"149":{"start":{"line":407,"column":18},"end":{"line":407,"column":28}},"150":{"start":{"line":408,"column":4},"end":{"line":408,"column":9}},"151":{"start":{"line":409,"column":21},"end":{"line":409,"column":39}},"152":{"start":{"line":410,"column":4},"end":{"line":412,"column":5}},"153":{"start":{"line":411,"column":6},"end":{"line":411,"column":38}},"154":{"start":{"line":413,"column":4},"end":{"line":413,"column":48}},"155":{"start":{"line":417,"column":18},"end":{"line":417,"column":28}},"156":{"start":{"line":418,"column":4},"end":{"line":418,"column":15}},"157":{"start":{"line":419,"column":21},"end":{"line":419,"column":39}},"158":{"start":{"line":420,"column":4},"end":{"line":422,"column":5}},"159":{"start":{"line":421,"column":6},"end":{"line":421,"column":38}},"160":{"start":{"line":423,"column":4},"end":{"line":423,"column":48}},"161":{"start":{"line":427,"column":25},"end":{"line":427,"column":58}},"162":{"start":{"line":428,"column":4},"end":{"line":430,"column":5}},"163":{"start":{"line":429,"column":6},"end":{"line":429,"column":18}},"164":{"start":{"line":432,"column":19},"end":{"line":432,"column":58}},"165":{"start":{"line":432,"column":52},"end":{"line":432,"column":57}},"166":{"start":{"line":433,"column":16},"end":{"line":433,"column":55}},"167":{"start":{"line":433,"column":46},"end":{"line":433,"column":51}},"168":{"start":{"line":435,"column":4},"end":{"line":443,"column":6}},"169":{"start":{"line":447,"column":39},"end":{"line":447,"column":41}},"170":{"start":{"line":448,"column":4},"end":{"line":450,"column":5}},"171":{"start":{"line":449,"column":6},"end":{"line":449,"column":40}},"172":{"start":{"line":451,"column":4},"end":{"line":451,"column":17}},"173":{"start":{"line":455,"column":4},"end":{"line":459,"column":5}},"174":{"start":{"line":456,"column":6},"end":{"line":456,"column":37}},"175":{"start":{"line":458,"column":6},"end":{"line":458,"column":32}},"176":{"start":{"line":464,"column":32},"end":{"line":464,"column":58}},"177":{"start":{"line":465,"column":34},"end":{"line":465,"column":58}}},"fnMap":{"0":{"name":"(anonymous_0)","decl":{"start":{"line":21,"column":2},"end":{"line":21,"column":3}},"loc":{"start":{"line":21,"column":38},"end":{"line":23,"column":3}},"line":21},"1":{"name":"(anonymous_1)","decl":{"start":{"line":25,"column":2},"end":{"line":25,"column":3}},"loc":{"start":{"line":25,"column":29},"end":{"line":38,"column":3}},"line":25},"2":{"name":"(anonymous_2)","decl":{"start":{"line":40,"column":2},"end":{"line":40,"column":3}},"loc":{"start":{"line":40,"column":30},"end":{"line":53,"column":3}},"line":40},"3":{"name":"(anonymous_3)","decl":{"start":{"line":55,"column":2},"end":{"line":55,"column":3}},"loc":{"start":{"line":55,"column":23},"end":{"line":57,"column":3}},"line":55},"4":{"name":"(anonymous_4)","decl":{"start":{"line":59,"column":2},"end":{"line":59,"column":3}},"loc":{"start":{"line":59,"column":16},"end":{"line":63,"column":3}},"line":59},"5":{"name":"(anonymous_5)","decl":{"start":{"line":65,"column":2},"end":{"line":65,"column":3}},"loc":{"start":{"line":65,"column":21},"end":{"line":67,"column":3}},"line":65},"6":{"name":"(anonymous_6)","decl":{"start":{"line":69,"column":2},"end":{"line":69,"column":3}},"loc":{"start":{"line":69,"column":35},"end":{"line":74,"column":3}},"line":69},"7":{"name":"(anonymous_7)","decl":{"start":{"line":76,"column":2},"end":{"line":76,"column":3}},"loc":{"start":{"line":76,"column":95},"end":{"line":85,"column":3}},"line":76},"8":{"name":"(anonymous_8)","decl":{"start":{"line":96,"column":2},"end":{"line":96,"column":3}},"loc":{"start":{"line":96,"column":38},"end":{"line":98,"column":3}},"line":96},"9":{"name":"(anonymous_9)","decl":{"start":{"line":100,"column":2},"end":{"line":100,"column":3}},"loc":{"start":{"line":104,"column":24},"end":{"line":115,"column":3}},"line":104},"10":{"name":"(anonymous_10)","decl":{"start":{"line":117,"column":2},"end":{"line":117,"column":3}},"loc":{"start":{"line":122,"column":10},"end":{"line":125,"column":3}},"line":122},"11":{"name":"(anonymous_11)","decl":{"start":{"line":127,"column":2},"end":{"line":127,"column":3}},"loc":{"start":{"line":131,"column":12},"end":{"line":139,"column":3}},"line":131},"12":{"name":"(anonymous_12)","decl":{"start":{"line":136,"column":11},"end":{"line":136,"column":12}},"loc":{"start":{"line":136,"column":16},"end":{"line":136,"column":35}},"line":136},"13":{"name":"(anonymous_13)","decl":{"start":{"line":141,"column":2},"end":{"line":141,"column":3}},"loc":{"start":{"line":141,"column":16},"end":{"line":145,"column":3}},"line":141},"14":{"name":"(anonymous_14)","decl":{"start":{"line":147,"column":2},"end":{"line":147,"column":3}},"loc":{"start":{"line":147,"column":13},"end":{"line":156,"column":3}},"line":147},"15":{"name":"debounce","decl":{"start":{"line":162,"column":16},"end":{"line":162,"column":24}},"loc":{"start":{"line":165,"column":36},"end":{"line":179,"column":1}},"line":165},"16":{"name":"executedFunction","decl":{"start":{"line":168,"column":18},"end":{"line":168,"column":34}},"loc":{"start":{"line":168,"column":59},"end":{"line":178,"column":3}},"line":168},"17":{"name":"(anonymous_17)","decl":{"start":{"line":169,"column":18},"end":{"line":169,"column":19}},"loc":{"start":{"line":169,"column":24},"end":{"line":172,"column":5}},"line":169},"18":{"name":"throttle","decl":{"start":{"line":184,"column":16},"end":{"line":184,"column":24}},"loc":{"start":{"line":187,"column":36},"end":{"line":197,"column":1}},"line":187},"19":{"name":"executedFunction","decl":{"start":{"line":190,"column":18},"end":{"line":190,"column":34}},"loc":{"start":{"line":190,"column":59},"end":{"line":196,"column":3}},"line":190},"20":{"name":"(anonymous_20)","decl":{"start":{"line":194,"column":17},"end":{"line":194,"column":18}},"loc":{"start":{"line":194,"column":24},"end":{"line":194,"column":42}},"line":194},"21":{"name":"memoize","decl":{"start":{"line":202,"column":16},"end":{"line":202,"column":23}},"loc":{"start":{"line":205,"column":5},"end":{"line":219,"column":1}},"line":205},"22":{"name":"(anonymous_22)","decl":{"start":{"line":208,"column":10},"end":{"line":208,"column":11}},"loc":{"start":{"line":208,"column":38},"end":{"line":218,"column":3}},"line":208},"23":{"name":"(anonymous_23)","decl":{"start":{"line":234,"column":2},"end":{"line":234,"column":3}},"loc":{"start":{"line":238,"column":4},"end":{"line":238,"column":6}},"line":238},"24":{"name":"(anonymous_24)","decl":{"start":{"line":240,"column":2},"end":{"line":240,"column":3}},"loc":{"start":{"line":240,"column":66},"end":{"line":250,"column":3}},"line":240},"25":{"name":"(anonymous_25)","decl":{"start":{"line":241,"column":23},"end":{"line":241,"column":24}},"loc":{"start":{"line":241,"column":36},"end":{"line":249,"column":5}},"line":241},"26":{"name":"(anonymous_26)","decl":{"start":{"line":247,"column":34},"end":{"line":247,"column":35}},"loc":{"start":{"line":247,"column":40},"end":{"line":247,"column":52}},"line":247},"27":{"name":"(anonymous_27)","decl":{"start":{"line":252,"column":2},"end":{"line":252,"column":3}},"loc":{"start":{"line":252,"column":39},"end":{"line":278,"column":3}},"line":252},"28":{"name":"(anonymous_28)","decl":{"start":{"line":266,"column":18},"end":{"line":266,"column":19}},"loc":{"start":{"line":266,"column":40},"end":{"line":266,"column":55}},"line":266},"29":{"name":"(anonymous_29)","decl":{"start":{"line":269,"column":20},"end":{"line":269,"column":21}},"loc":{"start":{"line":269,"column":37},"end":{"line":271,"column":7}},"line":269},"30":{"name":"(anonymous_30)","decl":{"start":{"line":274,"column":20},"end":{"line"
[...]
,"/Users/ganeshjayaprakash/WorkSpace/Mine/npm_plugin/Text/react-native-apptext/src/i18n/TranslationManager.ts": {"path":"/Users/ganeshjayaprakash/WorkSpace/Mine/npm_plugin/Text/react-native-apptext/src/i18n/TranslationManager.ts","statementMap":{"0":{"start":{"line":38,"column":63},"end":{"line":38,"column":65}},"1":{"start":{"line":52,"column":4},"end":{"line":52,"column":37}},"2":{"start":{"line":53,"column":4},"end":{"line":53,"column":61}},"3":{"start":{"line":54,"column":4},"end":{"line":54,"column":63}},"4":{"start":{"line":55,"column":4},"end":{"line":55,"column":41}},"5":{"start":{"line":56,"column":4},"end":{"line":56,"column":45}},"6":{"start":{"line":63,"column":4},"end":{"line":65,"column":5}},"7":{"start":{"line":64,"column":6},"end":{"line":64,"column":48}},"8":{"start":{"line":66,"column":4},"end":{"line":66,"column":22}},"9":{"start":{"line":75,"column":42},"end":{"line":75,"column":55}},"10":{"start":{"line":77,"column":19},"end":{"line":77,"column":58}},"11":{"start":{"line":78,"column":4},"end":{"line":80,"column":5}},"12":{"start":{"line":79,"column":6},"end":{"line":79,"column":20}},"13":{"start":{"line":82,"column":25},"end":{"line":82,"column":28}},"14":{"start":{"line":83,"column":22},"end":{"line":83,"column":77}},"15":{"start":{"line":85,"column":4},"end":{"line":88,"column":5}},"16":{"start":{"line":86,"column":25},"end":{"line":86,"column":44}},"17":{"start":{"line":87,"column":6},"end":{"line":87,"column":74}},"18":{"start":{"line":90,"column":4},"end":{"line":120,"column":5}},"19":{"start":{"line":91,"column":6},"end":{"line":91,"column":50}},"20":{"start":{"line":92,"column":6},"end":{"line":92,"column":19}},"21":{"start":{"line":93,"column":11},"end":{"line":120,"column":5}},"22":{"start":{"line":98,"column":6},"end":{"line":98,"column":77}},"23":{"start":{"line":99,"column":11},"end":{"line":120,"column":5}},"24":{"start":{"line":100,"column":24},"end":{"line":100,"column":35}},"25":{"start":{"line":103,"column":8},"end":{"line":103,"column":59}},"26":{"start":{"line":105,"column":6},"end":{"line":115,"column":7}},"27":{"start":{"line":106,"column":8},"end":{"line":110,"column":10}},"28":{"start":{"line":112,"column":8},"end":{"line":114,"column":24}},"29":{"start":{"line":117,"column":6},"end":{"line":117,"column":27}},"30":{"start":{"line":119,"column":6},"end":{"line":119,"column":19}},"31":{"start":{"line":122,"column":4},"end":{"line":122,"column":52}},"32":{"start":{"line":123,"column":4},"end":{"line":123,"column":18}},"33":{"start":{"line":133,"column":24},"end":{"line":133,"column":79}},"34":{"start":{"line":135,"column":4},"end":{"line":140,"column":5}},"35":{"start":{"line":136,"column":24},"end":{"line":136,"column":44}},"36":{"start":{"line":137,"column":6},"end":{"line":139,"column":46}},"37":{"start":{"line":142,"column":4},"end":{"line":149,"column":5}},"38":{"start":{"line":147,"column":6},"end":{"line":147,"column":59}},"39":{"start":{"line":148,"column":6},"end":{"line":148,"column":17}},"40":{"start":{"line":151,"column":23},"end":{"line":151,"column":49}},"41":{"start":{"line":152,"column":17},"end":{"line":152,"column":114}},"42":{"start":{"line":154,"column":22},"end":{"line":154,"column":42}},"43":{"start":{"line":155,"column":4},"end":{"line":157,"column":37}},"44":{"start":{"line":161,"column":4},"end":{"line":164,"column":6}},"45":{"start":{"line":173,"column":4},"end":{"line":176,"column":5}},"46":{"start":{"line":174,"column":20},"end":{"line":174,"column":73}},"47":{"start":{"line":175,"column":6},"end":{"line":175,"column":30}},"48":{"start":{"line":175,"column":17},"end":{"line":175,"column":30}},"49":{"start":{"line":178,"column":27},"end":{"line":178,"column":50}},"50":{"start":{"line":179,"column":16},"end":{"line":179,"column":79}},"51":{"start":{"line":181,"column":4},"end":{"line":184,"column":5}},"52":{"start":{"line":182,"column":6},"end":{"line":182,"column":66}},"53":{"start":{"line":183,"column":6},"end":{"line":183,"column":78}},"54":{"start":{"line":186,"column":4},"end":{"line":186,"column":17}},"55":{"start":{"line":190,"column":4},"end":{"line":196,"column":5}},"56":{"start":{"line":191,"column":6},"end":{"line":195,"column":8}},"57":{"start":{"line":197,"column":4},"end":{"line":197,"column":46}},"58":{"start":{"line":201,"column":4},"end":{"line":201,"column":29}}},"fnMap":{"0":{"name":"(anonymous_0)","decl":{"start":{"line":48,"column":2},"end":{"line":48,"column":3}},"loc":{"start":{"line":51,"column":4},"end":{"line":57,"column":3}},"line":51},"1":{"name":"(anonymous_1)","decl":{"start":{"line":59,"column":2},"end":{"line":59,"column":3}},"loc":{"start":{"line":62,"column":4},"end":{"line":67,"column":3}},"line":62},"2":{"name":"(anonymous_2)","decl":{"start":{"line":69,"column":2},"end":{"line":69,"column":3}},"loc":{"start":{"line":74,"column":12},"end":{"line":124,"column":3}},"line":74},"3":{"name":"(anonymous_3)","decl":{"start":{"line":126,"column":2},"end":{"line":126,"column":3}},"loc":{"start":{"line":132,"column":12},"end":{"line":158,"column":3}},"line":132},"4":{"name":"(anonymous_4)","decl":{"start":{"line":160,"column":2},"end":{"line":160,"column":3}},"loc":{"start":{"line":160,"column":46},"end":{"line":165,"column":3}},"line":160},"5":{"name":"(anonymous_5)","decl":{"start":{"line":167,"column":2},"end":{"line":167,"column":3}},"loc":{"start":{"line":172,"column":29},"end":{"line":187,"column":3}},"line":172},"6":{"name":"(anonymous_6)","decl":{"start":{"line":189,"column":2},"end":{"line":189,"column":3}},"loc":{"start":{"line":189,"column":74},"end":{"line":198,"column":3}},"line":189},"7":{"name":"(anonymous_7)","decl":{"start":{"line":200,"column":2},"end":{"line":200,"column":3}},"loc":{"start":{"line":200,"column":15},"end":{"line":202,"column":3}},"line":200}},"branchMap":{"0":{"loc":{"start":{"line":50,"column":4},"end":{"line":50,"column":43}},"type":"default-arg","locations":[{"start":{"line":50,"column":41},"end":{"line":50,"column":43}}],"line":50},"1":{"loc":{"start":{"line":53,"column":28},"end":{"line":53,"column":60}},"type":"binary-expr","locations":[{"start":{"line":53,"column":28},"end":{"line":53,"column":52}},{"start":{"line":53,"column":56},"end":{"line":53,"column":60}}],"line":53},"2":{"loc":{"start":{"line":54,"column":29},"end":{"line":54,"column":62}},"type":"binary-expr","locations":[{"start":{"line":54,"column":29},"end":{"line":54,"column":54}},{"start":{"line":54,"column":58},"end":{"line":54,"column":62}}],"line":54},"3":{"loc":{"start":{"line":55,"column":18},"end":{"line":55,"column":40}},"type":"binary-expr","locations":[{"start":{"line":55,"column":18},"end":{"line":55,"column":32}},{"start":{"line":55,"column":36},"end":{"line":55,"column":40}}],"line":55},"4":{"loc":{"start":{"line":63,"column":4},"end":{"line":65,"column":5}},"type":"if","locations":[{"start":{"line":63,"column":4},"end":{"line":65,"column":5}},{"start":{},"end":{}}],"line":63},"5":{"loc":{"start":{"line":75,"column":42},"end":{"line":75,"column":55}},"type":"binary-expr","locations":[{"start":{"line":75,"column":42},"end":{"line":75,"column":49}},{"start":{"line":75,"column":53},"end":{"line":75,"column":55}}],"line":75},"6":{"loc":{"start":{"line":78,"column":4},"end":{"line":80,"column":5}},"type":"if","locations":[{"start":{"line":78,"column":4},"end":{"line":80,"column":5}},{"start":{},"end":{}}],"line":78},"7":{"loc":{"start":{"line":85,"column":4},"end":{"line":88,"column":5}},"type":"if","locations":[{"start":{"line":85,"column":4},"end":{"line":88,"column":5}},{"start":{},"end":{}}],"line":85},"8":{"loc":{"start":{"line":85,"column":8},"end":{"line":85,"column":31}},"type":"binary-expr","locations":[{"start":{"line":85,"column":8},"end":{"line":85,"column":15}},{"start":{"line":85,"column":19},"end":{"line":85,"column":31}}],"line":85},"9":{"loc":{"start":{"line":90,"column":4},"end":{"line":120,"column":5}},"type":"if","locations":[{"start":{"line":90,"column":4},"end":{"line":120,"column":5}},{"start":{"line":93,"column":11},"end":{"line":120,"column":5}}],"line":90},"10":{"loc":{"start":{"line":93,"column":11},"end":{"line":120,"column":5}},"type":"if","locations":[{"start":{"line":93,"column":11},"end":{"line":120,"column":5}},{"start":{"line":99,"column":11},"end":{"line":120,"column":5}}],"line":93},"11":{"loc":{"start":{"line":94,"column":6},"end":{"line":96,"column":25}},"type":"binary-expr","locations":[{"start":{"line":94,"column":6},"end":{"line":94,"column":37}},{"start":{"line":95,"column":6},"end":{"line":95,"column":37}},{"start":{"line":96,"column":6},"end":{"line":96,"column":25}}],"line":94},"12":{"loc":{"start":{"line":99,"column":11},"end":{"line":120,"column":5}},"type":"if","locations":[{"start":{"line":99,"column":11},"end":{"line":120,"column":5}},{"start":{"line":118,"column":11},"end":{"line":120,"column":5}}],"line":99},"13":{"loc":{"start":{"line":103,"column":8},"end":{"line":103,"column":59}},"type":"cond-expr","locations":[{"start":{"line":103,"column":30},"end":{"line":103,"column":50}},{"start":{"line":103,"column":53},"end":{"line":103,"column":59}}],"line":103},"14":{"loc":{"start":{"line":105,"column":6},"end":{"line":115,"column":7}},"type":"if","locations":[{"start":{"line":105,"column":6},"end":{"line":115,"column":7}},{"start":{"line":111,"column":13},"end":{"line":115,"column":7}}],"line":105},"15":{"loc":{"start":{"line":105,"column":10},"end":{"line":105,"column":55}},"type":"binary-expr","locations":[{"start":{"line":105,"column":10},"end":{"line":105,"column":21}},{"start":{"line":105,"column":25},"end":{"line":105,"column":55}}],"line":105},"16":{"loc":{"start":{"line":108,"column":10},"end":{"line":108,"column":28}},"type":"binary-expr","locations":[{"start":{"line":108,"column":10},"end":{"line":108,"column":22}},{"start":{"line":108,"column":26},"end":{"line":108,"column":28}}],"line":108},"17":{"loc":{"start":{"line":112,"column":22},"end":{"line":114,"column":23}},"type":"cond-expr","locations":[{"start":{"line":113,"column":12},"end":{"line":113,"column":50}},{"start":{"line":114,"column":12},"end":{"line":114,"column":23}}],"line":112},"18":{"loc":{"start":{"line":135,"column":4},"end":{"line":140,"column":5}},"type":"if","locations":[{"start":{"line":135,"column":4},"end":{"line":140,"column":5}},{"start":{},"end":{}}],"line":135},"19":{"loc":{"start":{"line":137,"column":13},"end":{"line":139,"column":45}},"type":"cond-expr","locations":[{"start":{"line":138,"column":10},"end":{"line":138,"column":63}},{"start":{"line":139,"column":10},"end":{"line":139,"column":45}}],"line":137},"20":{"loc":{"start":{"line":137,"column":13},"end":{"line":137,"column":58}},"type":"binary-expr","locations":[{"start":{"line":137,"column":13},"end":{"line":137,"column":24}},{"start":{"line":137,"column":28},"end":{"line":137,"column":58}}],"line":137},"21":{"loc":{"start":{"line":142,"column":4},"end":{"line":149,"column":5}},"type":"if","locations":[{"start":{"line":142,"column":4},"end":{"line":149,"column":5}},{"start":{},"end":{}}],"line":142},"22":{"loc":{"start":{"line":143,"column":6},"end":{"line":145,"column":31}},"type":"binary-expr","locations":[{"start":{"line":143,"column":6},"end":{"line":143,"column":18}},{"start":{"line":144,"column":6},"end":{"line":144,"column":37}},{"start":{"line":145,"column":6},"end":{"line":145,"column":31}}],"line":143},"23":{"loc":{"start":{"line":152,"column":17},"end":{"line":152,"column":114}},"type":"binary-expr","locations":[{"start":{"line":152,"column":17},"end":{"line":152,"column":63}},{"start":{"line":152,"column":67},"end":{"line":152,"column":107}},{"start":{"line":152,"column":111},"end":{"line":152,"column":114}}],"line":152},"24":{"loc":{"start":{"line":155,"column":11},"end":{"line":157,"column":36}},"type":"cond-expr","locations":[{"start":{"line":156,"column":8},"end":{"line":156,"column":54}},{"start":{"line":157,"column":8},"end":{"line":157,"column":36}}],"line":155},"25":{"loc":{"start":{"line":155,"column":11},"end":{"line":155,"column":49}},"type":"binary-expr","locations":[{"start":{"line":155,"column":11},"end":{"line":155,"column":22}},{"start":{"line":155,"column":26},"end":{"line":155,"column":49}}],"line":155},"26":{"loc":{"start":{"line":162,"column":6},"end":{"line":163,"column":64}},"type":"binary-expr","locations":[{"start":{"line":162,"column":6},"end":{"line":162,"column":75}},{"start":{"line":163,"column":6},"end":{"line":163,"column":64}}],"line":162},"27":{"loc":{"start":{"line":173,"column":4},"end":{"line":176,"column":5}},"type":"if","locations":[{"start":{"line":173,"column":4},"end":{"line":176,"column":5}},{"start":{},"end":{}}],"line":173},"28":{"loc":{"start":{"line":173,"column":8},"end":{"line":173,"column":55}},"type":"binary-expr","locations":[{"start":{"line":173,"column":8},"end":{"line":173,"column":17}},{"start":{"line":173,"column":21},"end":{"line":173,"column":55}}],"line":173},"29":{"loc":{"start":{"line":175,"column":6},"end":{"line":175,"column":30}},"type":"if","locations":[{"start":{"line":175,"column":6},"end":{"line":175,"column":30}},{"start":{},"end":{}}],"line":175},"30":{"loc":{"start":{"line":179,"column":16},"end":{"line":179,"column":79}},"type":"cond-expr","locations":[{"start":{"line":179,"column":35},"end":{"line":179,"column":72}},{"start":{"line":179,"column":75},"end":{"line":179,"column":79}}],"line":179},"31":{"loc":{"start":{"line":181,"column":4},"end":{"line":184,"column":5}},"type":"if","locations":[{"start":{"line":181,"column":4},"end":{"line":184,"column":5}},{"start":{},"end":{}}],"line":181},"32":{"loc":{"start":{"line":181,"column":8},"end":{"line":181,"column":48}},"type":"binary-expr","locations":[{"start":{"line":181,"column":8},"end":{"line":181,"column":14}},{"start":{"line":181,"column":18},"end":{"line":181,"column":48}}],"line":181},"33":{"loc":{"start":{"line":183,"column":14},"end":{"line":183,"column":77}},"type":"cond-expr","locations":[{"start":{"line":183,"column":33},"end":{"line":183,"column":70}},{"start":{"line":183,"column":73},"end":{"line":183,"column":77}}],"line":183},"34":{"loc":{"start":{"line":190,"column":4},"end":{"line":196,"column":5}},"type":"if","locations":[{"start":{"line":190,"column":4},"end":{"line":196,"column":5}},{"start":{},"end":{}}],"line":190},"35":{"loc":{"start":{"line":193,"column":10},"end":{"line":193,"column":54}},"type":"cond-expr","locations":[{"start":{"line":193,"column":22},"end":{"line":193,"column":49}},{"start":{"line":193,"column":52},"end":{"line":193,"column":54}}],"line":193}},"s":{"0":18,"1":18,"2":18,"3":18,"4":18,"5":18,"6":0,"7":0,"8":0,"9":13,"10":13,"11":13,"12":0,"13":13,"14":13,"15":13,"16":0,"17":0,"18":13,"19":2,"20":2,"21":11,"22":1,"23":10,"24":10,"25":10,"26":10,"27":0,"28":10,"29":10,"30":0,"31":13,"32":13,"33":1,"34":1,"35":0,"36":0,"37":1,"38":0,"39":0,"40":1,"41":1,"42":1,"43":1,"44":11,"45":14,"46":0,"47":0,"48":0,"49":14,"50":14,"51":14,"52":0,"53":0,"54":14,"55":2,"56":2,"57":2,"58":1},"f":{"0":18,"1":0,"2":13,"3":1,"4":11,"5":14,"6":2,"7":1},"b":{"0":[0],"1":[18,0],"2":[18,0],"3":[18,0],"4":[0,0],"5":[13,4],"6":[0,13],"7":[0,13],"8":[13,0],"9":[2,11],"10":[1,10],"11":[11,1,1],"12":[10,0],"13":[0,10],"14":[0,10],"15":[10,10],"16":[0,0],"17":[0,10],"18":[0,1],"19":[0,0],"20":[0,0],"21":[0,1],"22":[1,1,1],"23":[1,1,0],"24":[0,1],"25":[1,1],"26":[11,11],"27":[0,14],"28":[14,0],"29":[0,0],"30":[14,0],"31":[0,14],"32":[14,2],"33":[0,0],"34":[2,0],"35":[0,2]},"_coverageSchema":"1a1c01bbd47fc00a2c39e90264f33305004495a9","hash":"cda4c51cda44fe396ee9134a4109d2a051fef6b0"}
,"/Users/ganeshjayaprakash/WorkSpace/Mine/npm_plugin/Text/react-native-apptext/src/i18n/utils.ts": {"path":"/Users/ganeshjayaprakash/WorkSpace/Mine/npm_plugin/Text/react-native-apptext/src/i18n/utils.ts","statementMap":{"0":{"start":{"line":2,"column":2},"end":{"line":2,"column":56}},"1":{"start":{"line":2,"column":39},"end":{"line":2,"column":56}},"2":{"start":{"line":3,"column":2},"end":{"line":3,"column":58}},"3":{"start":{"line":3,"column":41},"end":{"line":3,"column":58}},"4":{"start":{"line":5,"column":2},"end":{"line":7,"column":10}},"5":{"start":{"line":6,"column":4},"end":{"line":6,"column":26}},"6":{"start":{"line":11,"column":2},"end":{"line":21,"column":5}},"7":{"start":{"line":12,"column":23},"end":{"line":12,"column":33}},"8":{"start":{"line":13,"column":18},"end":{"line":13,"column":52}},"9":{"start":{"line":15,"column":4},"end":{"line":15,"column":60}},"10":{"start":{"line":15,"column":47},"end":{"line":15,"column":60}},"11":{"start":{"line":16,"column":4},"end":{"line":19,"column":5}},"12":{"start":{"line":17,"column":6},"end":{"line":17,"column":71}},"13":{"start":{"line":18,"column":6},"end":{"line":18,"column":19}},"14":{"start":{"line":20,"column":4},"end":{"line":20,"column":25}}},"fnMap":{"0":{"name":"getNestedValue","decl":{"start":{"line":1,"column":16},"end":{"line":1,"column":30}},"loc":{"start":{"line":1,"column":76},"end":{"line":8,"column":1}},"line":1},"1":{"name":"(anonymous_1)","decl":{"start":{"line":5,"column":32},"end":{"line":5,"column":33}},"loc":{"start":{"line":5,"column":50},"end":{"line":7,"column":3}},"line":5},"2":{"name":"interpolate","decl":{"start":{"line":10,"column":16},"end":{"line":10,"column":27}},"loc":{"start":{"line":10,"column":84},"end":{"line":22,"column":1}},"line":10},"3":{"name":"(anonymous_3)","decl":{"start":{"line":11,"column":42},"end":{"line":11,"column":43}},"loc":{"start":{"line":11,"column":58},"end":{"line":21,"column":3}},"line":11}},"branchMap":{"0":{"loc":{"start":{"line":2,"column":2},"end":{"line":2,"column":56}},"type":"if","locations":[{"start":{"line":2,"column":2},"end":{"line":2,"column":56}},{"start":{},"end":{}}],"line":2},"1":{"loc":{"start":{"line":2,"column":6},"end":{"line":2,"column":37}},"type":"binary-expr","locations":[{"start":{"line":2,"column":6},"end":{"line":2,"column":10}},{"start":{"line":2,"column":14},"end":{"line":2,"column":37}}],"line":2},"2":{"loc":{"start":{"line":3,"column":2},"end":{"line":3,"column":58}},"type":"if","locations":[{"start":{"line":3,"column":2},"end":{"line":3,"column":58}},{"start":{},"end":{}}],"line":3},"3":{"loc":{"start":{"line":3,"column":6},"end":{"line":3,"column":39}},"type":"binary-expr","locations":[{"start":{"line":3,"column":6},"end":{"line":3,"column":11}},{"start":{"line":3,"column":15},"end":{"line":3,"column":39}}],"line":3},"4":{"loc":{"start":{"line":10,"column":42},"end":{"line":10,"column":74}},"type":"default-arg","locations":[{"start":{"line":10,"column":72},"end":{"line":10,"column":74}}],"line":10},"5":{"loc":{"start":{"line":15,"column":4},"end":{"line":15,"column":60}},"type":"if","locations":[{"start":{"line":15,"column":4},"end":{"line":15,"column":60}},{"start":{},"end":{}}],"line":15},"6":{"loc":{"start":{"line":15,"column":8},"end":{"line":15,"column":45}},"type":"binary-expr","locations":[{"start":{"line":15,"column":8},"end":{"line":15,"column":22}},{"start":{"line":15,"column":26},"end":{"line":15,"column":45}}],"line":15},"7":{"loc":{"start":{"line":16,"column":4},"end":{"line":19,"column":5}},"type":"if","locations":[{"start":{"line":16,"column":4},"end":{"line":19,"column":5}},{"start":{},"end":{}}],"line":16}},"s":{"0":29,"1":1,"2":28,"3":0,"4":28,"5":34,"6":6,"7":7,"8":7,"9":7,"10":1,"11":6,"12":1,"13":1,"14":5},"f":{"0":29,"1":34,"2":6,"3":7},"b":{"0":[1,28],"1":[29,28],"2":[0,28],"3":[28,28],"4":[0],"5":[1,6],"6":[7,7],"7":[1,5]},"_coverageSchema":"1a1c01bbd47fc00a2c39e90264f33305004495a9","hash":"f8392a651d26647ad2da5ade372bacd797a07e17"}
}
