TN:
SF:src/AppText.tsx
FN:62,(anonymous_0)
FN:150,(anonymous_1)
FN:172,(anonymous_2)
FN:181,(anonymous_3)
FN:189,(anonymous_4)
FN:194,(anonymous_5)
FN:233,(anonymous_6)
FN:254,(anonymous_7)
FN:258,(anonymous_8)
FN:312,(anonymous_9)
FN:316,(anonymous_10)
FN:369,(anonymous_11)
FN:376,(anonymous_12)
FN:386,(anonymous_13)
FN:469,(anonymous_14)
FN:470,(anonymous_15)
FN:471,(anonymous_16)
FN:472,(anonymous_17)
FN:473,(anonymous_18)
FN:474,(anonymous_19)
FN:475,(anonymous_20)
FN:476,(anonymous_21)
FN:479,(anonymous_22)
FN:480,(anonymous_23)
FN:481,(anonymous_24)
FN:484,(anonymous_25)
FN:487,(anonymous_26)
FN:490,(anonymous_27)
FN:493,(anonymous_28)
FN:496,(anonymous_29)
FN:499,(anonymous_30)
FN:502,(anonymous_31)
FN:505,(anonymous_32)
FN:508,(anonymous_33)
FN:511,(anonymous_34)
FN:514,(anonymous_35)
FN:517,(anonymous_36)
FN:520,(anonymous_37)
FN:523,(anonymous_38)
FN:526,(anonymous_39)
FNF:40
FNH:34
FNDA:69,(anonymous_0)
FNDA:69,(anonymous_1)
FNDA:62,(anonymous_2)
FNDA:62,(anonymous_3)
FNDA:62,(anonymous_4)
FNDA:62,(anonymous_5)
FNDA:62,(anonymous_6)
FNDA:69,(anonymous_7)
FNDA:69,(anonymous_8)
FNDA:0,(anonymous_9)
FNDA:0,(anonymous_10)
FNDA:54,(anonymous_11)
FNDA:0,(anonymous_12)
FNDA:0,(anonymous_13)
FNDA:3,(anonymous_14)
FNDA:1,(anonymous_15)
FNDA:1,(anonymous_16)
FNDA:1,(anonymous_17)
FNDA:1,(anonymous_18)
FNDA:1,(anonymous_19)
FNDA:1,(anonymous_20)
FNDA:0,(anonymous_21)
FNDA:2,(anonymous_22)
FNDA:2,(anonymous_23)
FNDA:0,(anonymous_24)
FNDA:1,(anonymous_25)
FNDA:1,(anonymous_26)
FNDA:1,(anonymous_27)
FNDA:1,(anonymous_28)
FNDA:1,(anonymous_29)
FNDA:1,(anonymous_30)
FNDA:1,(anonymous_31)
FNDA:1,(anonymous_32)
FNDA:1,(anonymous_33)
FNDA:1,(anonymous_34)
FNDA:1,(anonymous_35)
FNDA:1,(anonymous_36)
FNDA:1,(anonymous_37)
FNDA:1,(anonymous_38)
FNDA:1,(anonymous_39)
DA:60,6
DA:129,69
DA:130,69
DA:131,69
DA:132,69
DA:133,69
DA:140,69
DA:150,69
DA:151,69
DA:152,29
DA:153,29
DA:156,69
DA:157,69
DA:159,69
DA:162,69
DA:164,69
DA:167,69
DA:172,69
DA:173,62
DA:174,62
DA:181,69
DA:182,62
DA:183,2
DA:184,0
DA:186,2
DA:189,69
DA:190,62
DA:191,62
DA:194,69
DA:195,62
DA:208,62
DA:209,0
DA:215,62
DA:232,69
DA:234,62
DA:253,69
DA:254,69
DA:258,69
DA:259,69
DA:283,69
DA:311,69
DA:312,0
DA:315,69
DA:316,0
DA:320,69
DA:322,69
DA:323,69
DA:324,69
DA:325,69
DA:328,69
DA:329,9
DA:342,60
DA:343,6
DA:354,54
DA:356,0
DA:357,0
DA:369,54
DA:370,54
DA:373,0
DA:374,0
DA:376,0
DA:377,0
DA:378,0
DA:379,0
DA:386,0
DA:392,0
DA:396,54
DA:397,0
DA:411,54
DA:427,6
DA:466,6
DA:469,6
DA:470,6
DA:471,6
DA:472,6
DA:473,6
DA:474,6
DA:475,6
DA:476,6
DA:477,0
DA:479,6
DA:480,6
DA:481,6
DA:484,6
DA:485,1
DA:487,6
DA:488,1
DA:490,6
DA:491,1
DA:493,6
DA:494,1
DA:496,6
DA:497,1
DA:499,6
DA:500,1
DA:502,6
DA:503,1
DA:505,6
DA:506,1
DA:508,6
DA:509,1
DA:511,6
DA:512,1
DA:514,6
DA:515,1
DA:517,6
DA:518,1
DA:520,6
DA:521,1
DA:523,6
DA:524,1
DA:526,6
DA:527,1
DA:530,6
LF:114
LH:98
BRDA:65,0,0,38
BRDA:72,1,0,68
BRDA:73,2,0,69
BRDA:75,3,0,69
BRDA:78,4,0,69
BRDA:79,5,0,54
BRDA:82,6,0,69
BRDA:83,7,0,69
BRDA:84,8,0,69
BRDA:85,9,0,69
BRDA:87,10,0,69
BRDA:88,11,0,67
BRDA:123,12,0,69
BRDA:131,13,0,0
BRDA:131,13,1,69
BRDA:151,14,0,40
BRDA:151,14,1,29
BRDA:152,15,0,0
BRDA:152,15,1,29
BRDA:153,16,0,29
BRDA:153,16,1,0
BRDA:157,17,0,69
BRDA:157,17,1,69
BRDA:159,18,0,69
BRDA:159,18,1,0
BRDA:162,19,0,69
BRDA:162,19,1,0
BRDA:164,20,0,0
BRDA:164,20,1,69
BRDA:166,21,0,69
BRDA:166,21,1,68
BRDA:169,22,0,68
BRDA:169,22,1,1
BRDA:173,23,0,62
BRDA:173,23,1,0
BRDA:182,24,0,60
BRDA:182,24,1,2
BRDA:183,25,0,0
BRDA:183,25,1,2
BRDA:190,26,0,0
BRDA:190,26,1,62
BRDA:197,27,0,61
BRDA:197,27,1,1
BRDA:200,28,0,62
BRDA:200,28,1,60
BRDA:201,29,0,62
BRDA:201,29,1,62
BRDA:203,30,0,1
BRDA:203,30,1,61
BRDA:205,31,0,62
BRDA:205,31,1,60
BRDA:205,32,0,0
BRDA:205,32,1,60
BRDA:208,33,0,0
BRDA:208,33,1,62
BRDA:262,34,0,69
BRDA:262,34,1,69
BRDA:263,35,0,0
BRDA:263,35,1,69
BRDA:265,36,0,0
BRDA:265,36,1,69
BRDA:265,37,0,69
BRDA:265,37,1,69
BRDA:265,38,0,0
BRDA:265,38,1,0
BRDA:274,39,0,69
BRDA:274,39,1,65
BRDA:275,40,0,69
BRDA:275,40,1,69
BRDA:285,41,0,69
BRDA:285,41,1,69
BRDA:285,42,0,0
BRDA:285,42,1,69
BRDA:320,43,0,69
BRDA:320,43,1,69
BRDA:322,44,0,69
BRDA:322,44,1,69
BRDA:322,45,0,15
BRDA:322,45,1,54
BRDA:323,46,0,69
BRDA:323,46,1,69
BRDA:324,47,0,69
BRDA:324,47,1,69
BRDA:325,48,0,69
BRDA:325,48,1,69
BRDA:328,49,0,9
BRDA:328,49,1,60
BRDA:328,50,0,69
BRDA:328,50,1,54
BRDA:328,50,2,15
BRDA:342,51,0,6
BRDA:342,51,1,54
BRDA:342,52,0,60
BRDA:342,52,1,54
BRDA:342,52,2,6
BRDA:354,53,0,0
BRDA:354,53,1,54
BRDA:354,54,0,54
BRDA:354,54,1,0
BRDA:354,54,2,0
BRDA:356,55,0,0
BRDA:356,55,1,0
BRDA:356,56,0,0
BRDA:356,56,1,0
BRDA:370,57,0,54
BRDA:370,57,1,0
BRDA:370,58,0,54
BRDA:370,58,1,0
BRDA:377,59,0,0
BRDA:377,59,1,0
BRDA:378,60,0,0
BRDA:378,60,1,0
BRDA:396,61,0,0
BRDA:396,61,1,54
BRDA:396,62,0,54
BRDA:396,62,1,54
BRDA:396,62,2,0
BRDA:401,63,0,0
BRDA:401,63,1,0
BRDA:415,64,0,54
BRDA:415,64,1,0
BRF:121
BRH:87
end_of_record
TN:
SF:src/ErrorBoundary.tsx
FN:23,(anonymous_0)
FN:28,(anonymous_1)
FN:32,(anonymous_2)
FN:37,(anonymous_3)
FNF:4
FNH:4
FNDA:7,(anonymous_0)
FNDA:6,(anonymous_1)
FNDA:3,(anonymous_2)
FNDA:13,(anonymous_3)
DA:17,1
DA:24,7
DA:25,7
DA:29,6
DA:33,3
DA:34,3
DA:38,13
DA:39,6
DA:40,2
DA:43,2
DA:45,4
DA:61,7
LF:12
LH:12
BRDA:38,0,0,6
BRDA:38,0,1,7
BRDA:39,1,0,2
BRDA:39,1,1,4
BRDA:46,2,0,4
BRDA:46,2,1,4
BRDA:54,3,0,4
BRDA:54,3,1,4
BRF:8
BRH:8
end_of_record
TN:
SF:src/NumberFormatter.tsx
FN:30,(anonymous_0)
FN:71,(anonymous_1)
FN:88,(anonymous_2)
FN:94,(anonymous_3)
FN:103,(anonymous_4)
FN:113,(anonymous_5)
FN:140,(anonymous_6)
FN:158,(anonymous_7)
FN:175,(anonymous_8)
FN:191,(anonymous_9)
FN:206,(anonymous_10)
FN:223,(anonymous_11)
FN:237,(anonymous_12)
FN:268,(anonymous_13)
FN:275,(anonymous_14)
FN:286,formatNumberICU
FN:348,(anonymous_16)
FN:373,(anonymous_17)
FN:395,(anonymous_18)
FN:423,(anonymous_19)
FNF:20
FNH:12
FNDA:172,(anonymous_0)
FNDA:20,(anonymous_1)
FNDA:167,(anonymous_2)
FNDA:171,(anonymous_3)
FNDA:0,(anonymous_4)
FNDA:2,(anonymous_5)
FNDA:0,(anonymous_6)
FNDA:4,(anonymous_7)
FNDA:2,(anonymous_8)
FNDA:2,(anonymous_9)
FNDA:0,(anonymous_10)
FNDA:2,(anonymous_11)
FNDA:1,(anonymous_12)
FNDA:22,(anonymous_13)
FNDA:3,(anonymous_14)
FNDA:0,formatNumberICU
FNDA:0,(anonymous_16)
FNDA:0,(anonymous_17)
FNDA:0,(anonymous_18)
FNDA:0,(anonymous_19)
DA:24,1
DA:25,1
DA:36,172
DA:37,3
DA:40,169
DA:41,169
DA:42,2
DA:46,167
DA:49,167
DA:50,167
DA:51,19
DA:54,19
DA:55,0
DA:58,19
DA:61,167
DA:63,0
DA:64,0
DA:75,20
DA:78,20
DA:79,0
DA:82,20
DA:92,167
DA:94,171
DA:97,167
DA:104,0
DA:105,0
DA:106,0
DA:118,2
DA:120,1
DA:127,1
DA:128,1
DA:129,0
DA:130,1
DA:131,0
DA:133,1
DA:141,0
DA:142,0
DA:144,0
DA:145,0
DA:146,0
DA:147,0
DA:148,0
DA:149,0
DA:151,0
DA:164,4
DA:180,2
DA:196,2
DA:212,0
DA:228,2
DA:243,1
DA:244,1
DA:246,1
DA:247,1
DA:251,0
DA:257,0
DA:269,22
DA:276,3
DA:291,0
DA:293,0
DA:294,0
DA:297,0
DA:299,0
DA:300,0
DA:303,0
DA:304,0
DA:306,0
DA:308,0
DA:309,0
DA:312,0
DA:315,0
DA:318,0
DA:319,0
DA:322,0
DA:326,0
DA:327,0
DA:328,0
DA:334,0
DA:337,0
DA:338,0
DA:346,1
DA:349,0
DA:351,0
DA:353,0
DA:354,0
DA:357,0
DA:358,0
DA:359,0
DA:360,0
DA:363,0
DA:364,0
DA:366,0
DA:368,0
DA:369,0
DA:374,0
DA:376,0
DA:377,0
DA:383,0
DA:387,0
DA:388,0
DA:392,0
DA:396,0
DA:397,0
DA:399,0
DA:400,0
DA:401,0
DA:403,0
DA:404,0
DA:407,0
DA:409,0
DA:411,0
DA:413,0
DA:415,0
DA:420,0
DA:424,0
LF:114
LH:37
BRDA:33,0,0,12
BRDA:36,1,0,3
BRDA:36,1,1,169
BRDA:36,2,0,172
BRDA:36,2,1,172
BRDA:41,3,0,2
BRDA:41,3,1,167
BRDA:41,4,0,169
BRDA:41,4,1,167
BRDA:50,5,0,19
BRDA:50,5,1,148
BRDA:54,6,0,0
BRDA:54,6,1,19
BRDA:78,7,0,0
BRDA:78,7,1,20
BRDA:78,8,0,20
BRDA:78,8,1,3
BRDA:105,9,0,0
BRDA:105,9,1,0
BRDA:118,10,0,1
BRDA:118,10,1,1
BRDA:120,11,0,0
BRDA:120,11,1,1
BRDA:122,12,0,0
BRDA:122,12,1,1
BRDA:124,13,0,0
BRDA:124,13,1,1
BRDA:127,14,0,1
BRDA:127,14,1,1
BRDA:128,15,0,0
BRDA:128,15,1,1
BRDA:129,16,0,0
BRDA:129,16,1,0
BRDA:130,17,0,0
BRDA:130,17,1,1
BRDA:142,18,0,0
BRDA:142,18,1,0
BRDA:144,19,0,0
BRDA:144,19,1,0
BRDA:146,20,0,0
BRDA:146,20,1,0
BRDA:148,21,0,0
BRDA:148,21,1,0
BRDA:161,22,0,0
BRDA:162,23,0,4
BRDA:178,24,0,2
BRDA:194,25,0,2
BRDA:210,26,0,0
BRDA:226,27,0,2
BRDA:241,28,0,1
BRDA:246,29,0,1
BRDA:246,29,1,0
BRDA:293,30,0,0
BRDA:293,30,1,0
BRDA:293,31,0,0
BRDA:293,31,1,0
BRDA:299,32,0,0
BRDA:299,32,1,0
BRDA:306,33,0,0
BRDA:306,33,1,0
BRDA:306,33,2,0
BRDA:306,33,3,0
BRDA:306,33,4,0
BRDA:306,33,5,0
BRDA:308,34,0,0
BRDA:308,34,1,0
BRDA:318,35,0,0
BRDA:318,35,1,0
BRDA:327,36,0,0
BRDA:327,36,1,0
BRDA:353,37,0,0
BRDA:353,37,1,0
BRDA:353,38,0,0
BRDA:353,38,1,0
BRDA:358,39,0,0
BRDA:358,39,1,0
BRDA:376,40,0,0
BRDA:376,40,1,0
BRDA:383,41,0,0
BRDA:383,41,1,0
BRDA:387,42,0,0
BRDA:387,42,1,0
BRDA:388,43,0,0
BRDA:388,43,1,0
BRDA:399,44,0,0
BRDA:399,44,1,0
BRDA:403,45,0,0
BRDA:403,45,1,0
BRDA:403,46,0,0
BRDA:403,46,1,0
BRDA:407,47,0,0
BRDA:407,47,1,0
BRDA:407,47,2,0
BRDA:407,47,3,0
BRF:94
BRH:30
end_of_record
TN:
SF:src/PerformanceOptimizations.tsx
FN:21,(anonymous_0)
FN:25,(anonymous_1)
FN:40,(anonymous_2)
FN:55,(anonymous_3)
FN:59,(anonymous_4)
FN:65,(anonymous_5)
FN:69,(anonymous_6)
FN:76,(anonymous_7)
FN:96,(anonymous_8)
FN:100,(anonymous_9)
FN:117,(anonymous_10)
FN:127,(anonymous_11)
FN:136,(anonymous_12)
FN:141,(anonymous_13)
FN:147,(anonymous_14)
FN:162,debounce
FN:168,executedFunction
FN:169,(anonymous_17)
FN:184,throttle
FN:190,executedFunction
FN:194,(anonymous_20)
FN:202,memoize
FN:208,(anonymous_22)
FN:234,(anonymous_23)
FN:240,(anonymous_24)
FN:241,(anonymous_25)
FN:247,(anonymous_26)
FN:252,(anonymous_27)
FN:266,(anonymous_28)
FN:269,(anonymous_29)
FN:274,(anonymous_30)
FN:289,(anonymous_31)
FN:293,(anonymous_32)
FN:298,(anonymous_33)
FN:305,(anonymous_34)
FN:308,(anonymous_35)
FN:313,(anonymous_36)
FN:315,(anonymous_37)
FN:319,(anonymous_38)
FN:320,(anonymous_39)
FN:325,(anonymous_40)
FN:337,(anonymous_41)
FN:341,(anonymous_42)
FN:345,(anonymous_43)
FN:349,(anonymous_44)
FN:388,(anonymous_45)
FN:389,(anonymous_46)
FN:399,(anonymous_47)
FN:406,(anonymous_48)
FN:416,(anonymous_49)
FN:426,(anonymous_50)
FN:432,(anonymous_51)
FN:433,(anonymous_52)
FN:446,(anonymous_53)
FN:454,(anonymous_54)
FNF:55
FNH:33
FNDA:34,(anonymous_0)
FNDA:37,(anonymous_1)
FNDA:46,(anonymous_2)
FNDA:16,(anonymous_3)
FNDA:187,(anonymous_4)
FNDA:5,(anonymous_5)
FNDA:4,(anonymous_6)
FNDA:1,(anonymous_7)
FNDA:23,(anonymous_8)
FNDA:31,(anonymous_9)
FNDA:21,(anonymous_10)
FNDA:52,(anonymous_11)
FNDA:4,(anonymous_12)
FNDA:186,(anonymous_13)
FNDA:2,(anonymous_14)
FNDA:18,debounce
FNDA:1,executedFunction
FNDA:1,(anonymous_17)
FNDA:0,throttle
FNDA:0,executedFunction
FNDA:0,(anonymous_20)
FNDA:0,memoize
FNDA:0,(anonymous_22)
FNDA:0,(anonymous_23)
FNDA:0,(anonymous_24)
FNDA:0,(anonymous_25)
FNDA:0,(anonymous_26)
FNDA:0,(anonymous_27)
FNDA:0,(anonymous_28)
FNDA:0,(anonymous_29)
FNDA:0,(anonymous_30)
FNDA:2,(anonymous_31)
FNDA:1,(anonymous_32)
FNDA:2,(anonymous_33)
FNDA:1,(anonymous_34)
FNDA:1,(anonymous_35)
FNDA:1,(anonymous_36)
FNDA:1,(anonymous_37)
FNDA:1,(anonymous_38)
FNDA:1,(anonymous_39)
FNDA:6,(anonymous_40)
FNDA:0,(anonymous_41)
FNDA:0,(anonymous_42)
FNDA:0,(anonymous_43)
FNDA:0,(anonymous_44)
FNDA:0,(anonymous_45)
FNDA:0,(anonymous_46)
FNDA:4,(anonymous_47)
FNDA:2,(anonymous_48)
FNDA:0,(anonymous_49)
FNDA:3,(anonymous_50)
FNDA:0,(anonymous_51)
FNDA:1,(anonymous_52)
FNDA:0,(anonymous_53)
FNDA:185,(anonymous_54)
DA:16,34
DA:18,34
DA:19,34
DA:22,34
DA:26,37
DA:27,18
DA:28,18
DA:31,19
DA:33,19
DA:34,19
DA:35,19
DA:37,19
DA:42,46
DA:43,0
DA:47,46
DA:50,46
DA:51,4
DA:56,16
DA:60,187
DA:61,187
DA:62,187
DA:66,5
DA:70,4
DA:71,4
DA:72,4
DA:77,1
DA:78,1
DA:93,23
DA:94,23
DA:97,23
DA:105,31
DA:106,31
DA:108,31
DA:109,14
DA:111,17
DA:114,31
DA:123,21
DA:124,21
DA:132,52
DA:134,4
DA:136,4
DA:138,4
DA:142,186
DA:143,186
DA:144,186
DA:148,2
DA:149,2
DA:166,18
DA:168,18
DA:169,1
DA:170,1
DA:171,1
DA:174,1
DA:175,0
DA:177,1
DA:190,0
DA:191,0
DA:192,0
DA:193,0
DA:194,0
DA:206,0
DA:208,0
DA:209,0
DA:211,0
DA:212,0
DA:215,0
DA:216,0
DA:217,0
DA:229,0
DA:230,0
DA:231,0
DA:232,0
DA:241,0
DA:242,0
DA:244,0
DA:245,0
DA:246,0
DA:247,0
DA:253,0
DA:254,0
DA:255,0
DA:258,0
DA:259,0
DA:262,0
DA:264,0
DA:265,0
DA:266,0
DA:269,0
DA:270,0
DA:273,0
DA:274,0
DA:275,0
DA:286,17
DA:287,17
DA:290,2
DA:294,1
DA:295,1
DA:299,2
DA:300,2
DA:302,2
DA:306,1
DA:307,1
DA:308,1
DA:309,1
DA:315,1
DA:316,1
DA:319,1
DA:320,1
DA:322,1
DA:326,6
DA:334,0
DA:338,0
DA:342,0
DA:346,0
DA:354,0
DA:355,0
DA:356,0
DA:357,0
DA:360,0
DA:361,0
DA:362,0
DA:363,0
DA:364,0
DA:365,0
DA:367,0
DA:371,0
DA:372,0
DA:373,0
DA:374,0
DA:375,0
DA:376,0
DA:377,0
DA:381,0
DA:382,0
DA:385,0
DA:389,0
DA:397,17
DA:400,4
DA:401,4
DA:403,0
DA:407,2
DA:408,2
DA:409,2
DA:410,2
DA:411,2
DA:413,2
DA:417,0
DA:418,0
DA:419,0
DA:420,0
DA:421,0
DA:423,0
DA:427,3
DA:428,3
DA:429,2
DA:432,1
DA:433,1
DA:435,1
DA:447,0
DA:448,0
DA:449,0
DA:451,0
DA:455,185
DA:456,1
DA:458,184
DA:464,17
DA:465,17
LF:167
LH:91
BRDA:21,0,0,0
BRDA:26,1,0,18
BRDA:26,1,1,19
BRDA:42,2,0,0
BRDA:42,2,1,46
BRDA:50,3,0,4
BRDA:50,3,1,42
BRDA:71,4,0,4
BRDA:71,4,1,0
BRDA:83,5,0,1
BRDA:83,5,1,0
BRDA:96,6,0,0
BRDA:108,7,0,14
BRDA:108,7,1,17
BRDA:132,8,0,48
BRDA:132,8,1,4
BRDA:154,9,0,2
BRDA:154,9,1,0
BRDA:174,10,0,0
BRDA:174,10,1,1
BRDA:191,11,0,0
BRDA:191,11,1,0
BRDA:204,12,0,0
BRDA:211,13,0,0
BRDA:211,13,1,0
BRDA:244,14,0,0
BRDA:244,14,1,0
BRDA:246,15,0,0
BRDA:246,15,1,0
BRDA:253,16,0,0
BRDA:253,16,1,0
BRDA:258,17,0,0
BRDA:258,17,1,0
BRDA:299,18,0,2
BRDA:299,18,1,0
BRDA:307,19,0,1
BRDA:307,19,1,0
BRDA:337,20,0,0
BRDA:342,21,0,0
BRDA:342,21,1,0
BRDA:362,22,0,0
BRDA:362,22,1,0
BRDA:375,23,0,0
BRDA:375,23,1,0
BRDA:381,24,0,0
BRDA:381,24,1,0
BRDA:400,25,0,4
BRDA:400,25,1,0
BRDA:400,26,0,4
BRDA:400,26,1,4
BRDA:410,27,0,2
BRDA:410,27,1,0
BRDA:420,28,0,0
BRDA:420,28,1,0
BRDA:427,29,0,3
BRDA:427,29,1,2
BRDA:428,30,0,2
BRDA:428,30,1,1
BRDA:455,31,0,1
BRDA:455,31,1,184
BRF:60
BRH:25
end_of_record
TN:
SF:src/Trans.tsx
FN:55,tokenize
FN:86,buildTree
FN:110,renderTree
FN:117,(anonymous_3)
FN:140,parseRichText
FN:158,(anonymous_5)
FN:161,(anonymous_6)
FN:180,(anonymous_7)
FNF:8
FNH:8
FNDA:5,tokenize
FNDA:5,buildTree
FNDA:28,renderTree
FNDA:23,(anonymous_3)
FNDA:5,parseRichText
FNDA:8,(anonymous_5)
FNDA:8,(anonymous_6)
FNDA:8,(anonymous_7)
DA:56,5
DA:58,5
DA:59,5
DA:62,5
DA:63,18
DA:64,13
DA:66,18
DA:67,9
DA:69,9
DA:71,18
DA:74,5
DA:75,1
DA:78,5
DA:87,5
DA:88,5
DA:90,5
DA:91,32
DA:93,32
DA:94,14
DA:95,18
DA:96,9
DA:97,9
DA:98,9
DA:101,9
DA:102,9
DA:107,5
DA:115,28
DA:117,14
DA:118,23
DA:121,14
DA:123,5
DA:126,9
DA:127,9
DA:128,8
DA:136,1
DA:137,1
DA:144,5
DA:145,5
DA:146,5
DA:157,6
DA:159,8
DA:161,8
DA:162,8
DA:163,8
DA:164,0
DA:169,8
DA:174,0
DA:175,0
DA:180,8
DA:181,8
DA:182,3
DA:184,5
DA:187,8
DA:191,6
LF:54
LH:51
BRDA:63,0,0,13
BRDA:63,0,1,5
BRDA:66,1,0,9
BRDA:66,1,1,9
BRDA:74,2,0,1
BRDA:74,2,1,4
BRDA:93,3,0,14
BRDA:93,3,1,18
BRDA:95,4,0,9
BRDA:95,4,1,9
BRDA:101,5,0,9
BRDA:101,5,1,0
BRDA:115,6,0,14
BRDA:115,6,1,14
BRDA:121,7,0,5
BRDA:121,7,1,9
BRDA:127,8,0,8
BRDA:127,8,1,1
BRDA:127,9,0,9
BRDA:127,9,1,8
BRDA:163,10,0,0
BRDA:163,10,1,8
BRDA:175,11,0,0
BRDA:175,11,1,0
BRDA:181,12,0,3
BRDA:181,12,1,5
BRDA:181,13,0,8
BRDA:181,13,1,5
BRF:28
BRH:24
end_of_record
TN:
SF:src/context.tsx
FN:12,deepMerge
FN:38,(anonymous_1)
FN:39,(anonymous_2)
FN:43,(anonymous_3)
FN:44,(anonymous_4)
FN:48,(anonymous_5)
FN:59,(anonymous_6)
FNF:7
FNH:5
FNDA:64,deepMerge
FNDA:71,(anonymous_1)
FNDA:64,(anonymous_2)
FNDA:0,(anonymous_3)
FNDA:0,(anonymous_4)
FNDA:64,(anonymous_5)
FNDA:79,(anonymous_6)
DA:10,7
DA:16,64
DA:22,64
DA:23,0
DA:25,64
DA:26,0
DA:28,64
DA:29,0
DA:32,64
DA:38,7
DA:39,71
DA:40,64
DA:43,71
DA:44,0
DA:47,71
DA:48,64
DA:52,71
DA:59,7
DA:60,79
DA:61,79
LF:20
LH:16
BRDA:22,0,0,0
BRDA:22,0,1,64
BRDA:25,1,0,0
BRDA:25,1,1,64
BRDA:28,2,0,0
BRDA:28,2,1,64
BRDA:40,3,0,64
BRDA:40,3,1,64
BRDA:61,4,0,79
BRDA:61,4,1,2
BRF:10
BRH:7
end_of_record
TN:
SF:src/hooks.ts
FN:33,subscribeToWindowDimensions
FN:35,(anonymous_1)
FN:37,(anonymous_2)
FN:43,(anonymous_3)
FN:56,(anonymous_4)
FN:60,(anonymous_5)
FN:62,(anonymous_6)
FN:64,(anonymous_7)
FN:65,(anonymous_8)
FN:77,(anonymous_9)
FN:99,(anonymous_10)
FN:101,(anonymous_11)
FN:102,(anonymous_12)
FN:107,(anonymous_13)
FN:108,(anonymous_14)
FN:118,(anonymous_15)
FN:132,(anonymous_16)
FN:136,(anonymous_17)
FN:150,(anonymous_18)
FN:151,(anonymous_19)
FN:170,(anonymous_20)
FN:173,(anonymous_21)
FN:176,(anonymous_22)
FN:189,(anonymous_23)
FN:194,(anonymous_24)
FN:202,(anonymous_25)
FNF:26
FNH:19
FNDA:62,subscribeToWindowDimensions
FNDA:0,(anonymous_1)
FNDA:0,(anonymous_2)
FNDA:62,(anonymous_3)
FNDA:69,(anonymous_4)
FNDA:62,(anonymous_5)
FNDA:62,(anonymous_6)
FNDA:0,(anonymous_7)
FNDA:0,(anonymous_8)
FNDA:62,(anonymous_9)
FNDA:1589,(anonymous_10)
FNDA:3178,(anonymous_11)
FNDA:4403,(anonymous_12)
FNDA:69,(anonymous_13)
FNDA:69,(anonymous_14)
FNDA:1380,(anonymous_15)
FNDA:69,(anonymous_16)
FNDA:62,(anonymous_17)
FNDA:0,(anonymous_18)
FNDA:0,(anonymous_19)
FNDA:112,(anonymous_20)
FNDA:90,(anonymous_21)
FNDA:90,(anonymous_22)
FNDA:0,(anonymous_23)
FNDA:90,(anonymous_24)
FNDA:69,(anonymous_25)
DA:28,7
DA:29,7
DA:31,7
DA:34,62
DA:35,40
DA:36,0
DA:37,0
DA:41,62
DA:43,62
DA:44,62
DA:45,62
DA:46,0
DA:47,0
DA:56,7
DA:60,69
DA:62,69
DA:64,62
DA:65,0
DA:68,0
DA:69,0
DA:71,0
DA:74,62
DA:77,69
DA:78,62
DA:79,62
DA:80,62
DA:82,62
DA:83,62
DA:84,62
DA:85,62
DA:87,62
DA:98,7
DA:101,1589
DA:102,4403
DA:103,1589
DA:107,7
DA:108,69
DA:109,69
DA:111,69
DA:112,69
DA:115,69
DA:116,621
DA:118,1380
DA:121,69
DA:124,0
DA:132,7
DA:136,69
DA:137,62
DA:138,62
DA:150,7
DA:151,0
DA:152,0
DA:154,0
DA:159,0
DA:161,0
DA:170,7
DA:171,112
DA:173,112
DA:174,90
DA:176,90
DA:177,90
DA:178,90
DA:179,90
DA:181,0
DA:185,90
DA:187,90
DA:190,0
DA:194,90
DA:195,90
DA:199,112
DA:202,7
DA:211,69
LF:72
LH:56
BRDA:34,0,0,40
BRDA:34,0,1,22
BRDA:45,1,0,0
BRDA:45,1,1,62
BRDA:45,2,0,62
BRDA:45,2,1,40
BRDA:68,3,0,0
BRDA:68,3,1,0
BRDA:82,4,0,62
BRDA:82,4,1,1
BRDA:83,5,0,62
BRDA:83,5,1,1
BRDA:109,6,0,0
BRDA:109,6,1,69
BRDA:109,7,0,69
BRDA:109,7,1,69
BRDA:112,8,0,0
BRDA:112,8,1,69
BRDA:116,9,0,69
BRDA:116,9,1,552
BRDA:118,10,0,1380
BRDA:118,10,1,69
BRDA:139,11,0,0
BRDA:139,11,1,62
BRDA:140,12,0,0
BRDA:140,12,1,62
BRDA:141,13,0,0
BRDA:141,13,1,62
BRDA:154,14,0,0
BRDA:154,14,1,0
BRDA:155,15,0,0
BRDA:155,15,1,0
BRDA:159,16,0,0
BRDA:159,16,1,0
BRDA:213,17,0,69
BRDA:213,17,1,69
BRDA:214,18,0,69
BRDA:214,18,1,69
BRF:38
BRH:24
end_of_record
TN:
SF:src/theme.ts
FNF:0
FNH:0
DA:4,7
LF:1
LH:1
BRDA:53,0,0,7
BRDA:53,0,1,0
BRF:2
BRH:1
end_of_record
TN:
SF:src/utils.ts
FN:4,(anonymous_0)
FN:8,(anonymous_1)
FN:16,(anonymous_2)
FNF:3
FNH:3
FNDA:62,(anonymous_0)
FNDA:496,(anonymous_1)
FNDA:62,(anonymous_2)
DA:4,6
DA:7,62
DA:8,62
DA:9,496
DA:10,0
DA:13,62
DA:16,6
DA:23,62
DA:25,62
DA:26,62
DA:27,62
DA:28,62
DA:30,62
DA:31,62
DA:32,62
DA:33,62
DA:35,62
LF:17
LH:16
BRDA:9,0,0,0
BRDA:9,0,1,496
BRDA:25,1,0,62
BRDA:25,1,1,62
BRDA:25,1,2,62
BRDA:26,2,0,62
BRDA:26,2,1,62
BRDA:26,2,2,62
BRDA:27,3,0,62
BRDA:27,3,1,62
BRDA:27,3,2,62
BRDA:28,4,0,62
BRDA:28,4,1,62
BRDA:28,4,2,62
BRDA:30,5,0,62
BRDA:30,5,1,62
BRDA:30,5,2,62
BRDA:31,6,0,62
BRDA:31,6,1,62
BRDA:31,6,2,62
BRDA:32,7,0,62
BRDA:32,7,1,62
BRDA:32,7,2,62
BRDA:33,8,0,62
BRDA:33,8,1,62
BRDA:33,8,2,62
BRF:26
BRH:25
end_of_record
TN:
SF:src/animations/useTextAnimation.ts
FN:13,(anonymous_0)
FN:24,(anonymous_1)
FN:47,(anonymous_2)
FN:48,(anonymous_3)
FN:76,(anonymous_4)
FN:86,(anonymous_5)
FN:726,(anonymous_6)
FN:763,(anonymous_7)
FNF:8
FNH:8
FNDA:109,(anonymous_0)
FNDA:93,(anonymous_1)
FNDA:86,(anonymous_2)
FNDA:86,(anonymous_3)
FNDA:93,(anonymous_4)
FNDA:93,(anonymous_5)
FNDA:24,(anonymous_6)
FNDA:93,(anonymous_7)
DA:13,7
DA:16,109
DA:24,7
DA:33,93
DA:35,93
DA:36,93
DA:37,93
DA:38,93
DA:39,93
DA:40,93
DA:41,93
DA:42,93
DA:43,93
DA:44,93
DA:45,93
DA:47,93
DA:48,86
DA:49,86
DA:50,24
DA:52,86
DA:53,86
DA:54,86
DA:55,86
DA:56,86
DA:57,86
DA:58,86
DA:59,86
DA:60,86
DA:61,86
DA:76,93
DA:77,93
DA:78,38
DA:79,16
DA:80,0
DA:84,93
DA:86,93
DA:89,93
DA:90,24
DA:93,24
DA:94,24
DA:95,24
DA:96,24
DA:99,24
DA:100,0
DA:105,24
DA:106,24
DA:107,2
DA:108,2
DA:110,22
DA:111,22
DA:114,24
DA:115,3
DA:117,21
DA:120,24
DA:121,3
DA:124,24
DA:126,24
DA:130,3
DA:136,3
DA:139,1
DA:153,1
DA:156,0
DA:157,0
DA:171,0
DA:174,0
DA:188,0
DA:191,0
DA:192,0
DA:206,0
DA:210,2
DA:224,2
DA:227,1
DA:228,1
DA:229,1
DA:243,1
DA:246,0
DA:247,0
DA:248,0
DA:262,0
DA:265,1
DA:266,1
DA:280,1
DA:284,1
DA:298,1
DA:301,1
DA:315,1
DA:318,1
DA:337,1
DA:340,1
DA:374,1
DA:377,1
DA:418,1
DA:421,1
DA:450,1
DA:453,1
DA:482,1
DA:486,1
DA:487,1
DA:493,1
DA:496,0
DA:497,0
DA:498,0
DA:512,0
DA:515,1
DA:516,1
DA:517,1
DA:531,1
DA:534,0
DA:535,0
DA:536,0
DA:550,0
DA:553,0
DA:554,0
DA:555,0
DA:569,0
DA:573,2
DA:574,2
DA:575,2
DA:589,2
DA:592,0
DA:593,0
DA:594,0
DA:608,0
DA:611,1
DA:612,1
DA:613,1
DA:627,1
DA:630,0
DA:631,0
DA:632,0
DA:646,0
DA:650,1
DA:664,1
DA:667,1
DA:681,1
DA:684,1
DA:698,1
DA:701,0
DA:708,0
DA:712,1
DA:720,24
DA:721,24
DA:722,24
DA:723,24
DA:726,24
DA:727,24
DA:728,24
DA:730,24
DA:731,24
DA:734,24
DA:737,24
DA:740,24
DA:741,24
DA:763,93
DA:765,93
DA:767,24
DA:769,24
DA:773,3
DA:776,1
DA:782,0
DA:788,0
DA:794,0
DA:801,2
DA:807,1
DA:821,0
DA:835,1
DA:851,3
DA:854,1
DA:857,1
DA:861,2
DA:874,1
DA:878,1
DA:885,0
DA:892,2
DA:898,0
DA:912,1
DA:926,0
DA:940,1
DA:943,1
DA:956,1
DA:969,0
DA:983,1
DA:987,93
LF:183
LH:139
BRDA:17,0,0,109
BRDA:17,0,1,32
BRDA:17,0,2,32
BRDA:17,0,3,32
BRDA:28,1,0,24
BRDA:29,2,0,24
BRDA:30,3,0,24
BRDA:31,4,0,24
BRDA:49,5,0,24
BRDA:49,5,1,62
BRDA:77,6,0,55
BRDA:77,6,1,38
BRDA:77,7,0,93
BRDA:77,7,1,39
BRDA:78,8,0,22
BRDA:78,8,1,16
BRDA:79,9,0,16
BRDA:79,9,1,0
BRDA:84,10,0,93
BRDA:84,10,1,84
BRDA:89,11,0,69
BRDA:89,11,1,24
BRDA:89,12,0,93
BRDA:89,12,1,39
BRDA:89,12,2,39
BRDA:89,12,3,24
BRDA:90,13,0,0
BRDA:90,13,1,24
BRDA:93,14,0,24
BRDA:93,14,1,24
BRDA:93,15,0,1
BRDA:93,15,1,23
BRDA:95,16,0,24
BRDA:95,16,1,23
BRDA:96,17,0,24
BRDA:96,17,1,23
BRDA:99,18,0,0
BRDA:99,18,1,24
BRDA:106,19,0,2
BRDA:106,19,1,22
BRDA:107,20,0,0
BRDA:107,20,1,2
BRDA:108,21,0,1
BRDA:108,21,1,1
BRDA:114,22,0,3
BRDA:114,22,1,21
BRDA:114,23,0,24
BRDA:114,23,1,22
BRDA:120,24,0,3
BRDA:120,24,1,21
BRDA:120,25,0,24
BRDA:120,25,1,22
BRDA:126,26,0,1
BRDA:126,26,1,3
BRDA:126,26,2,1
BRDA:126,26,3,0
BRDA:126,26,4,0
BRDA:126,26,5,0
BRDA:126,26,6,1
BRDA:126,26,7,2
BRDA:126,26,8,1
BRDA:126,26,9,0
BRDA:126,26,10,1
BRDA:126,26,11,1
BRDA:126,26,12,1
BRDA:126,26,13,1
BRDA:126,26,14,1
BRDA:126,26,15,1
BRDA:126,26,16,1
BRDA:126,26,17,1
BRDA:126,26,18,1
BRDA:126,26,19,0
BRDA:126,26,20,1
BRDA:126,26,21,0
BRDA:126,26,22,0
BRDA:126,26,23,1
BRDA:126,26,24,2
BRDA:126,26,25,0
BRDA:126,26,26,1
BRDA:126,26,27,0
BRDA:126,26,28,1
BRDA:126,26,29,1
BRDA:126,26,30,1
BRDA:126,26,31,0
BRDA:126,26,32,1
BRDA:720,27,0,24
BRDA:720,27,1,0
BRDA:727,28,0,24
BRDA:727,28,1,0
BRDA:732,29,0,2
BRDA:732,29,1,22
BRDA:732,30,0,0
BRDA:732,30,1,2
BRDA:735,31,0,2
BRDA:735,31,1,22
BRDA:735,32,0,1
BRDA:735,32,1,1
BRDA:738,33,0,3
BRDA:738,33,1,21
BRDA:738,34,0,24
BRDA:738,34,1,22
BRDA:765,35,0,69
BRDA:765,35,1,24
BRDA:765,36,0,93
BRDA:765,36,1,39
BRDA:765,36,2,39
BRDA:769,37,0,1
BRDA:769,37,1,3
BRDA:769,37,2,1
BRDA:769,37,3,0
BRDA:769,37,4,0
BRDA:769,37,5,0
BRDA:769,37,6,1
BRDA:769,37,7,2
BRDA:769,37,8,1
BRDA:769,37,9,0
BRDA:769,37,10,1
BRDA:769,37,11,1
BRDA:769,37,12,2
BRDA:769,37,13,3
BRDA:769,37,14,1
BRDA:769,37,15,1
BRDA:769,37,16,1
BRDA:769,37,17,2
BRDA:769,37,18,1
BRDA:769,37,19,0
BRDA:769,37,20,1
BRDA:769,37,21,0
BRDA:769,37,22,0
BRDA:769,37,23,1
BRDA:769,37,24,2
BRDA:769,37,25,0
BRDA:769,37,26,1
BRDA:769,37,27,0
BRDA:769,37,28,1
BRDA:769,37,29,1
BRDA:769,37,30,1
BRDA:769,37,31,0
BRDA:769,37,32,1
BRF:139
BRH:112
end_of_record
TN:
SF:src/components/StaticVariants.tsx
FN:6,(anonymous_0)
FN:9,(anonymous_1)
FN:10,(anonymous_2)
FN:11,(anonymous_3)
FN:12,(anonymous_4)
FN:13,(anonymous_5)
FN:14,(anonymous_6)
FN:15,(anonymous_7)
FN:16,(anonymous_8)
FN:17,(anonymous_9)
FN:18,(anonymous_10)
FN:19,(anonymous_11)
FN:22,(anonymous_12)
FN:25,(anonymous_13)
FN:28,(anonymous_14)
FN:31,(anonymous_15)
FN:34,(anonymous_16)
FN:37,(anonymous_17)
FN:40,(anonymous_18)
FN:43,(anonymous_19)
FN:46,(anonymous_20)
FN:49,(anonymous_21)
FN:52,(anonymous_22)
FN:55,(anonymous_23)
FN:58,(anonymous_24)
FN:61,(anonymous_25)
FN:64,(anonymous_26)
FNF:27
FNH:0
FNDA:0,(anonymous_0)
FNDA:0,(anonymous_1)
FNDA:0,(anonymous_2)
FNDA:0,(anonymous_3)
FNDA:0,(anonymous_4)
FNDA:0,(anonymous_5)
FNDA:0,(anonymous_6)
FNDA:0,(anonymous_7)
FNDA:0,(anonymous_8)
FNDA:0,(anonymous_9)
FNDA:0,(anonymous_10)
FNDA:0,(anonymous_11)
FNDA:0,(anonymous_12)
FNDA:0,(anonymous_13)
FNDA:0,(anonymous_14)
FNDA:0,(anonymous_15)
FNDA:0,(anonymous_16)
FNDA:0,(anonymous_17)
FNDA:0,(anonymous_18)
FNDA:0,(anonymous_19)
FNDA:0,(anonymous_20)
FNDA:0,(anonymous_21)
FNDA:0,(anonymous_22)
FNDA:0,(anonymous_23)
FNDA:0,(anonymous_24)
FNDA:0,(anonymous_25)
FNDA:0,(anonymous_26)
DA:6,0
DA:7,0
DA:9,0
DA:10,0
DA:11,0
DA:12,0
DA:13,0
DA:14,0
DA:15,0
DA:16,0
DA:17,0
DA:18,0
DA:19,0
DA:23,0
DA:26,0
DA:29,0
DA:32,0
DA:35,0
DA:38,0
DA:41,0
DA:44,0
DA:47,0
DA:50,0
DA:53,0
DA:56,0
DA:59,0
DA:62,0
DA:65,0
LF:28
LH:0
BRF:0
BRH:0
end_of_record
TN:
SF:src/components/TruncationComponent.tsx
FN:15,(anonymous_0)
FN:28,(anonymous_1)
FN:34,(anonymous_2)
FNF:3
FNH:3
FNDA:10,(anonymous_0)
FNDA:3,(anonymous_1)
FNDA:3,(anonymous_2)
DA:14,7
DA:23,10
DA:24,10
DA:25,10
DA:27,10
DA:29,3
DA:34,10
DA:35,3
DA:36,3
DA:39,10
LF:10
LH:10
BRDA:19,0,0,1
BRDA:20,1,0,3
BRDA:43,2,0,2
BRDA:43,2,1,8
BRDA:47,3,0,10
BRDA:47,3,1,6
BRDA:47,3,2,4
BRDA:49,4,0,10
BRDA:49,4,1,6
BRDA:54,5,0,2
BRDA:54,5,1,4
BRF:11
BRH:11
end_of_record
TN:
SF:src/components/TypewriterText.tsx
FN:16,(anonymous_0)
FN:30,(anonymous_1)
FN:31,(anonymous_2)
FN:46,(anonymous_3)
FN:52,(anonymous_4)
FN:67,(anonymous_5)
FN:80,(anonymous_6)
FN:86,(anonymous_7)
FN:94,(anonymous_8)
FNF:9
FNH:9
FNDA:19,(anonymous_0)
FNDA:9,(anonymous_1)
FNDA:9,(anonymous_2)
FNDA:9,(anonymous_3)
FNDA:9,(anonymous_4)
FNDA:26,(anonymous_5)
FNDA:9,(anonymous_6)
FNDA:14,(anonymous_7)
FNDA:14,(anonymous_8)
DA:15,6
DA:25,19
DA:26,19
DA:27,19
DA:28,19
DA:30,19
DA:31,9
DA:32,9
DA:33,9
DA:35,0
DA:36,0
DA:38,0
DA:39,0
DA:41,0
DA:43,9
DA:46,19
DA:47,9
DA:48,0
DA:49,0
DA:52,19
DA:53,9
DA:54,0
DA:55,0
DA:56,0
DA:59,9
DA:60,9
DA:61,9
DA:65,9
DA:67,9
DA:68,26
DA:69,4
DA:70,4
DA:72,22
DA:73,22
DA:74,22
DA:75,22
DA:78,9
DA:80,9
DA:81,9
DA:82,9
DA:86,19
DA:87,14
DA:88,5
DA:94,19
DA:95,14
DA:98,19
LF:46
LH:36
BRDA:18,0,0,0
BRDA:19,1,0,0
BRDA:20,2,0,0
BRDA:21,3,0,0
BRDA:23,4,0,19
BRDA:32,5,0,9
BRDA:32,5,1,0
BRDA:32,6,0,9
BRDA:32,6,1,0
BRDA:35,7,0,0
BRDA:35,7,1,0
BRDA:38,8,0,0
BRDA:38,8,1,0
BRDA:47,9,0,9
BRDA:47,9,1,0
BRDA:48,10,0,0
BRDA:48,10,1,0
BRDA:53,11,0,0
BRDA:53,11,1,9
BRDA:68,12,0,4
BRDA:68,12,1,22
BRDA:87,13,0,5
BRDA:87,13,1,9
BRDA:87,14,0,14
BRDA:87,14,1,5
BRDA:87,14,2,5
BRDA:95,15,0,5
BRDA:95,15,1,9
BRDA:105,16,0,0
BRDA:105,16,1,19
BRDA:106,17,0,19
BRDA:106,17,1,0
BRDA:106,17,2,0
BRDA:106,17,3,0
BRF:34
BRH:16
end_of_record
TN:
SF:src/components/WaveText.tsx
FN:12,(anonymous_0)
FN:13,(anonymous_1)
FN:14,(anonymous_2)
FN:29,(anonymous_3)
FN:39,(anonymous_4)
FN:40,(anonymous_5)
FN:44,(anonymous_6)
FN:49,(anonymous_7)
FN:54,(anonymous_8)
FN:61,(anonymous_9)
FN:63,(anonymous_10)
FN:71,(anonymous_11)
FN:75,(anonymous_12)
FN:106,(anonymous_13)
FN:109,(anonymous_14)
FN:119,(anonymous_15)
FN:120,(anonymous_16)
FN:134,(anonymous_17)
FNF:18
FNH:18
FNDA:6,(anonymous_0)
FNDA:6,(anonymous_1)
FNDA:6,(anonymous_2)
FNDA:6,(anonymous_3)
FNDA:6,(anonymous_4)
FNDA:56,(anonymous_5)
FNDA:6,(anonymous_6)
FNDA:6,(anonymous_7)
FNDA:19,(anonymous_8)
FNDA:6,(anonymous_9)
FNDA:56,(anonymous_10)
FNDA:6,(anonymous_11)
FNDA:56,(anonymous_12)
FNDA:6,(anonymous_13)
FNDA:56,(anonymous_14)
FNDA:6,(anonymous_15)
FNDA:56,(anonymous_16)
FNDA:56,(anonymous_17)
DA:11,6
DA:13,6
DA:14,6
DA:15,6
DA:16,6
DA:18,0
DA:19,0
DA:21,0
DA:22,0
DA:24,0
DA:26,6
DA:29,6
DA:32,6
DA:33,6
DA:34,6
DA:35,6
DA:36,6
DA:39,6
DA:40,56
DA:44,6
DA:45,6
DA:49,6
DA:50,6
DA:54,2
DA:55,19
DA:56,19
DA:59,6
DA:60,6
DA:61,6
DA:62,6
DA:63,6
DA:64,56
DA:65,56
DA:71,6
DA:72,6
DA:75,6
DA:76,56
DA:92,56
DA:98,6
DA:101,6
DA:104,6
DA:106,6
DA:107,6
DA:108,6
DA:109,6
DA:110,56
DA:111,56
DA:119,6
DA:120,56
DA:132,6
DA:135,56
LF:51
LH:46
BRDA:12,0,0,0
BRDA:12,1,0,0
BRDA:15,2,0,6
BRDA:15,2,1,0
BRDA:15,3,0,6
BRDA:15,3,1,0
BRDA:18,4,0,0
BRDA:18,4,1,0
BRDA:21,5,0,0
BRDA:21,5,1,0
BRDA:50,6,0,2
BRDA:50,6,1,4
BRDA:51,7,0,6
BRDA:51,7,1,2
BRDA:62,8,0,6
BRDA:62,8,1,0
BRDA:93,9,0,56
BRDA:93,9,1,0
BRF:18
BRH:8
end_of_record
TN:
SF:src/i18n/ICUParser.ts
FN:12,(anonymous_0)
FN:29,(anonymous_1)
FN:37,(anonymous_2)
FN:43,(anonymous_3)
FN:49,(anonymous_4)
FN:55,(anonymous_5)
FN:62,(anonymous_6)
FN:80,(anonymous_7)
FN:93,(anonymous_8)
FN:103,(anonymous_9)
FN:108,(anonymous_10)
FN:126,(anonymous_11)
FN:140,(anonymous_12)
FN:145,(anonymous_13)
FN:150,(anonymous_14)
FN:210,(anonymous_15)
FN:235,(anonymous_16)
FN:283,(anonymous_17)
FNF:18
FNH:13
FNDA:2000,(anonymous_0)
FNDA:12,(anonymous_1)
FNDA:6,(anonymous_2)
FNDA:0,(anonymous_3)
FNDA:3,(anonymous_4)
FNDA:5,(anonymous_5)
FNDA:6,(anonymous_6)
FNDA:0,(anonymous_7)
FNDA:3,(anonymous_8)
FNDA:5,(anonymous_9)
FNDA:5,(anonymous_10)
FNDA:9,(anonymous_11)
FNDA:6,(anonymous_12)
FNDA:0,(anonymous_13)
FNDA:1,(anonymous_14)
FNDA:0,(anonymous_15)
FNDA:2,(anonymous_16)
FNDA:0,(anonymous_17)
DA:11,8
DA:13,2000
DA:14,2000
DA:18,2000
DA:24,8
DA:25,8
DA:26,8
DA:27,8
DA:34,12
DA:37,12
DA:38,6
DA:39,6
DA:43,12
DA:44,0
DA:45,0
DA:49,12
DA:50,3
DA:51,3
DA:55,12
DA:56,5
DA:59,12
DA:68,6
DA:69,6
DA:71,6
DA:72,6
DA:73,2
DA:76,4
DA:77,4
DA:86,0
DA:87,0
DA:89,0
DA:90,0
DA:98,3
DA:99,3
DA:100,3
DA:108,5
DA:109,5
DA:110,5
DA:111,5
DA:113,5
DA:115,5
DA:117,4
DA:118,0
DA:119,4
DA:120,0
DA:123,4
DA:127,9
DA:128,9
DA:131,9
DA:132,24
DA:133,24
DA:134,24
DA:137,9
DA:145,6
DA:146,0
DA:155,1
DA:156,0
DA:159,1
DA:160,1
DA:161,0
DA:164,1
DA:165,1
DA:166,0
DA:168,0
DA:174,0
DA:176,0
DA:177,0
DA:180,0
DA:181,1
DA:182,0
DA:188,1
DA:194,0
DA:195,0
DA:205,0
DA:215,0
DA:216,0
DA:218,0
DA:219,0
DA:220,0
DA:221,0
DA:222,0
DA:229,0
DA:231,0
DA:236,2
DA:238,2
DA:239,0
DA:242,2
DA:243,2
DA:245,2
DA:246,2
DA:247,0
DA:250,2
DA:252,2
DA:253,0
DA:255,0
DA:261,0
DA:262,0
DA:263,0
DA:264,0
DA:265,0
DA:269,2
DA:270,2
DA:271,2
DA:272,2
DA:273,2
DA:274,2
DA:275,2
DA:279,0
DA:280,0
DA:284,0
DA:306,0
DA:309,8
DA:313,8
LF:113
LH:70
BRDA:13,0,0,2000
BRDA:13,0,1,8
BRDA:16,1,0,2000
BRDA:16,1,1,0
BRDA:38,2,0,6
BRDA:38,2,1,0
BRDA:44,3,0,0
BRDA:44,3,1,0
BRDA:72,4,0,2
BRDA:72,4,1,4
BRDA:76,5,0,4
BRDA:76,5,1,0
BRDA:76,5,2,0
BRDA:89,6,0,0
BRDA:89,6,1,0
BRDA:89,6,2,0
BRDA:99,7,0,3
BRDA:99,7,1,0
BRDA:100,8,0,3
BRDA:100,8,1,0
BRDA:100,8,2,0
BRDA:115,9,0,1
BRDA:115,9,1,4
BRDA:115,10,0,5
BRDA:115,10,1,5
BRDA:117,11,0,0
BRDA:117,11,1,4
BRDA:119,12,0,0
BRDA:119,12,1,4
BRDA:146,13,0,0
BRDA:146,13,1,0
BRDA:153,14,0,0
BRDA:155,15,0,0
BRDA:155,15,1,1
BRDA:155,16,0,1
BRDA:155,16,1,1
BRDA:160,17,0,0
BRDA:160,17,1,1
BRDA:160,18,0,1
BRDA:160,18,1,1
BRDA:165,19,0,0
BRDA:165,19,1,1
BRDA:176,20,0,0
BRDA:176,20,1,0
BRDA:181,21,0,0
BRDA:181,21,1,1
BRDA:197,22,0,0
BRDA:197,22,1,0
BRDA:199,23,0,0
BRDA:199,23,1,0
BRDA:213,24,0,0
BRDA:216,25,0,0
BRDA:216,25,1,0
BRDA:219,26,0,0
BRDA:219,26,1,0
BRDA:221,27,0,0
BRDA:221,27,1,0
BRDA:238,28,0,0
BRDA:238,28,1,2
BRDA:238,29,0,2
BRDA:238,29,1,2
BRDA:245,30,0,2
BRDA:245,30,1,2
BRDA:246,31,0,0
BRDA:246,31,1,2
BRDA:252,32,0,0
BRDA:252,32,1,2
BRDA:255,33,0,0
BRDA:255,33,1,0
BRDA:255,34,0,0
BRDA:255,34,1,0
BRDA:257,35,0,0
BRDA:257,35,1,0
BRDA:262,36,0,0
BRDA:262,36,1,0
BRDA:269,37,0,2
BRDA:269,37,1,0
BRDA:272,38,0,2
BRDA:272,38,1,0
BRDA:306,39,0,0
BRDA:306,39,1,0
BRF:81
BRH:32
end_of_record
TN:
SF:src/i18n/LocaleProvider.tsx
FN:14,LocaleProvider
FN:37,(anonymous_1)
FN:49,(anonymous_2)
FN:54,(anonymous_3)
FN:64,(anonymous_4)
FN:79,(anonymous_5)
FN:91,(anonymous_6)
FN:92,(anonymous_7)
FN:100,(anonymous_8)
FN:107,(anonymous_9)
FN:113,(anonymous_10)
FN:122,(anonymous_11)
FN:138,useLang
FN:146,useNamespace
FN:149,(anonymous_14)
FNF:15
FNH:10
FNDA:19,LocaleProvider
FNDA:19,(anonymous_1)
FNDA:19,(anonymous_2)
FNDA:18,(anonymous_3)
FNDA:13,(anonymous_4)
FNDA:0,(anonymous_5)
FNDA:18,(anonymous_6)
FNDA:1,(anonymous_7)
FNDA:1,(anonymous_8)
FNDA:0,(anonymous_9)
FNDA:0,(anonymous_10)
FNDA:19,(anonymous_11)
FNDA:18,useLang
FNDA:0,useNamespace
FNDA:0,(anonymous_14)
DA:30,19
DA:31,19
DA:35,19
DA:37,19
DA:38,19
DA:39,18
DA:40,18
DA:42,1
DA:43,1
DA:47,19
DA:49,19
DA:50,19
DA:51,19
DA:54,19
DA:55,18
DA:63,19
DA:69,13
DA:78,19
DA:85,0
DA:90,19
DA:92,18
DA:93,1
DA:94,1
DA:99,19
DA:101,1
DA:106,19
DA:108,0
DA:110,0
DA:111,0
DA:112,0
DA:113,0
DA:115,0
DA:121,19
DA:122,19
DA:133,19
DA:139,18
DA:140,18
DA:141,0
DA:143,18
DA:147,0
DA:149,0
DA:150,0
LF:42
LH:31
BRDA:17,0,0,12
BRDA:18,1,0,19
BRDA:38,2,0,18
BRDA:38,2,1,1
BRDA:42,3,0,1
BRDA:42,3,1,0
BRDA:51,4,0,5
BRDA:51,4,1,14
BRDA:108,5,0,0
BRDA:108,5,1,0
BRDA:140,6,0,0
BRDA:140,6,1,18
BRF:12
BRH:8
end_of_record
TN:
SF:src/i18n/PluralRules.ts
FN:5,(anonymous_0)
FN:6,(anonymous_1)
FN:7,(anonymous_2)
FN:8,(anonymous_3)
FN:9,(anonymous_4)
FN:10,(anonymous_5)
FN:12,(anonymous_6)
FN:13,(anonymous_7)
FN:14,(anonymous_8)
FN:15,(anonymous_9)
FN:16,(anonymous_10)
FN:22,(anonymous_11)
FN:29,(anonymous_12)
FN:36,(anonymous_13)
FN:43,(anonymous_14)
FN:49,(anonymous_15)
FN:57,(anonymous_16)
FN:64,(anonymous_17)
FN:65,(anonymous_18)
FN:66,(anonymous_19)
FN:68,(anonymous_20)
FN:69,(anonymous_21)
FN:70,(anonymous_22)
FN:71,(anonymous_23)
FN:72,(anonymous_24)
FN:73,(anonymous_25)
FN:75,(anonymous_26)
FN:77,(anonymous_27)
FN:78,(anonymous_28)
FN:80,(anonymous_29)
FN:82,(anonymous_30)
FN:83,(anonymous_31)
FN:85,(anonymous_32)
FN:93,(anonymous_33)
FN:101,(anonymous_34)
FN:108,(anonymous_35)
FN:114,(anonymous_36)
FN:122,(anonymous_37)
FN:129,(anonymous_38)
FN:138,(anonymous_39)
FN:146,(anonymous_40)
FN:147,(anonymous_41)
FN:150,getPluralForm
FN:160,getOrdinalForm
FNF:44
FNH:35
FNDA:14,(anonymous_0)
FNDA:1,(anonymous_1)
FNDA:1,(anonymous_2)
FNDA:1,(anonymous_3)
FNDA:1,(anonymous_4)
FNDA:1,(anonymous_5)
FNDA:2,(anonymous_6)
FNDA:1,(anonymous_7)
FNDA:1,(anonymous_8)
FNDA:1,(anonymous_9)
FNDA:3,(anonymous_10)
FNDA:7,(anonymous_11)
FNDA:2,(anonymous_12)
FNDA:3,(anonymous_13)
FNDA:3,(anonymous_14)
FNDA:10,(anonymous_15)
FNDA:2,(anonymous_16)
FNDA:1,(anonymous_17)
FNDA:1,(anonymous_18)
FNDA:1,(anonymous_19)
FNDA:2,(anonymous_20)
FNDA:1,(anonymous_21)
FNDA:1,(anonymous_22)
FNDA:1,(anonymous_23)
FNDA:1,(anonymous_24)
FNDA:1,(anonymous_25)
FNDA:2,(anonymous_26)
FNDA:1,(anonymous_27)
FNDA:1,(anonymous_28)
FNDA:1,(anonymous_29)
FNDA:1,(anonymous_30)
FNDA:1,(anonymous_31)
FNDA:0,(anonymous_32)
FNDA:0,(anonymous_33)
FNDA:0,(anonymous_34)
FNDA:0,(anonymous_35)
FNDA:0,(anonymous_36)
FNDA:0,(anonymous_37)
FNDA:0,(anonymous_38)
FNDA:5,(anonymous_39)
FNDA:0,(anonymous_40)
FNDA:0,(anonymous_41)
FNDA:74,getPluralForm
FNDA:6,getOrdinalForm
DA:3,9
DA:5,14
DA:6,1
DA:7,1
DA:8,1
DA:9,1
DA:10,1
DA:12,2
DA:13,1
DA:14,1
DA:15,1
DA:17,3
DA:18,2
DA:19,1
DA:23,7
DA:24,7
DA:25,7
DA:26,4
DA:27,2
DA:30,2
DA:31,2
DA:32,2
DA:33,1
DA:34,0
DA:37,3
DA:38,3
DA:39,3
DA:40,2
DA:41,1
DA:44,3
DA:45,2
DA:46,1
DA:50,10
DA:51,9
DA:52,7
DA:53,5
DA:54,3
DA:55,1
DA:58,2
DA:59,1
DA:60,0
DA:61,0
DA:64,1
DA:65,1
DA:66,1
DA:68,2
DA:69,1
DA:70,1
DA:71,1
DA:72,1
DA:73,1
DA:75,2
DA:77,1
DA:78,1
DA:80,1
DA:82,1
DA:83,1
DA:86,0
DA:87,0
DA:88,0
DA:89,0
DA:90,0
DA:91,0
DA:94,0
DA:95,0
DA:96,0
DA:97,0
DA:98,0
DA:102,0
DA:103,0
DA:104,0
DA:105,0
DA:106,0
DA:109,0
DA:110,0
DA:111,0
DA:115,0
DA:116,0
DA:117,0
DA:118,0
DA:119,0
DA:123,0
DA:124,0
DA:125,0
DA:126,0
DA:127,0
DA:130,0
DA:131,0
DA:132,0
DA:133,0
DA:137,9
DA:139,5
DA:140,5
DA:141,5
DA:142,4
DA:143,3
DA:144,2
DA:146,0
DA:147,0
DA:151,74
DA:152,2
DA:154,74
DA:155,74
DA:156,74
DA:157,71
DA:161,6
DA:162,6
DA:163,6
DA:164,5
LF:109
LH:71
BRDA:5,0,0,5
BRDA:5,0,1,9
BRDA:6,1,0,1
BRDA:6,1,1,0
BRDA:7,2,0,0
BRDA:7,2,1,1
BRDA:8,3,0,1
BRDA:8,3,1,0
BRDA:9,4,0,0
BRDA:9,4,1,1
BRDA:10,5,0,1
BRDA:10,5,1,0
BRDA:12,6,0,1
BRDA:12,6,1,1
BRDA:12,7,0,2
BRDA:12,7,1,1
BRDA:13,8,0,1
BRDA:13,8,1,0
BRDA:14,9,0,1
BRDA:14,9,1,0
BRDA:15,10,0,1
BRDA:15,10,1,0
BRDA:15,11,0,1
BRDA:15,11,1,1
BRDA:17,12,0,1
BRDA:17,12,1,2
BRDA:18,13,0,1
BRDA:18,13,1,1
BRDA:18,14,0,2
BRDA:18,14,1,1
BRDA:18,14,2,1
BRDA:25,15,0,3
BRDA:25,15,1,4
BRDA:25,16,0,7
BRDA:25,16,1,3
BRDA:26,17,0,2
BRDA:26,17,1,2
BRDA:26,18,0,4
BRDA:26,18,1,4
BRDA:26,18,2,2
BRDA:26,18,3,0
BRDA:32,19,0,1
BRDA:32,19,1,1
BRDA:32,20,0,2
BRDA:32,20,1,1
BRDA:33,21,0,1
BRDA:33,21,1,0
BRDA:33,22,0,1
BRDA:33,22,1,1
BRDA:33,22,2,1
BRDA:33,22,3,0
BRDA:39,23,0,1
BRDA:39,23,1,2
BRDA:40,24,0,1
BRDA:40,24,1,1
BRDA:40,25,0,2
BRDA:40,25,1,2
BRDA:40,25,2,1
BRDA:40,25,3,0
BRDA:44,26,0,1
BRDA:44,26,1,2
BRDA:45,27,0,1
BRDA:45,27,1,1
BRDA:45,28,0,2
BRDA:45,28,1,2
BRDA:50,29,0,1
BRDA:50,29,1,9
BRDA:51,30,0,2
BRDA:51,30,1,7
BRDA:52,31,0,2
BRDA:52,31,1,5
BRDA:53,32,0,2
BRDA:53,32,1,3
BRDA:53,33,0,5
BRDA:53,33,1,4
BRDA:54,34,0,2
BRDA:54,34,1,1
BRDA:58,35,0,1
BRDA:58,35,1,1
BRDA:59,36,0,1
BRDA:59,36,1,0
BRDA:60,37,0,0
BRDA:60,37,1,0
BRDA:60,38,0,0
BRDA:60,38,1,0
BRDA:68,39,0,1
BRDA:68,39,1,1
BRDA:68,40,0,2
BRDA:68,40,1,1
BRDA:69,41,0,1
BRDA:69,41,1,0
BRDA:69,42,0,1
BRDA:69,42,1,1
BRDA:75,43,0,1
BRDA:75,43,1,1
BRDA:77,44,0,1
BRDA:77,44,1,0
BRDA:78,45,0,1
BRDA:78,45,1,0
BRDA:80,46,0,1
BRDA:80,46,1,0
BRDA:83,47,0,1
BRDA:83,47,1,0
BRDA:86,48,0,0
BRDA:86,48,1,0
BRDA:87,49,0,0
BRDA:87,49,1,0
BRDA:88,50,0,0
BRDA:88,50,1,0
BRDA:89,51,0,0
BRDA:89,51,1,0
BRDA:90,52,0,0
BRDA:90,52,1,0
BRDA:94,53,0,0
BRDA:94,53,1,0
BRDA:95,54,0,0
BRDA:95,54,1,0
BRDA:96,55,0,0
BRDA:96,55,1,0
BRDA:96,56,0,0
BRDA:96,56,1,0
BRDA:97,57,0,0
BRDA:97,57,1,0
BRDA:97,58,0,0
BRDA:97,58,1,0
BRDA:104,59,0,0
BRDA:104,59,1,0
BRDA:104,60,0,0
BRDA:104,60,1,0
BRDA:105,61,0,0
BRDA:105,61,1,0
BRDA:105,62,0,0
BRDA:105,62,1,0
BRDA:105,62,2,0
BRDA:105,62,3,0
BRDA:109,63,0,0
BRDA:109,63,1,0
BRDA:109,64,0,0
BRDA:109,64,1,0
BRDA:110,65,0,0
BRDA:110,65,1,0
BRDA:110,66,0,0
BRDA:110,66,1,0
BRDA:110,66,2,0
BRDA:116,67,0,0
BRDA:116,67,1,0
BRDA:117,68,0,0
BRDA:117,68,1,0
BRDA:118,69,0,0
BRDA:118,69,1,0
BRDA:118,70,0,0
BRDA:118,70,1,0
BRDA:123,71,0,0
BRDA:123,71,1,0
BRDA:124,72,0,0
BRDA:124,72,1,0
BRDA:125,73,0,0
BRDA:125,73,1,0
BRDA:126,74,0,0
BRDA:126,74,1,0
BRDA:130,75,0,0
BRDA:130,75,1,0
BRDA:131,76,0,0
BRDA:131,76,1,0
BRDA:131,77,0,0
BRDA:131,77,1,0
BRDA:131,77,2,0
BRDA:132,78,0,0
BRDA:132,78,1,0
BRDA:132,79,0,0
BRDA:132,79,1,0
BRDA:141,80,0,1
BRDA:141,80,1,4
BRDA:141,81,0,5
BRDA:141,81,1,2
BRDA:142,82,0,1
BRDA:142,82,1,3
BRDA:142,83,0,4
BRDA:142,83,1,1
BRDA:143,84,0,1
BRDA:143,84,1,2
BRDA:143,85,0,3
BRDA:143,85,1,1
BRDA:151,86,0,2
BRDA:151,86,1,72
BRDA:151,87,0,74
BRDA:151,87,1,74
BRDA:154,88,0,74
BRDA:154,88,1,0
BRDA:156,89,0,3
BRDA:156,89,1,71
BRDA:161,90,0,6
BRDA:161,90,1,0
BRDA:163,91,0,1
BRDA:163,91,1,5
BRF:195
BRH:103
end_of_record
TN:
SF:src/i18n/TranslationManager.ts
FN:48,(anonymous_0)
FN:59,(anonymous_1)
FN:69,(anonymous_2)
FN:126,(anonymous_3)
FN:160,(anonymous_4)
FN:167,(anonymous_5)
FN:189,(anonymous_6)
FN:200,(anonymous_7)
FNF:8
FNH:7
FNDA:18,(anonymous_0)
FNDA:0,(anonymous_1)
FNDA:13,(anonymous_2)
FNDA:1,(anonymous_3)
FNDA:11,(anonymous_4)
FNDA:14,(anonymous_5)
FNDA:2,(anonymous_6)
FNDA:1,(anonymous_7)
DA:38,18
DA:52,18
DA:53,18
DA:54,18
DA:55,18
DA:56,18
DA:63,0
DA:64,0
DA:66,0
DA:75,13
DA:77,13
DA:78,13
DA:79,0
DA:82,13
DA:83,13
DA:85,13
DA:86,0
DA:87,0
DA:90,13
DA:91,2
DA:92,2
DA:93,11
DA:98,1
DA:99,10
DA:100,10
DA:103,10
DA:105,10
DA:106,0
DA:112,10
DA:117,10
DA:119,0
DA:122,13
DA:123,13
DA:133,1
DA:135,1
DA:136,0
DA:137,0
DA:142,1
DA:147,0
DA:148,0
DA:151,1
DA:152,1
DA:154,1
DA:155,1
DA:161,11
DA:173,14
DA:174,0
DA:175,0
DA:178,14
DA:179,14
DA:181,14
DA:182,0
DA:183,0
DA:186,14
DA:190,2
DA:191,2
DA:197,2
DA:201,1
LF:58
LH:42
BRDA:50,0,0,0
BRDA:53,1,0,18
BRDA:53,1,1,0
BRDA:54,2,0,18
BRDA:54,2,1,0
BRDA:55,3,0,18
BRDA:55,3,1,0
BRDA:63,4,0,0
BRDA:63,4,1,0
BRDA:75,5,0,13
BRDA:75,5,1,4
BRDA:78,6,0,0
BRDA:78,6,1,13
BRDA:85,7,0,0
BRDA:85,7,1,13
BRDA:85,8,0,13
BRDA:85,8,1,0
BRDA:90,9,0,2
BRDA:90,9,1,11
BRDA:93,10,0,1
BRDA:93,10,1,10
BRDA:94,11,0,11
BRDA:94,11,1,1
BRDA:94,11,2,1
BRDA:99,12,0,10
BRDA:99,12,1,0
BRDA:103,13,0,0
BRDA:103,13,1,10
BRDA:105,14,0,0
BRDA:105,14,1,10
BRDA:105,15,0,10
BRDA:105,15,1,10
BRDA:108,16,0,0
BRDA:108,16,1,0
BRDA:112,17,0,0
BRDA:112,17,1,10
BRDA:135,18,0,0
BRDA:135,18,1,1
BRDA:137,19,0,0
BRDA:137,19,1,0
BRDA:137,20,0,0
BRDA:137,20,1,0
BRDA:142,21,0,0
BRDA:142,21,1,1
BRDA:143,22,0,1
BRDA:143,22,1,1
BRDA:143,22,2,1
BRDA:152,23,0,1
BRDA:152,23,1,1
BRDA:152,23,2,0
BRDA:155,24,0,0
BRDA:155,24,1,1
BRDA:155,25,0,1
BRDA:155,25,1,1
BRDA:162,26,0,11
BRDA:162,26,1,11
BRDA:173,27,0,0
BRDA:173,27,1,14
BRDA:173,28,0,14
BRDA:173,28,1,0
BRDA:175,29,0,0
BRDA:175,29,1,0
BRDA:179,30,0,14
BRDA:179,30,1,0
BRDA:181,31,0,0
BRDA:181,31,1,14
BRDA:181,32,0,14
BRDA:181,32,1,2
BRDA:183,33,0,0
BRDA:183,33,1,0
BRDA:190,34,0,2
BRDA:190,34,1,0
BRDA:193,35,0,0
BRDA:193,35,1,2
BRF:74
BRH:41
end_of_record
TN:
SF:src/i18n/utils.ts
FN:1,getNestedValue
FN:5,(anonymous_1)
FN:10,interpolate
FN:11,(anonymous_3)
FNF:4
FNH:4
FNDA:29,getNestedValue
FNDA:34,(anonymous_1)
FNDA:6,interpolate
FNDA:7,(anonymous_3)
DA:2,29
DA:3,28
DA:5,28
DA:6,34
DA:11,6
DA:12,7
DA:13,7
DA:15,7
DA:16,6
DA:17,1
DA:18,1
DA:20,5
LF:12
LH:12
BRDA:2,0,0,1
BRDA:2,0,1,28
BRDA:2,1,0,29
BRDA:2,1,1,28
BRDA:3,2,0,0
BRDA:3,2,1,28
BRDA:3,3,0,28
BRDA:3,3,1,28
BRDA:10,4,0,0
BRDA:15,5,0,1
BRDA:15,5,1,6
BRDA:15,6,0,7
BRDA:15,6,1,7
BRDA:16,7,0,1
BRDA:16,7,1,5
BRF:15
BRH:13
end_of_record
