TN:
SF:src/AppText.tsx
FN:95,(anonymous_0)
FN:117,(anonymous_1)
FN:130,(anonymous_2)
FN:194,(anonymous_3)
FN:219,(anonymous_4)
FN:489,(anonymous_5)
FN:502,(anonymous_6)
FN:503,(anonymous_7)
FN:518,(anonymous_8)
FN:530,(anonymous_9)
FN:544,(anonymous_10)
FN:551,(anonymous_11)
FN:592,(anonymous_12)
FN:608,(anonymous_13)
FN:615,(anonymous_14)
FN:616,(anonymous_15)
FN:620,(anonymous_16)
FN:633,(anonymous_17)
FN:693,(anonymous_18)
FN:705,(anonymous_19)
FN:717,(anonymous_20)
FN:718,(anonymous_21)
FN:719,(anonymous_22)
FN:734,(anonymous_23)
FN:747,(anonymous_24)
FN:750,(anonymous_25)
FN:752,(anonymous_26)
FN:783,(anonymous_27)
FN:786,(anonymous_28)
FN:797,(anonymous_29)
FN:798,(anonymous_30)
FN:810,(anonymous_31)
FN:830,(anonymous_32)
FN:845,(anonymous_33)
FN:922,(anonymous_34)
FN:932,(anonymous_35)
FN:933,(anonymous_36)
FN:945,(anonymous_37)
FN:972,(anonymous_38)
FN:981,(anonymous_39)
FN:989,(anonymous_40)
FN:995,(anonymous_41)
FN:1034,(anonymous_42)
FN:1055,(anonymous_43)
FN:1059,(anonymous_44)
FN:1123,(anonymous_45)
FN:1127,(anonymous_46)
FN:1143,(anonymous_47)
FN:1273,(anonymous_48)
FN:1358,(anonymous_49)
FN:1363,(anonymous_50)
FN:1368,(anonymous_51)
FN:1373,(anonymous_52)
FN:1378,(anonymous_53)
FN:1383,(anonymous_54)
FN:1388,(anonymous_55)
FN:1393,(anonymous_56)
FN:1398,(anonymous_57)
FN:1403,(anonymous_58)
FN:1408,(anonymous_59)
FN:1415,(anonymous_60)
FN:1420,(anonymous_61)
FN:1425,(anonymous_62)
FN:1430,(anonymous_63)
FN:1435,(anonymous_64)
FN:1440,(anonymous_65)
FN:1445,(anonymous_66)
FN:1450,(anonymous_67)
FN:1455,(anonymous_68)
FN:1460,(anonymous_69)
FN:1465,(anonymous_70)
FN:1470,(anonymous_71)
FN:1475,(anonymous_72)
FN:1480,(anonymous_73)
FN:1485,(anonymous_74)
FNF:75
FNH:38
FNDA:0,(anonymous_0)
FNDA:0,(anonymous_1)
FNDA:0,(anonymous_2)
FNDA:0,(anonymous_3)
FNDA:0,(anonymous_4)
FNDA:16,(anonymous_5)
FNDA:9,(anonymous_6)
FNDA:9,(anonymous_7)
FNDA:9,(anonymous_8)
FNDA:26,(anonymous_9)
FNDA:9,(anonymous_10)
FNDA:4,(anonymous_11)
FNDA:0,(anonymous_12)
FNDA:0,(anonymous_13)
FNDA:0,(anonymous_14)
FNDA:0,(anonymous_15)
FNDA:0,(anonymous_16)
FNDA:0,(anonymous_17)
FNDA:4,(anonymous_18)
FNDA:36,(anonymous_19)
FNDA:6,(anonymous_20)
FNDA:6,(anonymous_21)
FNDA:6,(anonymous_22)
FNDA:6,(anonymous_23)
FNDA:56,(anonymous_24)
FNDA:6,(anonymous_25)
FNDA:56,(anonymous_26)
FNDA:6,(anonymous_27)
FNDA:56,(anonymous_28)
FNDA:6,(anonymous_29)
FNDA:56,(anonymous_30)
FNDA:4,(anonymous_31)
FNDA:56,(anonymous_32)
FNDA:44,(anonymous_33)
FNDA:44,(anonymous_34)
FNDA:44,(anonymous_35)
FNDA:81,(anonymous_36)
FNDA:44,(anonymous_37)
FNDA:37,(anonymous_38)
FNDA:37,(anonymous_39)
FNDA:37,(anonymous_40)
FNDA:37,(anonymous_41)
FNDA:37,(anonymous_42)
FNDA:37,(anonymous_43)
FNDA:44,(anonymous_44)
FNDA:0,(anonymous_45)
FNDA:0,(anonymous_46)
FNDA:37,(anonymous_47)
FNDA:0,(anonymous_48)
FNDA:1,(anonymous_49)
FNDA:0,(anonymous_50)
FNDA:0,(anonymous_51)
FNDA:0,(anonymous_52)
FNDA:0,(anonymous_53)
FNDA:0,(anonymous_54)
FNDA:0,(anonymous_55)
FNDA:0,(anonymous_56)
FNDA:1,(anonymous_57)
FNDA:1,(anonymous_58)
FNDA:0,(anonymous_59)
FNDA:0,(anonymous_60)
FNDA:0,(anonymous_61)
FNDA:0,(anonymous_62)
FNDA:0,(anonymous_63)
FNDA:0,(anonymous_64)
FNDA:0,(anonymous_65)
FNDA:0,(anonymous_66)
FNDA:0,(anonymous_67)
FNDA:0,(anonymous_68)
FNDA:0,(anonymous_69)
FNDA:0,(anonymous_70)
FNDA:0,(anonymous_71)
FNDA:0,(anonymous_72)
FNDA:0,(anonymous_73)
FNDA:0,(anonymous_74)
DA:42,5
DA:95,5
DA:103,0
DA:104,0
DA:105,0
DA:106,0
DA:107,0
DA:108,0
DA:109,0
DA:110,0
DA:111,0
DA:112,0
DA:113,0
DA:114,0
DA:117,0
DA:118,0
DA:119,0
DA:120,0
DA:121,0
DA:125,0
DA:128,0
DA:130,0
DA:132,0
DA:134,0
DA:135,0
DA:136,0
DA:138,0
DA:139,0
DA:140,0
DA:141,0
DA:144,0
DA:145,0
DA:150,0
DA:151,0
DA:152,0
DA:153,0
DA:155,0
DA:156,0
DA:159,0
DA:160,0
DA:162,0
DA:165,0
DA:166,0
DA:169,0
DA:181,0
DA:182,0
DA:188,0
DA:189,0
DA:190,0
DA:191,0
DA:194,0
DA:195,0
DA:196,0
DA:219,0
DA:221,0
DA:223,0
DA:225,0
DA:229,0
DA:232,0
DA:238,0
DA:244,0
DA:250,0
DA:257,0
DA:263,0
DA:277,0
DA:291,0
DA:307,0
DA:310,0
DA:313,0
DA:316,0
DA:329,0
DA:343,0
DA:347,0
DA:354,0
DA:361,0
DA:367,0
DA:381,0
DA:395,0
DA:409,0
DA:412,0
DA:425,0
DA:438,0
DA:452,0
DA:470,0
DA:488,5
DA:499,16
DA:500,16
DA:502,16
DA:503,9
DA:504,9
DA:505,9
DA:507,0
DA:508,0
DA:510,0
DA:511,0
DA:513,0
DA:515,9
DA:518,16
DA:519,9
DA:521,9
DA:522,9
DA:526,9
DA:530,9
DA:531,26
DA:532,26
DA:533,4
DA:534,4
DA:536,22
DA:537,22
DA:538,22
DA:542,9
DA:544,9
DA:545,9
DA:546,9
DA:547,9
DA:551,16
DA:552,4
DA:553,4
DA:554,0
DA:555,0
DA:556,0
DA:559,4
DA:560,4
DA:562,0
DA:565,16
DA:591,5
DA:601,0
DA:602,0
DA:603,0
DA:605,0
DA:607,0
DA:609,0
DA:615,0
DA:616,0
DA:620,0
DA:621,0
DA:622,0
DA:623,0
DA:625,0
DA:626,0
DA:628,0
DA:633,0
DA:634,0
DA:635,0
DA:638,0
DA:693,5
DA:694,4
DA:695,4
DA:696,4
DA:698,4
DA:705,4
DA:706,36
DA:707,32
DA:709,4
DA:713,4
DA:716,5
DA:718,6
DA:719,6
DA:720,6
DA:721,6
DA:723,0
DA:724,0
DA:726,0
DA:727,0
DA:729,0
DA:731,6
DA:734,6
DA:737,6
DA:738,6
DA:741,6
DA:742,6
DA:745,6
DA:746,6
DA:747,56
DA:750,6
DA:752,6
DA:753,56
DA:769,56
DA:775,6
DA:778,6
DA:781,6
DA:783,6
DA:784,6
DA:785,6
DA:786,6
DA:787,56
DA:788,56
DA:793,6
DA:797,6
DA:798,56
DA:810,6
DA:812,6
DA:831,56
DA:843,5
DA:915,44
DA:916,44
DA:917,44
DA:918,44
DA:921,44
DA:922,44
DA:923,44
DA:924,15
DA:925,15
DA:926,0
DA:928,44
DA:929,44
DA:930,44
DA:932,44
DA:933,44
DA:934,81
DA:935,28
DA:936,14
DA:937,0
DA:939,44
DA:943,44
DA:944,44
DA:945,44
DA:946,44
DA:947,0
DA:955,44
DA:956,44
DA:958,44
DA:961,44
DA:963,44
DA:966,44
DA:972,44
DA:973,37
DA:974,37
DA:981,44
DA:982,37
DA:983,1
DA:984,0
DA:986,1
DA:989,44
DA:990,37
DA:991,37
DA:995,44
DA:996,37
DA:1009,37
DA:1010,0
DA:1016,37
DA:1033,44
DA:1035,37
DA:1054,44
DA:1055,37
DA:1059,44
DA:1060,44
DA:1090,44
DA:1122,44
DA:1123,0
DA:1126,44
DA:1127,0
DA:1131,44
DA:1132,44
DA:1133,44
DA:1134,44
DA:1135,44
DA:1138,44
DA:1139,44
DA:1142,44
DA:1143,44
DA:1144,37
DA:1145,8
DA:1146,8
DA:1151,44
DA:1152,9
DA:1175,35
DA:1176,6
DA:1197,29
DA:1198,0
DA:1219,29
DA:1221,29
DA:1222,0
DA:1238,29
DA:1255,5
DA:1290,0
DA:1299,0
DA:1315,5
DA:1354,5
DA:1357,5
DA:1359,1
DA:1362,5
DA:1364,0
DA:1367,5
DA:1369,0
DA:1372,5
DA:1374,0
DA:1377,5
DA:1379,0
DA:1382,5
DA:1384,0
DA:1387,5
DA:1389,0
DA:1392,5
DA:1394,0
DA:1397,5
DA:1399,1
DA:1402,5
DA:1404,1
DA:1407,5
DA:1409,0
DA:1414,5
DA:1416,0
DA:1419,5
DA:1421,0
DA:1424,5
DA:1426,0
DA:1429,5
DA:1431,0
DA:1434,5
DA:1436,0
DA:1439,5
DA:1441,0
DA:1444,5
DA:1446,0
DA:1449,5
DA:1451,0
DA:1454,5
DA:1456,0
DA:1459,5
DA:1461,0
DA:1464,5
DA:1466,0
DA:1469,5
DA:1471,0
DA:1474,5
DA:1476,0
DA:1479,5
DA:1481,0
DA:1484,5
DA:1486,0
DA:1490,5
LF:332
LH:183
BRDA:98,0,0,0
BRDA:99,1,0,0
BRDA:100,2,0,0
BRDA:101,3,0,0
BRDA:118,4,0,0
BRDA:118,4,1,0
BRDA:119,5,0,0
BRDA:119,5,1,0
BRDA:120,6,0,0
BRDA:120,6,1,0
BRDA:120,7,0,0
BRDA:120,7,1,0
BRDA:125,8,0,0
BRDA:125,8,1,0
BRDA:128,9,0,0
BRDA:128,9,1,0
BRDA:132,10,0,0
BRDA:132,10,1,0
BRDA:132,11,0,0
BRDA:132,11,1,0
BRDA:132,11,2,0
BRDA:134,12,0,0
BRDA:134,12,1,0
BRDA:134,13,0,0
BRDA:134,13,1,0
BRDA:138,14,0,0
BRDA:138,14,1,0
BRDA:140,15,0,0
BRDA:140,15,1,0
BRDA:141,16,0,0
BRDA:141,16,1,0
BRDA:144,17,0,0
BRDA:144,17,1,0
BRDA:151,18,0,0
BRDA:151,18,1,0
BRDA:152,19,0,0
BRDA:152,19,1,0
BRDA:153,20,0,0
BRDA:153,20,1,0
BRDA:159,21,0,0
BRDA:159,21,1,0
BRDA:159,22,0,0
BRDA:159,22,1,0
BRDA:165,23,0,0
BRDA:165,23,1,0
BRDA:165,24,0,0
BRDA:165,24,1,0
BRDA:181,25,0,0
BRDA:181,25,1,0
BRDA:188,26,0,0
BRDA:188,26,1,0
BRDA:195,27,0,0
BRDA:195,27,1,0
BRDA:221,28,0,0
BRDA:221,28,1,0
BRDA:221,29,0,0
BRDA:221,29,1,0
BRDA:221,29,2,0
BRDA:225,30,0,0
BRDA:225,30,1,0
BRDA:225,30,2,0
BRDA:225,30,3,0
BRDA:225,30,4,0
BRDA:225,30,5,0
BRDA:225,30,6,0
BRDA:225,30,7,0
BRDA:225,30,8,0
BRDA:225,30,9,0
BRDA:225,30,10,0
BRDA:225,30,11,0
BRDA:225,30,12,0
BRDA:225,30,13,0
BRDA:225,30,14,0
BRDA:225,30,15,0
BRDA:225,30,16,0
BRDA:225,30,17,0
BRDA:225,30,18,0
BRDA:225,30,19,0
BRDA:225,30,20,0
BRDA:225,30,21,0
BRDA:225,30,22,0
BRDA:225,30,23,0
BRDA:225,30,24,0
BRDA:225,30,25,0
BRDA:225,30,26,0
BRDA:225,30,27,0
BRDA:225,30,28,0
BRDA:225,30,29,0
BRDA:225,30,30,0
BRDA:225,30,31,0
BRDA:225,30,32,0
BRDA:491,31,0,0
BRDA:492,32,0,0
BRDA:493,33,0,0
BRDA:494,34,0,0
BRDA:504,35,0,9
BRDA:504,35,1,0
BRDA:504,36,0,9
BRDA:504,36,1,0
BRDA:507,37,0,0
BRDA:507,37,1,0
BRDA:510,38,0,0
BRDA:510,38,1,0
BRDA:531,39,0,0
BRDA:531,39,1,26
BRDA:532,40,0,4
BRDA:532,40,1,22
BRDA:552,41,0,0
BRDA:552,41,1,4
BRDA:553,42,0,0
BRDA:553,42,1,4
BRDA:555,43,0,0
BRDA:555,43,1,0
BRDA:555,44,0,0
BRDA:555,44,1,0
BRDA:555,44,2,0
BRDA:559,45,0,4
BRDA:559,45,1,0
BRDA:559,46,0,4
BRDA:559,46,1,4
BRDA:559,46,2,4
BRDA:574,47,0,16
BRDA:574,47,1,0
BRDA:574,47,2,0
BRDA:597,48,0,0
BRDA:598,49,0,0
BRDA:621,50,0,0
BRDA:621,50,1,0
BRDA:625,51,0,0
BRDA:625,51,1,0
BRDA:634,52,0,0
BRDA:634,52,1,0
BRDA:635,53,0,0
BRDA:635,53,1,0
BRDA:642,54,0,0
BRDA:642,54,1,0
BRDA:655,55,0,0
BRDA:655,55,1,0
BRDA:662,56,0,0
BRDA:662,56,1,0
BRDA:675,57,0,0
BRDA:675,57,1,0
BRDA:694,58,0,4
BRDA:694,58,1,0
BRDA:706,59,0,32
BRDA:706,59,1,4
BRDA:717,60,0,0
BRDA:717,61,0,0
BRDA:720,62,0,6
BRDA:720,62,1,0
BRDA:720,63,0,6
BRDA:720,63,1,0
BRDA:723,64,0,0
BRDA:723,64,1,0
BRDA:726,65,0,0
BRDA:726,65,1,0
BRDA:745,66,0,6
BRDA:745,66,1,0
BRDA:745,67,0,6
BRDA:745,67,1,4
BRDA:770,68,0,56
BRDA:770,68,1,0
BRDA:820,69,0,0
BRDA:820,69,1,6
BRDA:822,70,0,0
BRDA:822,70,1,6
BRDA:833,71,0,6
BRDA:833,71,1,50
BRDA:848,72,0,38
BRDA:855,73,0,43
BRDA:856,74,0,44
BRDA:857,75,0,44
BRDA:858,76,0,29
BRDA:860,77,0,44
BRDA:861,78,0,44
BRDA:862,79,0,44
BRDA:863,80,0,44
BRDA:865,81,0,44
BRDA:866,82,0,42
BRDA:869,83,0,44
BRDA:917,84,0,0
BRDA:917,84,1,44
BRDA:921,85,0,44
BRDA:921,85,1,29
BRDA:921,85,2,0
BRDA:923,86,0,29
BRDA:923,86,1,15
BRDA:923,87,0,44
BRDA:923,87,1,15
BRDA:924,88,0,0
BRDA:924,88,1,15
BRDA:925,89,0,15
BRDA:925,89,1,0
BRDA:929,90,0,44
BRDA:929,90,1,15
BRDA:930,91,0,44
BRDA:930,91,1,15
BRDA:934,92,0,53
BRDA:934,92,1,28
BRDA:934,93,0,81
BRDA:934,93,1,28
BRDA:935,94,0,14
BRDA:935,94,1,14
BRDA:936,95,0,14
BRDA:936,95,1,0
BRDA:946,96,0,44
BRDA:946,96,1,0
BRDA:956,97,0,44
BRDA:956,97,1,44
BRDA:958,98,0,44
BRDA:958,98,1,0
BRDA:961,99,0,44
BRDA:961,99,1,0
BRDA:963,100,0,0
BRDA:963,100,1,44
BRDA:965,101,0,44
BRDA:965,101,1,43
BRDA:968,102,0,43
BRDA:968,102,1,1
BRDA:969,103,0,43
BRDA:969,103,1,1
BRDA:973,104,0,37
BRDA:973,104,1,0
BRDA:982,105,0,36
BRDA:982,105,1,1
BRDA:983,106,0,0
BRDA:983,106,1,1
BRDA:990,107,0,0
BRDA:990,107,1,37
BRDA:998,108,0,36
BRDA:998,108,1,1
BRDA:1001,109,0,37
BRDA:1001,109,1,36
BRDA:1002,110,0,37
BRDA:1002,110,1,37
BRDA:1004,111,0,1
BRDA:1004,111,1,36
BRDA:1006,112,0,37
BRDA:1006,112,1,36
BRDA:1006,113,0,0
BRDA:1006,113,1,36
BRDA:1009,114,0,0
BRDA:1009,114,1,37
BRDA:1063,115,0,0
BRDA:1063,115,1,44
BRDA:1065,116,0,0
BRDA:1065,116,1,44
BRDA:1068,117,0,0
BRDA:1068,117,1,44
BRDA:1068,118,0,0
BRDA:1068,118,1,0
BRDA:1070,119,0,44
BRDA:1070,119,1,44
BRDA:1077,120,0,44
BRDA:1077,120,1,40
BRDA:1092,121,0,0
BRDA:1092,121,1,44
BRDA:1131,122,0,44
BRDA:1131,122,1,44
BRDA:1132,123,0,15
BRDA:1132,123,1,29
BRDA:1133,124,0,44
BRDA:1133,124,1,44
BRDA:1134,125,0,44
BRDA:1134,125,1,44
BRDA:1135,126,0,44
BRDA:1135,126,1,44
BRDA:1144,127,0,8
BRDA:1144,127,1,29
BRDA:1144,128,0,37
BRDA:1144,128,1,8
BRDA:1144,128,2,8
BRDA:1151,129,0,9
BRDA:1151,129,1,35
BRDA:1154,130,0,9
BRDA:1154,130,1,0
BRDA:1175,131,0,6
BRDA:1175,131,1,29
BRDA:1178,132,0,6
BRDA:1178,132,1,0
BRDA:1197,133,0,0
BRDA:1197,133,1,29
BRDA:1219,134,0,29
BRDA:1219,134,1,29
BRDA:1219,134,2,29
BRDA:1219,134,3,29
BRDA:1221,135,0,0
BRDA:1221,135,1,29
BRDA:1221,136,0,29
BRDA:1221,136,1,29
BRDA:1221,136,2,2
BRDA:1225,137,0,0
BRDA:1225,137,1,0
BRDA:1225,138,0,0
BRDA:1225,138,1,0
BRDA:1242,139,0,29
BRDA:1242,139,1,0
BRDA:1303,140,0,0
BRDA:1303,140,1,0
BRF:299
BRH:125
end_of_record
TN:
SF:src/AppTextContextMenu.tsx
FN:101,computeMenuPosition
FN:120,(anonymous_1)
FN:136,(anonymous_2)
FN:146,(anonymous_3)
FN:152,(anonymous_4)
FN:155,(anonymous_5)
FN:161,(anonymous_6)
FN:198,(anonymous_7)
FN:203,(anonymous_8)
FNF:9
FNH:0
FNDA:0,computeMenuPosition
FNDA:0,(anonymous_1)
FNDA:0,(anonymous_2)
FNDA:0,(anonymous_3)
FNDA:0,(anonymous_4)
FNDA:0,(anonymous_5)
FNDA:0,(anonymous_6)
FNDA:0,(anonymous_7)
FNDA:0,(anonymous_8)
DA:96,0
DA:97,0
DA:98,0
DA:99,0
DA:106,0
DA:107,0
DA:108,0
DA:109,0
DA:110,0
DA:111,0
DA:112,0
DA:119,0
DA:131,0
DA:132,0
DA:133,0
DA:135,0
DA:137,0
DA:138,0
DA:139,0
DA:140,0
DA:141,0
DA:146,0
DA:147,0
DA:148,0
DA:151,0
DA:153,0
DA:155,0
DA:160,0
DA:161,0
DA:172,0
DA:199,0
DA:203,0
DA:235,0
DA:241,0
LF:34
LH:0
BRDA:108,0,0,0
BRDA:108,0,1,0
BRDA:110,1,0,0
BRDA:110,1,1,0
BRDA:111,2,0,0
BRDA:111,2,1,0
BRDA:123,3,0,0
BRDA:126,4,0,0
BRDA:127,5,0,0
BRDA:128,6,0,0
BRDA:129,7,0,0
BRDA:200,8,0,0
BRDA:200,8,1,0
BRDA:202,9,0,0
BRDA:202,9,1,0
BRDA:203,10,0,0
BRDA:203,10,1,0
BRDA:209,11,0,0
BRDA:209,11,1,0
BRDA:216,12,0,0
BRDA:216,12,1,0
BRDA:219,13,0,0
BRDA:219,13,1,0
BRF:23
BRH:0
end_of_record
TN:
SF:src/AppTextDevTools.tsx
FN:77,getPositionStyle
FN:89,hitRateColor
FN:100,(anonymous_2)
FN:125,(anonymous_3)
FN:144,(anonymous_4)
FN:150,(anonymous_5)
FN:151,(anonymous_6)
FN:156,(anonymous_7)
FN:171,(anonymous_8)
FN:174,(anonymous_9)
FN:178,(anonymous_10)
FN:202,(anonymous_11)
FN:202,(anonymous_12)
FN:250,(anonymous_13)
FN:264,(anonymous_14)
FN:287,(anonymous_15)
FN:298,(anonymous_16)
FN:303,(anonymous_17)
FNF:18
FNH:0
FNDA:0,getPositionStyle
FNDA:0,hitRateColor
FNDA:0,(anonymous_2)
FNDA:0,(anonymous_3)
FNDA:0,(anonymous_4)
FNDA:0,(anonymous_5)
FNDA:0,(anonymous_6)
FNDA:0,(anonymous_7)
FNDA:0,(anonymous_8)
FNDA:0,(anonymous_9)
FNDA:0,(anonymous_10)
FNDA:0,(anonymous_11)
FNDA:0,(anonymous_12)
FNDA:0,(anonymous_13)
FNDA:0,(anonymous_14)
FNDA:0,(anonymous_15)
FNDA:0,(anonymous_16)
FNDA:0,(anonymous_17)
DA:31,0
DA:32,0
DA:34,0
DA:35,0
DA:37,0
DA:78,0
DA:83,0
DA:84,0
DA:85,0
DA:86,0
DA:90,0
DA:91,0
DA:92,0
DA:99,0
DA:106,0
DA:108,0
DA:118,0
DA:124,0
DA:126,0
DA:127,0
DA:128,0
DA:131,0
DA:132,0
DA:133,0
DA:134,0
DA:136,0
DA:137,0
DA:138,0
DA:144,0
DA:145,0
DA:146,0
DA:149,0
DA:150,0
DA:151,0
DA:156,0
DA:159,0
DA:171,0
DA:172,0
DA:173,0
DA:174,0
DA:178,0
DA:179,0
DA:195,0
DA:197,0
DA:202,0
DA:251,0
DA:265,0
DA:266,0
DA:267,0
DA:280,0
DA:286,0
DA:288,0
DA:296,0
DA:298,0
DA:299,0
DA:301,0
DA:303,0
DA:309,0
LF:58
LH:0
BRDA:83,0,0,0
BRDA:83,0,1,0
BRDA:84,1,0,0
BRDA:84,1,1,0
BRDA:85,2,0,0
BRDA:85,2,1,0
BRDA:90,3,0,0
BRDA:90,3,1,0
BRDA:91,4,0,0
BRDA:91,4,1,0
BRDA:101,5,0,0
BRDA:102,6,0,0
BRDA:103,7,0,0
BRDA:106,8,0,0
BRDA:106,8,1,0
BRDA:134,9,0,0
BRDA:134,9,1,0
BRDA:153,10,0,0
BRDA:153,10,1,0
BRDA:154,11,0,0
BRDA:154,11,1,0
BRDA:209,12,0,0
BRDA:209,12,1,0
BRDA:224,13,0,0
BRDA:224,13,1,0
BRDA:224,13,2,0
BRDA:246,14,0,0
BRDA:246,14,1,0
BRDA:253,15,0,0
BRDA:253,15,1,0
BRDA:255,16,0,0
BRDA:255,16,1,0
BRDA:290,17,0,0
BRDA:290,17,1,0
BRDA:331,18,0,0
BRDA:331,18,1,0
BRDA:368,19,0,0
BRDA:368,19,1,0
BRDA:374,20,0,0
BRDA:374,20,1,0
BRDA:386,21,0,0
BRDA:386,21,1,0
BRF:42
BRH:0
end_of_record
TN:
SF:src/AppTextSkeleton.tsx
FN:93,(anonymous_0)
FN:118,(anonymous_1)
FN:135,(anonymous_2)
FN:144,(anonymous_3)
FN:149,(anonymous_4)
FNF:5
FNH:0
FNDA:0,(anonymous_0)
FNDA:0,(anonymous_1)
FNDA:0,(anonymous_2)
FNDA:0,(anonymous_3)
FNDA:0,(anonymous_4)
DA:29,0
DA:92,0
DA:94,0
DA:99,0
DA:111,0
DA:117,0
DA:130,0
DA:131,0
DA:133,0
DA:135,0
DA:136,0
DA:143,0
DA:144,0
DA:147,0
DA:150,0
DA:151,0
DA:172,0
DA:178,0
LF:18
LH:0
BRDA:119,0,0,0
BRDA:120,1,0,0
BRDA:121,2,0,0
BRDA:122,3,0,0
BRDA:123,4,0,0
BRDA:124,5,0,0
BRDA:125,6,0,0
BRDA:126,7,0,0
BRDA:128,8,0,0
BRDA:131,9,0,0
BRDA:131,9,1,0
BRDA:150,10,0,0
BRDA:150,10,1,0
BRDA:154,11,0,0
BRDA:154,11,1,0
BRDA:158,12,0,0
BRDA:158,12,1,0
BRF:17
BRH:0
end_of_record
TN:
SF:src/ErrorBoundary.tsx
FN:16,(anonymous_0)
FN:21,(anonymous_1)
FN:25,(anonymous_2)
FN:30,(anonymous_3)
FNF:4
FNH:0
FNDA:0,(anonymous_0)
FNDA:0,(anonymous_1)
FNDA:0,(anonymous_2)
FNDA:0,(anonymous_3)
DA:17,0
DA:18,0
DA:22,0
DA:26,0
DA:27,0
DA:31,0
DA:32,0
DA:41,0
LF:8
LH:0
BRDA:31,0,0,0
BRDA:31,0,1,0
BRDA:33,1,0,0
BRDA:33,1,1,0
BRF:4
BRH:0
end_of_record
TN:
SF:src/LangCore.tsx
FN:32,(anonymous_0)
FN:55,(anonymous_1)
FN:63,(anonymous_2)
FN:71,(anonymous_3)
FN:78,(anonymous_4)
FN:84,(anonymous_5)
FN:91,(anonymous_6)
FN:111,(anonymous_7)
FN:124,(anonymous_8)
FN:134,(anonymous_9)
FN:140,(anonymous_10)
FN:159,(anonymous_11)
FN:173,(anonymous_12)
FN:178,(anonymous_13)
FN:183,(anonymous_14)
FN:261,(anonymous_15)
FN:286,(anonymous_16)
FN:342,(anonymous_17)
FN:426,(anonymous_18)
FN:431,(anonymous_19)
FN:442,(anonymous_20)
FN:443,(anonymous_21)
FN:444,(anonymous_22)
FN:445,(anonymous_23)
FN:446,(anonymous_24)
FN:447,(anonymous_25)
FN:449,(anonymous_26)
FN:450,(anonymous_27)
FN:451,(anonymous_28)
FN:452,(anonymous_29)
FN:453,(anonymous_30)
FN:459,(anonymous_31)
FN:466,(anonymous_32)
FN:473,(anonymous_33)
FN:480,(anonymous_34)
FN:486,(anonymous_35)
FN:494,(anonymous_36)
FN:501,(anonymous_37)
FN:502,(anonymous_38)
FN:503,(anonymous_39)
FN:505,(anonymous_40)
FN:506,(anonymous_41)
FN:507,(anonymous_42)
FN:508,(anonymous_43)
FN:509,(anonymous_44)
FN:510,(anonymous_45)
FN:512,(anonymous_46)
FN:514,(anonymous_47)
FN:515,(anonymous_48)
FN:517,(anonymous_49)
FN:519,(anonymous_50)
FN:520,(anonymous_51)
FN:522,(anonymous_52)
FN:530,(anonymous_53)
FN:538,(anonymous_54)
FN:545,(anonymous_55)
FN:551,(anonymous_56)
FN:559,(anonymous_57)
FN:566,(anonymous_58)
FN:575,(anonymous_59)
FN:583,(anonymous_60)
FN:584,(anonymous_61)
FN:589,getPluralForm
FN:606,getOrdinalForm
FN:617,interpolate
FN:618,(anonymous_65)
FN:631,getNestedValue
FN:635,(anonymous_67)
FN:692,(anonymous_68)
FN:703,(anonymous_69)
FN:713,(anonymous_70)
FN:729,(anonymous_71)
FN:783,(anonymous_72)
FN:817,(anonymous_73)
FN:824,(anonymous_74)
FN:846,(anonymous_75)
FN:859,(anonymous_76)
FN:870,(anonymous_77)
FN:880,LocaleProvider
FN:903,(anonymous_79)
FN:921,(anonymous_80)
FN:926,(anonymous_81)
FN:936,(anonymous_82)
FN:951,(anonymous_83)
FN:968,(anonymous_84)
FN:974,(anonymous_85)
FN:985,(anonymous_86)
FN:991,(anonymous_87)
FN:1000,(anonymous_88)
FN:1020,useLang
FN:1028,useNamespace
FN:1031,(anonymous_91)
FNF:92
FNH:35
FNDA:1750,(anonymous_0)
FNDA:12,(anonymous_1)
FNDA:6,(anonymous_2)
FNDA:0,(anonymous_3)
FNDA:3,(anonymous_4)
FNDA:5,(anonymous_5)
FNDA:6,(anonymous_6)
FNDA:0,(anonymous_7)
FNDA:3,(anonymous_8)
FNDA:5,(anonymous_9)
FNDA:5,(anonymous_10)
FNDA:9,(anonymous_11)
FNDA:6,(anonymous_12)
FNDA:0,(anonymous_13)
FNDA:1,(anonymous_14)
FNDA:0,(anonymous_15)
FNDA:2,(anonymous_16)
FNDA:0,(anonymous_17)
FNDA:0,(anonymous_18)
FNDA:0,(anonymous_19)
FNDA:0,(anonymous_20)
FNDA:0,(anonymous_21)
FNDA:0,(anonymous_22)
FNDA:0,(anonymous_23)
FNDA:0,(anonymous_24)
FNDA:0,(anonymous_25)
FNDA:0,(anonymous_26)
FNDA:0,(anonymous_27)
FNDA:0,(anonymous_28)
FNDA:0,(anonymous_29)
FNDA:0,(anonymous_30)
FNDA:0,(anonymous_31)
FNDA:0,(anonymous_32)
FNDA:0,(anonymous_33)
FNDA:0,(anonymous_34)
FNDA:0,(anonymous_35)
FNDA:0,(anonymous_36)
FNDA:0,(anonymous_37)
FNDA:0,(anonymous_38)
FNDA:0,(anonymous_39)
FNDA:0,(anonymous_40)
FNDA:0,(anonymous_41)
FNDA:0,(anonymous_42)
FNDA:0,(anonymous_43)
FNDA:0,(anonymous_44)
FNDA:0,(anonymous_45)
FNDA:0,(anonymous_46)
FNDA:0,(anonymous_47)
FNDA:0,(anonymous_48)
FNDA:0,(anonymous_49)
FNDA:0,(anonymous_50)
FNDA:0,(anonymous_51)
FNDA:0,(anonymous_52)
FNDA:0,(anonymous_53)
FNDA:0,(anonymous_54)
FNDA:0,(anonymous_55)
FNDA:0,(anonymous_56)
FNDA:0,(anonymous_57)
FNDA:0,(anonymous_58)
FNDA:0,(anonymous_59)
FNDA:0,(anonymous_60)
FNDA:0,(anonymous_61)
FNDA:60,getPluralForm
FNDA:0,getOrdinalForm
FNDA:1,interpolate
FNDA:1,(anonymous_65)
FNDA:18,getNestedValue
FNDA:19,(anonymous_67)
FNDA:27,(anonymous_68)
FNDA:0,(anonymous_69)
FNDA:13,(anonymous_70)
FNDA:11,(anonymous_71)
FNDA:1,(anonymous_72)
FNDA:10,(anonymous_73)
FNDA:12,(anonymous_74)
FNDA:0,(anonymous_75)
FNDA:1,(anonymous_76)
FNDA:1,(anonymous_77)
FNDA:28,LocaleProvider
FNDA:23,(anonymous_79)
FNDA:23,(anonymous_80)
FNDA:27,(anonymous_81)
FNDA:13,(anonymous_82)
FNDA:0,(anonymous_83)
FNDA:1,(anonymous_84)
FNDA:1,(anonymous_85)
FNDA:0,(anonymous_86)
FNDA:0,(anonymous_87)
FNDA:28,(anonymous_88)
FNDA:18,useLang
FNDA:0,useNamespace
FNDA:0,(anonymous_91)
DA:31,7
DA:33,1750
DA:34,1750
DA:38,1750
DA:45,7
DA:48,7
DA:51,7
DA:53,7
DA:60,12
DA:63,12
DA:64,6
DA:65,6
DA:69,12
DA:72,0
DA:73,0
DA:78,12
DA:79,3
DA:80,3
DA:84,12
DA:85,5
DA:88,12
DA:97,6
DA:98,6
DA:101,6
DA:102,6
DA:103,2
DA:107,4
DA:108,4
DA:117,0
DA:118,0
DA:120,0
DA:121,0
DA:129,3
DA:130,3
DA:131,3
DA:140,5
DA:141,5
DA:142,5
DA:143,5
DA:145,5
DA:147,5
DA:150,4
DA:151,0
DA:152,4
DA:153,0
DA:156,4
DA:160,9
DA:161,9
DA:164,9
DA:165,24
DA:166,24
DA:167,24
DA:170,9
DA:178,6
DA:179,0
DA:189,1
DA:190,0
DA:193,1
DA:194,1
DA:195,0
DA:198,1
DA:200,1
DA:217,1
DA:218,1
DA:220,1
DA:221,1
DA:222,1
DA:225,1
DA:228,1
DA:232,0
DA:235,1
DA:238,0
DA:239,0
DA:248,0
DA:249,0
DA:250,0
DA:251,0
DA:252,0
DA:254,0
DA:256,0
DA:266,0
DA:267,0
DA:269,0
DA:270,0
DA:271,0
DA:272,0
DA:273,0
DA:280,0
DA:282,0
DA:287,2
DA:289,2
DA:290,0
DA:294,2
DA:295,2
DA:298,2
DA:299,2
DA:300,0
DA:303,2
DA:306,2
DA:307,0
DA:310,0
DA:318,0
DA:319,0
DA:320,0
DA:321,0
DA:322,0
DA:327,2
DA:328,2
DA:329,2
DA:330,2
DA:331,2
DA:332,2
DA:333,2
DA:337,0
DA:338,0
DA:343,0
DA:419,0
DA:423,7
DA:424,7
DA:427,0
DA:428,0
DA:432,0
DA:440,7
DA:442,0
DA:443,0
DA:444,0
DA:445,0
DA:446,0
DA:447,0
DA:449,0
DA:450,0
DA:451,0
DA:452,0
DA:454,0
DA:455,0
DA:456,0
DA:460,0
DA:461,0
DA:462,0
DA:463,0
DA:464,0
DA:467,0
DA:468,0
DA:469,0
DA:470,0
DA:471,0
DA:474,0
DA:475,0
DA:476,0
DA:477,0
DA:478,0
DA:481,0
DA:482,0
DA:483,0
DA:487,0
DA:488,0
DA:489,0
DA:490,0
DA:491,0
DA:492,0
DA:495,0
DA:496,0
DA:497,0
DA:498,0
DA:501,0
DA:502,0
DA:503,0
DA:505,0
DA:506,0
DA:507,0
DA:508,0
DA:509,0
DA:510,0
DA:512,0
DA:514,0
DA:515,0
DA:517,0
DA:519,0
DA:520,0
DA:523,0
DA:524,0
DA:525,0
DA:526,0
DA:527,0
DA:528,0
DA:531,0
DA:532,0
DA:533,0
DA:534,0
DA:535,0
DA:539,0
DA:540,0
DA:541,0
DA:542,0
DA:543,0
DA:546,0
DA:547,0
DA:548,0
DA:552,0
DA:553,0
DA:554,0
DA:555,0
DA:556,0
DA:560,0
DA:561,0
DA:562,0
DA:563,0
DA:564,0
DA:567,0
DA:568,0
DA:569,0
DA:570,0
DA:574,7
DA:576,0
DA:577,0
DA:578,0
DA:579,0
DA:580,0
DA:581,0
DA:583,0
DA:584,0
DA:587,7
DA:590,60
DA:591,2
DA:593,60
DA:594,60
DA:595,60
DA:596,60
DA:597,34
DA:598,34
DA:600,60
DA:602,0
DA:607,0
DA:608,0
DA:609,0
DA:610,0
DA:618,1
DA:619,1
DA:620,1
DA:622,1
DA:623,1
DA:624,0
DA:625,0
DA:627,1
DA:632,18
DA:633,18
DA:635,18
DA:636,19
DA:682,27
DA:696,27
DA:697,27
DA:698,27
DA:699,27
DA:700,27
DA:707,0
DA:708,0
DA:710,0
DA:719,13
DA:722,13
DA:723,13
DA:724,2
DA:727,11
DA:729,11
DA:730,11
DA:732,11
DA:733,0
DA:734,0
DA:737,11
DA:738,1
DA:739,1
DA:740,1
DA:743,10
DA:748,1
DA:749,1
DA:752,9
DA:753,9
DA:756,9
DA:758,9
DA:759,0
DA:765,9
DA:770,9
DA:771,9
DA:774,0
DA:778,11
DA:780,11
DA:790,1
DA:792,1
DA:793,0
DA:794,0
DA:799,1
DA:804,0
DA:805,0
DA:808,1
DA:809,1
DA:811,1
DA:812,1
DA:818,10
DA:830,12
DA:831,0
DA:832,0
DA:835,12
DA:836,12
DA:838,12
DA:839,0
DA:840,0
DA:843,12
DA:853,0
DA:854,0
DA:855,0
DA:856,0
DA:860,1
DA:861,1
DA:867,1
DA:872,1
DA:896,28
DA:897,28
DA:901,28
DA:903,28
DA:904,23
DA:905,22
DA:906,22
DA:908,1
DA:909,0
DA:910,0
DA:919,28
DA:921,28
DA:922,23
DA:923,23
DA:926,28
DA:927,27
DA:935,28
DA:941,13
DA:950,28
DA:957,0
DA:962,28
DA:967,28
DA:969,1
DA:970,0
DA:972,1
DA:973,1
DA:974,1
DA:975,1
DA:976,1
DA:978,1
DA:984,28
DA:986,0
DA:988,0
DA:989,0
DA:990,0
DA:991,0
DA:993,0
DA:999,28
DA:1000,28
DA:1011,28
DA:1021,18
DA:1022,18
DA:1023,0
DA:1025,18
DA:1029,0
DA:1031,0
DA:1032,0
LF:361
LH:178
BRDA:33,0,0,1750
BRDA:33,0,1,7
BRDA:36,1,0,1750
BRDA:36,1,1,0
BRDA:64,2,0,6
BRDA:64,2,1,0
BRDA:72,3,0,0
BRDA:72,3,1,0
BRDA:102,4,0,2
BRDA:102,4,1,4
BRDA:107,5,0,4
BRDA:107,5,1,0
BRDA:107,5,2,0
BRDA:120,6,0,0
BRDA:120,6,1,0
BRDA:120,6,2,0
BRDA:130,7,0,3
BRDA:130,7,1,0
BRDA:131,8,0,3
BRDA:131,8,1,0
BRDA:131,8,2,0
BRDA:147,9,0,1
BRDA:147,9,1,4
BRDA:147,10,0,5
BRDA:147,10,1,5
BRDA:150,11,0,0
BRDA:150,11,1,4
BRDA:152,12,0,0
BRDA:152,12,1,4
BRDA:179,13,0,0
BRDA:179,13,1,0
BRDA:186,14,0,0
BRDA:189,15,0,0
BRDA:189,15,1,1
BRDA:189,16,0,1
BRDA:189,16,1,1
BRDA:194,17,0,0
BRDA:194,17,1,1
BRDA:194,18,0,1
BRDA:194,18,1,1
BRDA:200,19,0,0
BRDA:200,19,1,1
BRDA:206,20,0,0
BRDA:206,20,1,1
BRDA:220,21,0,1
BRDA:220,21,1,0
BRDA:228,22,0,0
BRDA:228,22,1,1
BRDA:229,23,0,1
BRDA:229,23,1,0
BRDA:241,24,0,0
BRDA:241,24,1,0
BRDA:243,25,0,0
BRDA:243,25,1,0
BRDA:250,26,0,0
BRDA:250,26,1,0
BRDA:264,27,0,0
BRDA:267,28,0,0
BRDA:267,28,1,0
BRDA:270,29,0,0
BRDA:270,29,1,0
BRDA:272,30,0,0
BRDA:272,30,1,0
BRDA:289,31,0,0
BRDA:289,31,1,2
BRDA:289,32,0,2
BRDA:289,32,1,2
BRDA:298,33,0,2
BRDA:298,33,1,2
BRDA:299,34,0,0
BRDA:299,34,1,2
BRDA:306,35,0,0
BRDA:306,35,1,2
BRDA:310,36,0,0
BRDA:310,36,1,0
BRDA:312,37,0,0
BRDA:312,37,1,0
BRDA:314,38,0,0
BRDA:314,38,1,0
BRDA:319,39,0,0
BRDA:319,39,1,0
BRDA:327,40,0,2
BRDA:327,40,1,0
BRDA:330,41,0,2
BRDA:330,41,1,0
BRDA:419,42,0,0
BRDA:419,42,1,0
BRDA:442,43,0,0
BRDA:442,43,1,0
BRDA:443,44,0,0
BRDA:443,44,1,0
BRDA:444,45,0,0
BRDA:444,45,1,0
BRDA:445,46,0,0
BRDA:445,46,1,0
BRDA:446,47,0,0
BRDA:446,47,1,0
BRDA:447,48,0,0
BRDA:447,48,1,0
BRDA:449,49,0,0
BRDA:449,49,1,0
BRDA:449,50,0,0
BRDA:449,50,1,0
BRDA:450,51,0,0
BRDA:450,51,1,0
BRDA:451,52,0,0
BRDA:451,52,1,0
BRDA:452,53,0,0
BRDA:452,53,1,0
BRDA:452,54,0,0
BRDA:452,54,1,0
BRDA:454,55,0,0
BRDA:454,55,1,0
BRDA:455,56,0,0
BRDA:455,56,1,0
BRDA:455,57,0,0
BRDA:455,57,1,0
BRDA:455,57,2,0
BRDA:462,58,0,0
BRDA:462,58,1,0
BRDA:462,59,0,0
BRDA:462,59,1,0
BRDA:463,60,0,0
BRDA:463,60,1,0
BRDA:463,61,0,0
BRDA:463,61,1,0
BRDA:463,61,2,0
BRDA:463,61,3,0
BRDA:469,62,0,0
BRDA:469,62,1,0
BRDA:469,63,0,0
BRDA:469,63,1,0
BRDA:470,64,0,0
BRDA:470,64,1,0
BRDA:470,65,0,0
BRDA:470,65,1,0
BRDA:470,65,2,0
BRDA:470,65,3,0
BRDA:476,66,0,0
BRDA:476,66,1,0
BRDA:477,67,0,0
BRDA:477,67,1,0
BRDA:477,68,0,0
BRDA:477,68,1,0
BRDA:477,68,2,0
BRDA:477,68,3,0
BRDA:481,69,0,0
BRDA:481,69,1,0
BRDA:482,70,0,0
BRDA:482,70,1,0
BRDA:482,71,0,0
BRDA:482,71,1,0
BRDA:487,72,0,0
BRDA:487,72,1,0
BRDA:488,73,0,0
BRDA:488,73,1,0
BRDA:489,74,0,0
BRDA:489,74,1,0
BRDA:490,75,0,0
BRDA:490,75,1,0
BRDA:490,76,0,0
BRDA:490,76,1,0
BRDA:491,77,0,0
BRDA:491,77,1,0
BRDA:495,78,0,0
BRDA:495,78,1,0
BRDA:496,79,0,0
BRDA:496,79,1,0
BRDA:497,80,0,0
BRDA:497,80,1,0
BRDA:497,81,0,0
BRDA:497,81,1,0
BRDA:505,82,0,0
BRDA:505,82,1,0
BRDA:505,83,0,0
BRDA:505,83,1,0
BRDA:506,84,0,0
BRDA:506,84,1,0
BRDA:506,85,0,0
BRDA:506,85,1,0
BRDA:512,86,0,0
BRDA:512,86,1,0
BRDA:514,87,0,0
BRDA:514,87,1,0
BRDA:515,88,0,0
BRDA:515,88,1,0
BRDA:517,89,0,0
BRDA:517,89,1,0
BRDA:520,90,0,0
BRDA:520,90,1,0
BRDA:523,91,0,0
BRDA:523,91,1,0
BRDA:524,92,0,0
BRDA:524,92,1,0
BRDA:525,93,0,0
BRDA:525,93,1,0
BRDA:526,94,0,0
BRDA:526,94,1,0
BRDA:527,95,0,0
BRDA:527,95,1,0
BRDA:531,96,0,0
BRDA:531,96,1,0
BRDA:532,97,0,0
BRDA:532,97,1,0
BRDA:533,98,0,0
BRDA:533,98,1,0
BRDA:533,99,0,0
BRDA:533,99,1,0
BRDA:534,100,0,0
BRDA:534,100,1,0
BRDA:534,101,0,0
BRDA:534,101,1,0
BRDA:541,102,0,0
BRDA:541,102,1,0
BRDA:541,103,0,0
BRDA:541,103,1,0
BRDA:542,104,0,0
BRDA:542,104,1,0
BRDA:542,105,0,0
BRDA:542,105,1,0
BRDA:542,105,2,0
BRDA:542,105,3,0
BRDA:546,106,0,0
BRDA:546,106,1,0
BRDA:546,107,0,0
BRDA:546,107,1,0
BRDA:547,108,0,0
BRDA:547,108,1,0
BRDA:547,109,0,0
BRDA:547,109,1,0
BRDA:547,109,2,0
BRDA:553,110,0,0
BRDA:553,110,1,0
BRDA:554,111,0,0
BRDA:554,111,1,0
BRDA:555,112,0,0
BRDA:555,112,1,0
BRDA:555,113,0,0
BRDA:555,113,1,0
BRDA:560,114,0,0
BRDA:560,114,1,0
BRDA:561,115,0,0
BRDA:561,115,1,0
BRDA:562,116,0,0
BRDA:562,116,1,0
BRDA:563,117,0,0
BRDA:563,117,1,0
BRDA:567,118,0,0
BRDA:567,118,1,0
BRDA:568,119,0,0
BRDA:568,119,1,0
BRDA:568,120,0,0
BRDA:568,120,1,0
BRDA:568,120,2,0
BRDA:569,121,0,0
BRDA:569,121,1,0
BRDA:569,122,0,0
BRDA:569,122,1,0
BRDA:578,123,0,0
BRDA:578,123,1,0
BRDA:578,124,0,0
BRDA:578,124,1,0
BRDA:579,125,0,0
BRDA:579,125,1,0
BRDA:579,126,0,0
BRDA:579,126,1,0
BRDA:580,127,0,0
BRDA:580,127,1,0
BRDA:580,128,0,0
BRDA:580,128,1,0
BRDA:590,129,0,2
BRDA:590,129,1,58
BRDA:590,130,0,60
BRDA:590,130,1,60
BRDA:593,131,0,60
BRDA:593,131,1,0
BRDA:596,132,0,34
BRDA:596,132,1,26
BRDA:607,133,0,0
BRDA:607,133,1,0
BRDA:609,134,0,0
BRDA:609,134,1,0
BRDA:617,135,0,0
BRDA:622,136,0,0
BRDA:622,136,1,1
BRDA:622,137,0,1
BRDA:622,137,1,1
BRDA:623,138,0,0
BRDA:623,138,1,1
BRDA:632,139,0,0
BRDA:632,139,1,18
BRDA:632,140,0,18
BRDA:632,140,1,18
BRDA:633,141,0,0
BRDA:633,141,1,18
BRDA:633,142,0,18
BRDA:633,142,1,18
BRDA:694,143,0,0
BRDA:697,144,0,27
BRDA:697,144,1,0
BRDA:698,145,0,27
BRDA:698,145,1,0
BRDA:699,146,0,27
BRDA:699,146,1,0
BRDA:707,147,0,0
BRDA:707,147,1,0
BRDA:719,148,0,13
BRDA:719,148,1,4
BRDA:723,149,0,2
BRDA:723,149,1,11
BRDA:732,150,0,0
BRDA:732,150,1,11
BRDA:732,151,0,11
BRDA:732,151,1,0
BRDA:737,152,0,1
BRDA:737,152,1,10
BRDA:743,153,0,1
BRDA:743,153,1,9
BRDA:744,154,0,10
BRDA:744,154,1,1
BRDA:744,154,2,1
BRDA:752,155,0,9
BRDA:752,155,1,0
BRDA:756,156,0,0
BRDA:756,156,1,9
BRDA:758,157,0,0
BRDA:758,157,1,9
BRDA:758,158,0,9
BRDA:758,158,1,9
BRDA:761,159,0,0
BRDA:761,159,1,0
BRDA:765,160,0,0
BRDA:765,160,1,9
BRDA:792,161,0,0
BRDA:792,161,1,1
BRDA:794,162,0,0
BRDA:794,162,1,0
BRDA:794,163,0,0
BRDA:794,163,1,0
BRDA:799,164,0,0
BRDA:799,164,1,1
BRDA:800,165,0,1
BRDA:800,165,1,1
BRDA:800,165,2,1
BRDA:809,166,0,1
BRDA:809,166,1,1
BRDA:809,166,2,0
BRDA:812,167,0,0
BRDA:812,167,1,1
BRDA:812,168,0,1
BRDA:812,168,1,1
BRDA:819,169,0,10
BRDA:819,169,1,10
BRDA:830,170,0,0
BRDA:830,170,1,12
BRDA:830,171,0,12
BRDA:830,171,1,0
BRDA:832,172,0,0
BRDA:832,172,1,0
BRDA:836,173,0,12
BRDA:836,173,1,0
BRDA:838,174,0,0
BRDA:838,174,1,12
BRDA:838,175,0,12
BRDA:838,175,1,1
BRDA:840,176,0,0
BRDA:840,176,1,0
BRDA:853,177,0,0
BRDA:853,177,1,0
BRDA:854,178,0,0
BRDA:854,178,1,0
BRDA:855,179,0,0
BRDA:855,179,1,0
BRDA:860,180,0,1
BRDA:860,180,1,0
BRDA:863,181,0,0
BRDA:863,181,1,1
BRDA:883,182,0,21
BRDA:884,183,0,28
BRDA:904,184,0,22
BRDA:904,184,1,1
BRDA:908,185,0,0
BRDA:908,185,1,1
BRDA:923,186,0,5
BRDA:923,186,1,18
BRDA:969,187,0,0
BRDA:969,187,1,1
BRDA:975,188,0,1
BRDA:975,188,1,0
BRDA:986,189,0,0
BRDA:986,189,1,0
BRDA:1022,190,0,0
BRDA:1022,190,1,18
BRF:393
BRH:104
end_of_record
TN:
SF:src/LazyTranslations.tsx
FN:63,LazyLocaleProvider
FN:85,(anonymous_1)
FN:102,(anonymous_2)
FN:106,(anonymous_3)
FN:112,(anonymous_4)
FN:117,(anonymous_5)
FN:118,(anonymous_6)
FN:122,(anonymous_7)
FN:137,(anonymous_8)
FN:145,(anonymous_9)
FN:150,(anonymous_10)
FN:151,(anonymous_11)
FN:176,useLazyLocale
FN:199,withLazyTranslations
FN:209,(anonymous_14)
FN:213,(anonymous_15)
FN:215,(anonymous_16)
FN:218,(anonymous_17)
FN:219,(anonymous_18)
FN:225,(anonymous_19)
FN:246,(anonymous_20)
FN:250,(anonymous_21)
FN:269,(anonymous_22)
FN:273,(anonymous_23)
FN:282,(anonymous_24)
FN:286,(anonymous_25)
FN:287,(anonymous_26)
FN:287,(anonymous_27)
FN:302,useTranslationReady
FN:308,(anonymous_29)
FN:314,(anonymous_30)
FNF:31
FNH:0
FNDA:0,LazyLocaleProvider
FNDA:0,(anonymous_1)
FNDA:0,(anonymous_2)
FNDA:0,(anonymous_3)
FNDA:0,(anonymous_4)
FNDA:0,(anonymous_5)
FNDA:0,(anonymous_6)
FNDA:0,(anonymous_7)
FNDA:0,(anonymous_8)
FNDA:0,(anonymous_9)
FNDA:0,(anonymous_10)
FNDA:0,(anonymous_11)
FNDA:0,useLazyLocale
FNDA:0,withLazyTranslations
FNDA:0,(anonymous_14)
FNDA:0,(anonymous_15)
FNDA:0,(anonymous_16)
FNDA:0,(anonymous_17)
FNDA:0,(anonymous_18)
FNDA:0,(anonymous_19)
FNDA:0,(anonymous_20)
FNDA:0,(anonymous_21)
FNDA:0,(anonymous_22)
FNDA:0,(anonymous_23)
FNDA:0,(anonymous_24)
FNDA:0,(anonymous_25)
FNDA:0,(anonymous_26)
FNDA:0,(anonymous_27)
FNDA:0,useTranslationReady
FNDA:0,(anonymous_29)
FNDA:0,(anonymous_30)
DA:27,0
DA:72,0
DA:73,0
DA:74,0
DA:75,0
DA:78,0
DA:82,0
DA:84,0
DA:87,0
DA:88,0
DA:92,0
DA:93,0
DA:96,0
DA:97,0
DA:98,0
DA:99,0
DA:102,0
DA:103,0
DA:104,0
DA:106,0
DA:107,0
DA:109,0
DA:110,0
DA:112,0
DA:117,0
DA:118,0
DA:119,0
DA:121,0
DA:122,0
DA:123,0
DA:125,0
DA:126,0
DA:130,0
DA:131,0
DA:136,0
DA:138,0
DA:139,0
DA:145,0
DA:146,0
DA:150,0
DA:151,0
DA:152,0
DA:156,0
DA:166,0
DA:177,0
DA:179,0
DA:180,0
DA:183,0
DA:207,0
DA:209,0
DA:210,0
DA:211,0
DA:213,0
DA:214,0
DA:215,0
DA:216,0
DA:218,0
DA:219,0
DA:221,0
DA:224,0
DA:225,0
DA:228,0
DA:229,0
DA:232,0
DA:235,0
DA:236,0
DA:243,0
DA:244,0
DA:252,0
DA:253,0
DA:254,0
DA:258,0
DA:259,0
DA:263,0
DA:264,0
DA:265,0
DA:268,0
DA:270,0
DA:271,0
DA:274,0
DA:275,0
DA:278,0
DA:279,0
DA:283,0
DA:287,0
DA:306,0
DA:308,0
DA:309,0
DA:311,0
DA:314,0
DA:315,0
DA:316,0
DA:319,0
LF:93
LH:0
BRDA:66,0,0,0
BRDA:87,1,0,0
BRDA:87,1,1,0
BRDA:92,2,0,0
BRDA:92,2,1,0
BRDA:97,3,0,0
BRDA:97,3,1,0
BRDA:179,4,0,0
BRDA:179,4,1,0
BRDA:202,5,0,0
BRDA:207,6,0,0
BRDA:221,7,0,0
BRDA:221,7,1,0
BRDA:228,8,0,0
BRDA:228,8,1,0
BRDA:235,9,0,0
BRDA:235,9,1,0
BRDA:235,9,2,0
BRDA:252,10,0,0
BRDA:252,10,1,0
BRDA:258,11,0,0
BRDA:258,11,1,0
BRDA:264,12,0,0
BRDA:264,12,1,0
BRDA:311,13,0,0
BRDA:311,13,1,0
BRDA:315,14,0,0
BRDA:315,14,1,0
BRDA:316,15,0,0
BRDA:316,15,1,0
BRF:30
BRH:0
end_of_record
TN:
SF:src/MarkdownTrans.tsx
FN:90,parseInline
FN:174,renderToken
FN:185,(anonymous_2)
FN:186,(anonymous_3)
FN:234,(anonymous_4)
FN:299,(anonymous_5)
FN:311,(anonymous_6)
FN:327,(anonymous_7)
FN:332,(anonymous_8)
FN:333,(anonymous_9)
FN:357,useMarkdownTranslation
FN:364,(anonymous_11)
FNF:12
FNH:0
FNDA:0,parseInline
FNDA:0,renderToken
FNDA:0,(anonymous_2)
FNDA:0,(anonymous_3)
FNDA:0,(anonymous_4)
FNDA:0,(anonymous_5)
FNDA:0,(anonymous_6)
FNDA:0,(anonymous_7)
FNDA:0,(anonymous_8)
FNDA:0,(anonymous_9)
FNDA:0,useMarkdownTranslation
FNDA:0,(anonymous_11)
DA:71,0
DA:95,0
DA:96,0
DA:100,0
DA:101,0
DA:102,0
DA:103,0
DA:104,0
DA:105,0
DA:114,0
DA:115,0
DA:116,0
DA:117,0
DA:118,0
DA:119,0
DA:128,0
DA:129,0
DA:131,0
DA:132,0
DA:133,0
DA:134,0
DA:135,0
DA:136,0
DA:137,0
DA:138,0
DA:139,0
DA:144,0
DA:145,0
DA:148,0
DA:149,0
DA:150,0
DA:151,0
DA:152,0
DA:154,0
DA:155,0
DA:157,0
DA:158,0
DA:160,0
DA:163,0
DA:166,0
DA:167,0
DA:183,0
DA:185,0
DA:186,0
DA:187,0
DA:190,0
DA:192,0
DA:195,0
DA:202,0
DA:209,0
DA:216,0
DA:223,0
DA:230,0
DA:234,0
DA:241,0
DA:242,0
DA:243,0
DA:245,0
DA:249,0
DA:257,0
DA:274,0
DA:298,0
DA:309,0
DA:311,0
DA:312,0
DA:313,0
DA:314,0
DA:316,0
DA:321,0
DA:322,0
DA:326,0
DA:327,0
DA:331,0
DA:333,0
DA:334,0
DA:339,0
DA:343,0
DA:362,0
DA:364,0
DA:365,0
DA:367,0
DA:371,0
DA:373,0
DA:374,0
LF:84
LH:0
BRDA:93,0,0,0
BRDA:95,1,0,0
BRDA:95,1,1,0
BRDA:95,2,0,0
BRDA:95,2,1,0
BRDA:96,3,0,0
BRDA:96,3,1,0
BRDA:100,4,0,0
BRDA:100,4,1,0
BRDA:102,5,0,0
BRDA:102,5,1,0
BRDA:114,6,0,0
BRDA:114,6,1,0
BRDA:116,7,0,0
BRDA:116,7,1,0
BRDA:133,8,0,0
BRDA:133,8,1,0
BRDA:135,9,0,0
BRDA:135,9,1,0
BRDA:135,10,0,0
BRDA:135,10,1,0
BRDA:137,11,0,0
BRDA:137,11,1,0
BRDA:144,12,0,0
BRDA:144,12,1,0
BRDA:155,13,0,0
BRDA:155,13,1,0
BRDA:157,14,0,0
BRDA:157,14,1,0
BRDA:160,15,0,0
BRDA:160,15,1,0
BRDA:166,16,0,0
BRDA:166,16,1,0
BRDA:181,17,0,0
BRDA:190,18,0,0
BRDA:190,18,1,0
BRDA:190,18,2,0
BRDA:190,18,3,0
BRDA:190,18,4,0
BRDA:190,18,5,0
BRDA:190,18,6,0
BRDA:190,18,7,0
BRDA:190,18,8,0
BRDA:242,19,0,0
BRDA:242,19,1,0
BRDA:242,20,0,0
BRDA:242,20,1,0
BRDA:304,21,0,0
BRDA:306,22,0,0
BRDA:313,23,0,0
BRDA:313,23,1,0
BRDA:367,24,0,0
BRDA:367,24,1,0
BRF:53
BRH:0
end_of_record
TN:
SF:src/NumberFormatter.tsx
FN:30,(anonymous_0)
FN:71,(anonymous_1)
FN:88,(anonymous_2)
FN:94,(anonymous_3)
FN:103,(anonymous_4)
FN:113,(anonymous_5)
FN:140,(anonymous_6)
FN:158,(anonymous_7)
FN:175,(anonymous_8)
FN:191,(anonymous_9)
FN:206,(anonymous_10)
FN:223,(anonymous_11)
FN:237,(anonymous_12)
FN:268,(anonymous_13)
FN:275,(anonymous_14)
FN:286,formatNumberICU
FN:348,(anonymous_16)
FN:373,(anonymous_17)
FN:395,(anonymous_18)
FN:423,(anonymous_19)
FNF:20
FNH:12
FNDA:172,(anonymous_0)
FNDA:20,(anonymous_1)
FNDA:167,(anonymous_2)
FNDA:171,(anonymous_3)
FNDA:0,(anonymous_4)
FNDA:2,(anonymous_5)
FNDA:0,(anonymous_6)
FNDA:4,(anonymous_7)
FNDA:2,(anonymous_8)
FNDA:2,(anonymous_9)
FNDA:0,(anonymous_10)
FNDA:2,(anonymous_11)
FNDA:1,(anonymous_12)
FNDA:22,(anonymous_13)
FNDA:3,(anonymous_14)
FNDA:0,formatNumberICU
FNDA:0,(anonymous_16)
FNDA:0,(anonymous_17)
FNDA:0,(anonymous_18)
FNDA:0,(anonymous_19)
DA:24,1
DA:25,1
DA:36,172
DA:37,3
DA:40,169
DA:41,169
DA:42,2
DA:46,167
DA:49,167
DA:50,167
DA:51,19
DA:54,19
DA:55,0
DA:58,19
DA:61,167
DA:63,0
DA:64,0
DA:75,20
DA:78,20
DA:79,0
DA:82,20
DA:92,167
DA:94,171
DA:97,167
DA:104,0
DA:105,0
DA:106,0
DA:118,2
DA:120,1
DA:127,1
DA:128,1
DA:129,0
DA:130,1
DA:131,0
DA:133,1
DA:141,0
DA:142,0
DA:144,0
DA:145,0
DA:146,0
DA:147,0
DA:148,0
DA:149,0
DA:151,0
DA:164,4
DA:180,2
DA:196,2
DA:212,0
DA:228,2
DA:243,1
DA:244,1
DA:246,1
DA:247,1
DA:251,0
DA:257,0
DA:269,22
DA:276,3
DA:291,0
DA:293,0
DA:294,0
DA:297,0
DA:299,0
DA:300,0
DA:303,0
DA:304,0
DA:306,0
DA:308,0
DA:309,0
DA:312,0
DA:315,0
DA:318,0
DA:319,0
DA:322,0
DA:326,0
DA:327,0
DA:328,0
DA:334,0
DA:337,0
DA:338,0
DA:346,1
DA:349,0
DA:351,0
DA:353,0
DA:354,0
DA:357,0
DA:358,0
DA:359,0
DA:360,0
DA:363,0
DA:364,0
DA:366,0
DA:368,0
DA:369,0
DA:374,0
DA:376,0
DA:377,0
DA:383,0
DA:387,0
DA:388,0
DA:392,0
DA:396,0
DA:397,0
DA:399,0
DA:400,0
DA:401,0
DA:403,0
DA:404,0
DA:407,0
DA:409,0
DA:411,0
DA:413,0
DA:415,0
DA:420,0
DA:424,0
LF:114
LH:37
BRDA:33,0,0,12
BRDA:36,1,0,3
BRDA:36,1,1,169
BRDA:36,2,0,172
BRDA:36,2,1,172
BRDA:41,3,0,2
BRDA:41,3,1,167
BRDA:41,4,0,169
BRDA:41,4,1,167
BRDA:50,5,0,19
BRDA:50,5,1,148
BRDA:54,6,0,0
BRDA:54,6,1,19
BRDA:78,7,0,0
BRDA:78,7,1,20
BRDA:78,8,0,20
BRDA:78,8,1,3
BRDA:105,9,0,0
BRDA:105,9,1,0
BRDA:118,10,0,1
BRDA:118,10,1,1
BRDA:120,11,0,0
BRDA:120,11,1,1
BRDA:122,12,0,0
BRDA:122,12,1,1
BRDA:124,13,0,0
BRDA:124,13,1,1
BRDA:127,14,0,1
BRDA:127,14,1,1
BRDA:128,15,0,0
BRDA:128,15,1,1
BRDA:129,16,0,0
BRDA:129,16,1,0
BRDA:130,17,0,0
BRDA:130,17,1,1
BRDA:142,18,0,0
BRDA:142,18,1,0
BRDA:144,19,0,0
BRDA:144,19,1,0
BRDA:146,20,0,0
BRDA:146,20,1,0
BRDA:148,21,0,0
BRDA:148,21,1,0
BRDA:161,22,0,0
BRDA:162,23,0,4
BRDA:178,24,0,2
BRDA:194,25,0,2
BRDA:210,26,0,0
BRDA:226,27,0,2
BRDA:241,28,0,1
BRDA:246,29,0,1
BRDA:246,29,1,0
BRDA:293,30,0,0
BRDA:293,30,1,0
BRDA:293,31,0,0
BRDA:293,31,1,0
BRDA:299,32,0,0
BRDA:299,32,1,0
BRDA:306,33,0,0
BRDA:306,33,1,0
BRDA:306,33,2,0
BRDA:306,33,3,0
BRDA:306,33,4,0
BRDA:306,33,5,0
BRDA:308,34,0,0
BRDA:308,34,1,0
BRDA:318,35,0,0
BRDA:318,35,1,0
BRDA:327,36,0,0
BRDA:327,36,1,0
BRDA:353,37,0,0
BRDA:353,37,1,0
BRDA:353,38,0,0
BRDA:353,38,1,0
BRDA:358,39,0,0
BRDA:358,39,1,0
BRDA:376,40,0,0
BRDA:376,40,1,0
BRDA:383,41,0,0
BRDA:383,41,1,0
BRDA:387,42,0,0
BRDA:387,42,1,0
BRDA:388,43,0,0
BRDA:388,43,1,0
BRDA:399,44,0,0
BRDA:399,44,1,0
BRDA:403,45,0,0
BRDA:403,45,1,0
BRDA:403,46,0,0
BRDA:403,46,1,0
BRDA:407,47,0,0
BRDA:407,47,1,0
BRDA:407,47,2,0
BRDA:407,47,3,0
BRF:94
BRH:30
end_of_record
TN:
SF:src/PerformanceOptimizations.tsx
FN:21,(anonymous_0)
FN:25,(anonymous_1)
FN:40,(anonymous_2)
FN:55,(anonymous_3)
FN:59,(anonymous_4)
FN:65,(anonymous_5)
FN:69,(anonymous_6)
FN:76,(anonymous_7)
FN:96,(anonymous_8)
FN:100,(anonymous_9)
FN:117,(anonymous_10)
FN:127,(anonymous_11)
FN:136,(anonymous_12)
FN:142,(anonymous_13)
FN:157,debounce
FN:163,executedFunction
FN:164,(anonymous_16)
FN:179,throttle
FN:185,executedFunction
FN:189,(anonymous_19)
FN:197,memoize
FN:203,(anonymous_21)
FN:229,(anonymous_22)
FN:235,(anonymous_23)
FN:236,(anonymous_24)
FN:242,(anonymous_25)
FN:247,(anonymous_26)
FN:261,(anonymous_27)
FN:264,(anonymous_28)
FN:269,(anonymous_29)
FN:283,(anonymous_30)
FN:287,(anonymous_31)
FN:292,(anonymous_32)
FN:299,(anonymous_33)
FN:302,(anonymous_34)
FN:307,(anonymous_35)
FN:309,(anonymous_36)
FN:313,(anonymous_37)
FN:314,(anonymous_38)
FN:319,(anonymous_39)
FN:339,(anonymous_40)
FN:343,(anonymous_41)
FN:347,(anonymous_42)
FN:351,(anonymous_43)
FN:393,(anonymous_44)
FN:394,(anonymous_45)
FN:404,(anonymous_46)
FN:415,(anonymous_47)
FN:426,(anonymous_48)
FN:432,(anonymous_49)
FN:433,(anonymous_50)
FN:446,(anonymous_51)
FN:454,(anonymous_52)
FNF:53
FNH:15
FNDA:22,(anonymous_0)
FNDA:35,(anonymous_1)
FNDA:37,(anonymous_2)
FNDA:11,(anonymous_3)
FNDA:3,(anonymous_4)
FNDA:5,(anonymous_5)
FNDA:2,(anonymous_6)
FNDA:1,(anonymous_7)
FNDA:14,(anonymous_8)
FNDA:31,(anonymous_9)
FNDA:19,(anonymous_10)
FNDA:50,(anonymous_11)
FNDA:2,(anonymous_12)
FNDA:2,(anonymous_13)
FNDA:0,debounce
FNDA:0,executedFunction
FNDA:0,(anonymous_16)
FNDA:0,throttle
FNDA:0,executedFunction
FNDA:0,(anonymous_19)
FNDA:0,memoize
FNDA:0,(anonymous_21)
FNDA:0,(anonymous_22)
FNDA:0,(anonymous_23)
FNDA:0,(anonymous_24)
FNDA:0,(anonymous_25)
FNDA:0,(anonymous_26)
FNDA:0,(anonymous_27)
FNDA:0,(anonymous_28)
FNDA:0,(anonymous_29)
FNDA:0,(anonymous_30)
FNDA:0,(anonymous_31)
FNDA:0,(anonymous_32)
FNDA:0,(anonymous_33)
FNDA:0,(anonymous_34)
FNDA:0,(anonymous_35)
FNDA:0,(anonymous_36)
FNDA:0,(anonymous_37)
FNDA:0,(anonymous_38)
FNDA:0,(anonymous_39)
FNDA:0,(anonymous_40)
FNDA:0,(anonymous_41)
FNDA:0,(anonymous_42)
FNDA:0,(anonymous_43)
FNDA:0,(anonymous_44)
FNDA:0,(anonymous_45)
FNDA:11,(anonymous_46)
FNDA:0,(anonymous_47)
FNDA:0,(anonymous_48)
FNDA:0,(anonymous_49)
FNDA:0,(anonymous_50)
FNDA:0,(anonymous_51)
FNDA:0,(anonymous_52)
DA:16,22
DA:18,22
DA:19,22
DA:22,22
DA:26,35
DA:27,16
DA:28,16
DA:31,19
DA:33,19
DA:34,19
DA:35,19
DA:37,19
DA:42,37
DA:43,0
DA:47,37
DA:50,37
DA:51,2
DA:56,11
DA:60,3
DA:61,3
DA:62,3
DA:66,5
DA:70,2
DA:71,2
DA:72,2
DA:77,1
DA:78,1
DA:93,14
DA:94,14
DA:97,14
DA:105,31
DA:106,31
DA:108,31
DA:109,16
DA:111,15
DA:114,31
DA:123,19
DA:124,19
DA:132,50
DA:133,50
DA:137,2
DA:138,2
DA:139,2
DA:143,2
DA:144,2
DA:161,0
DA:163,0
DA:164,0
DA:165,0
DA:166,0
DA:169,0
DA:170,0
DA:172,0
DA:185,0
DA:186,0
DA:187,0
DA:188,0
DA:189,0
DA:201,0
DA:203,0
DA:204,0
DA:206,0
DA:207,0
DA:210,0
DA:211,0
DA:212,0
DA:224,0
DA:225,0
DA:226,0
DA:227,0
DA:236,0
DA:237,0
DA:239,0
DA:240,0
DA:241,0
DA:242,0
DA:248,0
DA:249,0
DA:250,0
DA:253,0
DA:254,0
DA:257,0
DA:259,0
DA:260,0
DA:261,0
DA:264,0
DA:265,0
DA:268,0
DA:269,0
DA:270,0
DA:280,8
DA:281,8
DA:284,0
DA:288,0
DA:289,0
DA:293,0
DA:294,0
DA:296,0
DA:300,0
DA:301,0
DA:302,0
DA:303,0
DA:309,0
DA:310,0
DA:313,0
DA:314,0
DA:316,0
DA:320,0
DA:336,0
DA:340,0
DA:344,0
DA:348,0
DA:356,0
DA:357,0
DA:358,0
DA:359,0
DA:362,0
DA:363,0
DA:365,0
DA:366,0
DA:367,0
DA:368,0
DA:371,0
DA:375,0
DA:376,0
DA:377,0
DA:378,0
DA:380,0
DA:381,0
DA:382,0
DA:386,0
DA:387,0
DA:390,0
DA:394,0
DA:402,8
DA:405,11
DA:406,11
DA:407,11
DA:409,11
DA:410,9
DA:412,11
DA:416,0
DA:417,0
DA:418,0
DA:420,0
DA:421,0
DA:423,0
DA:427,0
DA:428,0
DA:429,0
DA:432,0
DA:433,0
DA:435,0
DA:447,0
DA:448,0
DA:449,0
DA:451,0
DA:455,0
DA:456,0
DA:458,0
DA:464,8
DA:465,8
LF:162
LH:55
BRDA:21,0,0,0
BRDA:26,1,0,16
BRDA:26,1,1,19
BRDA:42,2,0,0
BRDA:42,2,1,37
BRDA:50,3,0,2
BRDA:50,3,1,35
BRDA:71,4,0,2
BRDA:71,4,1,0
BRDA:83,5,0,1
BRDA:83,5,1,0
BRDA:96,6,0,0
BRDA:108,7,0,16
BRDA:108,7,1,15
BRDA:132,8,0,4
BRDA:132,8,1,46
BRDA:149,9,0,2
BRDA:149,9,1,0
BRDA:169,10,0,0
BRDA:169,10,1,0
BRDA:186,11,0,0
BRDA:186,11,1,0
BRDA:199,12,0,0
BRDA:206,13,0,0
BRDA:206,13,1,0
BRDA:239,14,0,0
BRDA:239,14,1,0
BRDA:241,15,0,0
BRDA:241,15,1,0
BRDA:248,16,0,0
BRDA:248,16,1,0
BRDA:253,17,0,0
BRDA:253,17,1,0
BRDA:293,18,0,0
BRDA:293,18,1,0
BRDA:301,19,0,0
BRDA:301,19,1,0
BRDA:339,20,0,0
BRDA:344,21,0,0
BRDA:344,21,1,0
BRDA:365,22,0,0
BRDA:365,22,1,0
BRDA:380,23,0,0
BRDA:380,23,1,0
BRDA:386,24,0,0
BRDA:386,24,1,0
BRDA:409,25,0,9
BRDA:409,25,1,2
BRDA:420,26,0,0
BRDA:420,26,1,0
BRDA:427,27,0,0
BRDA:427,27,1,0
BRDA:428,28,0,0
BRDA:428,28,1,0
BRDA:455,29,0,0
BRDA:455,29,1,0
BRF:56
BRH:14
end_of_record
TN:
SF:src/PluginRegistry.ts
FN:122,(anonymous_0)
FN:148,(anonymous_1)
FN:162,(anonymous_2)
FN:168,(anonymous_3)
FN:178,(anonymous_4)
FN:202,(anonymous_5)
FN:214,(anonymous_6)
FN:217,(anonymous_7)
FN:218,(anonymous_8)
FN:223,(anonymous_9)
FN:226,(anonymous_10)
FN:227,(anonymous_11)
FN:250,(anonymous_12)
FN:262,(anonymous_13)
FN:268,(anonymous_14)
FNF:15
FNH:2
FNDA:0,(anonymous_0)
FNDA:0,(anonymous_1)
FNDA:44,(anonymous_2)
FNDA:0,(anonymous_3)
FNDA:0,(anonymous_4)
FNDA:0,(anonymous_5)
FNDA:0,(anonymous_6)
FNDA:0,(anonymous_7)
FNDA:0,(anonymous_8)
FNDA:44,(anonymous_9)
FNDA:0,(anonymous_10)
FNDA:0,(anonymous_11)
FNDA:0,(anonymous_12)
FNDA:0,(anonymous_13)
FNDA:0,(anonymous_14)
DA:115,5
DA:116,5
DA:117,5
DA:123,0
DA:124,0
DA:125,0
DA:127,0
DA:130,0
DA:133,0
DA:134,0
DA:135,0
DA:138,0
DA:139,0
DA:140,0
DA:142,0
DA:143,0
DA:149,0
DA:150,0
DA:151,0
DA:152,0
DA:154,0
DA:156,0
DA:157,0
DA:158,0
DA:163,44
DA:164,44
DA:169,0
DA:179,0
DA:180,0
DA:182,0
DA:183,0
DA:184,0
DA:185,0
DA:186,0
DA:188,0
DA:189,0
DA:198,0
DA:203,0
DA:204,0
DA:205,0
DA:206,0
DA:207,0
DA:210,0
DA:215,0
DA:216,0
DA:217,0
DA:218,0
DA:224,44
DA:225,0
DA:226,0
DA:227,0
DA:228,0
DA:237,5
DA:250,5
DA:253,0
DA:262,5
DA:263,0
DA:268,5
DA:269,0
LF:59
LH:10
BRDA:123,0,0,0
BRDA:123,0,1,0
BRDA:123,1,0,0
BRDA:123,1,1,0
BRDA:124,2,0,0
BRDA:124,2,1,0
BRDA:130,3,0,0
BRDA:130,3,1,0
BRDA:130,3,2,0
BRDA:134,4,0,0
BRDA:134,4,1,0
BRDA:142,5,0,0
BRDA:142,5,1,0
BRDA:150,6,0,0
BRDA:150,6,1,0
BRDA:151,7,0,0
BRDA:151,7,1,0
BRDA:180,8,0,0
BRDA:180,8,1,0
BRDA:184,9,0,0
BRDA:184,9,1,0
BRDA:188,10,0,0
BRDA:188,10,1,0
BRDA:206,11,0,0
BRDA:206,11,1,0
BRDA:224,12,0,44
BRDA:224,12,1,0
BRF:27
BRH:1
end_of_record
TN:
SF:src/RTLProvider.tsx
FN:62,isRTLLanguage
FN:95,(anonymous_1)
FN:130,(anonymous_2)
FN:135,(anonymous_3)
FN:140,(anonymous_4)
FN:169,(anonymous_5)
FN:183,(anonymous_6)
FN:201,useRTL
FN:209,useRTLFlexDirection
FN:226,useRTLStyle
FN:239,(anonymous_10)
FN:246,(anonymous_11)
FN:247,(anonymous_12)
FN:248,(anonymous_13)
FN:249,(anonymous_14)
FN:277,(anonymous_15)
FN:280,(anonymous_16)
FNF:17
FNH:0
FNDA:0,isRTLLanguage
FNDA:0,(anonymous_1)
FNDA:0,(anonymous_2)
FNDA:0,(anonymous_3)
FNDA:0,(anonymous_4)
FNDA:0,(anonymous_5)
FNDA:0,(anonymous_6)
FNDA:0,useRTL
FNDA:0,useRTLFlexDirection
FNDA:0,useRTLStyle
FNDA:0,(anonymous_10)
FNDA:0,(anonymous_11)
FNDA:0,(anonymous_12)
FNDA:0,(anonymous_13)
FNDA:0,(anonymous_14)
FNDA:0,(anonymous_15)
FNDA:0,(anonymous_16)
DA:46,0
DA:63,0
DA:64,0
DA:65,0
DA:93,0
DA:129,0
DA:131,0
DA:132,0
DA:134,0
DA:135,0
DA:137,0
DA:140,0
DA:141,0
DA:143,0
DA:144,0
DA:145,0
DA:149,0
DA:150,0
DA:151,0
DA:154,0
DA:155,0
DA:156,0
DA:157,0
DA:165,0
DA:169,0
DA:170,0
DA:171,0
DA:172,0
DA:173,0
DA:175,0
DA:176,0
DA:177,0
DA:178,0
DA:182,0
DA:183,0
DA:187,0
DA:191,0
DA:202,0
DA:212,0
DA:213,0
DA:214,0
DA:238,0
DA:239,0
DA:246,0
DA:247,0
DA:248,0
DA:249,0
DA:277,0
DA:278,0
DA:279,0
DA:280,0
DA:281,0
DA:282,0
DA:283,0
DA:286,0
DA:289,0
LF:56
LH:0
BRDA:63,0,0,0
BRDA:63,0,1,0
BRDA:130,1,0,0
BRDA:130,2,0,0
BRDA:132,3,0,0
BRDA:132,3,1,0
BRDA:135,4,0,0
BRDA:135,4,1,0
BRDA:135,5,0,0
BRDA:135,5,1,0
BRDA:141,6,0,0
BRDA:141,6,1,0
BRDA:149,7,0,0
BRDA:149,7,1,0
BRDA:149,8,0,0
BRDA:149,8,1,0
BRDA:154,9,0,0
BRDA:154,9,1,0
BRDA:156,10,0,0
BRDA:156,10,1,0
BRDA:170,11,0,0
BRDA:170,11,1,0
BRDA:177,12,0,0
BRDA:177,12,1,0
BRDA:177,13,0,0
BRDA:177,13,1,0
BRDA:183,14,0,0
BRDA:183,14,1,0
BRDA:210,15,0,0
BRDA:213,16,0,0
BRDA:213,16,1,0
BRDA:214,17,0,0
BRDA:214,17,1,0
BRDA:240,18,0,0
BRDA:240,18,1,0
BRDA:241,19,0,0
BRDA:241,19,1,0
BRDA:242,20,0,0
BRDA:242,20,1,0
BRDA:243,21,0,0
BRDA:243,21,1,0
BRDA:244,22,0,0
BRDA:244,22,1,0
BRDA:245,23,0,0
BRDA:245,23,1,0
BRDA:246,24,0,0
BRDA:246,24,1,0
BRDA:247,25,0,0
BRDA:247,25,1,0
BRDA:248,26,0,0
BRDA:248,26,1,0
BRDA:249,27,0,0
BRDA:249,27,1,0
BRDA:279,28,0,0
BRDA:279,28,1,0
BRDA:281,29,0,0
BRDA:281,29,1,0
BRDA:282,30,0,0
BRDA:282,30,1,0
BRDA:282,31,0,0
BRDA:282,31,1,0
BRF:61
BRH:0
end_of_record
TN:
SF:src/RemoteLocaleProvider.tsx
FN:126,(anonymous_0)
FN:135,(anonymous_1)
FN:149,(anonymous_2)
FN:152,(anonymous_3)
FN:159,(anonymous_4)
FN:163,(anonymous_5)
FN:175,(anonymous_6)
FN:189,(anonymous_7)
FN:230,(anonymous_8)
FN:233,(anonymous_9)
FN:292,(anonymous_10)
FN:299,(anonymous_11)
FN:307,(anonymous_12)
FN:331,useRemoteLocales
FN:338,clearRemoteLocaleCache
FN:345,clearAllRemoteLocaleCaches
FNF:16
FNH:0
FNDA:0,(anonymous_0)
FNDA:0,(anonymous_1)
FNDA:0,(anonymous_2)
FNDA:0,(anonymous_3)
FNDA:0,(anonymous_4)
FNDA:0,(anonymous_5)
FNDA:0,(anonymous_6)
FNDA:0,(anonymous_7)
FNDA:0,(anonymous_8)
FNDA:0,(anonymous_9)
FNDA:0,(anonymous_10)
FNDA:0,(anonymous_11)
FNDA:0,(anonymous_12)
FNDA:0,useRemoteLocales
FNDA:0,clearRemoteLocaleCache
FNDA:0,clearAllRemoteLocaleCaches
DA:114,0
DA:116,0
DA:122,0
DA:134,0
DA:145,0
DA:147,0
DA:148,0
DA:149,0
DA:151,0
DA:152,0
DA:154,0
DA:158,0
DA:159,0
DA:163,0
DA:164,0
DA:165,0
DA:166,0
DA:167,0
DA:168,0
DA:170,0
DA:174,0
DA:176,0
DA:177,0
DA:178,0
DA:183,0
DA:189,0
DA:190,0
DA:191,0
DA:192,0
DA:197,0
DA:198,0
DA:203,0
DA:205,0
DA:207,0
DA:208,0
DA:209,0
DA:211,0
DA:212,0
DA:213,0
DA:214,0
DA:216,0
DA:217,0
DA:218,0
DA:219,0
DA:220,0
DA:222,0
DA:223,0
DA:230,0
DA:231,0
DA:233,0
DA:235,0
DA:238,0
DA:239,0
DA:240,0
DA:241,0
DA:242,0
DA:243,0
DA:244,0
DA:245,0
DA:250,0
DA:252,0
DA:255,0
DA:256,0
DA:258,0
DA:260,0
DA:261,0
DA:265,0
DA:267,0
DA:269,0
DA:270,0
DA:272,0
DA:276,0
DA:277,0
DA:279,0
DA:280,0
DA:281,0
DA:282,0
DA:283,0
DA:285,0
DA:290,0
DA:292,0
DA:293,0
DA:299,0
DA:300,0
DA:301,0
DA:306,0
DA:307,0
DA:311,0
DA:319,0
DA:332,0
DA:339,0
DA:346,0
LF:92
LH:0
BRDA:137,0,0,0
BRDA:138,1,0,0
BRDA:139,2,0,0
BRDA:149,3,0,0
BRDA:149,3,1,0
BRDA:152,4,0,0
BRDA:152,4,1,0
BRDA:164,5,0,0
BRDA:164,5,1,0
BRDA:167,6,0,0
BRDA:167,6,1,0
BRDA:176,7,0,0
BRDA:176,7,1,0
BRDA:183,8,0,0
BRDA:183,8,1,0
BRDA:190,9,0,0
BRDA:190,9,1,0
BRDA:197,10,0,0
BRDA:197,10,1,0
BRDA:205,11,0,0
BRDA:205,11,1,0
BRDA:216,12,0,0
BRDA:216,12,1,0
BRDA:217,13,0,0
BRDA:217,13,1,0
BRDA:222,14,0,0
BRDA:222,14,1,0
BRDA:238,15,0,0
BRDA:238,15,1,0
BRDA:238,16,0,0
BRDA:238,16,1,0
BRDA:240,17,0,0
BRDA:240,17,1,0
BRDA:243,18,0,0
BRDA:243,18,1,0
BRDA:250,19,0,0
BRDA:250,19,1,0
BRDA:252,20,0,0
BRDA:252,20,1,0
BRDA:252,20,2,0
BRDA:255,21,0,0
BRDA:255,21,1,0
BRDA:265,22,0,0
BRDA:265,22,1,0
BRDA:265,23,0,0
BRDA:265,23,1,0
BRDA:279,24,0,0
BRDA:279,24,1,0
BRDA:281,25,0,0
BRDA:281,25,1,0
BRDA:281,26,0,0
BRDA:281,26,1,0
BRF:52
BRH:0
end_of_record
TN:
SF:src/Trans.tsx
FN:56,tokenize
FN:93,buildTree
FN:120,renderTree
FN:127,(anonymous_3)
FN:146,parseRichText
FN:164,(anonymous_5)
FN:167,(anonymous_6)
FN:186,(anonymous_7)
FNF:8
FNH:8
FNDA:5,tokenize
FNDA:5,buildTree
FNDA:28,renderTree
FNDA:23,(anonymous_3)
FNDA:5,parseRichText
FNDA:8,(anonymous_5)
FNDA:8,(anonymous_6)
FNDA:8,(anonymous_7)
DA:57,5
DA:59,5
DA:60,5
DA:63,5
DA:64,18
DA:65,13
DA:67,18
DA:68,18
DA:69,18
DA:71,18
DA:72,9
DA:73,9
DA:74,0
DA:76,9
DA:78,18
DA:81,5
DA:82,1
DA:85,5
DA:94,5
DA:95,5
DA:97,5
DA:98,32
DA:100,32
DA:101,14
DA:102,18
DA:103,9
DA:104,9
DA:105,9
DA:106,9
DA:107,0
DA:108,0
DA:111,9
DA:112,9
DA:117,5
DA:125,28
DA:127,14
DA:128,23
DA:131,14
DA:133,5
DA:136,9
DA:137,9
DA:138,8
DA:142,1
DA:143,1
DA:150,5
DA:151,5
DA:152,5
DA:163,5
DA:165,8
DA:167,8
DA:168,8
DA:169,8
DA:170,0
DA:175,8
DA:180,0
DA:181,0
DA:186,8
DA:187,8
DA:188,3
DA:190,5
DA:193,8
DA:197,5
LF:62
LH:56
BRDA:64,0,0,13
BRDA:64,0,1,5
BRDA:71,1,0,9
BRDA:71,1,1,9
BRDA:73,2,0,0
BRDA:73,2,1,9
BRDA:81,3,0,1
BRDA:81,3,1,4
BRDA:100,4,0,14
BRDA:100,4,1,18
BRDA:102,5,0,9
BRDA:102,5,1,9
BRDA:106,6,0,0
BRDA:106,6,1,9
BRDA:111,7,0,9
BRDA:111,7,1,0
BRDA:125,8,0,14
BRDA:125,8,1,14
BRDA:131,9,0,5
BRDA:131,9,1,9
BRDA:137,10,0,8
BRDA:137,10,1,1
BRDA:137,11,0,9
BRDA:137,11,1,8
BRDA:169,12,0,0
BRDA:169,12,1,8
BRDA:181,13,0,0
BRDA:181,13,1,0
BRDA:187,14,0,3
BRDA:187,14,1,5
BRDA:187,15,0,8
BRDA:187,15,1,5
BRF:32
BRH:26
end_of_record
TN:
SF:src/animations.ts
FN:22,(anonymous_0)
FN:29,(anonymous_1)
FN:37,(anonymous_2)
FN:53,(anonymous_3)
FN:71,(anonymous_4)
FN:87,(anonymous_5)
FN:105,(anonymous_6)
FN:121,(anonymous_7)
FN:137,(anonymous_8)
FN:156,(anonymous_9)
FN:175,(anonymous_10)
FN:194,(anonymous_11)
FN:210,(anonymous_12)
FN:226,(anonymous_13)
FN:247,(anonymous_14)
FN:283,(anonymous_15)
FN:326,(anonymous_16)
FN:357,(anonymous_17)
FN:389,(anonymous_18)
FN:399,(anonymous_19)
FN:418,(anonymous_20)
FN:437,(anonymous_21)
FN:456,(anonymous_22)
FN:475,(anonymous_23)
FN:494,(anonymous_24)
FN:513,(anonymous_25)
FN:532,(anonymous_26)
FN:551,(anonymous_27)
FN:571,(anonymous_28)
FN:587,(anonymous_29)
FN:603,(anonymous_30)
FN:619,(anonymous_31)
FNF:32
FNH:0
FNDA:0,(anonymous_0)
FNDA:0,(anonymous_1)
FNDA:0,(anonymous_2)
FNDA:0,(anonymous_3)
FNDA:0,(anonymous_4)
FNDA:0,(anonymous_5)
FNDA:0,(anonymous_6)
FNDA:0,(anonymous_7)
FNDA:0,(anonymous_8)
FNDA:0,(anonymous_9)
FNDA:0,(anonymous_10)
FNDA:0,(anonymous_11)
FNDA:0,(anonymous_12)
FNDA:0,(anonymous_13)
FNDA:0,(anonymous_14)
FNDA:0,(anonymous_15)
FNDA:0,(anonymous_16)
FNDA:0,(anonymous_17)
FNDA:0,(anonymous_18)
FNDA:0,(anonymous_19)
FNDA:0,(anonymous_20)
FNDA:0,(anonymous_21)
FNDA:0,(anonymous_22)
FNDA:0,(anonymous_23)
FNDA:0,(anonymous_24)
FNDA:0,(anonymous_25)
FNDA:0,(anonymous_26)
FNDA:0,(anonymous_27)
FNDA:0,(anonymous_28)
FNDA:0,(anonymous_29)
FNDA:0,(anonymous_30)
FNDA:0,(anonymous_31)
DA:20,5
DA:23,0
DA:30,0
DA:38,0
DA:54,0
DA:55,0
DA:72,0
DA:88,0
DA:89,0
DA:106,0
DA:122,0
DA:138,0
DA:139,0
DA:140,0
DA:157,0
DA:158,0
DA:159,0
DA:176,0
DA:177,0
DA:195,0
DA:211,0
DA:227,0
DA:248,0
DA:284,0
DA:327,0
DA:358,0
DA:390,0
DA:391,0
DA:400,0
DA:401,0
DA:402,0
DA:419,0
DA:420,0
DA:421,0
DA:438,0
DA:439,0
DA:440,0
DA:457,0
DA:458,0
DA:459,0
DA:476,0
DA:477,0
DA:478,0
DA:495,0
DA:496,0
DA:497,0
DA:514,0
DA:515,0
DA:516,0
DA:533,0
DA:534,0
DA:535,0
DA:552,0
DA:553,0
DA:554,0
DA:572,0
DA:588,0
DA:604,0
DA:620,0
LF:59
LH:1
BRF:0
BRH:0
end_of_record
TN:
SF:src/constants.ts
FNF:0
FNH:0
DA:7,5
DA:10,5
DA:13,5
DA:16,5
DA:19,5
DA:22,5
DA:25,5
DA:28,5
DA:31,5
DA:34,5
LF:10
LH:10
BRF:0
BRH:0
end_of_record
TN:
SF:src/context.tsx
FN:64,deepMerge
FN:107,(anonymous_1)
FN:115,(anonymous_2)
FN:119,(anonymous_3)
FN:121,(anonymous_4)
FN:125,(anonymous_5)
FN:126,(anonymous_6)
FN:131,(anonymous_7)
FN:141,(anonymous_8)
FN:162,(anonymous_9)
FN:171,(anonymous_10)
FN:180,(anonymous_11)
FN:189,(anonymous_12)
FNF:13
FNH:8
FNDA:35,deepMerge
FNDA:42,(anonymous_1)
FNDA:35,(anonymous_2)
FNDA:35,(anonymous_3)
FNDA:0,(anonymous_4)
FNDA:0,(anonymous_5)
FNDA:0,(anonymous_6)
FNDA:35,(anonymous_7)
FNDA:35,(anonymous_8)
FNDA:44,(anonymous_9)
FNDA:0,(anonymous_10)
FNDA:0,(anonymous_11)
FNDA:44,(anonymous_12)
DA:52,5
DA:58,5
DA:68,35
DA:70,35
DA:71,0
DA:72,0
DA:73,0
DA:75,0
DA:83,0
DA:84,0
DA:85,0
DA:90,35
DA:107,5
DA:115,42
DA:116,35
DA:119,42
DA:120,35
DA:121,0
DA:125,42
DA:126,0
DA:130,42
DA:131,35
DA:140,42
DA:141,35
DA:145,42
DA:162,5
DA:163,44
DA:164,44
DA:171,5
DA:172,0
DA:173,0
DA:174,0
DA:175,0
DA:180,0
DA:182,0
DA:189,5
DA:190,44
LF:37
LH:22
BRDA:71,0,0,0
BRDA:71,0,1,0
BRDA:75,1,0,0
BRDA:75,1,1,0
BRDA:76,2,0,0
BRDA:76,2,1,0
BRDA:76,2,2,0
BRDA:76,2,3,0
BRDA:76,2,4,0
BRDA:76,2,5,0
BRDA:84,3,0,0
BRDA:84,3,1,0
BRDA:116,4,0,35
BRDA:116,4,1,35
BRDA:120,5,0,0
BRDA:120,5,1,35
BRDA:164,6,0,44
BRDA:164,6,1,2
BRDA:173,7,0,0
BRDA:173,7,1,0
BRDA:174,8,0,0
BRDA:174,8,1,0
BRF:22
BRH:5
end_of_record
TN:
SF:src/hooks.ts
FN:31,(anonymous_0)
FN:33,(anonymous_1)
FN:35,(anonymous_2)
FN:40,subscribeToWindowDimensions
FN:44,(anonymous_4)
FN:62,(anonymous_5)
FN:67,(anonymous_6)
FN:69,(anonymous_7)
FN:75,(anonymous_8)
FN:79,(anonymous_9)
FN:100,(anonymous_10)
FN:102,(anonymous_11)
FN:103,(anonymous_12)
FN:108,(anonymous_13)
FN:109,(anonymous_14)
FN:119,(anonymous_15)
FN:133,(anonymous_16)
FN:137,(anonymous_17)
FN:154,(anonymous_18)
FN:155,(anonymous_19)
FN:200,(anonymous_20)
FN:201,(anonymous_21)
FN:203,(anonymous_22)
FN:205,(anonymous_23)
FN:208,(anonymous_24)
FN:211,(anonymous_25)
FN:235,(anonymous_26)
FN:239,(anonymous_27)
FN:241,(anonymous_28)
FN:242,(anonymous_29)
FN:245,(anonymous_30)
FN:248,(anonymous_31)
FN:271,(anonymous_32)
FN:272,(anonymous_33)
FN:292,(anonymous_34)
FNF:35
FNH:16
FNDA:37,(anonymous_0)
FNDA:0,(anonymous_1)
FNDA:0,(anonymous_2)
FNDA:37,subscribeToWindowDimensions
FNDA:37,(anonymous_4)
FNDA:44,(anonymous_5)
FNDA:37,(anonymous_6)
FNDA:37,(anonymous_7)
FNDA:37,(anonymous_8)
FNDA:37,(anonymous_9)
FNDA:1135,(anonymous_10)
FNDA:2270,(anonymous_11)
FNDA:3145,(anonymous_12)
FNDA:44,(anonymous_13)
FNDA:44,(anonymous_14)
FNDA:880,(anonymous_15)
FNDA:44,(anonymous_16)
FNDA:37,(anonymous_17)
FNDA:0,(anonymous_18)
FNDA:0,(anonymous_19)
FNDA:0,(anonymous_20)
FNDA:0,(anonymous_21)
FNDA:0,(anonymous_22)
FNDA:0,(anonymous_23)
FNDA:0,(anonymous_24)
FNDA:0,(anonymous_25)
FNDA:0,(anonymous_26)
FNDA:0,(anonymous_27)
FNDA:0,(anonymous_28)
FNDA:0,(anonymous_29)
FNDA:0,(anonymous_30)
FNDA:0,(anonymous_31)
FNDA:0,(anonymous_32)
FNDA:0,(anonymous_33)
FNDA:0,(anonymous_34)
DA:27,5
DA:28,5
DA:29,5
DA:31,5
DA:32,37
DA:33,37
DA:34,0
DA:35,0
DA:41,37
DA:42,37
DA:44,37
DA:45,37
DA:46,37
DA:47,0
DA:48,0
DA:51,0
DA:53,0
DA:62,5
DA:67,44
DA:69,44
DA:70,37
DA:71,37
DA:74,44
DA:75,37
DA:79,44
DA:80,37
DA:81,37
DA:83,37
DA:84,37
DA:85,37
DA:86,37
DA:88,37
DA:99,5
DA:102,1135
DA:103,3145
DA:104,1135
DA:108,5
DA:109,44
DA:110,44
DA:112,44
DA:113,44
DA:116,44
DA:117,396
DA:119,880
DA:122,44
DA:125,0
DA:133,5
DA:137,44
DA:138,37
DA:139,37
DA:154,5
DA:155,0
DA:156,0
DA:158,0
DA:163,0
DA:165,0
DA:200,5
DA:201,0
DA:203,0
DA:205,0
DA:206,0
DA:208,0
DA:211,0
DA:212,0
DA:213,0
DA:214,0
DA:215,0
DA:216,0
DA:217,0
DA:218,0
DA:219,0
DA:220,0
DA:221,0
DA:222,0
DA:223,0
DA:235,5
DA:239,0
DA:241,0
DA:242,0
DA:243,0
DA:245,0
DA:248,0
DA:249,0
DA:250,0
DA:254,0
DA:271,5
DA:272,0
DA:273,0
DA:274,0
DA:275,0
DA:277,0
DA:281,0
DA:292,5
DA:293,0
DA:294,0
DA:296,0
LF:96
LH:48
BRDA:32,0,0,37
BRDA:32,0,1,0
BRDA:46,1,0,0
BRDA:46,1,1,37
BRDA:46,2,0,37
BRDA:46,2,1,37
BRDA:47,3,0,0
BRDA:47,3,1,0
BRDA:83,4,0,37
BRDA:83,4,1,1
BRDA:84,5,0,37
BRDA:84,5,1,1
BRDA:110,6,0,0
BRDA:110,6,1,44
BRDA:110,7,0,44
BRDA:110,7,1,44
BRDA:113,8,0,0
BRDA:113,8,1,44
BRDA:117,9,0,44
BRDA:117,9,1,352
BRDA:119,10,0,880
BRDA:119,10,1,44
BRDA:140,11,0,0
BRDA:140,11,1,37
BRDA:141,12,0,0
BRDA:141,12,1,37
BRDA:142,13,0,0
BRDA:142,13,1,37
BRDA:158,14,0,0
BRDA:158,14,1,0
BRDA:159,15,0,0
BRDA:159,15,1,0
BRDA:163,16,0,0
BRDA:163,16,1,0
BRDA:212,17,0,0
BRDA:212,17,1,0
BRDA:213,18,0,0
BRDA:213,18,1,0
BRDA:214,19,0,0
BRDA:214,19,1,0
BRDA:215,20,0,0
BRDA:215,20,1,0
BRDA:216,21,0,0
BRDA:216,21,1,0
BRDA:217,22,0,0
BRDA:217,22,1,0
BRDA:218,23,0,0
BRDA:218,23,1,0
BRDA:219,24,0,0
BRDA:219,24,1,0
BRDA:220,25,0,0
BRDA:220,25,1,0
BRDA:221,26,0,0
BRDA:221,26,1,0
BRDA:222,27,0,0
BRDA:222,27,1,0
BRDA:251,28,0,0
BRDA:251,28,1,0
BRDA:252,29,0,0
BRDA:252,29,1,0
BRDA:273,30,0,0
BRDA:273,30,1,0
BRDA:277,31,0,0
BRDA:277,31,1,0
BRDA:296,32,0,0
BRDA:296,32,1,0
BRF:66
BRH:19
end_of_record
TN:
SF:src/reanimated.tsx
FN:88,useReanimatedText
FN:103,(anonymous_1)
FN:104,(anonymous_2)
FN:110,(anonymous_3)
FN:111,(anonymous_4)
FN:113,(anonymous_5)
FN:216,(anonymous_6)
FN:223,(anonymous_7)
FN:262,(anonymous_8)
FN:292,isReanimatedAvailable
FNF:10
FNH:0
FNDA:0,useReanimatedText
FNDA:0,(anonymous_1)
FNDA:0,(anonymous_2)
FNDA:0,(anonymous_3)
FNDA:0,(anonymous_4)
FNDA:0,(anonymous_5)
FNDA:0,(anonymous_6)
FNDA:0,(anonymous_7)
FNDA:0,(anonymous_8)
FNDA:0,isReanimatedAvailable
DA:96,0
DA:98,0
DA:99,0
DA:100,0
DA:101,0
DA:103,0
DA:104,0
DA:105,0
DA:110,0
DA:111,0
DA:113,0
DA:114,0
DA:116,0
DA:117,0
DA:120,0
DA:121,0
DA:122,0
DA:123,0
DA:124,0
DA:127,0
DA:128,0
DA:129,0
DA:130,0
DA:131,0
DA:134,0
DA:135,0
DA:136,0
DA:137,0
DA:138,0
DA:141,0
DA:142,0
DA:143,0
DA:144,0
DA:145,0
DA:148,0
DA:149,0
DA:150,0
DA:154,0
DA:155,0
DA:158,0
DA:159,0
DA:160,0
DA:161,0
DA:162,0
DA:165,0
DA:166,0
DA:175,0
DA:180,0
DA:181,0
DA:184,0
DA:196,0
DA:197,0
DA:200,0
DA:209,0
DA:210,0
DA:214,0
DA:215,0
DA:216,0
DA:218,0
DA:223,0
DA:224,0
DA:230,0
DA:242,0
DA:261,0
DA:263,0
DA:272,0
DA:280,0
DA:293,0
LF:68
LH:0
BRDA:91,0,0,0
BRDA:92,1,0,0
BRDA:93,2,0,0
BRDA:110,3,0,0
BRDA:110,3,1,0
BRDA:111,4,0,0
BRDA:111,4,1,0
BRDA:114,5,0,0
BRDA:114,5,1,0
BRDA:114,5,2,0
BRDA:114,5,3,0
BRDA:114,5,4,0
BRDA:114,5,5,0
BRDA:114,5,6,0
BRDA:114,5,7,0
BRDA:114,5,8,0
BRDA:114,5,9,0
BRDA:165,6,0,0
BRDA:165,6,1,0
BRDA:192,7,0,0
BRDA:192,7,1,0
BRDA:205,8,0,0
BRDA:205,8,1,0
BRDA:214,9,0,0
BRDA:214,9,1,0
BRDA:214,10,0,0
BRDA:214,10,1,0
BRDA:214,10,2,0
BRDA:214,10,3,0
BRDA:231,11,0,0
BRDA:231,11,1,0
BRDA:231,12,0,0
BRDA:231,12,1,0
BRDA:231,12,2,0
BRF:34
BRH:0
end_of_record
TN:
SF:src/scriptConfigs.ts
FNF:0
FNH:0
DA:4,5
LF:1
LH:1
BRF:0
BRH:0
end_of_record
TN:
SF:src/theme.ts
FNF:0
FNH:0
DA:4,5
LF:1
LH:1
BRDA:53,0,0,5
BRDA:53,0,1,0
BRF:2
BRH:1
end_of_record
TN:
SF:src/typeGuards.ts
FN:3,isString
FN:7,isPluralTranslation
FN:18,isValidNumber
FN:22,isValidDate
FNF:4
FNH:0
FNDA:0,isString
FNDA:0,isPluralTranslation
FNDA:0,isValidNumber
FNDA:0,isValidDate
DA:4,0
DA:10,0
DA:19,0
DA:23,0
LF:4
LH:0
BRDA:11,0,0,0
BRDA:11,0,1,0
BRDA:11,0,2,0
BRDA:11,0,3,0
BRDA:19,1,0,0
BRDA:19,1,1,0
BRDA:19,1,2,0
BRDA:23,2,0,0
BRDA:23,2,1,0
BRF:9
BRH:0
end_of_record
TN:
SF:src/types.ts
FNF:0
FNH:0
DA:424,7
LF:1
LH:1
BRF:0
BRH:0
end_of_record
TN:
SF:src/useAutoLocale.ts
FN:46,readiOSLocale
FN:58,readAndroidLocale
FN:68,readDeviceLocale
FN:85,bestMatch
FN:113,useAutoLocale
FN:116,(anonymous_5)
FN:133,useDeviceLocale
FN:134,(anonymous_7)
FNF:8
FNH:0
FNDA:0,readiOSLocale
FNDA:0,readAndroidLocale
FNDA:0,readDeviceLocale
FNDA:0,bestMatch
FNDA:0,useAutoLocale
FNDA:0,(anonymous_5)
FNDA:0,useDeviceLocale
FNDA:0,(anonymous_7)
DA:47,0
DA:48,0
DA:49,0
DA:51,0
DA:52,0
DA:54,0
DA:59,0
DA:61,0
DA:62,0
DA:64,0
DA:69,0
DA:70,0
DA:71,0
DA:89,0
DA:90,0
DA:92,0
DA:93,0
DA:95,0
DA:96,0
DA:97,0
DA:99,0
DA:114,0
DA:116,0
DA:117,0
DA:119,0
DA:121,0
DA:122,0
DA:125,0
DA:134,0
DA:135,0
LF:30
LH:0
BRDA:49,0,0,0
BRDA:49,0,1,0
BRDA:51,1,0,0
BRDA:51,1,1,0
BRDA:51,1,2,0
BRDA:52,2,0,0
BRDA:52,2,1,0
BRDA:61,3,0,0
BRDA:61,3,1,0
BRDA:62,4,0,0
BRDA:62,4,1,0
BRDA:69,5,0,0
BRDA:69,5,1,0
BRDA:70,6,0,0
BRDA:70,6,1,0
BRDA:93,7,0,0
BRDA:93,7,1,0
BRDA:96,8,0,0
BRDA:96,8,1,0
BRDA:97,9,0,0
BRDA:97,9,1,0
BRDA:113,10,0,0
BRDA:114,11,0,0
BRDA:119,12,0,0
BRDA:119,12,1,0
BRDA:121,13,0,0
BRDA:121,13,1,0
BRDA:121,14,0,0
BRDA:121,14,1,0
BRDA:122,15,0,0
BRDA:122,15,1,0
BRDA:135,16,0,0
BRDA:135,16,1,0
BRF:33
BRH:0
end_of_record
TN:
SF:src/useTextMetrics.tsx
FN:99,useTextMetrics
FN:110,(anonymous_1)
FN:123,(anonymous_2)
FN:128,(anonymous_3)
FN:132,(anonymous_4)
FN:150,(anonymous_5)
FN:151,(anonymous_6)
FNF:7
FNH:0
FNDA:0,useTextMetrics
FNDA:0,(anonymous_1)
FNDA:0,(anonymous_2)
FNDA:0,(anonymous_3)
FNDA:0,(anonymous_4)
FNDA:0,(anonymous_5)
FNDA:0,(anonymous_6)
DA:83,0
DA:103,0
DA:104,0
DA:105,0
DA:107,0
DA:109,0
DA:110,0
DA:122,0
DA:124,0
DA:126,0
DA:127,0
DA:128,0
DA:131,0
DA:132,0
DA:136,0
DA:149,0
DA:151,0
DA:152,0
DA:176,0
DA:183,0
LF:20
LH:0
BRDA:103,0,0,0
BRDA:107,1,0,0
BRDA:107,1,1,0
BRDA:116,2,0,0
BRDA:116,2,1,0
BRDA:126,3,0,0
BRDA:126,3,1,0
BRDA:162,4,0,0
BRDA:162,4,1,0
BRF:9
BRH:0
end_of_record
TN:
SF:src/utils.ts
FN:4,(anonymous_0)
FN:8,(anonymous_1)
FN:16,(anonymous_2)
FNF:3
FNH:3
FNDA:37,(anonymous_0)
FNDA:296,(anonymous_1)
FNDA:37,(anonymous_2)
DA:4,5
DA:7,37
DA:8,37
DA:9,296
DA:10,0
DA:13,37
DA:16,5
DA:23,37
DA:25,37
DA:26,37
DA:27,37
DA:28,37
DA:30,37
DA:31,37
DA:32,37
DA:33,37
DA:35,37
LF:17
LH:16
BRDA:9,0,0,0
BRDA:9,0,1,296
BRDA:25,1,0,37
BRDA:25,1,1,37
BRDA:25,1,2,37
BRDA:26,2,0,37
BRDA:26,2,1,37
BRDA:26,2,2,37
BRDA:27,3,0,37
BRDA:27,3,1,37
BRDA:27,3,2,37
BRDA:28,4,0,37
BRDA:28,4,1,37
BRDA:28,4,2,37
BRDA:30,5,0,37
BRDA:30,5,1,37
BRDA:30,5,2,37
BRDA:31,6,0,37
BRDA:31,6,1,37
BRDA:31,6,2,37
BRDA:32,7,0,37
BRDA:32,7,1,37
BRDA:32,7,2,37
BRDA:33,8,0,37
BRDA:33,8,1,37
BRDA:33,8,2,37
BRF:26
BRH:25
end_of_record
